{"id": "sEdUz5cBxOat6Tbbhl2d", "description": "Discovery activity executed", "label": "FP", "rule_level": 3, "rule_priority": "Low", "alert": {"_index": "wazuh-alerts-4.x-2025.07.03", "_id": "sEdUz5cBxOat6Tbbhl2d", "_score": null, "_source": {"input": {"type": "log"}, "agent": {"ip": "10.0.2.14", "name": "Win11Client", "id": "003"}, "manager": {"name": "wazuh-server"}, "data": {"win": {"eventdata": {"originalFileName": "net1.exe", "image": "C:\\\\Windows\\\\SysWOW64\\\\net1.exe", "product": "Microsoft\u00ae Windows\u00ae Operating System", "parentProcessGuid": "{ff3427f9-3a78-6866-9300-000000001200}", "description": "Net Command", "logonGuid": "{ff3427f9-3a61-6866-e703-000000000000}", "parentCommandLine": "net.exe accounts", "processGuid": "{ff3427f9-3a78-6866-9500-000000001200}", "logonId": "0x3e7", "parentProcessId": "3368", "processId": "4288", "currentDirectory": "C:\\\\Program Files (x86)\\\\ossec-agent\\\\", "utcTime": "2025-07-03 08:08:24.541", "hashes": "SHA1=669EE7F92EA3872FE2A36DF91ABF0E049B829279,MD5=F8D42E2BF18D54816819EA4DB4480F5F,SHA256=647136C32E9E7639B251719CFE503F1BD482335AECEC7AE7CB8A91B0A9805D49,IMPHASH=FEB4A1A72B6368863C8CC53955256BF8", "parentImage": "C:\\\\Windows\\\\SysWOW64\\\\net.exe", "ruleName": "technique_id=T1018,technique_name=Remote System Discovery", "company": "Microsoft Corporation", "commandLine": "C:\\\\WINDOWS\\\\system32\\\\net1 accounts", "integrityLevel": "System", "fileVersion": "10.0.26100.1 (WinBuild.160101.0800)", "user": "NT AUTHORITY\\\\SYSTEM", "terminalSessionId": "0", "parentUser": "NT AUTHORITY\\\\SYSTEM"}, "system": {"eventID": "1", "keywords": "0x8000000000000000", "providerGuid": "{5770385f-c22a-43e0-bf4c-06f5698ffbd9}", "level": "4", "channel": "Microsoft-Windows-Sysmon/Operational", "opcode": "0", "message": "\"Process Create:\r\nRuleName: technique_id=T1018,technique_name=Remote System Discovery\r\nUtcTime: 2025-07-03 08:08:24.541\r\nProcessGuid: {ff3427f9-3a78-6866-9500-000000001200}\r\nProcessId: 4288\r\nImage: C:\\Windows\\SysWOW64\\net1.exe\r\nFileVersion: 10.0.26100.1 (WinBuild.160101.0800)\r\nDescription: Net Command\r\nProduct: Microsoft\u00ae Windows\u00ae Operating System\r\nCompany: Microsoft Corporation\r\nOriginalFileName: net1.exe\r\nCommandLine: C:\\WINDOWS\\system32\\net1 accounts\r\nCurrentDirectory: C:\\Program Files (x86)\\ossec-agent\\\r\nUser: NT AUTHORITY\\SYSTEM\r\nLogonGuid: {ff3427f9-3a61-6866-e703-000000000000}\r\nLogonId: 0x3E7\r\nTerminalSessionId: 0\r\nIntegrityLevel: System\r\nHashes: SHA1=669EE7F92EA3872FE2A36DF91ABF0E049B829279,MD5=F8D42E2BF18D54816819EA4DB4480F5F,SHA256=647136C32E9E7639B251719CFE503F1BD482335AECEC7AE7CB8A91B0A9805D49,IMPHASH=FEB4A1A72B6368863C8CC53955256BF8\r\nParentProcessGuid: {ff3427f9-3a78-6866-9300-000000001200}\r\nParentProcessId: 3368\r\nParentImage: C:\\Windows\\SysWOW64\\net.exe\r\nParentCommandLine: net.exe accounts\r\nParentUser: NT AUTHORITY\\SYSTEM\"", "version": "5", "systemTime": "2025-07-03T08:08:29.5283532Z", "eventRecordID": "122200", "threadID": "4448", "computer": "Win11Client.soclab.internal", "task": "1", "processID": "3744", "severityValue": "INFORMATION", "providerName": "Microsoft-Windows-Sysmon"}}}, "rule": {"firedtimes": 15, "mail": false, "description": "Discovery activity executed", "groups": ["sysmon", "sysmon_eid1_detections", "windows"], "mitre": {"technique": ["Account Discovery"], "id": ["T1087"], "tactic": ["Discovery"]}, "id": "92031"}, "location": "EventChannel", "decoder": {"name": "windows_eventchannel"}, "id": "1751530110.441360", "timestamp": "2025-07-03T08:08:30.695+0000"}, "fields": {"timestamp": ["2025-07-03T08:08:30.695Z"]}, "sort": [1751530110695]}, "chatgpt_response": {"alert_id": "sEdUz5cBxOat6Tbbhl2d", "classification": "TP", "priority": "High", "justification": "The alert was generated by Sysmon rule 92031 for technique T1087 (Account Discovery) under the Discovery tactic, indicating a potential reconnaissance or lateral movement attempt by the SYSTEM user executing 'net1 accounts'. The process hash is unique and not matching typical benign system processes, and the activity aligns with known adversary behavior. This requires immediate investigation."}, "chatgpt_classification": "TP", "chatgpt_priority": "High", "chatgpt_justification": "The alert was generated by Sysmon rule 92031 for technique T1087 (Account Discovery) under the Discovery tactic, indicating a potential reconnaissance or lateral movement attempt by the SYSTEM user executing 'net1 accounts'. The process hash is unique and not matching typical benign system processes, and the activity aligns with known adversary behavior. This requires immediate investigation.", "classification_match": false, "priority_match": false}
{"id": "wfh0zJcB1quPG4kmIslW", "description": "Powershell.exe spawned a powershell process which executed a base64 encoded command", "label": "FP", "rule_level": 12, "rule_priority": "High", "alert": {"_index": "wazuh-alerts-4.x-2025.07.02", "_id": "wfh0zJcB1quPG4kmIslW", "_version": 1, "_score": null, "_source": {"input": {"type": "log"}, "agent": {"ip": "10.0.2.14", "name": "Win11Client", "id": "003"}, "manager": {"name": "wazuh-server"}, "data": {"win": {"eventdata": {"originalFileName": "PowerShell.EXE", "image": "C:\\\\Windows\\\\System32\\\\WindowsPowerShell\\\\v1.0\\\\powershell.exe", "product": "Microsoft\u00ae Windows\u00ae Operating System", "parentProcessGuid": "{ff3427f9-796b-6865-2403-000000001100}", "description": "Windows PowerShell", "logonGuid": "{ff3427f9-7463-6865-286f-720000000000}", "parentCommandLine": "\\\"C:\\\\Windows\\\\System32\\\\WindowsPowerShell\\\\v1.0\\\\powershell.exe\\\"", "processGuid": "{ff3427f9-7df7-6865-4003-000000001100}", "logonId": "0x726f28", "parentProcessId": "1084", "processId": "5416", "currentDirectory": "C:\\\\Users\\\\snell\\\\Downloads\\\\", "utcTime": "2025-07-02 18:44:07.734", "hashes": "SHA1=8B595BBBF8695CE90EEEA612B440ECC79ACC6C5D,MD5=BD542C1197F3B5217B5C5B5C4A25BD0C,SHA256=75F490D70F821AFBBBB28D8AE45FA712C0EF39F73832AF5FF0DF284BEB22A9FC,IMPHASH=AFACF6DC9041114B198160AAB4D0AE77", "parentImage": "C:\\\\Windows\\\\System32\\\\WindowsPowerShell\\\\v1.0\\\\powershell.exe", "ruleName": "technique_id=T1086,technique_name=PowerShell", "company": "Microsoft Corporation", "commandLine": "\\\"C:\\\\WINDOWS\\\\System32\\\\WindowsPowerShell\\\\v1.0\\\\powershell.exe\\\" -EncodedCommand QQBkAGQALQBUAHkAcABlACAALQBBAHMAcwBlAG0AYgBsAHkATgBhAG0AZQAgAFMAeQBzAHQAZQBtAC4AVwBpAG4AZABvAHcAcwAuAEYAbwByAG0AcwAKAAoAdwBoAGkAbABlACAAKAAkAHQAcgB1AGUAKQAKAHsACgAgACAAJABQAG8AcwAgAD0AIABbAFMAeQBzAHQAZQBtAC4AVwBpAG4AZABvAHcAcwAuAEYAbwByAG0AcwAuAEMAdQByAHMAbwByAF0AOgA6AFAAbwBzAGkAdABpAG8AbgAKACAAIAAkAHgAIAA9ACAAKAAkAHAAbwBzAC4AWAAgACUAIAA1ADAAMAApACAAKwAgADEACgAgACAAJAB5ACAAPQAgACgAJABwAG8AcwAuAFkAIAAlACAANQAwADAAKQAgACsAIAAxAAoAIAAgAFsAUwB5AHMAdABlAG0ALgBXAGkAbgBkAG8AdwBzAC4ARgBvAHIAbQBzAC4AQwB1AHIAcwBvAHIAXQA6ADoAUABvAHMAaQB0AGkAbwBuACAAPQAgAE4AZQB3AC0ATwBiAGoAZQBjAHQAIABTAHkAcwB0AGUAbQAuAEQAcgBhAHcAaQBuAGcALgBQAG8AaQBuAHQAKAAkAHgALAAgACQAeQApAAoAIAAgAFMAdABhAHIAdAAtAFMAbABlAGUAcAAgAC0AUwBlAGMAbwBuAGQAcwAgADEAMAAKAH0A -noExit", "integrityLevel": "Medium", "fileVersion": "10.0.26100.3323 (WinBuild.160101.0800)", "user": "SOCLAB\\\\snell", "terminalSessionId": "1", "parentUser": "SOCLAB\\\\snell"}, "system": {"eventID": "1", "keywords": "0x8000000000000000", "providerGuid": "{5770385f-c22a-43e0-bf4c-06f5698ffbd9}", "level": "4", "channel": "Microsoft-Windows-Sysmon/Operational", "opcode": "0", "message": "\"Process Create:\r\nRuleName: technique_id=T1086,technique_name=PowerShell\r\nUtcTime: 2025-07-02 18:44:07.734\r\nProcessGuid: {ff3427f9-7df7-6865-4003-000000001100}\r\nProcessId: 5416\r\nImage: C:\\Windows\\System32\\WindowsPowerShell\\v1.0\\powershell.exe\r\nFileVersion: 10.0.26100.3323 (WinBuild.160101.0800)\r\nDescription: Windows PowerShell\r\nProduct: Microsoft\u00ae Windows\u00ae Operating System\r\nCompany: Microsoft Corporation\r\nOriginalFileName: PowerShell.EXE\r\nCommandLine: \"C:\\WINDOWS\\System32\\WindowsPowerShell\\v1.0\\powershell.exe\" -EncodedCommand QQBkAGQALQBUAHkAcABlACAALQBBAHMAcwBlAG0AYgBsAHkATgBhAG0AZQAgAFMAeQBzAHQAZQBtAC4AVwBpAG4AZABvAHcAcwAuAEYAbwByAG0AcwAKAAoAdwBoAGkAbABlACAAKAAkAHQAcgB1AGUAKQAKAHsACgAgACAAJABQAG8AcwAgAD0AIABbAFMAeQBzAHQAZQBtAC4AVwBpAG4AZABvAHcAcwAuAEYAbwByAG0AcwAuAEMAdQByAHMAbwByAF0AOgA6AFAAbwBzAGkAdABpAG8AbgAKACAAIAAkAHgAIAA9ACAAKAAkAHAAbwBzAC4AWAAgACUAIAA1ADAAMAApACAAKwAgADEACgAgACAAJAB5ACAAPQAgACgAJABwAG8AcwAuAFkAIAAlACAANQAwADAAKQAgACsAIAAxAAoAIAAgAFsAUwB5AHMAdABlAG0ALgBXAGkAbgBkAG8AdwBzAC4ARgBvAHIAbQBzAC4AQwB1AHIAcwBvAHIAXQA6ADoAUABvAHMAaQB0AGkAbwBuACAAPQAgAE4AZQB3AC0ATwBiAGoAZQBjAHQAIABTAHkAcwB0AGUAbQAuAEQAcgBhAHcAaQBuAGcALgBQAG8AaQBuAHQAKAAkAHgALAAgACQAeQApAAoAIAAgAFMAdABhAHIAdAAtAFMAbABlAGUAcAAgAC0AUwBlAGMAbwBuAGQAcwAgADEAMAAKAH0A -noExit\r\nCurrentDirectory: C:\\Users\\snell\\Downloads\\\r\nUser: SOCLAB\\snell\r\nLogonGuid: {ff3427f9-7463-6865-286f-720000000000}\r\nLogonId: 0x726F28\r\nTerminalSessionId: 1\r\nIntegrityLevel: Medium\r\nHashes: SHA1=8B595BBBF8695CE90EEEA612B440ECC79ACC6C5D,MD5=BD542C1197F3B5217B5C5B5C4A25BD0C,SHA256=75F490D70F821AFBBBB28D8AE45FA712C0EF39F73832AF5FF0DF284BEB22A9FC,IMPHASH=AFACF6DC9041114B198160AAB4D0AE77\r\nParentProcessGuid: {ff3427f9-796b-6865-2403-000000001100}\r\nParentProcessId: 1084\r\nParentImage: C:\\Windows\\System32\\WindowsPowerShell\\v1.0\\powershell.exe\r\nParentCommandLine: \"C:\\Windows\\System32\\WindowsPowerShell\\v1.0\\powershell.exe\" \r\nParentUser: SOCLAB\\snell\"", "version": "5", "systemTime": "2025-07-02T18:44:07.7533882Z", "eventRecordID": "119255", "threadID": "4216", "computer": "Win11Client.soclab.internal", "task": "1", "processID": "3812", "severityValue": "INFORMATION", "providerName": "Microsoft-Windows-Sysmon"}}}, "rule": {"firedtimes": 1, "mail": true, "description": "Powershell.exe spawned a powershell process which executed a base64 encoded command", "groups": ["sysmon", "sysmon_eid1_detections", "windows"], "mitre": {"technique": ["PowerShell"], "id": ["T1059.001"], "tactic": ["Execution"]}, "id": "92057"}, "location": "EventChannel", "decoder": {"name": "windows_eventchannel"}, "id": "1751481850.12114275", "timestamp": "2025-07-02T18:44:10.273+0000"}, "fields": {"timestamp": ["2025-07-02T18:44:10.273Z"]}, "sort": [1751481850273]}, "chatgpt_response": {"alert_id": "wfh0zJcB1quPG4kmIslW", "classification": "TP", "priority": "High", "justification": "The alert indicates that PowerShell.exe spawned a new PowerShell process executing a base64 encoded command. This is a well-known attacker technique (MITRE T1059.001 - PowerShell) often used for stealthy execution of malicious code. The presence of encoded commands and multiple hash values suggests deliberate obfuscation, which is highly suspicious. The event is detected by Sysmon, a reliable source, and matches a known rule for PowerShell abuse. Unless there is a known legitimate use for this specific encoded command in the environment, this should be treated as a High priority alert requiring immediate investigation."}, "chatgpt_classification": "TP", "chatgpt_priority": "High", "chatgpt_justification": "The alert indicates that PowerShell.exe spawned a new PowerShell process executing a base64 encoded command. This is a well-known attacker technique (MITRE T1059.001 - PowerShell) often used for stealthy execution of malicious code. The presence of encoded commands and multiple hash values suggests deliberate obfuscation, which is highly suspicious. The event is detected by Sysmon, a reliable source, and matches a known rule for PowerShell abuse. Unless there is a known legitimate use for this specific encoded command in the environment, this should be treated as a High priority alert requiring immediate investigation.", "classification_match": false, "priority_match": true}
{"id": "KZyS5pcBllEhiOW67Gzv", "description": "Multiple Windows Logon Failures", "label": "TP", "rule_level": 10, "rule_priority": "Medium", "alert": {"_index": "wazuh-alerts-4.x-2025.07.07", "_id": "KZyS5pcBllEhiOW67Gzv", "_score": null, "_source": {"input": {"type": "log"}, "agent": {"ip": "10.0.2.14", "name": "Win11Client", "id": "003"}, "previous_output": "{\"win\":{\"system\":{\"providerName\":\"Microsoft-Windows-Security-Auditing\",\"providerGuid\":\"{54849625-5478-4994-a5ba-3e3b0328c30d}\",\"eventID\":\"4625\",\"version\":\"0\",\"level\":\"0\",\"task\":\"12544\",\"opcode\":\"0\",\"keywords\":\"0x8010000000000000\",\"systemTime\":\"2025-07-07T20:27:54.8861122Z\",\"eventRecordID\":\"1764515\",\"processID\":\"924\",\"threadID\":\"996\",\"channel\":\"Security\",\"computer\":\"Win11Client.soclab.internal\",\"severityValue\":\"AUDIT_FAILURE\",\"message\":\"\\\"An account failed to log on.\\r\\n\\r\\nSubject:\\r\\n\\tSecurity ID:\\t\\tS-1-0-0\\r\\n\\tAccount Name:\\t\\t-\\r\\n\\tAccount Domain:\\t\\t-\\r\\n\\tLogon ID:\\t\\t0x0\\r\\n\\r\\nLogon Type:\\t\\t\\t3\\r\\n\\r\\nAccount For Which Logon Failed:\\r\\n\\tSecurity ID:\\t\\tS-1-0-0\\r\\n\\tAccount Name:\\t\\ttop-usernames-shortlist.txt\\r\\n\\tAccount Domain:\\t\\t-\\r\\n\\r\\nFailure Information:\\r\\n\\tFailure Reason:\\t\\tUnknown user name or bad password.\\r\\n\\tStatus:\\t\\t\\t0xC000006D\\r\\n\\tSub Status:\\t\\t0xC0000064\\r\\n\\r\\nProcess Information:\\r\\n\\tCaller Process ID:\\t0x0\\r\\n\\tCaller Process Name:\\t-\\r\\n\\r\\nNetwork Information:\\r\\n\\tWorkstation Name:\\tkali\\r\\n\\tSource Network Address:\\t10.0.2.8\\r\\n\\tSource Port:\\t\\t0\\r\\n\\r\\nDetailed Authentication Information:\\r\\n\\tLogon Process:\\t\\tNtLmSsp \\r\\n\\tAuthentication Package:\\tNTLM\\r\\n\\tTransited Services:\\t-\\r\\n\\tPackage Name (NTLM only):\\t-\\r\\n\\tKey Length:\\t\\t0\\r\\n\\r\\nThis event is generated when a logon request fails. It is generated on the computer where access was attempted.\\r\\n\\r\\nThe Subject fields indicate the account on the local system which requested the logon. This is most commonly a service such as the Server service, or a local process such as Winlogon.exe or Services.exe.\\r\\n\\r\\nThe Logon Type field indicates the kind of logon that was requested. The most common types are 2 (interactive) and 3 (network).\\r\\n\\r\\nThe Process Information fields indicate which account and process on the system requested the logon.\\r\\n\\r\\nThe Network Information fields indicate where a remote logon request originated. Workstation name is not always available and may be left blank in some cases.\\r\\n\\r\\nThe authentication information fields provide detailed information about this specific logon request.\\r\\n\\t- Transited services indicate which intermediate services have participated in this logon request.\\r\\n\\t- Package name indicates which sub-protocol was used among the NTLM protocols.\\r\\n\\t- Key length indicates the length of the generated session key. This will be 0 if no session key was requested.\\\"\"},\"eventdata\":{\"subjectUserSid\":\"S-1-0-0\",\"subjectLogonId\":\"0x0\",\"targetUserSid\":\"S-1-0-0\",\"targetUserName\":\"top-usernames-shortlist.txt\",\"status\":\"0xc000006d\",\"failureReason\":\"%%2313\",\"subStatus\":\"0xc0000064\",\"logonType\":\"3\",\"logonProcessName\":\"NtLmSsp\",\"authenticationPackageName\":\"NTLM\",\"workstationName\":\"kali\",\"keyLength\":\"0\",\"processId\":\"0x0\",\"ipAddress\":\"10.0.2.8\",\"ipPort\":\"0\"}}}\n{\"win\":{\"system\":{\"providerName\":\"Microsoft-Windows-Security-Auditing\",\"providerGuid\":\"{54849625-5478-4994-a5ba-3e3b0328c30d}\",\"eventID\":\"4625\",\"version\":\"0\",\"level\":\"0\",\"task\":\"12544\",\"opcode\":\"0\",\"keywords\":\"0x8010000000000000\",\"systemTime\":\"2025-07-07T20:27:54.6063776Z\",\"eventRecordID\":\"1764514\",\"processID\":\"924\",\"threadID\":\"996\",\"channel\":\"Security\",\"computer\":\"Win11Client.soclab.internal\",\"severityValue\":\"AUDIT_FAILURE\",\"message\":\"\\\"An account failed to log on.\\r\\n\\r\\nSubject:\\r\\n\\tSecurity ID:\\t\\tS-1-0-0\\r\\n\\tAccount Name:\\t\\t-\\r\\n\\tAccount Domain:\\t\\t-\\r\\n\\tLogon ID:\\t\\t0x0\\r\\n\\r\\nLogon Type:\\t\\t\\t3\\r\\n\\r\\nAccount For Which Logon Failed:\\r\\n\\tSecurity ID:\\t\\tS-1-0-0\\r\\n\\tAccount Name:\\t\\ttop-usernames-shortlist.txt\\r\\n\\tAccount Domain:\\t\\t-\\r\\n\\r\\nFailure Information:\\r\\n\\tFailure Reason:\\t\\tUnknown user name or bad password.\\r\\n\\tStatus:\\t\\t\\t0xC000006D\\r\\n\\tSub Status:\\t\\t0xC0000064\\r\\n\\r\\nProcess Information:\\r\\n\\tCaller Process ID:\\t0x0\\r\\n\\tCaller Process Name:\\t-\\r\\n\\r\\nNetwork Information:\\r\\n\\tWorkstation Name:\\tkali\\r\\n\\tSource Network Address:\\t10.0.2.8\\r\\n\\tSource Port:\\t\\t0\\r\\n\\r\\nDetailed Authentication Information:\\r\\n\\tLogon Process:\\t\\tNtLmSsp \\r\\n\\tAuthentication Package:\\tNTLM\\r\\n\\tTransited Services:\\t-\\r\\n\\tPackage Name (NTLM only):\\t-\\r\\n\\tKey Length:\\t\\t0\\r\\n\\r\\nThis event is generated when a logon request fails. It is generated on the computer where access was attempted.\\r\\n\\r\\nThe Subject fields indicate the account on the local system which requested the logon. This is most commonly a service such as the Server service, or a local process such as Winlogon.exe or Services.exe.\\r\\n\\r\\nThe Logon Type field indicates the kind of logon that was requested. The most common types are 2 (interactive) and 3 (network).\\r\\n\\r\\nThe Process Information fields indicate which account and process on the system requested the logon.\\r\\n\\r\\nThe Network Information fields indicate where a remote logon request originated. Workstation name is not always available and may be left blank in some cases.\\r\\n\\r\\nThe authentication information fields provide detailed information about this specific logon request.\\r\\n\\t- Transited services indicate which intermediate services have participated in this logon request.\\r\\n\\t- Package name indicates which sub-protocol was used among the NTLM protocols.\\r\\n\\t- Key length indicates the length of the generated session key. This will be 0 if no session key was requested.\\\"\"},\"eventdata\":{\"subjectUserSid\":\"S-1-0-0\",\"subjectLogonId\":\"0x0\",\"targetUserSid\":\"S-1-0-0\",\"targetUserName\":\"top-usernames-shortlist.txt\",\"status\":\"0xc000006d\",\"failureReason\":\"%%2313\",\"subStatus\":\"0xc0000064\",\"logonType\":\"3\",\"logonProcessName\":\"NtLmSsp\",\"authenticationPackageName\":\"NTLM\",\"workstationName\":\"kali\",\"keyLength\":\"0\",\"processId\":\"0x0\",\"ipAddress\":\"10.0.2.8\",\"ipPort\":\"0\"}}}\n{\"win\":{\"system\":{\"providerName\":\"Microsoft-Windows-Security-Auditing\",\"providerGuid\":\"{54849625-5478-4994-a5ba-3e3b0328c30d}\",\"eventID\":\"4625\",\"version\":\"0\",\"level\":\"0\",\"task\":\"12544\",\"opcode\":\"0\",\"keywords\":\"0x8010000000000000\",\"systemTime\":\"2025-07-07T20:27:54.3616734Z\",\"eventRecordID\":\"1764513\",\"processID\":\"924\",\"threadID\":\"996\",\"channel\":\"Security\",\"computer\":\"Win11Client.soclab.internal\",\"severityValue\":\"AUDIT_FAILURE\",\"message\":\"\\\"An account failed to log on.\\r\\n\\r\\nSubject:\\r\\n\\tSecurity ID:\\t\\tS-1-0-0\\r\\n\\tAccount Name:\\t\\t-\\r\\n\\tAccount Domain:\\t\\t-\\r\\n\\tLogon ID:\\t\\t0x0\\r\\n\\r\\nLogon Type:\\t\\t\\t3\\r\\n\\r\\nAccount For Which Logon Failed:\\r\\n\\tSecurity ID:\\t\\tS-1-0-0\\r\\n\\tAccount Name:\\t\\ttop-usernames-shortlist.txt\\r\\n\\tAccount Domain:\\t\\t-\\r\\n\\r\\nFailure Information:\\r\\n\\tFailure Reason:\\t\\tUnknown user name or bad password.\\r\\n\\tStatus:\\t\\t\\t0xC000006D\\r\\n\\tSub Status:\\t\\t0xC0000064\\r\\n\\r\\nProcess Information:\\r\\n\\tCaller Process ID:\\t0x0\\r\\n\\tCaller Process Name:\\t-\\r\\n\\r\\nNetwork Information:\\r\\n\\tWorkstation Name:\\tkali\\r\\n\\tSource Network Address:\\t10.0.2.8\\r\\n\\tSource Port:\\t\\t0\\r\\n\\r\\nDetailed Authentication Information:\\r\\n\\tLogon Process:\\t\\tNtLmSsp \\r\\n\\tAuthentication Package:\\tNTLM\\r\\n\\tTransited Services:\\t-\\r\\n\\tPackage Name (NTLM only):\\t-\\r\\n\\tKey Length:\\t\\t0\\r\\n\\r\\nThis event is generated when a logon request fails. It is generated on the computer where access was attempted.\\r\\n\\r\\nThe Subject fields indicate the account on the local system which requested the logon. This is most commonly a service such as the Server service, or a local process such as Winlogon.exe or Services.exe.\\r\\n\\r\\nThe Logon Type field indicates the kind of logon that was requested. The most common types are 2 (interactive) and 3 (network).\\r\\n\\r\\nThe Process Information fields indicate which account and process on the system requested the logon.\\r\\n\\r\\nThe Network Information fields indicate where a remote logon request originated. Workstation name is not always available and may be left blank in some cases.\\r\\n\\r\\nThe authentication information fields provide detailed information about this specific logon request.\\r\\n\\t- Transited services indicate which intermediate services have participated in this logon request.\\r\\n\\t- Package name indicates which sub-protocol was used among the NTLM protocols.\\r\\n\\t- Key length indicates the length of the generated session key. This will be 0 if no session key was requested.\\\"\"},\"eventdata\":{\"subjectUserSid\":\"S-1-0-0\",\"subjectLogonId\":\"0x0\",\"targetUserSid\":\"S-1-0-0\",\"targetUserName\":\"top-usernames-shortlist.txt\",\"status\":\"0xc000006d\",\"failureReason\":\"%%2313\",\"subStatus\":\"0xc0000064\",\"logonType\":\"3\",\"logonProcessName\":\"NtLmSsp\",\"authenticationPackageName\":\"NTLM\",\"workstationName\":\"kali\",\"keyLength\":\"0\",\"processId\":\"0x0\",\"ipAddress\":\"10.0.2.8\",\"ipPort\":\"0\"}}}\n{\"win\":{\"system\":{\"providerName\":\"Microsoft-Windows-Security-Auditing\",\"providerGuid\":\"{54849625-5478-4994-a5ba-3e3b0328c30d}\",\"eventID\":\"4625\",\"version\":\"0\",\"level\":\"0\",\"task\":\"12544\",\"opcode\":\"0\",\"keywords\":\"0x8010000000000000\",\"systemTime\":\"2025-07-07T20:27:54.1467146Z\",\"eventRecordID\":\"1764512\",\"processID\":\"924\",\"threadID\":\"996\",\"channel\":\"Security\",\"computer\":\"Win11Client.soclab.internal\",\"severityValue\":\"AUDIT_FAILURE\",\"message\":\"\\\"An account failed to log on.\\r\\n\\r\\nSubject:\\r\\n\\tSecurity ID:\\t\\tS-1-0-0\\r\\n\\tAccount Name:\\t\\t-\\r\\n\\tAccount Domain:\\t\\t-\\r\\n\\tLogon ID:\\t\\t0x0\\r\\n\\r\\nLogon Type:\\t\\t\\t3\\r\\n\\r\\nAccount For Which Logon Failed:\\r\\n\\tSecurity ID:\\t\\tS-1-0-0\\r\\n\\tAccount Name:\\t\\ttop-usernames-shortlist.txt\\r\\n\\tAccount Domain:\\t\\t-\\r\\n\\r\\nFailure Information:\\r\\n\\tFailure Reason:\\t\\tUnknown user name or bad password.\\r\\n\\tStatus:\\t\\t\\t0xC000006D\\r\\n\\tSub Status:\\t\\t0xC0000064\\r\\n\\r\\nProcess Information:\\r\\n\\tCaller Process ID:\\t0x0\\r\\n\\tCaller Process Name:\\t-\\r\\n\\r\\nNetwork Information:\\r\\n\\tWorkstation Name:\\tkali\\r\\n\\tSource Network Address:\\t10.0.2.8\\r\\n\\tSource Port:\\t\\t0\\r\\n\\r\\nDetailed Authentication Information:\\r\\n\\tLogon Process:\\t\\tNtLmSsp \\r\\n\\tAuthentication Package:\\tNTLM\\r\\n\\tTransited Services:\\t-\\r\\n\\tPackage Name (NTLM only):\\t-\\r\\n\\tKey Length:\\t\\t0\\r\\n\\r\\nThis event is generated when a logon request fails. It is generated on the computer where access was attempted.\\r\\n\\r\\nThe Subject fields indicate the account on the local system which requested the logon. This is most commonly a service such as the Server service, or a local process such as Winlogon.exe or Services.exe.\\r\\n\\r\\nThe Logon Type field indicates the kind of logon that was requested. The most common types are 2 (interactive) and 3 (network).\\r\\n\\r\\nThe Process Information fields indicate which account and process on the system requested the logon.\\r\\n\\r\\nThe Network Information fields indicate where a remote logon request originated. Workstation name is not always available and may be left blank in some cases.\\r\\n\\r\\nThe authentication information fields provide detailed information about this specific logon request.\\r\\n\\t- Transited services indicate which intermediate services have participated in this logon request.\\r\\n\\t- Package name indicates which sub-protocol was used among the NTLM protocols.\\r\\n\\t- Key length indicates the length of the generated session key. This will be 0 if no session key was requested.\\\"\"},\"eventdata\":{\"subjectUserSid\":\"S-1-0-0\",\"subjectLogonId\":\"0x0\",\"targetUserSid\":\"S-1-0-0\",\"targetUserName\":\"top-usernames-shortlist.txt\",\"status\":\"0xc000006d\",\"failureReason\":\"%%2313\",\"subStatus\":\"0xc0000064\",\"logonType\":\"3\",\"logonProcessName\":\"NtLmSsp\",\"authenticationPackageName\":\"NTLM\",\"workstationName\":\"kali\",\"keyLength\":\"0\",\"processId\":\"0x0\",\"ipAddress\":\"10.0.2.8\",\"ipPort\":\"0\"}}}\n{\"win\":{\"system\":{\"providerName\":\"Microsoft-Windows-Security-Auditing\",\"providerGuid\":\"{54849625-5478-4994-a5ba-3e3b0328c30d}\",\"eventID\":\"4625\",\"version\":\"0\",\"level\":\"0\",\"task\":\"12544\",\"opcode\":\"0\",\"keywords\":\"0x8010000000000000\",\"systemTime\":\"2025-07-07T20:27:53.8503647Z\",\"eventRecordID\":\"1764511\",\"processID\":\"924\",\"threadID\":\"996\",\"channel\":\"Security\",\"computer\":\"Win11Client.soclab.internal\",\"severityValue\":\"AUDIT_FAILURE\",\"message\":\"\\\"An account failed to log on.\\r\\n\\r\\nSubject:\\r\\n\\tSecurity ID:\\t\\tS-1-0-0\\r\\n\\tAccount Name:\\t\\t-\\r\\n\\tAccount Domain:\\t\\t-\\r\\n\\tLogon ID:\\t\\t0x0\\r\\n\\r\\nLogon Type:\\t\\t\\t3\\r\\n\\r\\nAccount For Which Logon Failed:\\r\\n\\tSecurity ID:\\t\\tS-1-0-0\\r\\n\\tAccount Name:\\t\\ttop-usernames-shortlist.txt\\r\\n\\tAccount Domain:\\t\\t-\\r\\n\\r\\nFailure Information:\\r\\n\\tFailure Reason:\\t\\tUnknown user name or bad password.\\r\\n\\tStatus:\\t\\t\\t0xC000006D\\r\\n\\tSub Status:\\t\\t0xC0000064\\r\\n\\r\\nProcess Information:\\r\\n\\tCaller Process ID:\\t0x0\\r\\n\\tCaller Process Name:\\t-\\r\\n\\r\\nNetwork Information:\\r\\n\\tWorkstation Name:\\tkali\\r\\n\\tSource Network Address:\\t10.0.2.8\\r\\n\\tSource Port:\\t\\t0\\r\\n\\r\\nDetailed Authentication Information:\\r\\n\\tLogon Process:\\t\\tNtLmSsp \\r\\n\\tAuthentication Package:\\tNTLM\\r\\n\\tTransited Services:\\t-\\r\\n\\tPackage Name (NTLM only):\\t-\\r\\n\\tKey Length:\\t\\t0\\r\\n\\r\\nThis event is generated when a logon request fails. It is generated on the computer where access was attempted.\\r\\n\\r\\nThe Subject fields indicate the account on the local system which requested the logon. This is most commonly a service such as the Server service, or a local process such as Winlogon.exe or Services.exe.\\r\\n\\r\\nThe Logon Type field indicates the kind of logon that was requested. The most common types are 2 (interactive) and 3 (network).\\r\\n\\r\\nThe Process Information fields indicate which account and process on the system requested the logon.\\r\\n\\r\\nThe Network Information fields indicate where a remote logon request originated. Workstation name is not always available and may be left blank in some cases.\\r\\n\\r\\nThe authentication information fields provide detailed information about this specific logon request.\\r\\n\\t- Transited services indicate which intermediate services have participated in this logon request.\\r\\n\\t- Package name indicates which sub-protocol was used among the NTLM protocols.\\r\\n\\t- Key length indicates the length of the generated session key. This will be 0 if no session key was requested.\\\"\"},\"eventdata\":{\"subjectUserSid\":\"S-1-0-0\",\"subjectLogonId\":\"0x0\",\"targetUserSid\":\"S-1-0-0\",\"targetUserName\":\"top-usernames-shortlist.txt\",\"status\":\"0xc000006d\",\"failureReason\":\"%%2313\",\"subStatus\":\"0xc0000064\",\"logonType\":\"3\",\"logonProcessName\":\"NtLmSsp\",\"authenticationPackageName\":\"NTLM\",\"workstationName\":\"kali\",\"keyLength\":\"0\",\"processId\":\"0x0\",\"ipAddress\":\"10.0.2.8\",\"ipPort\":\"0\"}}}\n{\"win\":{\"system\":{\"providerName\":\"Microsoft-Windows-Security-Auditing\",\"providerGuid\":\"{54849625-5478-4994-a5ba-3e3b0328c30d}\",\"eventID\":\"4625\",\"version\":\"0\",\"level\":\"0\",\"task\":\"12544\",\"opcode\":\"0\",\"keywords\":\"0x8010000000000000\",\"systemTime\":\"2025-07-07T20:27:53.5687842Z\",\"eventRecordID\":\"1764510\",\"processID\":\"924\",\"threadID\":\"996\",\"channel\":\"Security\",\"computer\":\"Win11Client.soclab.internal\",\"severityValue\":\"AUDIT_FAILURE\",\"message\":\"\\\"An account failed to log on.\\r\\n\\r\\nSubject:\\r\\n\\tSecurity ID:\\t\\tS-1-0-0\\r\\n\\tAccount Name:\\t\\t-\\r\\n\\tAccount Domain:\\t\\t-\\r\\n\\tLogon ID:\\t\\t0x0\\r\\n\\r\\nLogon Type:\\t\\t\\t3\\r\\n\\r\\nAccount For Which Logon Failed:\\r\\n\\tSecurity ID:\\t\\tS-1-0-0\\r\\n\\tAccount Name:\\t\\ttop-usernames-shortlist.txt\\r\\n\\tAccount Domain:\\t\\t-\\r\\n\\r\\nFailure Information:\\r\\n\\tFailure Reason:\\t\\tUnknown user name or bad password.\\r\\n\\tStatus:\\t\\t\\t0xC000006D\\r\\n\\tSub Status:\\t\\t0xC0000064\\r\\n\\r\\nProcess Information:\\r\\n\\tCaller Process ID:\\t0x0\\r\\n\\tCaller Process Name:\\t-\\r\\n\\r\\nNetwork Information:\\r\\n\\tWorkstation Name:\\tkali\\r\\n\\tSource Network Address:\\t10.0.2.8\\r\\n\\tSource Port:\\t\\t0\\r\\n\\r\\nDetailed Authentication Information:\\r\\n\\tLogon Process:\\t\\tNtLmSsp \\r\\n\\tAuthentication Package:\\tNTLM\\r\\n\\tTransited Services:\\t-\\r\\n\\tPackage Name (NTLM only):\\t-\\r\\n\\tKey Length:\\t\\t0\\r\\n\\r\\nThis event is generated when a logon request fails. It is generated on the computer where access was attempted.\\r\\n\\r\\nThe Subject fields indicate the account on the local system which requested the logon. This is most commonly a service such as the Server service, or a local process such as Winlogon.exe or Services.exe.\\r\\n\\r\\nThe Logon Type field indicates the kind of logon that was requested. The most common types are 2 (interactive) and 3 (network).\\r\\n\\r\\nThe Process Information fields indicate which account and process on the system requested the logon.\\r\\n\\r\\nThe Network Information fields indicate where a remote logon request originated. Workstation name is not always available and may be left blank in some cases.\\r\\n\\r\\nThe authentication information fields provide detailed information about this specific logon request.\\r\\n\\t- Transited services indicate which intermediate services have participated in this logon request.\\r\\n\\t- Package name indicates which sub-protocol was used among the NTLM protocols.\\r\\n\\t- Key length indicates the length of the generated session key. This will be 0 if no session key was requested.\\\"\"},\"eventdata\":{\"subjectUserSid\":\"S-1-0-0\",\"subjectLogonId\":\"0x0\",\"targetUserSid\":\"S-1-0-0\",\"targetUserName\":\"top-usernames-shortlist.txt\",\"status\":\"0xc000006d\",\"failureReason\":\"%%2313\",\"subStatus\":\"0xc0000064\",\"logonType\":\"3\",\"logonProcessName\":\"NtLmSsp\",\"authenticationPackageName\":\"NTLM\",\"workstationName\":\"kali\",\"keyLength\":\"0\",\"processId\":\"0x0\",\"ipAddress\":\"10.0.2.8\",\"ipPort\":\"0\"}}}\n{\"win\":{\"system\":{\"providerName\":\"Microsoft-Windows-Security-Auditing\",\"providerGuid\":\"{54849625-5478-4994-a5ba-3e3b0328c30d}\",\"eventID\":\"4625\",\"version\":\"0\",\"level\":\"0\",\"task\":\"12544\",\"opcode\":\"0\",\"keywords\":\"0x8010000000000000\",\"systemTime\":\"2025-07-07T20:27:53.2820366Z\",\"eventRecordID\":\"1764509\",\"processID\":\"924\",\"threadID\":\"996\",\"channel\":\"Security\",\"computer\":\"Win11Client.soclab.internal\",\"severityValue\":\"AUDIT_FAILURE\",\"message\":\"\\\"An account failed to log on.\\r\\n\\r\\nSubject:\\r\\n\\tSecurity ID:\\t\\tS-1-0-0\\r\\n\\tAccount Name:\\t\\t-\\r\\n\\tAccount Domain:\\t\\t-\\r\\n\\tLogon ID:\\t\\t0x0\\r\\n\\r\\nLogon Type:\\t\\t\\t3\\r\\n\\r\\nAccount For Which Logon Failed:\\r\\n\\tSecurity ID:\\t\\tS-1-0-0\\r\\n\\tAccount Name:\\t\\ttop-usernames-shortlist.txt\\r\\n\\tAccount Domain:\\t\\t-\\r\\n\\r\\nFailure Information:\\r\\n\\tFailure Reason:\\t\\tUnknown user name or bad password.\\r\\n\\tStatus:\\t\\t\\t0xC000006D\\r\\n\\tSub Status:\\t\\t0xC0000064\\r\\n\\r\\nProcess Information:\\r\\n\\tCaller Process ID:\\t0x0\\r\\n\\tCaller Process Name:\\t-\\r\\n\\r\\nNetwork Information:\\r\\n\\tWorkstation Name:\\tkali\\r\\n\\tSource Network Address:\\t10.0.2.8\\r\\n\\tSource Port:\\t\\t0\\r\\n\\r\\nDetailed Authentication Information:\\r\\n\\tLogon Process:\\t\\tNtLmSsp \\r\\n\\tAuthentication Package:\\tNTLM\\r\\n\\tTransited Services:\\t-\\r\\n\\tPackage Name (NTLM only):\\t-\\r\\n\\tKey Length:\\t\\t0\\r\\n\\r\\nThis event is generated when a logon request fails. It is generated on the computer where access was attempted.\\r\\n\\r\\nThe Subject fields indicate the account on the local system which requested the logon. This is most commonly a service such as the Server service, or a local process such as Winlogon.exe or Services.exe.\\r\\n\\r\\nThe Logon Type field indicates the kind of logon that was requested. The most common types are 2 (interactive) and 3 (network).\\r\\n\\r\\nThe Process Information fields indicate which account and process on the system requested the logon.\\r\\n\\r\\nThe Network Information fields indicate where a remote logon request originated. Workstation name is not always available and may be left blank in some cases.\\r\\n\\r\\nThe authentication information fields provide detailed information about this specific logon request.\\r\\n\\t- Transited services indicate which intermediate services have participated in this logon request.\\r\\n\\t- Package name indicates which sub-protocol was used among the NTLM protocols.\\r\\n\\t- Key length indicates the length of the generated session key. This will be 0 if no session key was requested.\\\"\"},\"eventdata\":{\"subjectUserSid\":\"S-1-0-0\",\"subjectLogonId\":\"0x0\",\"targetUserSid\":\"S-1-0-0\",\"targetUserName\":\"top-usernames-shortlist.txt\",\"status\":\"0xc000006d\",\"failureReason\":\"%%2313\",\"subStatus\":\"0xc0000064\",\"logonType\":\"3\",\"logonProcessName\":\"NtLmSsp\",\"authenticationPackageName\":\"NTLM\",\"workstationName\":\"kali\",\"keyLength\":\"0\",\"processId\":\"0x0\",\"ipAddress\":\"10.0.2.8\",\"ipPort\":\"0\"}}}", "manager": {"name": "wazuh-server"}, "data": {"win": {"eventdata": {"subjectLogonId": "0x0", "ipAddress": "10.0.2.8", "authenticationPackageName": "NTLM", "workstationName": "kali", "subStatus": "0xc0000064", "logonProcessName": "NtLmSsp", "targetUserName": "top-usernames-shortlist.txt", "keyLength": "0", "subjectUserSid": "S-1-0-0", "processId": "0x0", "ipPort": "0", "failureReason": "%%2313", "targetUserSid": "S-1-0-0", "logonType": "3", "status": "0xc000006d"}, "system": {"eventID": "4625", "keywords": "0x8010000000000000", "providerGuid": "{54849625-5478-4994-a5ba-3e3b0328c30d}", "level": "0", "channel": "Security", "opcode": "0", "message": "\"An account failed to log on.\r\n\r\nSubject:\r\n\tSecurity ID:\t\tS-1-0-0\r\n\tAccount Name:\t\t-\r\n\tAccount Domain:\t\t-\r\n\tLogon ID:\t\t0x0\r\n\r\nLogon Type:\t\t\t3\r\n\r\nAccount For Which Logon Failed:\r\n\tSecurity ID:\t\tS-1-0-0\r\n\tAccount Name:\t\ttop-usernames-shortlist.txt\r\n\tAccount Domain:\t\t-\r\n\r\nFailure Information:\r\n\tFailure Reason:\t\tUnknown user name or bad password.\r\n\tStatus:\t\t\t0xC000006D\r\n\tSub Status:\t\t0xC0000064\r\n\r\nProcess Information:\r\n\tCaller Process ID:\t0x0\r\n\tCaller Process Name:\t-\r\n\r\nNetwork Information:\r\n\tWorkstation Name:\tkali\r\n\tSource Network Address:\t10.0.2.8\r\n\tSource Port:\t\t0\r\n\r\nDetailed Authentication Information:\r\n\tLogon Process:\t\tNtLmSsp \r\n\tAuthentication Package:\tNTLM\r\n\tTransited Services:\t-\r\n\tPackage Name (NTLM only):\t-\r\n\tKey Length:\t\t0\r\n\r\nThis event is generated when a logon request fails. It is generated on the computer where access was attempted.\r\n\r\nThe Subject fields indicate the account on the local system which requested the logon. This is most commonly a service such as the Server service, or a local process such as Winlogon.exe or Services.exe.\r\n\r\nThe Logon Type field indicates the kind of logon that was requested. The most common types are 2 (interactive) and 3 (network).\r\n\r\nThe Process Information fields indicate which account and process on the system requested the logon.\r\n\r\nThe Network Information fields indicate where a remote logon request originated. Workstation name is not always available and may be left blank in some cases.\r\n\r\nThe authentication information fields provide detailed information about this specific logon request.\r\n\t- Transited services indicate which intermediate services have participated in this logon request.\r\n\t- Package name indicates which sub-protocol was used among the NTLM protocols.\r\n\t- Key length indicates the length of the generated session key. This will be 0 if no session key was requested.\"", "version": "0", "systemTime": "2025-07-07T20:27:55.1864545Z", "eventRecordID": "1764516", "threadID": "996", "computer": "Win11Client.soclab.internal", "task": "12544", "processID": "924", "severityValue": "AUDIT_FAILURE", "providerName": "Microsoft-Windows-Security-Auditing"}}}, "rule": {"mail": false, "pci_dss": ["10.2.4", "10.2.5", "11.4"], "hipaa": ["164.312.b"], "tsc": ["CC6.1", "CC6.8", "CC7.2", "CC7.3"], "description": "Multiple Windows Logon Failures", "groups": ["windows", "windows_security", "authentication_failures"], "nist_800_53": ["AU.14", "AC.7", "SI.4"], "frequency": 8, "gdpr": ["IV_35.7.d", "IV_32.2"], "firedtimes": 47, "mitre": {"technique": ["Brute Force"], "id": ["T1110"], "tactic": ["Credential Access"]}, "id": "60204"}, "location": "EventChannel", "decoder": {"name": "windows_eventchannel"}, "id": "1751920076.12887572", "timestamp": "2025-07-07T20:27:56.148+0000"}, "fields": {"timestamp": ["2025-07-07T20:27:56.148Z"]}, "sort": [1751920076148]}, "chatgpt_response": {"alert_id": "KZyS5pcBllEhiOW67Gzv", "classification": "FP", "priority": "Medium", "justification": "This alert indicates repeated failed logon attempts with the error 'Unknown user name or bad password' targeting the user 'top-usernames-shortlist.txt' from IP 10.0.2.8. However, the 'Caller Process ID' is 0x0 and 'Caller Process Name' is '-', suggesting these events may be generic or not tied to a legitimate user process. Additionally, the repeated attempts could be benign (e.g., misconfigured service, script, or legitimate lockout attempts) rather than an active brute force attack by an adversary. Without additional correlating evidence (such as successful logins, privilege escalation, or lateral movement), this is likely a false positive for a brute force alert. However, given the frequency and the nature of the event, it should still be monitored and investigated if the pattern continues or is accompanied by other suspicious activity."}, "chatgpt_classification": "FP", "chatgpt_priority": "Medium", "chatgpt_justification": "This alert indicates repeated failed logon attempts with the error 'Unknown user name or bad password' targeting the user 'top-usernames-shortlist.txt' from IP 10.0.2.8. However, the 'Caller Process ID' is 0x0 and 'Caller Process Name' is '-', suggesting these events may be generic or not tied to a legitimate user process. Additionally, the repeated attempts could be benign (e.g., misconfigured service, script, or legitimate lockout attempts) rather than an active brute force attack by an adversary. Without additional correlating evidence (such as successful logins, privilege escalation, or lateral movement), this is likely a false positive for a brute force alert. However, given the frequency and the nature of the event, it should still be monitored and investigated if the pattern continues or is accompanied by other suspicious activity.", "classification_match": false, "priority_match": true}
{"id": "7Rce15cB1Hp-jZ7fya1f", "description": "Powershell process spawned powershell instance", "label": "TP", "rule_level": 4, "rule_priority": "Low", "alert": {"_index": "wazuh-alerts-4.x-2025.07.04", "_id": "7Rce15cB1Hp-jZ7fya1f", "_score": null, "_source": {"input": {"type": "log"}, "agent": {"ip": "10.0.2.14", "name": "Win11Client", "id": "003"}, "manager": {"name": "wazuh-server"}, "data": {"win": {"eventdata": {"originalFileName": "PowerShell.EXE", "image": "C:\\\\Windows\\\\System32\\\\WindowsPowerShell\\\\v1.0\\\\powershell.exe", "product": "Microsoft\u00ae Windows\u00ae Operating System", "parentProcessGuid": "{ff3427f9-2077-6868-5c01-000000001400}", "description": "Windows PowerShell", "logonGuid": "{ff3427f9-1e7f-6868-f045-0a0000000000}", "parentCommandLine": "\\\"C:\\\\Windows\\\\System32\\\\WindowsPowerShell\\\\v1.0\\\\powershell.exe\\\"", "processGuid": "{ff3427f9-3905-6868-2503-000000001400}", "logonId": "0xa45f0", "parentProcessId": "9196", "processId": "6692", "currentDirectory": "C:\\\\Users\\\\snell\\\\AppData\\\\Local\\\\Temp\\\\", "utcTime": "2025-07-04 20:26:45.317", "hashes": "SHA1=8B595BBBF8695CE90EEEA612B440ECC79ACC6C5D,MD5=BD542C1197F3B5217B5C5B5C4A25BD0C,SHA256=75F490D70F821AFBBBB28D8AE45FA712C0EF39F73832AF5FF0DF284BEB22A9FC,IMPHASH=AFACF6DC9041114B198160AAB4D0AE77", "parentImage": "C:\\\\Windows\\\\System32\\\\WindowsPowerShell\\\\v1.0\\\\powershell.exe", "ruleName": "technique_id=T1086,technique_name=PowerShell", "company": "Microsoft Corporation", "commandLine": "\\\"powershell.exe\\\" &amp; {C:\\\\AtomicRedTeam\\\\atomics\\\\T1059.001\\\\bin\\\\SOAPHound.exe --user $env:USERNAME --password P@ssword1 --domain $env:USERDOMAIN --dc 10.0.1.14 --bhdump --cachefilename c:\\\\temp\\\\cache.txt --outputdirectory c:\\\\temp\\\\test2}", "integrityLevel": "High", "fileVersion": "10.0.26100.3323 (WinBuild.160101.0800)", "user": "SOCLAB\\\\snell", "terminalSessionId": "1", "parentUser": "SOCLAB\\\\snell"}, "system": {"eventID": "1", "keywords": "0x8000000000000000", "providerGuid": "{5770385f-c22a-43e0-bf4c-06f5698ffbd9}", "level": "4", "channel": "Microsoft-Windows-Sysmon/Operational", "opcode": "0", "message": "\"Process Create:\r\nRuleName: technique_id=T1086,technique_name=PowerShell\r\nUtcTime: 2025-07-04 20:26:45.317\r\nProcessGuid: {ff3427f9-3905-6868-2503-000000001400}\r\nProcessId: 6692\r\nImage: C:\\Windows\\System32\\WindowsPowerShell\\v1.0\\powershell.exe\r\nFileVersion: 10.0.26100.3323 (WinBuild.160101.0800)\r\nDescription: Windows PowerShell\r\nProduct: Microsoft\u00ae Windows\u00ae Operating System\r\nCompany: Microsoft Corporation\r\nOriginalFileName: PowerShell.EXE\r\nCommandLine: \"powershell.exe\" & {C:\\AtomicRedTeam\\atomics\\T1059.001\\bin\\SOAPHound.exe --user $env:USERNAME --password P@ssword1 --domain $env:USERDOMAIN --dc 10.0.1.14 --bhdump --cachefilename c:\\temp\\cache.txt --outputdirectory c:\\temp\\test2}\r\nCurrentDirectory: C:\\Users\\snell\\AppData\\Local\\Temp\\\r\nUser: SOCLAB\\snell\r\nLogonGuid: {ff3427f9-1e7f-6868-f045-0a0000000000}\r\nLogonId: 0xA45F0\r\nTerminalSessionId: 1\r\nIntegrityLevel: High\r\nHashes: SHA1=8B595BBBF8695CE90EEEA612B440ECC79ACC6C5D,MD5=BD542C1197F3B5217B5C5B5C4A25BD0C,SHA256=75F490D70F821AFBBBB28D8AE45FA712C0EF39F73832AF5FF0DF284BEB22A9FC,IMPHASH=AFACF6DC9041114B198160AAB4D0AE77\r\nParentProcessGuid: {ff3427f9-2077-6868-5c01-000000001400}\r\nParentProcessId: 9196\r\nParentImage: C:\\Windows\\System32\\WindowsPowerShell\\v1.0\\powershell.exe\r\nParentCommandLine: \"C:\\Windows\\System32\\WindowsPowerShell\\v1.0\\powershell.exe\" \r\nParentUser: SOCLAB\\snell\"", "version": "5", "systemTime": "2025-07-04T20:26:45.3195301Z", "eventRecordID": "152079", "threadID": "3992", "computer": "Win11Client.soclab.internal", "task": "1", "processID": "3056", "severityValue": "INFORMATION", "providerName": "Microsoft-Windows-Sysmon"}}}, "rule": {"firedtimes": 24, "mail": false, "description": "Powershell process spawned powershell instance", "groups": ["sysmon", "sysmon_eid1_detections", "windows"], "mitre": {"technique": ["PowerShell"], "id": ["T1059.001"], "tactic": ["Execution"]}, "id": "92027"}, "location": "EventChannel", "decoder": {"name": "windows_eventchannel"}, "id": "1751660806.58920101", "timestamp": "2025-07-04T20:26:46.620+0000"}, "fields": {"timestamp": ["2025-07-04T20:26:46.620Z"]}, "sort": [1751660806620]}, "chatgpt_response": {"alert_id": "7Rce15cB1Hp-jZ7fya1f", "classification": "TP", "priority": "High", "justification": "The alert is triggered by Sysmon Event ID 1 (process creation) for a PowerShell process spawning another PowerShell instance with a suspicious command line involving an external executable (SOAPHound.exe) and credentials. This matches the rule description for technique T1059.001 (PowerShell) under Execution, which is a common lateral movement and attack vector. The presence of credential usage and an external tool strongly indicates malicious or at least suspicious activity. The integrity level is High and the process is running as a user, not SYSTEM, but the command line includes sensitive actions. This should be treated as a High priority until further investigation rules it out."}, "chatgpt_classification": "TP", "chatgpt_priority": "High", "chatgpt_justification": "The alert is triggered by Sysmon Event ID 1 (process creation) for a PowerShell process spawning another PowerShell instance with a suspicious command line involving an external executable (SOAPHound.exe) and credentials. This matches the rule description for technique T1059.001 (PowerShell) under Execution, which is a common lateral movement and attack vector. The presence of credential usage and an external tool strongly indicates malicious or at least suspicious activity. The integrity level is High and the process is running as a user, not SYSTEM, but the command line includes sensitive actions. This should be treated as a High priority until further investigation rules it out.", "classification_match": true, "priority_match": false}
