{"id": "8Ufi1JcBxOat6TbbjZbJ", "description": "Suricata: Alert - ET INFO WinRM wsman Access - Possible Lateral Movement", "label": "FP", "rule_level": 3, "rule_priority": "Low", "alert": {"_index": "wazuh-alerts-4.x-2025.07.04", "_id": "8Ufi1JcBxOat6TbbjZbJ", "_version": 1, "_score": null, "_source": {"input": {"type": "log"}, "agent": {"ip": "10.0.2.6", "name": "Suricata", "id": "001"}, "manager": {"name": "wazuh-server"}, "data": {"metadata": {"flowints": {"http": {"anomaly": {"count": "1"}}}}, "tx_id": "1", "app_proto": "http", "in_iface": "enp0s3", "src_ip": "10.0.2.12", "src_port": "49304", "event_type": "alert", "alert": {"severity": "2", "signature_id": "2026849", "rev": "4", "metadata": {"mitre_tactic_id": ["TA0008"], "performance_impact": ["Low"], "affected_product": ["Windows_XP_Vista_7_8_10_Server_32_64_Bit"], "attack_target": ["Client_and_Server"], "updated_at": ["2024_04_13"], "confidence": ["Medium"], "created_at": ["2019_01_23"], "mitre_technique_id": ["T1570"], "mitre_technique_name": ["Lateral_Tool_Transfer"], "mitre_tactic_name": ["Lateral_Movement"], "signature_severity": ["Major"], "deployment": ["Internal"]}, "gid": "1", "signature": "ET INFO WinRM wsman Access - Possible Lateral Movement", "action": "allowed", "category": "Potentially Bad Traffic"}, "flow_id": "192782393782164.000000", "dest_ip": "10.0.2.14", "proto": "TCP", "http": {"hostname": "win11client", "protocol": "HTTP/1.1", "http_method": "POST", "http_content_type": "multipart/encrypted", "length": "2565", "http_port": "5985", "url": "/wsman?PSVersion=5.1.17763.2931", "http_user_agent": "Microsoft WinRM Client", "status": "200"}, "dest_port": "5985", "pkt_src": "wire/pcap", "flow": {"src_ip": "10.0.2.12", "src_port": "49304", "pkts_toserver": "8", "dest_ip": "10.0.2.14", "start": "2025-07-04T10:01:44.438101+0000", "bytes_toclient": "3481", "bytes_toserver": "5291", "pkts_toclient": "6", "dest_port": "5985"}, "timestamp": "2025-07-04T10:01:44.776272+0000", "direction": "to_server"}, "rule": {"firedtimes": 14, "mail": false, "description": "Suricata: Alert - ET INFO WinRM wsman Access - Possible Lateral Movement", "groups": ["ids", "suricata"], "id": "86601"}, "location": "/var/log/suricata/eve.json", "decoder": {"name": "json"}, "id": "1751623304.29645787", "timestamp": "2025-07-04T10:01:44.825+0000"}, "fields": {"timestamp": ["2025-07-04T10:01:44.825Z"], "data.timestamp": ["2025-07-04T10:01:44.776Z"]}, "sort": [1751623304825]}, "chatgpt_response": {"alert_id": "86601", "classification": "TP", "priority": "High", "justification": "The alert is generated by Suricata for a WinRM wsman access which is flagged as 'Possible Lateral Movement' and has a severity of 'Major'. The MITRE Tactic is Lateral_Movement (TA0008) and the affected product includes Windows systems. The signature confidence is Medium and the impact is rated as Low in performance but the technique (T1570 - Lateral Tool Transfer) is significant for lateral movement in an internal environment. Given the context of possible lateral movement, this should be treated as a True Positive with High priority to investigate promptly."}, "chatgpt_classification": "TP", "chatgpt_priority": "High", "chatgpt_justification": "The alert is generated by Suricata for a WinRM wsman access which is flagged as 'Possible Lateral Movement' and has a severity of 'Major'. The MITRE Tactic is Lateral_Movement (TA0008) and the affected product includes Windows systems. The signature confidence is Medium and the impact is rated as Low in performance but the technique (T1570 - Lateral Tool Transfer) is significant for lateral movement in an internal environment. Given the context of possible lateral movement, this should be treated as a True Positive with High priority to investigate promptly.", "classification_match": false, "priority_match": false}
{"id": "yhdn15cB1Hp-jZ7fNbLI", "description": "Suspicious Windows cmd shell execution", "label": "TP", "rule_level": 3, "rule_priority": "Low", "alert": {"_index": "wazuh-alerts-4.x-2025.07.04", "_id": "yhdn15cB1Hp-jZ7fNbLI", "_score": null, "_source": {"input": {"type": "log"}, "agent": {"ip": "10.0.2.14", "name": "Win11Client", "id": "003"}, "manager": {"name": "wazuh-server"}, "data": {"win": {"eventdata": {"originalFileName": "bitsadmin.exe", "image": "C:\\\\Windows\\\\System32\\\\bitsadmin.exe", "product": "Microsoft\u00ae Windows\u00ae Operating System", "parentProcessGuid": "{ff3427f9-4b3e-6868-ed05-000000001400}", "description": "BITS administration utility", "logonGuid": "{ff3427f9-1e7f-6868-f045-0a0000000000}", "parentCommandLine": "\\\"cmd.exe\\\" /c C:\\\\Windows\\\\System32\\\\bitsadmin.exe /transfer qcxjb7 /Priority HIGH https://raw.githubusercontent.com/redcanaryco/atomic-red-team/master/LICENSE.txt %temp%\\\\Atomic-license.txt", "processGuid": "{ff3427f9-4b3e-6868-ef05-000000001400}", "logonId": "0xa45f0", "parentProcessId": "68", "processId": "4488", "currentDirectory": "C:\\\\Users\\\\snell\\\\AppData\\\\Local\\\\Temp\\\\", "utcTime": "2025-07-04 21:44:30.831", "hashes": "SHA1=29EE300ACDAE46792A4E1BDD012D0C7FA1C5D13F,MD5=48E11CE37A4B73911D61CA9DB531E676,SHA256=2B090BB7151BF87FC6FA36E13F509B5059A68E694EEC2253F1AB74F9A7A0247B,IMPHASH=D93F8F73A9F8629D0A8B416A7FCEE86F", "parentImage": "C:\\\\Windows\\\\System32\\\\cmd.exe", "ruleName": "technique_id=T1197,technique_name=BITS Jobs", "company": "Microsoft Corporation", "commandLine": "C:\\\\Windows\\\\System32\\\\bitsadmin.exe  /transfer qcxjb7 /Priority HIGH https://raw.githubusercontent.com/redcanaryco/atomic-red-team/master/LICENSE.txt C:\\\\Users\\\\snell\\\\AppData\\\\Local\\\\Temp\\\\Atomic-license.txt", "integrityLevel": "High", "fileVersion": "7.8.26100.1150 (WinBuild.160101.0800)", "user": "SOCLAB\\\\snell", "terminalSessionId": "1", "parentUser": "SOCLAB\\\\snell"}, "system": {"eventID": "1", "keywords": "0x8000000000000000", "providerGuid": "{5770385f-c22a-43e0-bf4c-06f5698ffbd9}", "level": "4", "channel": "Microsoft-Windows-Sysmon/Operational", "opcode": "0", "message": "\"Process Create:\r\nRuleName: technique_id=T1197,technique_name=BITS Jobs\r\nUtcTime: 2025-07-04 21:44:30.831\r\nProcessGuid: {ff3427f9-4b3e-6868-ef05-000000001400}\r\nProcessId: 4488\r\nImage: C:\\Windows\\System32\\bitsadmin.exe\r\nFileVersion: 7.8.26100.1150 (WinBuild.160101.0800)\r\nDescription: BITS administration utility\r\nProduct: Microsoft\u00ae Windows\u00ae Operating System\r\nCompany: Microsoft Corporation\r\nOriginalFileName: bitsadmin.exe\r\nCommandLine: C:\\Windows\\System32\\bitsadmin.exe  /transfer qcxjb7 /Priority HIGH https://raw.githubusercontent.com/redcanaryco/atomic-red-team/master/LICENSE.txt C:\\Users\\snell\\AppData\\Local\\Temp\\Atomic-license.txt\r\nCurrentDirectory: C:\\Users\\snell\\AppData\\Local\\Temp\\\r\nUser: SOCLAB\\snell\r\nLogonGuid: {ff3427f9-1e7f-6868-f045-0a0000000000}\r\nLogonId: 0xA45F0\r\nTerminalSessionId: 1\r\nIntegrityLevel: High\r\nHashes: SHA1=29EE300ACDAE46792A4E1BDD012D0C7FA1C5D13F,MD5=48E11CE37A4B73911D61CA9DB531E676,SHA256=2B090BB7151BF87FC6FA36E13F509B5059A68E694EEC2253F1AB74F9A7A0247B,IMPHASH=D93F8F73A9F8629D0A8B416A7FCEE86F\r\nParentProcessGuid: {ff3427f9-4b3e-6868-ed05-000000001400}\r\nParentProcessId: 68\r\nParentImage: C:\\Windows\\System32\\cmd.exe\r\nParentCommandLine: \"cmd.exe\" /c C:\\Windows\\System32\\bitsadmin.exe /transfer qcxjb7 /Priority HIGH https://raw.githubusercontent.com/redcanaryco/atomic-red-team/master/LICENSE.txt %temp%\\Atomic-license.txt\r\nParentUser: SOCLAB\\snell\"", "version": "5", "systemTime": "2025-07-04T21:44:30.8402163Z", "eventRecordID": "391384", "threadID": "3992", "computer": "Win11Client.soclab.internal", "task": "1", "processID": "3056", "severityValue": "INFORMATION", "providerName": "Microsoft-Windows-Sysmon"}}}, "rule": {"firedtimes": 22, "mail": false, "description": "Suspicious Windows cmd shell execution", "groups": ["sysmon", "sysmon_eid1_detections", "windows"], "mitre": {"technique": ["Account Discovery", "Windows Command Shell"], "id": ["T1087", "T1059.003"], "tactic": ["Discovery", "Execution"]}, "id": "92032"}, "location": "EventChannel", "decoder": {"name": "windows_eventchannel"}, "id": "1751665553.63912591", "timestamp": "2025-07-04T21:45:53.296+0000"}, "fields": {"timestamp": ["2025-07-04T21:45:53.296Z"]}, "sort": [1751665553296]}, "chatgpt_response": {"alert_id": "yhdn15cB1Hp-jZ7fNbLI", "classification": "TP", "priority": "High", "justification": "This alert is triggered by Sysmon event ID 1 (process creation) with a rule matching on the use of 'bitsadmin.exe' to download a file from an external source, which is flagged as technique T1197 (BITS Jobs) mapped to MITRE ATT&CK T1059.003 (Windows Command Shell) under Execution and Discovery tactics. The process command line clearly shows the execution of bitsadmin to download a file from a GitHub raw URL to a temporary location. This behavior is commonly associated with malware or red team operations (as indicated by the Atomic Red Team reference), and thus should be treated as a True Positive. The priority is set to High because unauthorized use of BITS for data exfiltration or download is a significant security risk."}, "chatgpt_classification": "TP", "chatgpt_priority": "High", "chatgpt_justification": "This alert is triggered by Sysmon event ID 1 (process creation) with a rule matching on the use of 'bitsadmin.exe' to download a file from an external source, which is flagged as technique T1197 (BITS Jobs) mapped to MITRE ATT&CK T1059.003 (Windows Command Shell) under Execution and Discovery tactics. The process command line clearly shows the execution of bitsadmin to download a file from a GitHub raw URL to a temporary location. This behavior is commonly associated with malware or red team operations (as indicated by the Atomic Red Team reference), and thus should be treated as a True Positive. The priority is set to High because unauthorized use of BITS for data exfiltration or download is a significant security risk.", "classification_match": true, "priority_match": false}
{"id": "U8eTu5cBD2WdxGkxUo-X", "description": "Executable file dropped in folder commonly used by malware", "label": "FP", "rule_level": 15, "rule_priority": "Critical", "alert": {"_index": "wazuh-alerts-4.x-2025.06.29", "_id": "U8eTu5cBD2WdxGkxUo-X", "_version": 1, "_score": null, "_source": {"input": {"type": "log"}, "agent": {"ip": "10.0.2.14", "name": "Win11Client", "id": "003"}, "manager": {"name": "wazuh-server"}, "data": {"win": {"eventdata": {"image": "C:\\\\Windows\\\\System32\\\\WindowsPowerShell\\\\v1.0\\\\powershell.exe", "processGuid": "{ff3427f9-2bcd-6861-9501-000000001000}", "processId": "8104", "utcTime": "2025-06-29 12:04:39.425", "targetFilename": "C:\\\\Users\\\\snell\\\\AppData\\\\Local\\\\Temp\\\\__PSScriptPolicyTest_jtbh0gak.d4x.ps1", "ruleName": "technique_id=T1059.001,technique_name=PowerShell", "creationUtcTime": "2025-06-29 12:04:39.425", "user": "SOCLAB\\\\snell"}, "system": {"eventID": "11", "keywords": "0x8000000000000000", "providerGuid": "{5770385f-c22a-43e0-bf4c-06f5698ffbd9}", "level": "4", "channel": "Microsoft-Windows-Sysmon/Operational", "opcode": "0", "message": "\"File created:\r\nRuleName: technique_id=T1059.001,technique_name=PowerShell\r\nUtcTime: 2025-06-29 12:04:39.425\r\nProcessGuid: {ff3427f9-2bcd-6861-9501-000000001000}\r\nProcessId: 8104\r\nImage: C:\\Windows\\System32\\WindowsPowerShell\\v1.0\\powershell.exe\r\nTargetFilename: C:\\Users\\snell\\AppData\\Local\\Temp\\__PSScriptPolicyTest_jtbh0gak.d4x.ps1\r\nCreationUtcTime: 2025-06-29 12:04:39.425\r\nUser: SOCLAB\\snell\"", "version": "2", "systemTime": "2025-06-29T12:04:39.4281806Z", "eventRecordID": "109967", "threadID": "4536", "computer": "Win11Client.soclab.internal", "task": "11", "processID": "3828", "severityValue": "INFORMATION", "providerName": "Microsoft-Windows-Sysmon"}}}, "rule": {"firedtimes": 2, "mail": true, "description": "Executable file dropped in folder commonly used by malware", "groups": ["sysmon", "sysmon_eid11_detections", "windows"], "mitre": {"technique": ["Ingress Tool Transfer"], "id": ["T1105"], "tactic": ["Command and Control"]}, "id": "92213"}, "location": "EventChannel", "decoder": {"name": "windows_eventchannel"}, "id": "1751198680.21682838", "timestamp": "2025-06-29T12:04:40.292+0000"}, "fields": {"timestamp": ["2025-06-29T12:04:40.292Z"]}, "sort": [1751198680292]}, "chatgpt_response": {"alert_id": "U8eTu5cBD2WdxGkxUo-X", "classification": "TP", "priority": "High", "justification": "This alert was generated by Sysmon (event ID 11) and detected the creation of a PowerShell script (.ps1) file in the user's AppData Local Temp folder by the PowerShell process. The rule is mapped to MITRE ATT&CK T1059.001 (PowerShell) under the Ingress Tool Transfer technique, which is commonly associated with lateral movement and initial access in attacks. The presence of a newly created script executed by PowerShell, especially if unexpected or not associated with a known administrative task, is a strong indicator of potential malicious activity and warrants a High priority for immediate investigation."}, "chatgpt_classification": "TP", "chatgpt_priority": "High", "chatgpt_justification": "This alert was generated by Sysmon (event ID 11) and detected the creation of a PowerShell script (.ps1) file in the user's AppData Local Temp folder by the PowerShell process. The rule is mapped to MITRE ATT&CK T1059.001 (PowerShell) under the Ingress Tool Transfer technique, which is commonly associated with lateral movement and initial access in attacks. The presence of a newly created script executed by PowerShell, especially if unexpected or not associated with a known administrative task, is a strong indicator of potential malicious activity and warrants a High priority for immediate investigation.", "classification_match": false, "priority_match": false}
{"id": "pseZu5cBD2WdxGkxuI-i", "description": "The database engine is starting a new instance.", "label": "FP", "rule_level": 3, "rule_priority": "Low", "alert": {"_index": "wazuh-alerts-4.x-2025.06.29", "_id": "pseZu5cBD2WdxGkxuI-i", "_version": 1, "_score": null, "_source": {"input": {"type": "log"}, "agent": {"ip": "10.0.2.14", "name": "Win11Client", "id": "003"}, "manager": {"name": "wazuh-server"}, "data": {"win": {"eventdata": {"data": "svchost, 9272,P,98,0, DS_Token_DB:, 0, 10, 00, 26100, 0000"}, "system": {"eventID": "102", "keywords": "0x80000000000000", "level": "4", "channel": "Application", "opcode": "0", "message": "\"svchost (9272,P,98,0) DS_Token_DB: The database engine (10.00.26100.0000) is starting a new instance (0).\"", "version": "0", "systemTime": "2025-06-29T12:11:40.9550976Z", "eventRecordID": "1539", "threadID": "0", "computer": "Win11Client.soclab.internal", "task": "1", "processID": "9272", "severityValue": "INFORMATION", "providerName": "ESENT"}}}, "rule": {"firedtimes": 1, "mail": false, "description": "The database engine is starting a new instance.", "groups": ["windows", "windows_application"], "id": "60805"}, "location": "EventChannel", "decoder": {"name": "windows_eventchannel"}, "id": "1751199101.22041649", "timestamp": "2025-06-29T12:11:41.079+0000"}, "fields": {"timestamp": ["2025-06-29T12:11:41.079Z"]}, "sort": [1751199101079]}, "chatgpt_response": {"alert_id": "pseZu5cBD2WdxGkxuI-i", "classification": "FP", "priority": "Low", "justification": "This alert indicates a standard Windows event (EventID 102) where the database engine is starting a new instance, which is a normal operational message. There is no indication of malicious activity or compromise. This type of log is typically benign and not a security incident unless accompanied by other suspicious activity."}, "chatgpt_classification": "FP", "chatgpt_priority": "Low", "chatgpt_justification": "This alert indicates a standard Windows event (EventID 102) where the database engine is starting a new instance, which is a normal operational message. There is no indication of malicious activity or compromise. This type of log is typically benign and not a security incident unless accompanied by other suspicious activity.", "classification_match": true, "priority_match": true}
{"id": "uqmu2pcBGfDWR0X_074N", "description": "Suspicious Windows cmd shell execution", "label": "TP", "rule_level": 3, "rule_priority": "Low", "alert": {"_index": "wazuh-alerts-4.x-2025.07.05", "_id": "uqmu2pcBGfDWR0X_074N", "_score": null, "_source": {"input": {"type": "log"}, "agent": {"ip": "10.0.2.14", "name": "Win11Client", "id": "003"}, "manager": {"name": "wazuh-server"}, "data": {"win": {"eventdata": {"originalFileName": "quser.exe", "image": "C:\\\\Windows\\\\System32\\\\quser.exe", "product": "Microsoft\u00ae Windows\u00ae Operating System", "parentProcessGuid": "{ff3427f9-226b-6869-8f01-000000001500}", "description": "Query User Utility", "logonGuid": "{ff3427f9-2071-6869-6f2f-080000000000}", "parentCommandLine": "\\\"cmd.exe\\\" /c cmd.exe /C whoami &amp; wmic useraccount get /ALL &amp; quser /SERVER:\\\"localhost\\\" &amp; quser &amp; qwinsta.exe /server:localhost &amp; qwinsta.exe &amp; for /F \\\"tokens=1,2\\\" %i in ('qwinsta /server:localhost ^| findstr \\\"Active Disc\\\"') do @echo %i | find /v \\\"#\\\" | find /v \\\"console\\\" || echo %j &gt; computers.txt &amp; @FOR /F %n in (computers.txt) DO @FOR /F \\\"tokens=1,2\\\" %i in ('qwinsta /server:%n ^| findstr \\\"Active Disc\\\"') do @echo %i | find /v \\\"#\\\" | find /v \\\"console\\\" || echo %j &gt; usernames.txt", "processGuid": "{ff3427f9-2281-6869-9401-000000001500}", "logonId": "0x82f6f", "parentProcessId": "9176", "processId": "2460", "currentDirectory": "C:\\\\Users\\\\snell\\\\AppData\\\\Local\\\\Temp\\\\", "utcTime": "2025-07-05 13:02:57.390", "hashes": "SHA1=CF02B7AF671E65DA963D6421458C3771B6914420,MD5=7BBF2B163FFB89A9E3F232FC8D61EAAB,SHA256=AEC93DC8483FDBFE2A537AB26FB4D07DC628BE2AA67C4E02381B086E7C830DEE,IMPHASH=B72F14292FAC033099AD1A08D6867486", "parentImage": "C:\\\\Windows\\\\System32\\\\cmd.exe", "ruleName": "technique_id=T1033,technique_name=System Owner/User Discovery", "company": "Microsoft Corporation", "commandLine": "quser  /SERVER:\\\"localhost\\\"", "integrityLevel": "High", "fileVersion": "10.0.26100.1882 (WinBuild.160101.0800)", "user": "SOCLAB\\\\snell", "terminalSessionId": "1", "parentUser": "SOCLAB\\\\snell"}, "system": {"eventID": "1", "keywords": "0x8000000000000000", "providerGuid": "{5770385f-c22a-43e0-bf4c-06f5698ffbd9}", "level": "4", "channel": "Microsoft-Windows-Sysmon/Operational", "opcode": "0", "message": "\"Process Create:\r\nRuleName: technique_id=T1033,technique_name=System Owner/User Discovery\r\nUtcTime: 2025-07-05 13:02:57.390\r\nProcessGuid: {ff3427f9-2281-6869-9401-000000001500}\r\nProcessId: 2460\r\nImage: C:\\Windows\\System32\\quser.exe\r\nFileVersion: 10.0.26100.1882 (WinBuild.160101.0800)\r\nDescription: Query User Utility\r\nProduct: Microsoft\u00ae Windows\u00ae Operating System\r\nCompany: Microsoft Corporation\r\nOriginalFileName: quser.exe\r\nCommandLine: quser  /SERVER:\"localhost\" \r\nCurrentDirectory: C:\\Users\\snell\\AppData\\Local\\Temp\\\r\nUser: SOCLAB\\snell\r\nLogonGuid: {ff3427f9-2071-6869-6f2f-080000000000}\r\nLogonId: 0x82F6F\r\nTerminalSessionId: 1\r\nIntegrityLevel: High\r\nHashes: SHA1=CF02B7AF671E65DA963D6421458C3771B6914420,MD5=7BBF2B163FFB89A9E3F232FC8D61EAAB,SHA256=AEC93DC8483FDBFE2A537AB26FB4D07DC628BE2AA67C4E02381B086E7C830DEE,IMPHASH=B72F14292FAC033099AD1A08D6867486\r\nParentProcessGuid: {ff3427f9-226b-6869-8f01-000000001500}\r\nParentProcessId: 9176\r\nParentImage: C:\\Windows\\System32\\cmd.exe\r\nParentCommandLine: \"cmd.exe\" /c cmd.exe /C whoami & wmic useraccount get /ALL & quser /SERVER:\"localhost\" & quser & qwinsta.exe /server:localhost & qwinsta.exe & for /F \"tokens=1,2\" %i in ('qwinsta /server:localhost ^| findstr \"Active Disc\"') do @echo %i | find /v \"#\" | find /v \"console\" || echo %j > computers.txt & @FOR /F %n in (computers.txt) DO @FOR /F \"tokens=1,2\" %i in ('qwinsta /server:%n ^| findstr \"Active Disc\"') do @echo %i | find /v \"#\" | find /v \"console\" || echo %j > usernames.txt\r\nParentUser: SOCLAB\\snell\"", "version": "5", "systemTime": "2025-07-05T13:02:57.3970703Z", "eventRecordID": "395388", "threadID": "3628", "computer": "Win11Client.soclab.internal", "task": "1", "processID": "3068", "severityValue": "INFORMATION", "providerName": "Microsoft-Windows-Sysmon"}}}, "rule": {"firedtimes": 6, "mail": false, "description": "Suspicious Windows cmd shell execution", "groups": ["sysmon", "sysmon_eid1_detections", "windows"], "mitre": {"technique": ["Account Discovery", "Windows Command Shell"], "id": ["T1087", "T1059.003"], "tactic": ["Discovery", "Execution"]}, "id": "92032"}, "location": "EventChannel", "decoder": {"name": "windows_eventchannel"}, "id": "1751720578.2070379", "timestamp": "2025-07-05T13:02:58.684+0000"}, "fields": {"timestamp": ["2025-07-05T13:02:58.684Z"]}, "sort": [1751720578684]}, "chatgpt_response": {"alert_id": "uqmu2pcBGfDWR0X_074N", "classification": "TP", "priority": "High", "justification": "The alert is generated by Sysmon for process creation of 'quser.exe' with a command line that enumerates user accounts and connects to remote systems, matching MITRE ATT&CK T1087 (Account Discovery) and T1059.003 (Windows Command Shell). The process is running with High integrity level under a user account, and the command line includes multiple enumeration commands and output redirection to a file. This activity is highly suspicious and aligns with the rule's description of 'Suspicious Windows cmd shell execution.' Unless there is a known legitimate administrative script with this exact signature, this should be treated as a True Positive with High priority due to the potential for credential and system reconnaissance by an attacker."}, "chatgpt_classification": "TP", "chatgpt_priority": "High", "chatgpt_justification": "The alert is generated by Sysmon for process creation of 'quser.exe' with a command line that enumerates user accounts and connects to remote systems, matching MITRE ATT&CK T1087 (Account Discovery) and T1059.003 (Windows Command Shell). The process is running with High integrity level under a user account, and the command line includes multiple enumeration commands and output redirection to a file. This activity is highly suspicious and aligns with the rule's description of 'Suspicious Windows cmd shell execution.' Unless there is a known legitimate administrative script with this exact signature, this should be treated as a True Positive with High priority due to the potential for credential and system reconnaissance by an attacker.", "classification_match": true, "priority_match": false}
{"id": "18eau5cBD2WdxGkxr48t", "description": "Suspicious Windows cmd shell execution", "label": "FP", "rule_level": 3, "rule_priority": "Low", "alert": {"_index": "wazuh-alerts-4.x-2025.06.29", "_id": "18eau5cBD2WdxGkxr48t", "_version": 1, "_score": null, "_source": {"input": {"type": "log"}, "agent": {"ip": "10.0.2.14", "name": "Win11Client", "id": "003"}, "manager": {"name": "wazuh-server"}, "data": {"win": {"eventdata": {"originalFileName": "tasklist.exe", "image": "C:\\\\Windows\\\\System32\\\\tasklist.exe", "product": "Microsoft\u00ae Windows\u00ae Operating System", "parentProcessGuid": "{ff3427f9-2daf-6861-2002-000000001000}", "description": "Lists the current running tasks", "logonGuid": "{ff3427f9-2958-6861-e703-000000000000}", "parentCommandLine": "\\\"C:\\\\WINDOWS\\\\system32\\\\cmd.exe\\\" /d /c C:\\\\WINDOWS\\\\system32\\\\hpatchmonTask.cmd", "processGuid": "{ff3427f9-2dba-6861-2c02-000000001000}", "logonId": "0x3e7", "parentProcessId": "4296", "processId": "10876", "currentDirectory": "C:\\\\Windows\\\\System32\\\\", "utcTime": "2025-06-29 12:12:42.049", "hashes": "SHA1=6D343302F8C05633D486BC763D60ECB0FA8FB0B5,MD5=8ADD46C82B40A6F635F1406CF28DABA1,SHA256=62800679C55682F2F5F38B3DF9080D12480BEA78B5B8476EACE9DF014F353B14,IMPHASH=1EC449474B2F8125DB72AC9B593E4CA6", "parentImage": "C:\\\\Windows\\\\System32\\\\cmd.exe", "ruleName": "technique_id=T1057,technique_name=Process Discovery", "company": "Microsoft Corporation", "commandLine": "tasklist  /FI \\\"IMAGENAME eq Secure System\\\" /v /FO list", "integrityLevel": "System", "fileVersion": "10.0.26100.1 (WinBuild.160101.0800)", "user": "NT AUTHORITY\\\\SYSTEM", "terminalSessionId": "0", "parentUser": "NT AUTHORITY\\\\SYSTEM"}, "system": {"eventID": "1", "keywords": "0x8000000000000000", "providerGuid": "{5770385f-c22a-43e0-bf4c-06f5698ffbd9}", "level": "4", "channel": "Microsoft-Windows-Sysmon/Operational", "opcode": "0", "message": "\"Process Create:\r\nRuleName: technique_id=T1057,technique_name=Process Discovery\r\nUtcTime: 2025-06-29 12:12:42.049\r\nProcessGuid: {ff3427f9-2dba-6861-2c02-000000001000}\r\nProcessId: 10876\r\nImage: C:\\Windows\\System32\\tasklist.exe\r\nFileVersion: 10.0.26100.1 (WinBuild.160101.0800)\r\nDescription: Lists the current running tasks\r\nProduct: Microsoft\u00ae Windows\u00ae Operating System\r\nCompany: Microsoft Corporation\r\nOriginalFileName: tasklist.exe\r\nCommandLine: tasklist  /FI \"IMAGENAME eq Secure System\" /v /FO list \r\nCurrentDirectory: C:\\Windows\\System32\\\r\nUser: NT AUTHORITY\\SYSTEM\r\nLogonGuid: {ff3427f9-2958-6861-e703-000000000000}\r\nLogonId: 0x3E7\r\nTerminalSessionId: 0\r\nIntegrityLevel: System\r\nHashes: SHA1=6D343302F8C05633D486BC763D60ECB0FA8FB0B5,MD5=8ADD46C82B40A6F635F1406CF28DABA1,SHA256=62800679C55682F2F5F38B3DF9080D12480BEA78B5B8476EACE9DF014F353B14,IMPHASH=1EC449474B2F8125DB72AC9B593E4CA6\r\nParentProcessGuid: {ff3427f9-2daf-6861-2002-000000001000}\r\nParentProcessId: 4296\r\nParentImage: C:\\Windows\\System32\\cmd.exe\r\nParentCommandLine: \"C:\\WINDOWS\\system32\\cmd.exe\" /d /c C:\\WINDOWS\\system32\\hpatchmonTask.cmd\r\nParentUser: NT AUTHORITY\\SYSTEM\"", "version": "5", "systemTime": "2025-06-29T12:12:42.0730887Z", "eventRecordID": "110756", "threadID": "4536", "computer": "Win11Client.soclab.internal", "task": "1", "processID": "3828", "severityValue": "INFORMATION", "providerName": "Microsoft-Windows-Sysmon"}}}, "rule": {"firedtimes": 3, "mail": false, "description": "Suspicious Windows cmd shell execution", "groups": ["sysmon", "sysmon_eid1_detections", "windows"], "mitre": {"technique": ["Account Discovery", "Windows Command Shell"], "id": ["T1087", "T1059.003"], "tactic": ["Discovery", "Execution"]}, "id": "92032"}, "location": "EventChannel", "decoder": {"name": "windows_eventchannel"}, "id": "1751199162.22257977", "timestamp": "2025-06-29T12:12:42.487+0000"}, "fields": {"timestamp": ["2025-06-29T12:12:42.487Z"]}, "sort": [1751199162487]}, "chatgpt_response": {"alert_id": "18eau5cBD2WdxGkxr48t", "classification": "TP", "priority": "High", "justification": "The alert is triggered by Sysmon rule 'Suspicious Windows cmd shell execution' (rule ID 92032), which detected the execution of 'tasklist.exe' with a specific command line that attempts to filter for a process named 'Secure System'. This matches MITRE ATT&CK techniques T1057 (Process Discovery) and T1087 (Account Discovery), both associated with reconnaissance and potential lateral movement or privilege escalation. The process is executed by SYSTEM with high integrity level, and the command line is unusual and could indicate an attacker enumerating sensitive processes. Given the context and the techniques involved, this should be treated as a True Positive and prioritized as High until further investigation confirms otherwise."}, "chatgpt_classification": "TP", "chatgpt_priority": "High", "chatgpt_justification": "The alert is triggered by Sysmon rule 'Suspicious Windows cmd shell execution' (rule ID 92032), which detected the execution of 'tasklist.exe' with a specific command line that attempts to filter for a process named 'Secure System'. This matches MITRE ATT&CK techniques T1057 (Process Discovery) and T1087 (Account Discovery), both associated with reconnaissance and potential lateral movement or privilege escalation. The process is executed by SYSTEM with high integrity level, and the command line is unusual and could indicate an attacker enumerating sensitive processes. Given the context and the techniques involved, this should be treated as a True Positive and prioritized as High until further investigation confirms otherwise.", "classification_match": false, "priority_match": false}
{"id": "CRdB15cB1Hp-jZ7firCW", "description": "Registry entry to be executed on next logon points to a remote access tool", "label": "FP", "rule_level": 12, "rule_priority": "High", "alert": {"_index": "wazuh-alerts-4.x-2025.07.04", "_id": "CRdB15cB1Hp-jZ7firCW", "_score": null, "_source": {"input": {"type": "log"}, "agent": {"ip": "10.0.2.14", "name": "Win11Client", "id": "003"}, "manager": {"name": "wazuh-server"}, "data": {"win": {"eventdata": {"image": "C:\\\\Program Files\\\\TightVNC\\\\tvnserver.exe", "targetObject": "HKLM\\\\SOFTWARE\\\\Microsoft\\\\Windows\\\\CurrentVersion\\\\Run\\\\tvncontrol", "processGuid": "{ff3427f9-41eb-6868-5704-000000001400}", "processId": "10224", "utcTime": "2025-07-04 21:04:43.509", "ruleName": "technique_id=T1547.001,technique_name=Registry Run Keys / Start Folder", "details": "\\\"C:\\\\Program Files\\\\TightVNC\\\\tvnserver.exe\\\" -controlservice -slave", "eventType": "SetValue", "user": "NT AUTHORITY\\\\SYSTEM"}, "system": {"eventID": "13", "keywords": "0x8000000000000000", "providerGuid": "{5770385f-c22a-43e0-bf4c-06f5698ffbd9}", "level": "4", "channel": "Microsoft-Windows-Sysmon/Operational", "opcode": "0", "message": "\"Registry value set:\r\nRuleName: technique_id=T1547.001,technique_name=Registry Run Keys / Start Folder\r\nEventType: SetValue\r\nUtcTime: 2025-07-04 21:04:43.509\r\nProcessGuid: {ff3427f9-41eb-6868-5704-000000001400}\r\nProcessId: 10224\r\nImage: C:\\Program Files\\TightVNC\\tvnserver.exe\r\nTargetObject: HKLM\\SOFTWARE\\Microsoft\\Windows\\CurrentVersion\\Run\\tvncontrol\r\nDetails: \"C:\\Program Files\\TightVNC\\tvnserver.exe\" -controlservice -slave\r\nUser: NT AUTHORITY\\SYSTEM\"", "version": "2", "systemTime": "2025-07-04T21:04:43.5105307Z", "eventRecordID": "155021", "threadID": "3992", "computer": "Win11Client.soclab.internal", "task": "13", "processID": "3056", "severityValue": "INFORMATION", "providerName": "Microsoft-Windows-Sysmon"}}}, "rule": {"firedtimes": 1, "mail": true, "description": "Registry entry to be executed on next logon points to a remote access tool", "groups": ["sysmon", "sysmon_eid13_detections", "windows"], "mitre": {"technique": ["Registry Run Keys / Startup Folder"], "id": ["T1547.001"], "tactic": ["Persistence", "Privilege Escalation"]}, "id": "92303"}, "location": "EventChannel", "decoder": {"name": "windows_eventchannel"}, "id": "1751663084.61216808", "timestamp": "2025-07-04T21:04:44.839+0000"}, "fields": {"timestamp": ["2025-07-04T21:04:44.839Z"]}, "sort": [1751663084839]}, "chatgpt_response": {"alert_id": "CRdB15cB1Hp-jZ7firCW", "classification": "TP", "priority": "High", "justification": "This alert was generated by Sysmon event ID 13, indicating that a new value was set in the Windows Registry Run key by the process 'tvnserver.exe', which is associated with TightVNC. The description notes that this points to a remote access tool (RAT), and the MITRE ATT&CK mapping is to T1547.001 (Registry Run Keys / Startup Folder), a known persistence and privilege escalation technique. The process is running as SYSTEM, which has high privileges. Given the context of a remote access tool being established for persistence, this is a serious security event that requires immediate investigation. Therefore, the classification is True Positive (TP) with a High priority."}, "chatgpt_classification": "TP", "chatgpt_priority": "High", "chatgpt_justification": "This alert was generated by Sysmon event ID 13, indicating that a new value was set in the Windows Registry Run key by the process 'tvnserver.exe', which is associated with TightVNC. The description notes that this points to a remote access tool (RAT), and the MITRE ATT&CK mapping is to T1547.001 (Registry Run Keys / Startup Folder), a known persistence and privilege escalation technique. The process is running as SYSTEM, which has high privileges. Given the context of a remote access tool being established for persistence, this is a serious security event that requires immediate investigation. Therefore, the classification is True Positive (TP) with a High priority.", "classification_match": false, "priority_match": true}
{"id": "hxdg15cB1Hp-jZ7fJLF6", "description": "Suspicious Windows cmd shell execution", "label": "TP", "rule_level": 3, "rule_priority": "Low", "alert": {"_index": "wazuh-alerts-4.x-2025.07.04", "_id": "hxdg15cB1Hp-jZ7fJLF6", "_score": null, "_source": {"input": {"type": "log"}, "agent": {"ip": "10.0.2.14", "name": "Win11Client", "id": "003"}, "manager": {"name": "wazuh-server"}, "data": {"win": {"eventdata": {"originalFileName": "MSHTA.EXE", "image": "C:\\\\Windows\\\\System32\\\\mshta.exe", "product": "Internet Explorer", "parentProcessGuid": "{ff3427f9-4892-6868-1105-000000001400}", "description": "Microsoft (R) HTML Application host", "logonGuid": "{ff3427f9-1e7f-6868-f045-0a0000000000}", "parentCommandLine": "\\\"cmd.exe\\\" /c mshta vbscript:Execute(\\\"CreateObject(\\\"\\\"Wscript.Shell\\\"\\\").Run \\\"\\\"powershell -noexit -file C:\\\\AtomicRedTeam\\\\atomics\\\\T1218.005\\\\src\\\\powershell.ps1\\\"\\\":close\\\")", "processGuid": "{ff3427f9-4892-6868-1305-000000001400}", "logonId": "0xa45f0", "parentProcessId": "4804", "processId": "10204", "currentDirectory": "C:\\\\Users\\\\snell\\\\AppData\\\\Local\\\\Temp\\\\", "utcTime": "2025-07-04 21:33:06.450", "hashes": "SHA1=F5B4B0D669D8B81A280218C4FAD60B22047FA047,MD5=CB5971A176EF0CFD5FC77792E2000558,SHA256=1F1AABE87E5E93A8FFF769BF3614DD559C51C80FC045E11868F3843D9A004D1E,IMPHASH=71A59821E6458156CA7792C7A1D58E33", "parentImage": "C:\\\\Windows\\\\System32\\\\cmd.exe", "ruleName": "technique_id=T1059,technique_name=Command-Line Interface", "company": "Microsoft Corporation", "commandLine": "mshta  vbscript:Execute(\\\"CreateObject(\\\"\\\"Wscript.Shell\\\"\\\").Run \\\"\\\"powershell -noexit -file C:\\\\AtomicRedTeam\\\\atomics\\\\T1218.005\\\\src\\\\powershell.ps1\\\"\\\":close\\\")", "integrityLevel": "High", "fileVersion": "11.00.26100.2454 (WinBuild.160101.0800)", "user": "SOCLAB\\\\snell", "terminalSessionId": "1", "parentUser": "SOCLAB\\\\snell"}, "system": {"eventID": "1", "keywords": "0x8000000000000000", "providerGuid": "{5770385f-c22a-43e0-bf4c-06f5698ffbd9}", "level": "4", "channel": "Microsoft-Windows-Sysmon/Operational", "opcode": "0", "message": "\"Process Create:\r\nRuleName: technique_id=T1059,technique_name=Command-Line Interface\r\nUtcTime: 2025-07-04 21:33:06.450\r\nProcessGuid: {ff3427f9-4892-6868-1305-000000001400}\r\nProcessId: 10204\r\nImage: C:\\Windows\\System32\\mshta.exe\r\nFileVersion: 11.00.26100.2454 (WinBuild.160101.0800)\r\nDescription: Microsoft (R) HTML Application host\r\nProduct: Internet Explorer\r\nCompany: Microsoft Corporation\r\nOriginalFileName: MSHTA.EXE\r\nCommandLine: mshta  vbscript:Execute(\"CreateObject(\"\"Wscript.Shell\"\").Run \"\"powershell -noexit -file C:\\AtomicRedTeam\\atomics\\T1218.005\\src\\powershell.ps1\"\":close\")\r\nCurrentDirectory: C:\\Users\\snell\\AppData\\Local\\Temp\\\r\nUser: SOCLAB\\snell\r\nLogonGuid: {ff3427f9-1e7f-6868-f045-0a0000000000}\r\nLogonId: 0xA45F0\r\nTerminalSessionId: 1\r\nIntegrityLevel: High\r\nHashes: SHA1=F5B4B0D669D8B81A280218C4FAD60B22047FA047,MD5=CB5971A176EF0CFD5FC77792E2000558,SHA256=1F1AABE87E5E93A8FFF769BF3614DD559C51C80FC045E11868F3843D9A004D1E,IMPHASH=71A59821E6458156CA7792C7A1D58E33\r\nParentProcessGuid: {ff3427f9-4892-6868-1105-000000001400}\r\nParentProcessId: 4804\r\nParentImage: C:\\Windows\\System32\\cmd.exe\r\nParentCommandLine: \"cmd.exe\" /c mshta vbscript:Execute(\"CreateObject(\"\"Wscript.Shell\"\").Run \"\"powershell -noexit -file C:\\AtomicRedTeam\\atomics\\T1218.005\\src\\powershell.ps1\"\":close\")\r\nParentUser: SOCLAB\\snell\"", "version": "5", "systemTime": "2025-07-04T21:33:06.4562260Z", "eventRecordID": "389071", "threadID": "3992", "computer": "Win11Client.soclab.internal", "task": "1", "processID": "3056", "severityValue": "INFORMATION", "providerName": "Microsoft-Windows-Sysmon"}}}, "rule": {"firedtimes": 16, "mail": false, "description": "Suspicious Windows cmd shell execution", "groups": ["sysmon", "sysmon_eid1_detections", "windows"], "mitre": {"technique": ["Account Discovery", "Windows Command Shell"], "id": ["T1087", "T1059.003"], "tactic": ["Discovery", "Execution"]}, "id": "92032"}, "location": "EventChannel", "decoder": {"name": "windows_eventchannel"}, "id": "1751665089.62693482", "timestamp": "2025-07-04T21:38:09.247+0000"}, "fields": {"timestamp": ["2025-07-04T21:38:09.247Z"]}, "sort": [1751665089247]}, "chatgpt_response": {"alert_id": "hxdg15cB1Hp-jZ7fJLF6", "classification": "TP", "priority": "Critical", "justification": "The alert indicates the execution of a suspicious command chain involving 'mshta' (Microsoft HTML Application Host) spawning a PowerShell script from an AtomicRedTeam test location (T1218.005). This matches known offensive techniques (T1059, T1218) and is flagged by a Sysmon rule for suspicious command shell execution. The presence of a non-standard script execution path, high integrity level, and association with red teaming activity strongly suggests a real security incident rather than a false alarm. The priority is set to Critical due to the potential for privilege escalation and code execution."}, "chatgpt_classification": "TP", "chatgpt_priority": "Critical", "chatgpt_justification": "The alert indicates the execution of a suspicious command chain involving 'mshta' (Microsoft HTML Application Host) spawning a PowerShell script from an AtomicRedTeam test location (T1218.005). This matches known offensive techniques (T1059, T1218) and is flagged by a Sysmon rule for suspicious command shell execution. The presence of a non-standard script execution path, high integrity level, and association with red teaming activity strongly suggests a real security incident rather than a false alarm. The priority is set to Critical due to the potential for privilege escalation and code execution.", "classification_match": true, "priority_match": false}
{"id": "Pxcu15cB1Hp-jZ7fM6_g", "description": "Evidence of new service creation found in registry under HKLM\\\\System\\\\CurrentControlSet\\\\Services\\\\PSEXESVC\\\\ImagePath binary is: %%SystemRoot%%\\\\PSEXESVC.exe", "label": "TP", "rule_level": 3, "rule_priority": "Low", "alert": {"_index": "wazuh-alerts-4.x-2025.07.04", "_id": "Pxcu15cB1Hp-jZ7fM6_g", "_score": null, "_source": {"input": {"type": "log"}, "agent": {"ip": "10.0.2.14", "name": "Win11Client", "id": "003"}, "manager": {"name": "wazuh-server"}, "data": {"win": {"eventdata": {"image": "C:\\\\WINDOWS\\\\system32\\\\services.exe", "targetObject": "HKLM\\\\System\\\\CurrentControlSet\\\\Services\\\\PSEXESVC\\\\ImagePath", "processGuid": "{ff3427f9-1e68-6868-0b00-000000001400}", "processId": "904", "utcTime": "2025-07-04 20:41:00.776", "details": "%%SystemRoot%%\\\\PSEXESVC.exe", "eventType": "SetValue", "user": "NT AUTHORITY\\\\SYSTEM"}, "system": {"eventID": "13", "keywords": "0x8000000000000000", "providerGuid": "{5770385f-c22a-43e0-bf4c-06f5698ffbd9}", "level": "4", "channel": "Microsoft-Windows-Sysmon/Operational", "opcode": "0", "message": "\"Registry value set:\r\nRuleName: -\r\nEventType: SetValue\r\nUtcTime: 2025-07-04 20:41:00.776\r\nProcessGuid: {ff3427f9-1e68-6868-0b00-000000001400}\r\nProcessId: 904\r\nImage: C:\\WINDOWS\\system32\\services.exe\r\nTargetObject: HKLM\\System\\CurrentControlSet\\Services\\PSEXESVC\\ImagePath\r\nDetails: %%SystemRoot%%\\PSEXESVC.exe\r\nUser: NT AUTHORITY\\SYSTEM\"", "version": "2", "systemTime": "2025-07-04T20:41:00.7793648Z", "eventRecordID": "153900", "threadID": "3992", "computer": "Win11Client.soclab.internal", "task": "13", "processID": "3056", "severityValue": "INFORMATION", "providerName": "Microsoft-Windows-Sysmon"}}}, "rule": {"firedtimes": 3, "mail": false, "description": "Evidence of new service creation found in registry under HKLM\\\\System\\\\CurrentControlSet\\\\Services\\\\PSEXESVC\\\\ImagePath binary is: %%SystemRoot%%\\\\PSEXESVC.exe", "groups": ["sysmon", "sysmon_eid13_detections", "windows"], "mitre": {"technique": ["Windows Service"], "id": ["T1543.003"], "tactic": ["Persistence", "Privilege Escalation"]}, "id": "92307"}, "location": "EventChannel", "decoder": {"name": "windows_eventchannel"}, "id": "1751661817.60375511", "timestamp": "2025-07-04T20:43:37.453+0000"}, "fields": {"timestamp": ["2025-07-04T20:43:37.453Z"]}, "sort": [1751661817453]}, "chatgpt_response": {"alert_id": "Pxcu15cB1Hp-jZ7fM6_g", "classification": "TP", "priority": "Critical", "justification": "The alert is triggered by Sysmon event ID 13 (Registry Value Set) for the key 'ImagePath' under the 'PSEXESVC' service. The new value points to '%%SystemRoot%%\\PSEXESVC.exe', which is a well-known backdoor and commonly associated with lateral movement and persistence via PowerShell execution service. This is a strong indicator of compromise and aligns with MITRE ATT&CK T1543.003 (Create or Modify System Process). Immediate investigation and response are warranted due to the high risk of system compromise and lateral movement."}, "chatgpt_classification": "TP", "chatgpt_priority": "Critical", "chatgpt_justification": "The alert is triggered by Sysmon event ID 13 (Registry Value Set) for the key 'ImagePath' under the 'PSEXESVC' service. The new value points to '%%SystemRoot%%\\PSEXESVC.exe', which is a well-known backdoor and commonly associated with lateral movement and persistence via PowerShell execution service. This is a strong indicator of compromise and aligns with MITRE ATT&CK T1543.003 (Create or Modify System Process). Immediate investigation and response are warranted due to the high risk of system compromise and lateral movement.", "classification_match": true, "priority_match": false}
{"id": "wKmu2pcBGfDWR0X_074N", "description": "Suspicious Windows cmd shell execution", "label": "TP", "rule_level": 3, "rule_priority": "Low", "alert": {"_index": "wazuh-alerts-4.x-2025.07.05", "_id": "wKmu2pcBGfDWR0X_074N", "_score": null, "_source": {"input": {"type": "log"}, "agent": {"ip": "10.0.2.14", "name": "Win11Client", "id": "003"}, "manager": {"name": "wazuh-server"}, "data": {"win": {"eventdata": {"originalFileName": "FINDSTR.EXE", "image": "C:\\\\Windows\\\\System32\\\\findstr.exe", "product": "Microsoft\u00ae Windows\u00ae Operating System", "parentProcessGuid": "{ff3427f9-2281-6869-9801-000000001500}", "description": "Find String (QGREP) Utility", "logonGuid": "{ff3427f9-2071-6869-6f2f-080000000000}", "parentCommandLine": "C:\\\\WINDOWS\\\\system32\\\\cmd.exe /c qwinsta /server:localhost | findstr \\\"Active Disc\\\"", "processGuid": "{ff3427f9-2281-6869-9a01-000000001500}", "logonId": "0x82f6f", "parentProcessId": "2484", "processId": "7812", "currentDirectory": "C:\\\\Users\\\\snell\\\\AppData\\\\Local\\\\Temp\\\\", "utcTime": "2025-07-05 13:02:57.663", "hashes": "SHA1=14188B880D4410EAF7168FB629FD6FB59BEA3DAC,MD5=E43DE137E75349CACF2760ABFC338340,SHA256=46BDB9125C43BD3F63C233A7B0D021B04E867C4D19B72DDBCF6E5F2A392014D3,IMPHASH=FAF6C2ABBD03B51B5852A294EAAFC7CE", "parentImage": "C:\\\\Windows\\\\System32\\\\cmd.exe", "ruleName": "technique_id=T1059,technique_name=Command-Line Interface", "company": "Microsoft Corporation", "commandLine": "findstr  \\\"Active Disc\\\"", "integrityLevel": "High", "fileVersion": "10.0.26100.1150 (WinBuild.160101.0800)", "user": "SOCLAB\\\\snell", "terminalSessionId": "1", "parentUser": "SOCLAB\\\\snell"}, "system": {"eventID": "1", "keywords": "0x8000000000000000", "providerGuid": "{5770385f-c22a-43e0-bf4c-06f5698ffbd9}", "level": "4", "channel": "Microsoft-Windows-Sysmon/Operational", "opcode": "0", "message": "\"Process Create:\r\nRuleName: technique_id=T1059,technique_name=Command-Line Interface\r\nUtcTime: 2025-07-05 13:02:57.663\r\nProcessGuid: {ff3427f9-2281-6869-9a01-000000001500}\r\nProcessId: 7812\r\nImage: C:\\Windows\\System32\\findstr.exe\r\nFileVersion: 10.0.26100.1150 (WinBuild.160101.0800)\r\nDescription: Find String (QGREP) Utility\r\nProduct: Microsoft\u00ae Windows\u00ae Operating System\r\nCompany: Microsoft Corporation\r\nOriginalFileName: FINDSTR.EXE\r\nCommandLine: findstr  \"Active Disc\"\r\nCurrentDirectory: C:\\Users\\snell\\AppData\\Local\\Temp\\\r\nUser: SOCLAB\\snell\r\nLogonGuid: {ff3427f9-2071-6869-6f2f-080000000000}\r\nLogonId: 0x82F6F\r\nTerminalSessionId: 1\r\nIntegrityLevel: High\r\nHashes: SHA1=14188B880D4410EAF7168FB629FD6FB59BEA3DAC,MD5=E43DE137E75349CACF2760ABFC338340,SHA256=46BDB9125C43BD3F63C233A7B0D021B04E867C4D19B72DDBCF6E5F2A392014D3,IMPHASH=FAF6C2ABBD03B51B5852A294EAAFC7CE\r\nParentProcessGuid: {ff3427f9-2281-6869-9801-000000001500}\r\nParentProcessId: 2484\r\nParentImage: C:\\Windows\\System32\\cmd.exe\r\nParentCommandLine: C:\\WINDOWS\\system32\\cmd.exe /c qwinsta /server:localhost | findstr \"Active Disc\"\r\nParentUser: SOCLAB\\snell\"", "version": "5", "systemTime": "2025-07-05T13:02:57.6724891Z", "eventRecordID": "395399", "threadID": "3628", "computer": "Win11Client.soclab.internal", "task": "1", "processID": "3068", "severityValue": "INFORMATION", "providerName": "Microsoft-Windows-Sysmon"}}}, "rule": {"firedtimes": 10, "mail": false, "description": "Suspicious Windows cmd shell execution", "groups": ["sysmon", "sysmon_eid1_detections", "windows"], "mitre": {"technique": ["Account Discovery", "Windows Command Shell"], "id": ["T1087", "T1059.003"], "tactic": ["Discovery", "Execution"]}, "id": "92032"}, "location": "EventChannel", "decoder": {"name": "windows_eventchannel"}, "id": "1751720578.2116001", "timestamp": "2025-07-05T13:02:58.711+0000"}, "fields": {"timestamp": ["2025-07-05T13:02:58.711Z"]}, "sort": [1751720578711]}, "chatgpt_response": {"alert_id": "wKmu2pcBGfDWR0X_074N", "classification": "TP", "priority": "Medium", "justification": "The alert is triggered by Sysmon on process creation for 'findstr.exe', which is a legitimate Windows utility but is being invoked via command line in a way that matches known techniques for command-line interface abuse (T1059.003, Account Discovery/T1087). The process has high integrity level, is spawned from 'cmd.exe', and the command used ('findstr "}, "chatgpt_classification": "TP", "chatgpt_priority": "Medium", "chatgpt_justification": "The alert is triggered by Sysmon on process creation for 'findstr.exe', which is a legitimate Windows utility but is being invoked via command line in a way that matches known techniques for command-line interface abuse (T1059.003, Account Discovery/T1087). The process has high integrity level, is spawned from 'cmd.exe', and the command used ('findstr ", "classification_match": true, "priority_match": false}
