{"id": "gkdTz5cBxOat6Tbb2l2u", "description": "Suspicious Windows cmd shell execution", "label": "FP", "rule_level": 3, "rule_priority": "Low", "alert": {"_index": "wazuh-alerts-4.x-2025.07.03", "_id": "gkdTz5cBxOat6Tbb2l2u", "_score": null, "_source": {"input": {"type": "log"}, "agent": {"ip": "10.0.2.12", "name": "WinSrv2019", "id": "004"}, "manager": {"name": "wazuh-server"}, "data": {"win": {"eventdata": {"originalFileName": "Cmd.Exe", "image": "C:\\\\Windows\\\\System32\\\\cmd.exe", "product": "Microsoft\u00ae Windows\u00ae Operating System", "parentProcessGuid": "{6a97c67b-3a47-6866-c300-000000000a00}", "description": "Windows Command Processor", "logonGuid": "{6a97c67b-3a07-6866-e703-000000000000}", "parentCommandLine": "C:\\\\Windows\\\\system32\\\\cmd.exe /d /c C:\\\\Windows\\\\system32\\\\silcollector.cmd configure", "processGuid": "{6a97c67b-3a47-6866-c500-000000000a00}", "logonId": "0x3e7", "parentProcessId": "3560", "processId": "3620", "currentDirectory": "C:\\\\Windows\\\\system32\\\\", "utcTime": "2025-07-03 08:07:35.579", "hashes": "SHA1=DED8FD7F36417F66EB6ADA10E0C0D7C0022986E9,MD5=911D039E71583A07320B32BDE22F8E22,SHA256=BC866CFCDDA37E24DC2634DC282C7A0E6F55209DA17A8FA105B07414C0E7C527,IMPHASH=272245E2988E1E430500B852C4FB5E18", "parentImage": "C:\\\\Windows\\\\System32\\\\cmd.exe", "ruleName": "technique_id=T1059,technique_name=Command-Line Interface", "company": "Microsoft Corporation", "commandLine": "C:\\\\Windows\\\\system32\\\\cmd.exe /c C:\\\\Windows\\\\system32\\\\reg.exe query hklm\\\\software\\\\microsoft\\\\windows\\\\softwareinventorylogging /v collectionstate /reg:64", "integrityLevel": "System", "fileVersion": "10.0.17763.1697 (WinBuild.160101.0800)", "user": "NT AUTHORITY\\\\SYSTEM", "terminalSessionId": "0", "parentUser": "NT AUTHORITY\\\\SYSTEM"}, "system": {"eventID": "1", "keywords": "0x8000000000000000", "providerGuid": "{5770385f-c22a-43e0-bf4c-06f5698ffbd9}", "level": "4", "channel": "Microsoft-Windows-Sysmon/Operational", "opcode": "0", "message": "\"Process Create:\r\nRuleName: technique_id=T1059,technique_name=Command-Line Interface\r\nUtcTime: 2025-07-03 08:07:35.579\r\nProcessGuid: {6a97c67b-3a47-6866-c500-000000000a00}\r\nProcessId: 3620\r\nImage: C:\\Windows\\System32\\cmd.exe\r\nFileVersion: 10.0.17763.1697 (WinBuild.160101.0800)\r\nDescription: Windows Command Processor\r\nProduct: Microsoft\u00ae Windows\u00ae Operating System\r\nCompany: Microsoft Corporation\r\nOriginalFileName: Cmd.Exe\r\nCommandLine: C:\\Windows\\system32\\cmd.exe /c C:\\Windows\\system32\\reg.exe query hklm\\software\\microsoft\\windows\\softwareinventorylogging /v collectionstate /reg:64\r\nCurrentDirectory: C:\\Windows\\system32\\\r\nUser: NT AUTHORITY\\SYSTEM\r\nLogonGuid: {6a97c67b-3a07-6866-e703-000000000000}\r\nLogonId: 0x3E7\r\nTerminalSessionId: 0\r\nIntegrityLevel: System\r\nHashes: SHA1=DED8FD7F36417F66EB6ADA10E0C0D7C0022986E9,MD5=911D039E71583A07320B32BDE22F8E22,SHA256=BC866CFCDDA37E24DC2634DC282C7A0E6F55209DA17A8FA105B07414C0E7C527,IMPHASH=272245E2988E1E430500B852C4FB5E18\r\nParentProcessGuid: {6a97c67b-3a47-6866-c300-000000000a00}\r\nParentProcessId: 3560\r\nParentImage: C:\\Windows\\System32\\cmd.exe\r\nParentCommandLine: C:\\Windows\\system32\\cmd.exe /d /c C:\\Windows\\system32\\silcollector.cmd configure\r\nParentUser: NT AUTHORITY\\SYSTEM\"", "version": "5", "systemTime": "2025-07-03T08:07:35.591992900Z", "eventRecordID": "4486", "threadID": "2768", "computer": "WinSrv2019.soclab.internal", "task": "1", "processID": "1824", "severityValue": "INFORMATION", "providerName": "Microsoft-Windows-Sysmon"}}}, "rule": {"firedtimes": 2, "mail": false, "description": "Suspicious Windows cmd shell execution", "groups": ["sysmon", "sysmon_eid1_detections", "windows"], "mitre": {"technique": ["Account Discovery", "Windows Command Shell"], "id": ["T1087", "T1059.003"], "tactic": ["Discovery", "Execution"]}, "id": "92032"}, "location": "EventChannel", "decoder": {"name": "windows_eventchannel"}, "id": "1751530060.245972", "timestamp": "2025-07-03T08:07:40.259+0000"}, "fields": {"timestamp": ["2025-07-03T08:07:40.259Z"]}, "sort": [1751530060259]}, "chatgpt_response": {"alert_id": "gkdTz5cBxOat6Tbb2l2u", "classification": "TP", "priority": "High", "justification": "The alert indicates a 'Suspicious Windows cmd shell execution' detected by Sysmon (event ID 1), matching MITRE ATT&CK techniques T1059.003 (Command and Scripting Interpreter: Windows Command Shell) and T1087 (Account Discovery). The process is executed by SYSTEM, involves command-line interaction with registry, and hashes are provided for investigation. This behavior is commonly associated with lateral movement or persistence activities. Given the high privilege level and suspicious command line activity, the alert should be classified as a True Positive with High priority for immediate investigation."}, "chatgpt_classification": "TP", "chatgpt_priority": "High", "chatgpt_justification": "The alert indicates a 'Suspicious Windows cmd shell execution' detected by Sysmon (event ID 1), matching MITRE ATT&CK techniques T1059.003 (Command and Scripting Interpreter: Windows Command Shell) and T1087 (Account Discovery). The process is executed by SYSTEM, involves command-line interaction with registry, and hashes are provided for investigation. This behavior is commonly associated with lateral movement or persistence activities. Given the high privilege level and suspicious command line activity, the alert should be classified as a True Positive with High priority for immediate investigation.", "classification_match": false, "priority_match": false}
{"id": "LRcu15cB1Hp-jZ7fEK-x", "description": "Value added to registry key has Base64-like pattern", "label": "TP", "rule_level": 10, "rule_priority": "Medium", "alert": {"_index": "wazuh-alerts-4.x-2025.07.04", "_id": "LRcu15cB1Hp-jZ7fEK-x", "_score": null, "_source": {"input": {"type": "log"}, "agent": {"ip": "10.0.2.14", "name": "Win11Client", "id": "003"}, "manager": {"name": "wazuh-server"}, "data": {"win": {"eventdata": {"originalFileName": "reg.exe", "image": "C:\\\\Windows\\\\System32\\\\reg.exe", "product": "Microsoft\u00ae Windows\u00ae Operating System", "parentProcessGuid": "{ff3427f9-3c4d-6868-d403-000000001400}", "description": "Registry Console Tool", "logonGuid": "{ff3427f9-1e7f-6868-f045-0a0000000000}", "parentCommandLine": "\\\"powershell.exe\\\" &amp; {cmd.exe /c \\\\\\\"\\\"wmic \\tcsproduct \\tget UUID\\\\\\\"\\\"  cmd.exe /c \\\\\\\"\\\"fsutil behavior \\tset SymlinkEvaluation R2L:1\\\\\\\"\\\"  cmd.exe /c \\\\\\\"\\\"fsutil behavior set \\tSymlinkEvaluation R2R:1\\\\\\\"\\\" reg    add    HKEY_LOCAL_MACHINE\\\\SYSTEM\\\\CurrentControlSet\\\\Services\\\\LanmanServer\\\\Parameters    /v MaxMpxCt /d 65535 /t REG_DWORD /f       copy \\\\\\\"\\\"C:\\\\AtomicRedTeam\\\\atomics\\\\..\\\\ExternalPayloads\\\\PsExec.exe\\\\\\\"\\\" $env:temp cmd.exe /c \\\\\\\"\\\"$env:temp\\\\psexec.exe  -accepteula  \\\\\\\\$ENV:COMPUTERNAME cmd.exe  /c echo \\\\\\\"\\\"--access-token\\\\\\\"\\\"\\\\\\\"\\\"}", "processGuid": "{ff3427f9-3c4e-6868-db03-000000001400}", "logonId": "0xa45f0", "parentProcessId": "7260", "processId": "3396", "currentDirectory": "C:\\\\Users\\\\snell\\\\AppData\\\\Local\\\\Temp\\\\", "utcTime": "2025-07-04 20:40:46.584", "hashes": "SHA1=0B0C075EAEA780D3A1649169D3B7D9AB698AEA03,MD5=47FC2471604EB7D760938BF31456B12D,SHA256=321590E79C53AA24B197F08A21A0329E5AB9F212B2BD748AF09A7BE6F838F585,IMPHASH=3B322244D4C64F3C932F94E6E3457771", "parentImage": "C:\\\\Windows\\\\System32\\\\WindowsPowerShell\\\\v1.0\\\\powershell.exe", "ruleName": "technique_id=T1112,technique_name=Modify Registry", "company": "Microsoft Corporation", "commandLine": "\\\"C:\\\\WINDOWS\\\\system32\\\\reg.exe\\\" add HKEY_LOCAL_MACHINE\\\\SYSTEM\\\\CurrentControlSet\\\\Services\\\\LanmanServer\\\\Parameters /v MaxMpxCt /d 65535 /t REG_DWORD /f", "integrityLevel": "High", "fileVersion": "10.0.26100.1882 (WinBuild.160101.0800)", "user": "SOCLAB\\\\snell", "terminalSessionId": "1", "parentUser": "SOCLAB\\\\snell"}, "system": {"eventID": "1", "keywords": "0x8000000000000000", "providerGuid": "{5770385f-c22a-43e0-bf4c-06f5698ffbd9}", "level": "4", "channel": "Microsoft-Windows-Sysmon/Operational", "opcode": "0", "message": "\"Process Create:\r\nRuleName: technique_id=T1112,technique_name=Modify Registry\r\nUtcTime: 2025-07-04 20:40:46.584\r\nProcessGuid: {ff3427f9-3c4e-6868-db03-000000001400}\r\nProcessId: 3396\r\nImage: C:\\Windows\\System32\\reg.exe\r\nFileVersion: 10.0.26100.1882 (WinBuild.160101.0800)\r\nDescription: Registry Console Tool\r\nProduct: Microsoft\u00ae Windows\u00ae Operating System\r\nCompany: Microsoft Corporation\r\nOriginalFileName: reg.exe\r\nCommandLine: \"C:\\WINDOWS\\system32\\reg.exe\" add HKEY_LOCAL_MACHINE\\SYSTEM\\CurrentControlSet\\Services\\LanmanServer\\Parameters /v MaxMpxCt /d 65535 /t REG_DWORD /f\r\nCurrentDirectory: C:\\Users\\snell\\AppData\\Local\\Temp\\\r\nUser: SOCLAB\\snell\r\nLogonGuid: {ff3427f9-1e7f-6868-f045-0a0000000000}\r\nLogonId: 0xA45F0\r\nTerminalSessionId: 1\r\nIntegrityLevel: High\r\nHashes: SHA1=0B0C075EAEA780D3A1649169D3B7D9AB698AEA03,MD5=47FC2471604EB7D760938BF31456B12D,SHA256=321590E79C53AA24B197F08A21A0329E5AB9F212B2BD748AF09A7BE6F838F585,IMPHASH=3B322244D4C64F3C932F94E6E3457771\r\nParentProcessGuid: {ff3427f9-3c4d-6868-d403-000000001400}\r\nParentProcessId: 7260\r\nParentImage: C:\\Windows\\System32\\WindowsPowerShell\\v1.0\\powershell.exe\r\nParentCommandLine: \"powershell.exe\" & {cmd.exe /c \\\"\"wmic \tcsproduct \tget UUID\\\"\" \ncmd.exe /c \\\"\"fsutil behavior \tset SymlinkEvaluation R2L:1\\\"\" \ncmd.exe /c \\\"\"fsutil behavior set \tSymlinkEvaluation R2R:1\\\"\"\nreg    add    HKEY_LOCAL_MACHINE\\SYSTEM\\CurrentControlSet\\Services\\LanmanServer\\Parameters    /v MaxMpxCt /d 65535 /t REG_DWORD /f      \ncopy \\\"\"C:\\AtomicRedTeam\\atomics\\..\\ExternalPayloads\\PsExec.exe\\\"\" $env:temp\ncmd.exe /c \\\"\"$env:temp\\psexec.exe  -accepteula  \\\\$ENV:COMPUTERNAME cmd.exe  /c echo \\\"\"--access-token\\\"\"\\\"\"}\r\nParentUser: SOCLAB\\snell\"", "version": "5", "systemTime": "2025-07-04T20:40:46.5895699Z", "eventRecordID": "153807", "threadID": "3992", "computer": "Win11Client.soclab.internal", "task": "1", "processID": "3056", "severityValue": "INFORMATION", "providerName": "Microsoft-Windows-Sysmon"}}}, "rule": {"firedtimes": 2, "mail": false, "description": "Value added to registry key has Base64-like pattern", "groups": ["sysmon", "sysmon_eid1_detections", "windows"], "mitre": {"technique": ["Obfuscated Files or Information", "Modify Registry"], "id": ["T1027", "T1112"], "tactic": ["Defense Evasion"]}, "id": "92041"}, "location": "EventChannel", "decoder": {"name": "windows_eventchannel"}, "id": "1751661808.60271475", "timestamp": "2025-07-04T20:43:28.076+0000"}, "fields": {"timestamp": ["2025-07-04T20:43:28.076Z"]}, "sort": [1751661808076]}, "chatgpt_response": {"alert_id": "LRcu15cB1Hp-jZ7fEK-x", "classification": "TP", "priority": "Critical", "justification": "The alert is generated by Sysmon and triggered by the rule 'Value added to registry key has Base64-like pattern', which is mapped to MITRE ATT&CK techniques T1027 (Obfuscated Files or Information) and T1112 (Modify Registry), both associated with Defense Evasion. The process 'reg.exe' (Registry Console Tool) is being used to add a value to a registry key, which is a common technique for persistence and privilege escalation. The command line and process details indicate suspicious activity consistent with lateral movement or compromise attempts. The presence of 'PsExec.exe' in the parent command line suggests an attempt at remote execution, a highly critical action. Therefore, this alert should be classified as a True Positive with Critical priority."}, "chatgpt_classification": "TP", "chatgpt_priority": "Critical", "chatgpt_justification": "The alert is generated by Sysmon and triggered by the rule 'Value added to registry key has Base64-like pattern', which is mapped to MITRE ATT&CK techniques T1027 (Obfuscated Files or Information) and T1112 (Modify Registry), both associated with Defense Evasion. The process 'reg.exe' (Registry Console Tool) is being used to add a value to a registry key, which is a common technique for persistence and privilege escalation. The command line and process details indicate suspicious activity consistent with lateral movement or compromise attempts. The presence of 'PsExec.exe' in the parent command line suggests an attempt at remote execution, a highly critical action. Therefore, this alert should be classified as a True Positive with Critical priority.", "classification_match": true, "priority_match": false}
{"id": "LUfzz5cBxOat6TbbMWek", "description": "Process loaded taskschd.dll module. May be used to create delayed malware execution", "label": "FP", "rule_level": 4, "rule_priority": "Low", "alert": {"_index": "wazuh-alerts-4.x-2025.07.03", "_id": "LUfzz5cBxOat6TbbMWek", "_version": 1, "_score": null, "_source": {"input": {"type": "log"}, "agent": {"ip": "10.0.2.14", "name": "Win11Client", "id": "003"}, "manager": {"name": "wazuh-server"}, "data": {"win": {"eventdata": {"originalFileName": "taskschd.dll", "image": "C:\\\\Windows\\\\System32\\\\sppsvc.exe", "product": "Microsoft\u00ae Windows\u00ae Operating System", "signature": "Microsoft Windows", "imageLoaded": "C:\\\\Windows\\\\System32\\\\taskschd.dll", "description": "Task Scheduler COM API", "signed": "true", "signatureStatus": "Valid", "processGuid": "{ff3427f9-62fb-6866-cd02-000000001200}", "processId": "6964", "utcTime": "2025-07-03 11:01:48.302", "hashes": "SHA1=A4B08104B05CBD92D218FF4B9D920631A309405A,MD5=FBBE5FDD089674EECBCE5F95C2D8CB31,SHA256=472971A0163D10867DE865FC0B39282753A760FB78218BE3345EDA253A7302DD,IMPHASH=E61FD409CB21E6A6EBA2AFE59848CFC8", "ruleName": "technique_id=T1053,technique_name=Scheduled Task", "company": "Microsoft Corporation", "fileVersion": "10.0.26100.3323 (WinBuild.160101.0800)", "user": "NT AUTHORITY\\\\NETWORK SERVICE"}, "system": {"eventID": "7", "keywords": "0x8000000000000000", "providerGuid": "{5770385f-c22a-43e0-bf4c-06f5698ffbd9}", "level": "4", "channel": "Microsoft-Windows-Sysmon/Operational", "opcode": "0", "message": "\"Image loaded:\r\nRuleName: technique_id=T1053,technique_name=Scheduled Task\r\nUtcTime: 2025-07-03 11:01:48.302\r\nProcessGuid: {ff3427f9-62fb-6866-cd02-000000001200}\r\nProcessId: 6964\r\nImage: C:\\Windows\\System32\\sppsvc.exe\r\nImageLoaded: C:\\Windows\\System32\\taskschd.dll\r\nFileVersion: 10.0.26100.3323 (WinBuild.160101.0800)\r\nDescription: Task Scheduler COM API\r\nProduct: Microsoft\u00ae Windows\u00ae Operating System\r\nCompany: Microsoft Corporation\r\nOriginalFileName: taskschd.dll\r\nHashes: SHA1=A4B08104B05CBD92D218FF4B9D920631A309405A,MD5=FBBE5FDD089674EECBCE5F95C2D8CB31,SHA256=472971A0163D10867DE865FC0B39282753A760FB78218BE3345EDA253A7302DD,IMPHASH=E61FD409CB21E6A6EBA2AFE59848CFC8\r\nSigned: true\r\nSignature: Microsoft Windows\r\nSignatureStatus: Valid\r\nUser: NT AUTHORITY\\NETWORK SERVICE\"", "version": "3", "systemTime": "2025-07-03T11:01:48.3058585Z", "eventRecordID": "127671", "threadID": "4448", "computer": "Win11Client.soclab.internal", "task": "7", "processID": "3744", "severityValue": "INFORMATION", "providerName": "Microsoft-Windows-Sysmon"}}}, "rule": {"firedtimes": 3, "mail": false, "description": "Process loaded taskschd.dll module. May be used to create delayed malware execution", "groups": ["sysmon", "sysmon_eid7_detections", "windows"], "mitre": {"technique": ["Scheduled Task"], "id": ["T1053.005"], "tactic": ["Execution", "Persistence", "Privilege Escalation"]}, "id": "92154"}, "location": "EventChannel", "decoder": {"name": "windows_eventchannel"}, "id": "1751540506.14068692", "timestamp": "2025-07-03T11:01:46.947+0000"}, "fields": {"timestamp": ["2025-07-03T11:01:46.947Z"]}, "sort": [1751540506947]}, "chatgpt_response": {"alert_id": "LUfzz5cBxOat6TbbMWek", "classification": "TP", "priority": "High", "justification": "The alert indicates that the process 'sppsvc.exe' (a legitimate Windows process) loaded the 'taskschd.dll' module, which is commonly associated with Task Scheduler and is often abused by adversaries for scheduled task persistence (technique T1053.005). The event includes detailed hash information, valid signature, and is flagged by a Sysmon rule designed to detect suspicious use of scheduled tasks. Unless there is known legitimate business justification for this activity in this context, this should be treated as a potential true positive requiring investigation, especially given the association with persistence and the high risk if abused. Priority is set to High due to the potential for malware persistence and privilege escalation."}, "chatgpt_classification": "TP", "chatgpt_priority": "High", "chatgpt_justification": "The alert indicates that the process 'sppsvc.exe' (a legitimate Windows process) loaded the 'taskschd.dll' module, which is commonly associated with Task Scheduler and is often abused by adversaries for scheduled task persistence (technique T1053.005). The event includes detailed hash information, valid signature, and is flagged by a Sysmon rule designed to detect suspicious use of scheduled tasks. Unless there is known legitimate business justification for this activity in this context, this should be treated as a potential true positive requiring investigation, especially given the association with persistence and the high risk if abused. Priority is set to High due to the potential for malware persistence and privilege escalation.", "classification_match": false, "priority_match": false}
{"id": "tl6e65cBARIQcDqlr2sh", "description": "Evidence of new service creation found in registry under HKLM\\\\System\\\\CurrentControlSet\\\\Services\\\\tmca\\\\ImagePath binary is: %%systemroot%%\\\\VInRVbCa.exe", "label": "TP", "rule_level": 3, "rule_priority": "Low", "alert": {"_index": "wazuh-alerts-4.x-2025.07.08", "_id": "tl6e65cBARIQcDqlr2sh", "_score": null, "_source": {"input": {"type": "log"}, "agent": {"ip": "10.0.2.12", "name": "WinSrv2019", "id": "004"}, "manager": {"name": "wazuh-server"}, "data": {"win": {"eventdata": {"image": "C:\\\\Windows\\\\system32\\\\services.exe", "targetObject": "HKLM\\\\System\\\\CurrentControlSet\\\\Services\\\\tmca\\\\ImagePath", "processGuid": "{6a97c67b-772a-686d-0b00-000000000e00}", "processId": "596", "utcTime": "2025-07-08 19:58:50.328", "details": "%%systemroot%%\\\\VInRVbCa.exe", "eventType": "SetValue", "user": "NT AUTHORITY\\\\SYSTEM"}, "system": {"eventID": "13", "keywords": "0x8000000000000000", "providerGuid": "{5770385f-c22a-43e0-bf4c-06f5698ffbd9}", "level": "4", "channel": "Microsoft-Windows-Sysmon/Operational", "opcode": "0", "message": "\"Registry value set:\r\nRuleName: -\r\nEventType: SetValue\r\nUtcTime: 2025-07-08 19:58:50.328\r\nProcessGuid: {6a97c67b-772a-686d-0b00-000000000e00}\r\nProcessId: 596\r\nImage: C:\\Windows\\system32\\services.exe\r\nTargetObject: HKLM\\System\\CurrentControlSet\\Services\\tmca\\ImagePath\r\nDetails: %%systemroot%%\\VInRVbCa.exe\r\nUser: NT AUTHORITY\\SYSTEM\"", "version": "2", "systemTime": "2025-07-08T19:58:50.344113900Z", "eventRecordID": "25682", "threadID": "2668", "computer": "WinSrv2019.soclab.internal", "task": "13", "processID": "1164", "severityValue": "INFORMATION", "providerName": "Microsoft-Windows-Sysmon"}}}, "rule": {"firedtimes": 2, "mail": false, "description": "Evidence of new service creation found in registry under HKLM\\\\System\\\\CurrentControlSet\\\\Services\\\\tmca\\\\ImagePath binary is: %%systemroot%%\\\\VInRVbCa.exe", "groups": ["sysmon", "sysmon_eid13_detections", "windows"], "mitre": {"technique": ["Windows Service"], "id": ["T1543.003"], "tactic": ["Persistence", "Privilege Escalation"]}, "id": "92307"}, "location": "EventChannel", "decoder": {"name": "windows_eventchannel"}, "id": "1752004728.4939286", "timestamp": "2025-07-08T19:58:48.288+0000"}, "fields": {"timestamp": ["2025-07-08T19:58:48.288Z"]}, "sort": [1752004728288]}, "chatgpt_response": {"alert_id": "tl6e65cBARIQcDqlr2sh", "classification": "TP", "priority": "High", "justification": "This alert indicates a registry value set event under HKLM\\System\\CurrentControlSet\\Services\\tmca\\ImagePath, where the binary value is set to '%%systemroot%%\\VInRVbCa.exe'. This is a common persistence and privilege escalation technique (MITRE T1543.003: Windows Service), often associated with malware or unauthorized service creation. The event is triggered by Sysmon and has a high likelihood of being a true positive, especially if 'VInRVbCa.exe' is not a known legitimate service. Immediate investigation is warranted due to the potential for system compromise and persistence."}, "chatgpt_classification": "TP", "chatgpt_priority": "High", "chatgpt_justification": "This alert indicates a registry value set event under HKLM\\System\\CurrentControlSet\\Services\\tmca\\ImagePath, where the binary value is set to '%%systemroot%%\\VInRVbCa.exe'. This is a common persistence and privilege escalation technique (MITRE T1543.003: Windows Service), often associated with malware or unauthorized service creation. The event is triggered by Sysmon and has a high likelihood of being a true positive, especially if 'VInRVbCa.exe' is not a known legitimate service. Immediate investigation is warranted due to the potential for system compromise and persistence.", "classification_match": true, "priority_match": false}
{"id": "ORds15cB1Hp-jZ7fM7OR", "description": "Suspicious Windows cmd shell execution", "label": "TP", "rule_level": 3, "rule_priority": "Low", "alert": {"_index": "wazuh-alerts-4.x-2025.07.04", "_id": "ORds15cB1Hp-jZ7fM7OR", "_score": null, "_source": {"input": {"type": "log"}, "agent": {"ip": "10.0.2.14", "name": "Win11Client", "id": "003"}, "manager": {"name": "wazuh-server"}, "data": {"win": {"eventdata": {"originalFileName": "PSCP", "image": "C:\\\\AtomicRedTeam\\\\ExternalPayloads\\\\pscp.exe", "product": "PuTTY suite", "parentProcessGuid": "{ff3427f9-4cd1-6868-5006-000000001400}", "description": "Command-line SCP/SFTP client", "logonGuid": "{ff3427f9-1e7f-6868-f045-0a0000000000}", "parentCommandLine": "\\\"cmd.exe\\\" /c fsutil file createnew C:\\\\Temp\\\\T1105_scp.zip 1048576 &amp; echo y | C:\\\\AtomicRedTeam\\\\atomics\\\\..\\\\ExternalPayloads\\\\pscp.exe -P 22 -pw atomic C:\\\\Temp\\\\T1105_scp.zip atomic@127.0.0.1:T1105_scp.zip", "processGuid": "{ff3427f9-4cd2-6868-5406-000000001400}", "logonId": "0xa45f0", "parentProcessId": "3404", "processId": "4912", "currentDirectory": "C:\\\\Users\\\\snell\\\\AppData\\\\Local\\\\Temp\\\\", "utcTime": "2025-07-04 21:51:14.480", "hashes": "SHA1=5BBAE525DA8F721E0BB525226D5463D594CC6187,MD5=B76478C1A7CFD6E8DD82B4BEC2C9B668,SHA256=5AA48B142333BC7D097AED9A75284BD66B325C26558C8B9B6F37C276F3A5173A,IMPHASH=2247B91E1D45B84EB01026F0A6E3319D", "parentImage": "C:\\\\Windows\\\\System32\\\\cmd.exe", "ruleName": "technique_id=T1059,technique_name=Command-Line Interface", "company": "Simon Tatham", "commandLine": "C:\\\\AtomicRedTeam\\\\atomics\\\\..\\\\ExternalPayloads\\\\pscp.exe  -P 22 -pw atomic C:\\\\Temp\\\\T1105_scp.zip atomic@127.0.0.1:T1105_scp.zip", "integrityLevel": "High", "fileVersion": "Release 0.83", "user": "SOCLAB\\\\snell", "terminalSessionId": "1", "parentUser": "SOCLAB\\\\snell"}, "system": {"eventID": "1", "keywords": "0x8000000000000000", "providerGuid": "{5770385f-c22a-43e0-bf4c-06f5698ffbd9}", "level": "4", "channel": "Microsoft-Windows-Sysmon/Operational", "opcode": "0", "message": "\"Process Create:\r\nRuleName: technique_id=T1059,technique_name=Command-Line Interface\r\nUtcTime: 2025-07-04 21:51:14.480\r\nProcessGuid: {ff3427f9-4cd2-6868-5406-000000001400}\r\nProcessId: 4912\r\nImage: C:\\AtomicRedTeam\\ExternalPayloads\\pscp.exe\r\nFileVersion: Release 0.83\r\nDescription: Command-line SCP/SFTP client\r\nProduct: PuTTY suite\r\nCompany: Simon Tatham\r\nOriginalFileName: PSCP\r\nCommandLine: C:\\AtomicRedTeam\\atomics\\..\\ExternalPayloads\\pscp.exe  -P 22 -pw atomic C:\\Temp\\T1105_scp.zip atomic@127.0.0.1:T1105_scp.zip\r\nCurrentDirectory: C:\\Users\\snell\\AppData\\Local\\Temp\\\r\nUser: SOCLAB\\snell\r\nLogonGuid: {ff3427f9-1e7f-6868-f045-0a0000000000}\r\nLogonId: 0xA45F0\r\nTerminalSessionId: 1\r\nIntegrityLevel: High\r\nHashes: SHA1=5BBAE525DA8F721E0BB525226D5463D594CC6187,MD5=B76478C1A7CFD6E8DD82B4BEC2C9B668,SHA256=5AA48B142333BC7D097AED9A75284BD66B325C26558C8B9B6F37C276F3A5173A,IMPHASH=2247B91E1D45B84EB01026F0A6E3319D\r\nParentProcessGuid: {ff3427f9-4cd1-6868-5006-000000001400}\r\nParentProcessId: 3404\r\nParentImage: C:\\Windows\\System32\\cmd.exe\r\nParentCommandLine: \"cmd.exe\" /c fsutil file createnew C:\\Temp\\T1105_scp.zip 1048576 & echo y | C:\\AtomicRedTeam\\atomics\\..\\ExternalPayloads\\pscp.exe -P 22 -pw atomic C:\\Temp\\T1105_scp.zip atomic@127.0.0.1:T1105_scp.zip\r\nParentUser: SOCLAB\\snell\"", "version": "5", "systemTime": "2025-07-04T21:51:14.4932933Z", "eventRecordID": "392025", "threadID": "3992", "computer": "Win11Client.soclab.internal", "task": "1", "processID": "3056", "severityValue": "INFORMATION", "providerName": "Microsoft-Windows-Sysmon"}}}, "rule": {"firedtimes": 46, "mail": false, "description": "Suspicious Windows cmd shell execution", "groups": ["sysmon", "sysmon_eid1_detections", "windows"], "mitre": {"technique": ["Account Discovery", "Windows Command Shell"], "id": ["T1087", "T1059.003"], "tactic": ["Discovery", "Execution"]}, "id": "92032"}, "location": "EventChannel", "decoder": {"name": "windows_eventchannel"}, "id": "1751665879.64514263", "timestamp": "2025-07-04T21:51:19.320+0000"}, "fields": {"timestamp": ["2025-07-04T21:51:19.320Z"]}, "sort": [1751665879320]}, "chatgpt_response": {"alert_id": "ORds15cB1Hp-jZ7fM7OR", "classification": "TP", "priority": "High", "justification": "The alert was triggered by Sysmon event ID 1 (Process Creation) for the execution of 'pscp.exe', a known tool used for file transfer which can be leveraged for lateral movement or data exfiltration. The command line arguments indicate usage of credentials and an external host, which is suspicious activity aligned with MITRE ATT&CK techniques T1059 (Command-Line Interface) and T1087 (Account Discovery). The integrity level is High, and the process is executed from a temporary directory, which is often used by attackers. This is a strong indicator of a live attack technique and should be treated as a High priority True Positive."}, "chatgpt_classification": "TP", "chatgpt_priority": "High", "chatgpt_justification": "The alert was triggered by Sysmon event ID 1 (Process Creation) for the execution of 'pscp.exe', a known tool used for file transfer which can be leveraged for lateral movement or data exfiltration. The command line arguments indicate usage of credentials and an external host, which is suspicious activity aligned with MITRE ATT&CK techniques T1059 (Command-Line Interface) and T1087 (Account Discovery). The integrity level is High, and the process is executed from a temporary directory, which is often used by attackers. This is a strong indicator of a live attack technique and should be treated as a High priority True Positive.", "classification_match": true, "priority_match": false}
{"id": "Twrz35cBiGYaRV9XnrLX", "description": "Possible DLL search order hijack by C:\\\\Windows\\\\SoftwareDistribution\\\\Download\\\\d334d481a47cb98edae87007427d1718\\\\Metadata\\\\WinREAgent.dll created in Windows root folder", "label": "FP", "rule_level": 6, "rule_priority": "Low", "alert": {"_index": "wazuh-alerts-4.x-2025.07.06", "_id": "Twrz35cBiGYaRV9XnrLX", "_score": null, "_source": {"input": {"type": "log"}, "agent": {"ip": "10.0.2.14", "name": "Win11Client", "id": "003"}, "manager": {"name": "wazuh-server"}, "data": {"win": {"eventdata": {"image": "C:\\\\WINDOWS\\\\System32\\\\svchost.exe", "processGuid": "{ff3427f9-51d7-686a-1400-000000001600}", "processId": "1184", "utcTime": "2025-07-06 13:36:11.518", "targetFilename": "C:\\\\Windows\\\\SoftwareDistribution\\\\Download\\\\d334d481a47cb98edae87007427d1718\\\\Metadata\\\\WinREAgent.dll", "ruleName": "technique_id=T1047,technique_name=File System Permissions Weakness", "creationUtcTime": "2025-06-10 18:03:18.000", "user": "NT AUTHORITY\\\\SYSTEM"}, "system": {"eventID": "11", "keywords": "0x8000000000000000", "providerGuid": "{5770385f-c22a-43e0-bf4c-06f5698ffbd9}", "level": "4", "channel": "Microsoft-Windows-Sysmon/Operational", "opcode": "0", "message": "\"File created:\r\nRuleName: technique_id=T1047,technique_name=File System Permissions Weakness\r\nUtcTime: 2025-07-06 13:36:11.518\r\nProcessGuid: {ff3427f9-51d7-686a-1400-000000001600}\r\nProcessId: 1184\r\nImage: C:\\WINDOWS\\System32\\svchost.exe\r\nTargetFilename: C:\\Windows\\SoftwareDistribution\\Download\\d334d481a47cb98edae87007427d1718\\Metadata\\WinREAgent.dll\r\nCreationUtcTime: 2025-06-10 18:03:18.000\r\nUser: NT AUTHORITY\\SYSTEM\"", "version": "2", "systemTime": "2025-07-06T13:36:11.5190909Z", "eventRecordID": "874325", "threadID": "3716", "computer": "Win11Client.soclab.internal", "task": "11", "processID": "3024", "severityValue": "INFORMATION", "providerName": "Microsoft-Windows-Sysmon"}}}, "rule": {"firedtimes": 9, "mail": false, "description": "Possible DLL search order hijack by C:\\\\Windows\\\\SoftwareDistribution\\\\Download\\\\d334d481a47cb98edae87007427d1718\\\\Metadata\\\\WinREAgent.dll created in Windows root folder", "groups": ["sysmon", "sysmon_eid11_detections", "windows"], "mitre": {"technique": ["DLL Search Order Hijacking", "DLL Side-Loading"], "id": ["T1574.001", "T1574.002"], "tactic": ["Persistence", "Privilege Escalation", "Defense Evasion"]}, "id": "92219"}, "location": "EventChannel", "decoder": {"name": "windows_eventchannel"}, "id": "1751808972.24201010", "timestamp": "2025-07-06T13:36:12.112+0000"}, "fields": {"timestamp": ["2025-07-06T13:36:12.112Z"]}, "sort": [1751808972112]}, "chatgpt_response": {"alert_id": "Twrz35cBiGYaRV9XnrLX", "classification": "TP", "priority": "High", "justification": "This alert is triggered by Sysmon event ID 11 (file creation) in a sensitive location (Windows root folder) for a DLL ('WinREAgent.dll') that appears suspicious and is flagged by a rule associated with 'DLL Search Order Hijacking' and 'DLL Side-Loading' (MITRE T1574.001/002). This technique is commonly used for persistence and privilege escalation. The file was created by svchost.exe (a common process for system services), but execution by SYSTEM and placement in a critical directory (SoftwareDistribution) is suspicious. Unless there is a known, legitimate process that creates such files in this context, this should be treated as a potential compromise or at least an actionable security incident. Therefore, it is classified as a True Positive (TP) with High priority due to the risk associated with DLL hijacking and the potential for attacker persistence or escalation."}, "chatgpt_classification": "TP", "chatgpt_priority": "High", "chatgpt_justification": "This alert is triggered by Sysmon event ID 11 (file creation) in a sensitive location (Windows root folder) for a DLL ('WinREAgent.dll') that appears suspicious and is flagged by a rule associated with 'DLL Search Order Hijacking' and 'DLL Side-Loading' (MITRE T1574.001/002). This technique is commonly used for persistence and privilege escalation. The file was created by svchost.exe (a common process for system services), but execution by SYSTEM and placement in a critical directory (SoftwareDistribution) is suspicious. Unless there is a known, legitimate process that creates such files in this context, this should be treated as a potential compromise or at least an actionable security incident. Therefore, it is classified as a True Positive (TP) with High priority due to the risk associated with DLL hijacking and the potential for attacker persistence or escalation.", "classification_match": false, "priority_match": false}
{"id": "qamt2pcBGfDWR0X_U76C", "description": "Windows command prompt started by an abnormal process", "label": "TP", "rule_level": 4, "rule_priority": "Low", "alert": {"_index": "wazuh-alerts-4.x-2025.07.05", "_id": "qamt2pcBGfDWR0X_U76C", "_score": null, "_source": {"input": {"type": "log"}, "agent": {"ip": "10.0.2.14", "name": "Win11Client", "id": "003"}, "manager": {"name": "wazuh-server"}, "data": {"win": {"eventdata": {"originalFileName": "Cmd.Exe", "image": "C:\\\\Windows\\\\System32\\\\cmd.exe", "product": "Microsoft\u00ae Windows\u00ae Operating System", "parentProcessGuid": "{ff3427f9-20c8-6869-f800-000000001500}", "description": "Windows Command Processor", "logonGuid": "{ff3427f9-2071-6869-6f2f-080000000000}", "parentCommandLine": "\\\"C:\\\\Windows\\\\System32\\\\WindowsPowerShell\\\\v1.0\\\\powershell.exe\\\"", "processGuid": "{ff3427f9-221e-6869-8301-000000001500}", "logonId": "0x82f6f", "parentProcessId": "2440", "processId": "8424", "currentDirectory": "C:\\\\Users\\\\snell\\\\AppData\\\\Local\\\\Temp\\\\", "utcTime": "2025-07-05 13:01:18.692", "hashes": "SHA1=09C438B2B740E73B9BCBA70AF4B8CC10A31B4EEE,MD5=59A3F41DD84517FCF809BD65FFF5E721,SHA256=AE4943E5F3F763688E10601F090B4CAE3CE19F0B427007884B40D27D7FB9274D,IMPHASH=ED799256EDA047E9421AD70A5FE3ACD6", "parentImage": "C:\\\\Windows\\\\System32\\\\WindowsPowerShell\\\\v1.0\\\\powershell.exe", "ruleName": "technique_id=T1059,technique_name=Command-Line Interface", "company": "Microsoft Corporation", "commandLine": "\\\"cmd.exe\\\" /c cscript \\\"C:\\\\AtomicRedTeam\\\\atomics\\\\T1059.007\\\\src\\\\sys_info.js\\\" &gt; %%tmp%%\\\\T1059.007.out.txt", "integrityLevel": "High", "fileVersion": "10.0.26100.4202 (WinBuild.160101.0800)", "user": "SOCLAB\\\\snell", "terminalSessionId": "1", "parentUser": "SOCLAB\\\\snell"}, "system": {"eventID": "1", "keywords": "0x8000000000000000", "providerGuid": "{5770385f-c22a-43e0-bf4c-06f5698ffbd9}", "level": "4", "channel": "Microsoft-Windows-Sysmon/Operational", "opcode": "0", "message": "\"Process Create:\r\nRuleName: technique_id=T1059,technique_name=Command-Line Interface\r\nUtcTime: 2025-07-05 13:01:18.692\r\nProcessGuid: {ff3427f9-221e-6869-8301-000000001500}\r\nProcessId: 8424\r\nImage: C:\\Windows\\System32\\cmd.exe\r\nFileVersion: 10.0.26100.4202 (WinBuild.160101.0800)\r\nDescription: Windows Command Processor\r\nProduct: Microsoft\u00ae Windows\u00ae Operating System\r\nCompany: Microsoft Corporation\r\nOriginalFileName: Cmd.Exe\r\nCommandLine: \"cmd.exe\" /c cscript \"C:\\AtomicRedTeam\\atomics\\T1059.007\\src\\sys_info.js\" > %%tmp%%\\T1059.007.out.txt\r\nCurrentDirectory: C:\\Users\\snell\\AppData\\Local\\Temp\\\r\nUser: SOCLAB\\snell\r\nLogonGuid: {ff3427f9-2071-6869-6f2f-080000000000}\r\nLogonId: 0x82F6F\r\nTerminalSessionId: 1\r\nIntegrityLevel: High\r\nHashes: SHA1=09C438B2B740E73B9BCBA70AF4B8CC10A31B4EEE,MD5=59A3F41DD84517FCF809BD65FFF5E721,SHA256=AE4943E5F3F763688E10601F090B4CAE3CE19F0B427007884B40D27D7FB9274D,IMPHASH=ED799256EDA047E9421AD70A5FE3ACD6\r\nParentProcessGuid: {ff3427f9-20c8-6869-f800-000000001500}\r\nParentProcessId: 2440\r\nParentImage: C:\\Windows\\System32\\WindowsPowerShell\\v1.0\\powershell.exe\r\nParentCommandLine: \"C:\\Windows\\System32\\WindowsPowerShell\\v1.0\\powershell.exe\" \r\nParentUser: SOCLAB\\snell\"", "version": "5", "systemTime": "2025-07-05T13:01:18.7175295Z", "eventRecordID": "395318", "threadID": "3628", "computer": "Win11Client.soclab.internal", "task": "1", "processID": "3068", "severityValue": "INFORMATION", "providerName": "Microsoft-Windows-Sysmon"}}}, "rule": {"firedtimes": 1, "mail": false, "description": "Windows command prompt started by an abnormal process", "groups": ["sysmon", "sysmon_eid1_detections", "windows"], "mitre": {"technique": ["Windows Command Shell"], "id": ["T1059.003"], "tactic": ["Execution"]}, "id": "92052"}, "location": "EventChannel", "decoder": {"name": "windows_eventchannel"}, "id": "1751720480.1980758", "timestamp": "2025-07-05T13:01:20.015+0000"}, "fields": {"timestamp": ["2025-07-05T13:01:20.015Z"]}, "sort": [1751720480015]}, "chatgpt_response": {"alert_id": "qamt2pcBGfDWR0X_U76C", "classification": "TP", "priority": "High", "justification": "The alert is triggered by Sysmon event ID 1 (Process Creation) for 'cmd.exe' being spawned from an unusual parent process ('powershell.exe' executed from an Atomic Red Team script, likely used for offensive testing). This matches known offensive technique T1059.003 (Windows Command Shell) and is flagged by a rule specifically looking for abnormal command prompt executions. The presence of Atomic Red Team scripts and the high integrity level of the process further confirm malicious intent. This should be treated as a true positive with high priority, requiring immediate investigation and containment."}, "chatgpt_classification": "TP", "chatgpt_priority": "High", "chatgpt_justification": "The alert is triggered by Sysmon event ID 1 (Process Creation) for 'cmd.exe' being spawned from an unusual parent process ('powershell.exe' executed from an Atomic Red Team script, likely used for offensive testing). This matches known offensive technique T1059.003 (Windows Command Shell) and is flagged by a rule specifically looking for abnormal command prompt executions. The presence of Atomic Red Team scripts and the high integrity level of the process further confirm malicious intent. This should be treated as a true positive with high priority, requiring immediate investigation and containment.", "classification_match": true, "priority_match": false}
{"id": "2Rcc15cB1Hp-jZ7f6K3K", "description": "Powershell.exe spawned a powershell process which executed a base64 encoded command", "label": "TP", "rule_level": 12, "rule_priority": "High", "alert": {"_index": "wazuh-alerts-4.x-2025.07.04", "_id": "2Rcc15cB1Hp-jZ7f6K3K", "_score": null, "_source": {"input": {"type": "log"}, "agent": {"ip": "10.0.2.14", "name": "Win11Client", "id": "003"}, "manager": {"name": "wazuh-server"}, "data": {"win": {"eventdata": {"originalFileName": "PowerShell.EXE", "image": "C:\\\\Windows\\\\System32\\\\WindowsPowerShell\\\\v1.0\\\\powershell.exe", "product": "Microsoft\u00ae Windows\u00ae Operating System", "parentProcessGuid": "{ff3427f9-2077-6868-5c01-000000001400}", "description": "Windows PowerShell", "logonGuid": "{ff3427f9-1e7f-6868-f045-0a0000000000}", "parentCommandLine": "\\\"C:\\\\Windows\\\\System32\\\\WindowsPowerShell\\\\v1.0\\\\powershell.exe\\\"", "processGuid": "{ff3427f9-388b-6868-1a03-000000001400}", "logonId": "0xa45f0", "parentProcessId": "9196", "processId": "2424", "currentDirectory": "C:\\\\Users\\\\snell\\\\AppData\\\\Local\\\\Temp\\\\", "utcTime": "2025-07-04 20:24:43.163", "hashes": "SHA1=8B595BBBF8695CE90EEEA612B440ECC79ACC6C5D,MD5=BD542C1197F3B5217B5C5B5C4A25BD0C,SHA256=75F490D70F821AFBBBB28D8AE45FA712C0EF39F73832AF5FF0DF284BEB22A9FC,IMPHASH=AFACF6DC9041114B198160AAB4D0AE77", "parentImage": "C:\\\\Windows\\\\System32\\\\WindowsPowerShell\\\\v1.0\\\\powershell.exe", "ruleName": "technique_id=T1086,technique_name=PowerShell", "company": "Microsoft Corporation", "commandLine": "\\\"powershell.exe\\\" &amp; {$malcmdlets = \\\\\\\"\\\"Add-Persistence\\\\\\\"\\\", \\\\\\\"\\\"Find-AVSignature\\\\\\\"\\\", \\\\\\\"\\\"Get-GPPAutologon\\\\\\\"\\\", \\\\\\\"\\\"Get-GPPPassword\\\\\\\"\\\", \\\\\\\"\\\"Get-HttpStatus\\\\\\\"\\\", \\\\\\\"\\\"Get-Keystrokes\\\\\\\"\\\", \\\\\\\"\\\"Get-SecurityPackages\\\\\\\"\\\", \\\\\\\"\\\"Get-TimedScreenshot\\\\\\\"\\\", \\\\\\\"\\\"Get-VaultCredential\\\\\\\"\\\", \\\\\\\"\\\"Get-VolumeShadowCopy\\\\\\\"\\\", \\\\\\\"\\\"Install-SSP\\\\\\\"\\\", \\\\\\\"\\\"Invoke-CredentialInjection\\\\\\\"\\\", \\\\\\\"\\\"Invoke-DllInjection\\\\\\\"\\\", \\\\\\\"\\\"Invoke-Mimikatz\\\\\\\"\\\", \\\\\\\"\\\"Invoke-NinjaCopy\\\\\\\"\\\", \\\\\\\"\\\"Invoke-Portscan\\\\\\\"\\\", \\\\\\\"\\\"Invoke-ReflectivePEInjection\\\\\\\"\\\", \\\\\\\"\\\"Invoke-ReverseDnsLookup\\\\\\\"\\\", \\\\\\\"\\\"Invoke-Shellcode\\\\\\\"\\\", \\\\\\\"\\\"Invoke-TokenManipulation\\\\\\\"\\\", \\\\\\\"\\\"Invoke-WmiCommand\\\\\\\"\\\", \\\\\\\"\\\"Mount-VolumeShadowCopy\\\\\\\"\\\", \\\\\\\"\\\"New-ElevatedPersistenceOption\\\\\\\"\\\", \\\\\\\"\\\"New-UserPersistenceOption\\\\\\\"\\\", \\\\\\\"\\\"New-VolumeShadowCopy\\\\\\\"\\\", \\\\\\\"\\\"Out-CompressedDll\\\\\\\"\\\", \\\\\\\"\\\"Out-EncodedCommand\\\\\\\"\\\", \\\\\\\"\\\"Out-EncryptedScript\\\\\\\"\\\", \\\\\\\"\\\"Out-Minidump\\\\\\\"\\\", \\\\\\\"\\\"PowerUp\\\\\\\"\\\", \\\\\\\"\\\"PowerView\\\\\\\"\\\", \\\\\\\"\\\"Remove-Comments\\\\\\\"\\\", \\\\\\\"\\\"Remove-VolumeShadowCopy\\\\\\\"\\\", \\\\\\\"\\\"Set-CriticalProcess\\\\\\\"\\\", \\\\\\\"\\\"Set-MasterBootRecord\\\\\\\"\\\"  foreach ($cmdlets in $malcmdlets) {     \\\\\\\"\\\"function $cmdlets { Write-Host Pretending to invoke $cmdlets }\\\\\\\"\\\"} foreach ($cmdlets in $malcmdlets) {     $cmdlets}}", "integrityLevel": "High", "fileVersion": "10.0.26100.3323 (WinBuild.160101.0800)", "user": "SOCLAB\\\\snell", "terminalSessionId": "1", "parentUser": "SOCLAB\\\\snell"}, "system": {"eventID": "1", "keywords": "0x8000000000000000", "providerGuid": "{5770385f-c22a-43e0-bf4c-06f5698ffbd9}", "level": "4", "channel": "Microsoft-Windows-Sysmon/Operational", "opcode": "0", "message": "\"Process Create:\r\nRuleName: technique_id=T1086,technique_name=PowerShell\r\nUtcTime: 2025-07-04 20:24:43.163\r\nProcessGuid: {ff3427f9-388b-6868-1a03-000000001400}\r\nProcessId: 2424\r\nImage: C:\\Windows\\System32\\WindowsPowerShell\\v1.0\\powershell.exe\r\nFileVersion: 10.0.26100.3323 (WinBuild.160101.0800)\r\nDescription: Windows PowerShell\r\nProduct: Microsoft\u00ae Windows\u00ae Operating System\r\nCompany: Microsoft Corporation\r\nOriginalFileName: PowerShell.EXE\r\nCommandLine: \"powershell.exe\" & {$malcmdlets = \\\"\"Add-Persistence\\\"\", \\\"\"Find-AVSignature\\\"\", \\\"\"Get-GPPAutologon\\\"\", \\\"\"Get-GPPPassword\\\"\", \\\"\"Get-HttpStatus\\\"\", \\\"\"Get-Keystrokes\\\"\", \\\"\"Get-SecurityPackages\\\"\", \\\"\"Get-TimedScreenshot\\\"\", \\\"\"Get-VaultCredential\\\"\", \\\"\"Get-VolumeShadowCopy\\\"\", \\\"\"Install-SSP\\\"\", \\\"\"Invoke-CredentialInjection\\\"\", \\\"\"Invoke-DllInjection\\\"\", \\\"\"Invoke-Mimikatz\\\"\", \\\"\"Invoke-NinjaCopy\\\"\", \\\"\"Invoke-Portscan\\\"\", \\\"\"Invoke-ReflectivePEInjection\\\"\", \\\"\"Invoke-ReverseDnsLookup\\\"\", \\\"\"Invoke-Shellcode\\\"\", \\\"\"Invoke-TokenManipulation\\\"\", \\\"\"Invoke-WmiCommand\\\"\", \\\"\"Mount-VolumeShadowCopy\\\"\", \\\"\"New-ElevatedPersistenceOption\\\"\", \\\"\"New-UserPersistenceOption\\\"\", \\\"\"New-VolumeShadowCopy\\\"\", \\\"\"Out-CompressedDll\\\"\", \\\"\"Out-EncodedCommand\\\"\", \\\"\"Out-EncryptedScript\\\"\", \\\"\"Out-Minidump\\\"\", \\\"\"PowerUp\\\"\", \\\"\"PowerView\\\"\", \\\"\"Remove-Comments\\\"\", \\\"\"Remove-VolumeShadowCopy\\\"\", \\\"\"Set-CriticalProcess\\\"\", \\\"\"Set-MasterBootRecord\\\"\"\n\nforeach ($cmdlets in $malcmdlets) {\n    \\\"\"function $cmdlets { Write-Host Pretending to invoke $cmdlets }\\\"\"}\nforeach ($cmdlets in $malcmdlets) {\n    $cmdlets}}\r\nCurrentDirectory: C:\\Users\\snell\\AppData\\Local\\Temp\\\r\nUser: SOCLAB\\snell\r\nLogonGuid: {ff3427f9-1e7f-6868-f045-0a0000000000}\r\nLogonId: 0xA45F0\r\nTerminalSessionId: 1\r\nIntegrityLevel: High\r\nHashes: SHA1=8B595BBBF8695CE90EEEA612B440ECC79ACC6C5D,MD5=BD542C1197F3B5217B5C5B5C4A25BD0C,SHA256=75F490D70F821AFBBBB28D8AE45FA712C0EF39F73832AF5FF0DF284BEB22A9FC,IMPHASH=AFACF6DC9041114B198160AAB4D0AE77\r\nParentProcessGuid: {ff3427f9-2077-6868-5c01-000000001400}\r\nParentProcessId: 9196\r\nParentImage: C:\\Windows\\System32\\WindowsPowerShell\\v1.0\\powershell.exe\r\nParentCommandLine: \"C:\\Windows\\System32\\WindowsPowerShell\\v1.0\\powershell.exe\" \r\nParentUser: SOCLAB\\snell\"", "version": "5", "systemTime": "2025-07-04T20:24:43.1657533Z", "eventRecordID": "151962", "threadID": "3992", "computer": "Win11Client.soclab.internal", "task": "1", "processID": "3056", "severityValue": "INFORMATION", "providerName": "Microsoft-Windows-Sysmon"}}}, "rule": {"firedtimes": 2, "mail": true, "description": "Powershell.exe spawned a powershell process which executed a base64 encoded command", "groups": ["sysmon", "sysmon_eid1_detections", "windows"], "mitre": {"technique": ["PowerShell"], "id": ["T1059.001"], "tactic": ["Execution"]}, "id": "92057"}, "location": "EventChannel", "decoder": {"name": "windows_eventchannel"}, "id": "1751660684.58844750", "timestamp": "2025-07-04T20:24:44.154+0000"}, "fields": {"timestamp": ["2025-07-04T20:24:44.154Z"]}, "sort": [1751660684154]}, "chatgpt_response": {"alert_id": "2Rcc15cB1Hp-jZ7f6K3K", "classification": "TP", "priority": "Critical", "justification": "The alert was triggered by Sysmon rule 92057 for technique T1059.001 (PowerShell), indicating that PowerShell spawned a new PowerShell process executing suspicious or encoded commands (potential malicious activity). The presence of commands such as 'Invoke-Mimikatz', 'Invoke-DllInjection', and others commonly associated with offensive security tools is highly suspicious. The process is running with High integrity level, and the hash is not known to be benign (no indication of whitelisting). This behavior is a strong indicator of post-exploitation or lateral movement activity and should be treated as a critical security incident requiring immediate investigation."}, "chatgpt_classification": "TP", "chatgpt_priority": "Critical", "chatgpt_justification": "The alert was triggered by Sysmon rule 92057 for technique T1059.001 (PowerShell), indicating that PowerShell spawned a new PowerShell process executing suspicious or encoded commands (potential malicious activity). The presence of commands such as 'Invoke-Mimikatz', 'Invoke-DllInjection', and others commonly associated with offensive security tools is highly suspicious. The process is running with High integrity level, and the hash is not known to be benign (no indication of whitelisting). This behavior is a strong indicator of post-exploitation or lateral movement activity and should be treated as a critical security incident requiring immediate investigation.", "classification_match": true, "priority_match": false}
