{"id": "QBcu15cB1Hp-jZ7fM6_g", "description": "Windows command prompt started by an abnormal process", "label": "TP", "rule_level": 4, "rule_priority": "Low", "alert": {"_index": "wazuh-alerts-4.x-2025.07.04", "_id": "QBcu15cB1Hp-jZ7fM6_g", "_score": null, "_source": {"input": {"type": "log"}, "agent": {"ip": "10.0.2.14", "name": "Win11Client", "id": "003"}, "manager": {"name": "wazuh-server"}, "data": {"win": {"eventdata": {"originalFileName": "Cmd.Exe", "image": "C:\\\\Windows\\\\System32\\\\cmd.exe", "product": "Microsoft\u00ae Windows\u00ae Operating System", "parentProcessGuid": "{ff3427f9-3c5d-6868-ef03-000000001400}", "description": "Windows Command Processor", "logonGuid": "{ff3427f9-1e69-6868-e703-000000000000}", "parentCommandLine": "C:\\\\WINDOWS\\\\PSEXESVC.exe", "processGuid": "{ff3427f9-3c5d-6868-f003-000000001400}", "logonId": "0x3e7", "parentProcessId": "4432", "processId": "9892", "currentDirectory": "C:\\\\WINDOWS\\\\system32\\\\", "utcTime": "2025-07-04 20:41:01.554", "hashes": "SHA1=09C438B2B740E73B9BCBA70AF4B8CC10A31B4EEE,MD5=59A3F41DD84517FCF809BD65FFF5E721,SHA256=AE4943E5F3F763688E10601F090B4CAE3CE19F0B427007884B40D27D7FB9274D,IMPHASH=ED799256EDA047E9421AD70A5FE3ACD6", "parentImage": "C:\\\\Windows\\\\PSEXESVC.exe", "ruleName": "technique_id=T1059,technique_name=Command-Line Interface", "company": "Microsoft Corporation", "commandLine": "\\\"cmd\\\"", "integrityLevel": "System", "fileVersion": "10.0.26100.4202 (WinBuild.160101.0800)", "user": "NT AUTHORITY\\\\SYSTEM", "terminalSessionId": "1", "parentUser": "NT AUTHORITY\\\\SYSTEM"}, "system": {"eventID": "1", "keywords": "0x8000000000000000", "providerGuid": "{5770385f-c22a-43e0-bf4c-06f5698ffbd9}", "level": "4", "channel": "Microsoft-Windows-Sysmon/Operational", "opcode": "0", "message": "\"Process Create:\r\nRuleName: technique_id=T1059,technique_name=Command-Line Interface\r\nUtcTime: 2025-07-04 20:41:01.554\r\nProcessGuid: {ff3427f9-3c5d-6868-f003-000000001400}\r\nProcessId: 9892\r\nImage: C:\\Windows\\System32\\cmd.exe\r\nFileVersion: 10.0.26100.4202 (WinBuild.160101.0800)\r\nDescription: Windows Command Processor\r\nProduct: Microsoft\u00ae Windows\u00ae Operating System\r\nCompany: Microsoft Corporation\r\nOriginalFileName: Cmd.Exe\r\nCommandLine: \"cmd\" \r\nCurrentDirectory: C:\\WINDOWS\\system32\\\r\nUser: NT AUTHORITY\\SYSTEM\r\nLogonGuid: {ff3427f9-1e69-6868-e703-000000000000}\r\nLogonId: 0x3E7\r\nTerminalSessionId: 1\r\nIntegrityLevel: System\r\nHashes: SHA1=09C438B2B740E73B9BCBA70AF4B8CC10A31B4EEE,MD5=59A3F41DD84517FCF809BD65FFF5E721,SHA256=AE4943E5F3F763688E10601F090B4CAE3CE19F0B427007884B40D27D7FB9274D,IMPHASH=ED799256EDA047E9421AD70A5FE3ACD6\r\nParentProcessGuid: {ff3427f9-3c5d-6868-ef03-000000001400}\r\nParentProcessId: 4432\r\nParentImage: C:\\Windows\\PSEXESVC.exe\r\nParentCommandLine: C:\\WINDOWS\\PSEXESVC.exe\r\nParentUser: NT AUTHORITY\\SYSTEM\"", "version": "5", "systemTime": "2025-07-04T20:41:01.5579129Z", "eventRecordID": "153914", "threadID": "3992", "computer": "Win11Client.soclab.internal", "task": "1", "processID": "3056", "severityValue": "INFORMATION", "providerName": "Microsoft-Windows-Sysmon"}}}, "rule": {"firedtimes": 17, "mail": false, "description": "Windows command prompt started by an abnormal process", "groups": ["sysmon", "sysmon_eid1_detections", "windows"], "mitre": {"technique": ["Windows Command Shell"], "id": ["T1059.003"], "tactic": ["Execution"]}, "id": "92052"}, "location": "EventChannel", "decoder": {"name": "windows_eventchannel"}, "id": "1751661817.60378327", "timestamp": "2025-07-04T20:43:37.678+0000"}, "fields": {"timestamp": ["2025-07-04T20:43:37.678Z"]}, "sort": [1751661817678]}, "chatgpt_response": {"alert_id": "QBcu15cB1Hp-jZ7fM6_g", "classification": "TP", "priority": "High", "justification": "This alert is triggered by Sysmon event ID 1 (Process Creation) for 'cmd.exe' (Windows Command Processor) being spawned by 'PSEXESVC.exe', which is a known lateral movement and execution tool often used in attacks (T1059.003). The process is running as SYSTEM, with high integrity level, and hashes are present for verification. This matches a known attack technique and should be investigated immediately."}, "chatgpt_classification": "TP", "chatgpt_priority": "High", "chatgpt_justification": "This alert is triggered by Sysmon event ID 1 (Process Creation) for 'cmd.exe' (Windows Command Processor) being spawned by 'PSEXESVC.exe', which is a known lateral movement and execution tool often used in attacks (T1059.003). The process is running as SYSTEM, with high integrity level, and hashes are present for verification. This matches a known attack technique and should be investigated immediately.", "classification_match": true, "priority_match": false}
{"id": "xhdS15cB1Hp-jZ7ff7BW", "description": "SQL injection attempt.", "label": "TP", "rule_level": 6, "rule_priority": "Low", "alert": {"_index": "wazuh-alerts-4.x-2025.07.04", "_id": "xhdS15cB1Hp-jZ7ff7BW", "_score": null, "_source": {"input": {"type": "log"}, "agent": {"ip": "10.0.2.9", "name": "Linux-Server", "id": "002"}, "manager": {"name": "wazuh-server"}, "data": {"protocol": "GET", "srcip": "10.0.2.14", "id": "200", "url": "/DVWA/vulnerabilities/sqli/?id=%27+or+1%3D1&Submit=Submit&user_token=da59db29379faf3476dc05aaaea53f0f"}, "rule": {"firedtimes": 2, "mail": false, "pci_dss": ["6.5", "11.4", "6.5.1"], "tsc": ["CC6.6", "CC7.1", "CC8.1", "CC6.1", "CC6.8", "CC7.2", "CC7.3"], "description": "SQL injection attempt.", "groups": ["web", "accesslog", "attack", "sqlinjection", "attack"], "mitre": {"technique": ["Process Injection", "Exploit Public-Facing Application"], "id": ["T1055", "T1190"], "tactic": ["Defense Evasion", "Privilege Escalation", "Initial Access"]}, "id": "31164", "nist_800_53": ["SA.11", "SI.4"], "gdpr": ["IV_35.7.d"]}, "location": "/var/log/apache2/access.log", "decoder": {"name": "web-accesslog"}, "id": "1751664191.61937114", "full_log": "10.0.2.14 - - [04/Jul/2025:21:23:11 +0000] \"GET /DVWA/vulnerabilities/sqli/?id=%27+or+1%3D1&Submit=Submit&user_token=da59db29379faf3476dc05aaaea53f0f HTTP/1.1\" 200 1843 \"http://10.0.2.9/DVWA/vulnerabilities/sqli/?id=&Submit=Submit&user_token=7d2e20f9264c9f25895fee47feea3be6\" \"Mozilla/5.0 (Windows NT 10.0; Win64; x64) AppleWebKit/537.36 (KHTML, like Gecko) Chrome/138.0.0.0 Safari/537.36 Edg/138.0.0.0\"", "timestamp": "2025-07-04T21:23:11.869+0000"}, "fields": {"timestamp": ["2025-07-04T21:23:11.869Z"]}, "sort": [1751664191869]}, "chatgpt_response": {"alert_id": "xhdS15cB1Hp-jZ7ff7BW", "classification": "TP", "priority": "High", "justification": "The alert indicates a detected SQL injection attempt (rule description), which is a well-known and critical vulnerability that can lead to unauthorized data access or manipulation. The affected URL and log details clearly show suspicious input patterns typical of SQL injection. Multiple compliance frameworks (PCI DSS, NIST, GDPR, MITRE) flag this as a significant issue. The source and target are internal, but the risk is high due to the potential for data breach or system compromise."}, "chatgpt_classification": "TP", "chatgpt_priority": "High", "chatgpt_justification": "The alert indicates a detected SQL injection attempt (rule description), which is a well-known and critical vulnerability that can lead to unauthorized data access or manipulation. The affected URL and log details clearly show suspicious input patterns typical of SQL injection. Multiple compliance frameworks (PCI DSS, NIST, GDPR, MITRE) flag this as a significant issue. The source and target are internal, but the risk is high due to the potential for data breach or system compromise.", "classification_match": true, "priority_match": false}
{"id": "tF6e65cBARIQcDqlr2sh", "description": "Successful Remote Logon Detected - User:\\vboxuser - NTLM authentication, possible pass-the-hash attack.", "label": "TP", "rule_level": 6, "rule_priority": "Low", "alert": {"_index": "wazuh-alerts-4.x-2025.07.08", "_id": "tF6e65cBARIQcDqlr2sh", "_score": null, "_source": {"input": {"type": "log"}, "agent": {"ip": "10.0.2.12", "name": "WinSrv2019", "id": "004"}, "manager": {"name": "wazuh-server"}, "data": {"win": {"eventdata": {"subjectLogonId": "0x0", "targetLinkedLogonId": "0x0", "impersonationLevel": "%%1833", "ipAddress": "10.0.2.8", "authenticationPackageName": "NTLM", "lmPackageName": "NTLM V2", "targetLogonId": "0xa7d07", "logonProcessName": "NtLmSsp", "logonGuid": "{00000000-0000-0000-0000-000000000000}", "targetUserName": "vboxuser", "keyLength": "128", "elevatedToken": "%%1842", "subjectUserSid": "S-1-0-0", "processId": "0x0", "ipPort": "42048", "targetDomainName": "SOCLAB", "targetUserSid": "S-1-5-21-3023907177-3273552708-540821291-1000", "virtualAccount": "%%1843", "logonType": "3"}, "system": {"eventID": "4624", "keywords": "0x8020000000000000", "providerGuid": "{54849625-5478-4994-a5ba-3e3b0328c30d}", "level": "0", "channel": "Security", "opcode": "0", "message": "\"An account was successfully logged on.\r\n\r\nSubject:\r\n\tSecurity ID:\t\tS-1-0-0\r\n\tAccount Name:\t\t-\r\n\tAccount Domain:\t\t-\r\n\tLogon ID:\t\t0x0\r\n\r\nLogon Information:\r\n\tLogon Type:\t\t3\r\n\tRestricted Admin Mode:\t-\r\n\tVirtual Account:\t\tNo\r\n\tElevated Token:\t\tYes\r\n\r\nImpersonation Level:\t\tImpersonation\r\n\r\nNew Logon:\r\n\tSecurity ID:\t\tS-1-5-21-3023907177-3273552708-540821291-1000\r\n\tAccount Name:\t\tvboxuser\r\n\tAccount Domain:\t\tSOCLAB\r\n\tLogon ID:\t\t0xA7D07\r\n\tLinked Logon ID:\t\t0x0\r\n\tNetwork Account Name:\t-\r\n\tNetwork Account Domain:\t-\r\n\tLogon GUID:\t\t{00000000-0000-0000-0000-000000000000}\r\n\r\nProcess Information:\r\n\tProcess ID:\t\t0x0\r\n\tProcess Name:\t\t-\r\n\r\nNetwork Information:\r\n\tWorkstation Name:\t-\r\n\tSource Network Address:\t10.0.2.8\r\n\tSource Port:\t\t42048\r\n\r\nDetailed Authentication Information:\r\n\tLogon Process:\t\tNtLmSsp \r\n\tAuthentication Package:\tNTLM\r\n\tTransited Services:\t-\r\n\tPackage Name (NTLM only):\tNTLM V2\r\n\tKey Length:\t\t128\r\n\r\nThis event is generated when a logon session is created. It is generated on the computer that was accessed.\r\n\r\nThe subject fields indicate the account on the local system which requested the logon. This is most commonly a service such as the Server service, or a local process such as Winlogon.exe or Services.exe.\r\n\r\nThe logon type field indicates the kind of logon that occurred. The most common types are 2 (interactive) and 3 (network).\r\n\r\nThe New Logon fields indicate the account for whom the new logon was created, i.e. the account that was logged on.\r\n\r\nThe network fields indicate where a remote logon request originated. Workstation name is not always available and may be left blank in some cases.\r\n\r\nThe impersonation level field indicates the extent to which a process in the logon session can impersonate.\r\n\r\nThe authentication information fields provide detailed information about this specific logon request.\r\n\t- Logon GUID is a unique identifier that can be used to correlate this event with a KDC event.\r\n\t- Transited services indicate which intermediate services have participated in this logon request.\r\n\t- Package name indicates which sub-protocol was used among the NTLM protocols.\r\n\t- Key length indicates the length of the generated session key. This will be 0 if no session key was requested.\"", "version": "2", "systemTime": "2025-07-08T19:58:47.179686200Z", "eventRecordID": "42090", "threadID": "2140", "computer": "WinSrv2019.soclab.internal", "task": "12544", "processID": "640", "severityValue": "AUDIT_SUCCESS", "providerName": "Microsoft-Windows-Security-Auditing"}}}, "rule": {"mail": false, "hipaa": ["164.312.b"], "pci_dss": ["10.2.5"], "tsc": ["CC6.8", "CC7.2", "CC7.3"], "description": "Successful Remote Logon Detected - User:\\vboxuser - NTLM authentication, possible pass-the-hash attack.", "groups": ["win_evt_channel", "windows", "authentication_success"], "nist_800_53": ["AC.7", "AU.14"], "gdpr": ["IV_32.2"], "firedtimes": 1, "mitre": {"technique": ["Pass the Hash", "Domain Accounts"], "id": ["T1550.002", "T1078.002"], "tactic": ["Defense Evasion", "Lateral Movement", "Persistence", "Privilege Escalation", "Initial Access"]}, "id": "92652", "gpg13": ["7.1", "7.2"]}, "location": "EventChannel", "decoder": {"name": "windows_eventchannel"}, "id": "1752004726.4929564", "full_log": "{\"win\":{\"system\":{\"providerName\":\"Microsoft-Windows-Security-Auditing\",\"providerGuid\":\"{54849625-5478-4994-a5ba-3e3b0328c30d}\",\"eventID\":\"4624\",\"version\":\"2\",\"level\":\"0\",\"task\":\"12544\",\"opcode\":\"0\",\"keywords\":\"0x8020000000000000\",\"systemTime\":\"2025-07-08T19:58:47.179686200Z\",\"eventRecordID\":\"42090\",\"processID\":\"640\",\"threadID\":\"2140\",\"channel\":\"Security\",\"computer\":\"WinSrv2019.soclab.internal\",\"severityValue\":\"AUDIT_SUCCESS\",\"message\":\"\\\"An account was successfully logged on.\\r\\n\\r\\nSubject:\\r\\n\\tSecurity ID:\\t\\tS-1-0-0\\r\\n\\tAccount Name:\\t\\t-\\r\\n\\tAccount Domain:\\t\\t-\\r\\n\\tLogon ID:\\t\\t0x0\\r\\n\\r\\nLogon Information:\\r\\n\\tLogon Type:\\t\\t3\\r\\n\\tRestricted Admin Mode:\\t-\\r\\n\\tVirtual Account:\\t\\tNo\\r\\n\\tElevated Token:\\t\\tYes\\r\\n\\r\\nImpersonation Level:\\t\\tImpersonation\\r\\n\\r\\nNew Logon:\\r\\n\\tSecurity ID:\\t\\tS-1-5-21-3023907177-3273552708-540821291-1000\\r\\n\\tAccount Name:\\t\\tvboxuser\\r\\n\\tAccount Domain:\\t\\tSOCLAB\\r\\n\\tLogon ID:\\t\\t0xA7D07\\r\\n\\tLinked Logon ID:\\t\\t0x0\\r\\n\\tNetwork Account Name:\\t-\\r\\n\\tNetwork Account Domain:\\t-\\r\\n\\tLogon GUID:\\t\\t{00000000-0000-0000-0000-000000000000}\\r\\n\\r\\nProcess Information:\\r\\n\\tProcess ID:\\t\\t0x0\\r\\n\\tProcess Name:\\t\\t-\\r\\n\\r\\nNetwork Information:\\r\\n\\tWorkstation Name:\\t-\\r\\n\\tSource Network Address:\\t10.0.2.8\\r\\n\\tSource Port:\\t\\t42048\\r\\n\\r\\nDetailed Authentication Information:\\r\\n\\tLogon Process:\\t\\tNtLmSsp \\r\\n\\tAuthentication Package:\\tNTLM\\r\\n\\tTransited Services:\\t-\\r\\n\\tPackage Name (NTLM only):\\tNTLM V2\\r\\n\\tKey Length:\\t\\t128\\r\\n\\r\\nThis event is generated when a logon session is created. It is generated on the computer that was accessed.\\r\\n\\r\\nThe subject fields indicate the account on the local system which requested the logon. This is most commonly a service such as the Server service, or a local process such as Winlogon.exe or Services.exe.\\r\\n\\r\\nThe logon type field indicates the kind of logon that occurred. The most common types are 2 (interactive) and 3 (network).\\r\\n\\r\\nThe New Logon fields indicate the account for whom the new logon was created, i.e. the account that was logged on.\\r\\n\\r\\nThe network fields indicate where a remote logon request originated. Workstation name is not always available and may be left blank in some cases.\\r\\n\\r\\nThe impersonation level field indicates the extent to which a process in the logon session can impersonate.\\r\\n\\r\\nThe authentication information fields provide detailed information about this specific logon request.\\r\\n\\t- Logon GUID is a unique identifier that can be used to correlate this event with a KDC event.\\r\\n\\t- Transited services indicate which intermediate services have participated in this logon request.\\r\\n\\t- Package name indicates which sub-protocol was used among the NTLM protocols.\\r\\n\\t- Key length indicates the length of the generated session key. This will be 0 if no session key was requested.\\\"\"},\"eventdata\":{\"subjectUserSid\":\"S-1-0-0\",\"subjectLogonId\":\"0x0\",\"targetUserSid\":\"S-1-5-21-3023907177-3273552708-540821291-1000\",\"targetUserName\":\"vboxuser\",\"targetDomainName\":\"SOCLAB\",\"targetLogonId\":\"0xa7d07\",\"logonType\":\"3\",\"logonProcessName\":\"NtLmSsp\",\"authenticationPackageName\":\"NTLM\",\"logonGuid\":\"{00000000-0000-0000-0000-000000000000}\",\"lmPackageName\":\"NTLM V2\",\"keyLength\":\"128\",\"processId\":\"0x0\",\"ipAddress\":\"10.0.2.8\",\"ipPort\":\"42048\",\"impersonationLevel\":\"%%1833\",\"virtualAccount\":\"%%1843\",\"targetLinkedLogonId\":\"0x0\",\"elevatedToken\":\"%%1842\"}}}", "timestamp": "2025-07-08T19:58:46.233+0000"}, "fields": {"timestamp": ["2025-07-08T19:58:46.233Z"]}, "sort": [1752004726233]}, "chatgpt_response": {"alert_id": "tF6e65cBARIQcDqlr2sh", "classification": "TP", "priority": "High", "justification": "This alert indicates a successful remote NTLM authentication (logon type 3) using NTLMv2 for user 'vboxuser' from an internal IP (10.0.2.8). The presence of 'elevatedToken: Yes' and 'impersonationLevel: Impersonation' suggests possible privilege escalation or abuse, and the rule specifically flags this as a potential 'pass-the-hash' or lateral movement attack. This is a common technique used in lateral movement and privilege escalation, and thus should be treated as a high-priority true positive requiring immediate investigation."}, "chatgpt_classification": "TP", "chatgpt_priority": "High", "chatgpt_justification": "This alert indicates a successful remote NTLM authentication (logon type 3) using NTLMv2 for user 'vboxuser' from an internal IP (10.0.2.8). The presence of 'elevatedToken: Yes' and 'impersonationLevel: Impersonation' suggests possible privilege escalation or abuse, and the rule specifically flags this as a potential 'pass-the-hash' or lateral movement attack. This is a common technique used in lateral movement and privilege escalation, and thus should be treated as a high-priority true positive requiring immediate investigation.", "classification_match": true, "priority_match": false}
{"id": "dkdTz5cBxOat6TbbbV1X", "description": "Special privileges assigned to new logon.", "label": "FP", "rule_level": 3, "rule_priority": "Low", "alert": {"_index": "wazuh-alerts-4.x-2025.07.03", "_id": "dkdTz5cBxOat6TbbbV1X", "_score": null, "_source": {"input": {"type": "log"}, "agent": {"ip": "10.0.2.12", "name": "WinSrv2019", "id": "004"}, "manager": {"name": "wazuh-server"}, "data": {"win": {"eventdata": {"subjectLogonId": "0x79a86", "subjectUserSid": "S-1-5-21-3023907177-3273552708-540821291-1000", "subjectDomainName": "SOCLAB", "privilegeList": "SeSecurityPrivilege     SeTakeOwnershipPrivilege     SeLoadDriverPrivilege     SeBackupPrivilege     SeRestorePrivilege     SeDebugPrivilege     SeSystemEnvironmentPrivilege     SeEnableDelegationPrivilege     SeImpersonatePrivilege     SeDelegateSessionUserImpersonatePrivilege", "subjectUserName": "vboxuser"}, "system": {"eventID": "4672", "keywords": "0x8020000000000000", "providerGuid": "{54849625-5478-4994-a5ba-3e3b0328c30d}", "level": "0", "channel": "Security", "opcode": "0", "message": "\"Special privileges assigned to new logon.\r\n\r\nSubject:\r\n\tSecurity ID:\t\tS-1-5-21-3023907177-3273552708-540821291-1000\r\n\tAccount Name:\t\tvboxuser\r\n\tAccount Domain:\t\tSOCLAB\r\n\tLogon ID:\t\t0x79A86\r\n\r\nPrivileges:\t\tSeSecurityPrivilege\r\n\t\t\tSeTakeOwnershipPrivilege\r\n\t\t\tSeLoadDriverPrivilege\r\n\t\t\tSeBackupPrivilege\r\n\t\t\tSeRestorePrivilege\r\n\t\t\tSeDebugPrivilege\r\n\t\t\tSeSystemEnvironmentPrivilege\r\n\t\t\tSeEnableDelegationPrivilege\r\n\t\t\tSeImpersonatePrivilege\r\n\t\t\tSeDelegateSessionUserImpersonatePrivilege\"", "version": "0", "systemTime": "2025-07-03T08:07:16.534144400Z", "eventRecordID": "21976", "threadID": "772", "computer": "WinSrv2019.soclab.internal", "task": "12548", "processID": "636", "severityValue": "AUDIT_SUCCESS", "providerName": "Microsoft-Windows-Security-Auditing"}}}, "rule": {"firedtimes": 1, "mail": false, "description": "Special privileges assigned to new logon.", "groups": ["windows", " WEF"], "mitre": {"technique": ["Domain Policy Modification"], "id": ["T1484"], "tactic": ["Defense Evasion", "Privilege Escalation"]}, "id": "67028"}, "location": "EventChannel", "decoder": {"name": "windows_eventchannel"}, "id": "1751530039.195702", "timestamp": "2025-07-03T08:07:19.306+0000"}, "fields": {"timestamp": ["2025-07-03T08:07:19.306Z"]}, "sort": [1751530039306]}, "chatgpt_response": {"alert_id": "dkdTz5cBxOat6TbbbV1X", "classification": "TP", "priority": "High", "justification": "This alert indicates that special privileges (including SeSecurityPrivilege, SeTakeOwnershipPrivilege, and many others) were assigned to a new logon (user 'vboxuser' on domain SOCLAB) on a Windows server. This is a strong indicator of potential privilege escalation or domain policy modification, which are associated with tactics used in defense evasion and privilege escalation attacks (MITRE T1484). Such events are highly suspicious and should be investigated immediately, warranting a High priority."}, "chatgpt_classification": "TP", "chatgpt_priority": "High", "chatgpt_justification": "This alert indicates that special privileges (including SeSecurityPrivilege, SeTakeOwnershipPrivilege, and many others) were assigned to a new logon (user 'vboxuser' on domain SOCLAB) on a Windows server. This is a strong indicator of potential privilege escalation or domain policy modification, which are associated with tactics used in defense evasion and privilege escalation attacks (MITRE T1484). Such events are highly suspicious and should be investigated immediately, warranting a High priority.", "classification_match": false, "priority_match": false}
{"id": "KBca15cB1Hp-jZ7fi60N", "description": "Suspicious file compression activity by powershell: C:\\\\Users\\\\snell\\\\AppData\\\\Local\\\\Temp\\\\20250704222204_BloodHound.zip", "label": "TP", "rule_level": 14, "rule_priority": "High", "alert": {"_index": "wazuh-alerts-4.x-2025.07.04", "_id": "KBca15cB1Hp-jZ7fi60N", "_score": null, "_source": {"input": {"type": "log"}, "agent": {"ip": "10.0.2.14", "name": "Win11Client", "id": "003"}, "manager": {"name": "wazuh-server"}, "data": {"win": {"eventdata": {"image": "C:\\\\Windows\\\\System32\\\\WindowsPowerShell\\\\v1.0\\\\powershell.exe", "processGuid": "{ff3427f9-37eb-6868-ad02-000000001400}", "processId": "7896", "utcTime": "2025-07-04 20:22:07.692", "targetFilename": "C:\\\\Users\\\\snell\\\\AppData\\\\Local\\\\Temp\\\\20250704222204_BloodHound.zip", "ruleName": "technique_id=T1047,technique_name=File System Permissions Weakness", "creationUtcTime": "2025-07-04 20:22:07.692", "user": "SOCLAB\\\\snell"}, "system": {"eventID": "11", "keywords": "0x8000000000000000", "providerGuid": "{5770385f-c22a-43e0-bf4c-06f5698ffbd9}", "level": "4", "channel": "Microsoft-Windows-Sysmon/Operational", "opcode": "0", "message": "\"File created:\r\nRuleName: technique_id=T1047,technique_name=File System Permissions Weakness\r\nUtcTime: 2025-07-04 20:22:07.692\r\nProcessGuid: {ff3427f9-37eb-6868-ad02-000000001400}\r\nProcessId: 7896\r\nImage: C:\\Windows\\System32\\WindowsPowerShell\\v1.0\\powershell.exe\r\nTargetFilename: C:\\Users\\snell\\AppData\\Local\\Temp\\20250704222204_BloodHound.zip\r\nCreationUtcTime: 2025-07-04 20:22:07.692\r\nUser: SOCLAB\\snell\"", "version": "2", "systemTime": "2025-07-04T20:22:07.6933576Z", "eventRecordID": "150958", "threadID": "3992", "computer": "Win11Client.soclab.internal", "task": "11", "processID": "3056", "severityValue": "INFORMATION", "providerName": "Microsoft-Windows-Sysmon"}}}, "rule": {"firedtimes": 2, "mail": true, "description": "Suspicious file compression activity by powershell: C:\\\\Users\\\\snell\\\\AppData\\\\Local\\\\Temp\\\\20250704222204_BloodHound.zip", "groups": ["sysmon", "sysmon_eid11_detections", "windows"], "mitre": {"technique": ["Ingress Tool Transfer"], "id": ["T1105"], "tactic": ["Command and Control"]}, "id": "92212"}, "location": "EventChannel", "decoder": {"name": "windows_eventchannel"}, "id": "1751660528.58174122", "timestamp": "2025-07-04T20:22:08.845+0000"}, "fields": {"timestamp": ["2025-07-04T20:22:08.845Z"]}, "sort": [1751660528845]}, "chatgpt_response": {"alert_id": "KBca15cB1Hp-jZ7fi60N", "classification": "TP", "priority": "High", "justification": "This alert was triggered by Sysmon event ID 11 (file creation) with a rule detecting suspicious file compression activity by PowerShell, resulting in the creation of a file named '20250704222204_BloodHound.zip'. The file was created by a user (snell) using PowerShell, and the rule maps to MITRE ATT&CK T1105 (Ingress Tool Transfer) under the Command and Control tactic. BloodHound is a known reconnaissance tool often used in lateral movement and privilege escalation attacks. This is a strong indicator of potential malicious activity and warrants immediate investigation. Therefore, this is classified as a True Positive with High priority."}, "chatgpt_classification": "TP", "chatgpt_priority": "High", "chatgpt_justification": "This alert was triggered by Sysmon event ID 11 (file creation) with a rule detecting suspicious file compression activity by PowerShell, resulting in the creation of a file named '20250704222204_BloodHound.zip'. The file was created by a user (snell) using PowerShell, and the rule maps to MITRE ATT&CK T1105 (Ingress Tool Transfer) under the Command and Control tactic. BloodHound is a known reconnaissance tool often used in lateral movement and privilege escalation attacks. This is a strong indicator of potential malicious activity and warrants immediate investigation. Therefore, this is classified as a True Positive with High priority.", "classification_match": true, "priority_match": true}
{"id": "4QqV35cBiGYaRV9XMK0D", "description": "Windows command prompt started by an abnormal process", "label": "TP", "rule_level": 4, "rule_priority": "Low", "alert": {"_index": "wazuh-alerts-4.x-2025.07.06", "_id": "4QqV35cBiGYaRV9XMK0D", "_score": null, "_source": {"input": {"type": "log"}, "agent": {"ip": "10.0.2.14", "name": "Win11Client", "id": "003"}, "manager": {"name": "wazuh-server"}, "data": {"win": {"eventdata": {"originalFileName": "Cmd.Exe", "image": "C:\\\\Windows\\\\System32\\\\cmd.exe", "product": "Microsoft\u00ae Windows\u00ae Operating System", "parentProcessGuid": "{ff3427f9-60b8-686a-0404-000000001600}", "description": "Windows Command Processor", "logonGuid": "{ff3427f9-5f92-686a-d1e8-3b0200000000}", "parentCommandLine": "\\\"C:\\\\Windows\\\\System32\\\\WindowsPowerShell\\\\v1.0\\\\powershell.exe\\\"", "processGuid": "{ff3427f9-6383-686a-1305-000000001600}", "logonId": "0x23be8d1", "parentProcessId": "6808", "processId": "5952", "currentDirectory": "C:\\\\Users\\\\snell\\\\AppData\\\\Local\\\\Temp\\\\", "utcTime": "2025-07-06 11:52:35.008", "hashes": "SHA1=09C438B2B740E73B9BCBA70AF4B8CC10A31B4EEE,MD5=59A3F41DD84517FCF809BD65FFF5E721,SHA256=AE4943E5F3F763688E10601F090B4CAE3CE19F0B427007884B40D27D7FB9274D,IMPHASH=ED799256EDA047E9421AD70A5FE3ACD6", "parentImage": "C:\\\\Windows\\\\System32\\\\WindowsPowerShell\\\\v1.0\\\\powershell.exe", "ruleName": "technique_id=T1059,technique_name=Command-Line Interface", "company": "Microsoft Corporation", "commandLine": "\\\"cmd.exe\\\" /c \\\"C:\\\\AtomicRedTeam\\\\atomics\\\\..\\\\ExternalPayloads\\\\AdFind.exe\\\"  -gcb -sc trustdmp", "integrityLevel": "High", "fileVersion": "10.0.26100.4202 (WinBuild.160101.0800)", "user": "SOCLAB\\\\snell", "terminalSessionId": "2", "parentUser": "SOCLAB\\\\snell"}, "system": {"eventID": "1", "keywords": "0x8000000000000000", "providerGuid": "{5770385f-c22a-43e0-bf4c-06f5698ffbd9}", "level": "4", "channel": "Microsoft-Windows-Sysmon/Operational", "opcode": "0", "message": "\"Process Create:\r\nRuleName: technique_id=T1059,technique_name=Command-Line Interface\r\nUtcTime: 2025-07-06 11:52:35.008\r\nProcessGuid: {ff3427f9-6383-686a-1305-000000001600}\r\nProcessId: 5952\r\nImage: C:\\Windows\\System32\\cmd.exe\r\nFileVersion: 10.0.26100.4202 (WinBuild.160101.0800)\r\nDescription: Windows Command Processor\r\nProduct: Microsoft\u00ae Windows\u00ae Operating System\r\nCompany: Microsoft Corporation\r\nOriginalFileName: Cmd.Exe\r\nCommandLine: \"cmd.exe\" /c \"C:\\AtomicRedTeam\\atomics\\..\\ExternalPayloads\\AdFind.exe\"  -gcb -sc trustdmp\r\nCurrentDirectory: C:\\Users\\snell\\AppData\\Local\\Temp\\\r\nUser: SOCLAB\\snell\r\nLogonGuid: {ff3427f9-5f92-686a-d1e8-3b0200000000}\r\nLogonId: 0x23BE8D1\r\nTerminalSessionId: 2\r\nIntegrityLevel: High\r\nHashes: SHA1=09C438B2B740E73B9BCBA70AF4B8CC10A31B4EEE,MD5=59A3F41DD84517FCF809BD65FFF5E721,SHA256=AE4943E5F3F763688E10601F090B4CAE3CE19F0B427007884B40D27D7FB9274D,IMPHASH=ED799256EDA047E9421AD70A5FE3ACD6\r\nParentProcessGuid: {ff3427f9-60b8-686a-0404-000000001600}\r\nParentProcessId: 6808\r\nParentImage: C:\\Windows\\System32\\WindowsPowerShell\\v1.0\\powershell.exe\r\nParentCommandLine: \"C:\\Windows\\System32\\WindowsPowerShell\\v1.0\\powershell.exe\" \r\nParentUser: SOCLAB\\snell\"", "version": "5", "systemTime": "2025-07-06T11:52:35.0113070Z", "eventRecordID": "872305", "threadID": "3716", "computer": "Win11Client.soclab.internal", "task": "1", "processID": "3024", "severityValue": "INFORMATION", "providerName": "Microsoft-Windows-Sysmon"}}}, "rule": {"firedtimes": 10, "mail": false, "description": "Windows command prompt started by an abnormal process", "groups": ["sysmon", "sysmon_eid1_detections", "windows"], "mitre": {"technique": ["Windows Command Shell"], "id": ["T1059.003"], "tactic": ["Execution"]}, "id": "92052"}, "location": "EventChannel", "decoder": {"name": "windows_eventchannel"}, "id": "1751802783.14293776", "timestamp": "2025-07-06T11:53:03.625+0000"}, "fields": {"timestamp": ["2025-07-06T11:53:03.625Z"]}, "sort": [1751802783625]}, "chatgpt_response": {"alert_id": "4QqV35cBiGYaRV9XMK0D", "classification": "TP", "priority": "High", "justification": "The alert indicates the execution of 'cmd.exe' spawned by 'powershell.exe' with a suspicious command line involving 'AdFind.exe', a known offensive security tool often used for reconnaissance and credential dumping (technique T1059.003). The presence of hashes and correlation to a rule for abnormal command prompt execution strongly suggests a legitimate threat. The source process and command line are consistent with lateral movement and post-exploitation activities. Therefore, this should be treated as a True Positive with High priority for immediate investigation and response."}, "chatgpt_classification": "TP", "chatgpt_priority": "High", "chatgpt_justification": "The alert indicates the execution of 'cmd.exe' spawned by 'powershell.exe' with a suspicious command line involving 'AdFind.exe', a known offensive security tool often used for reconnaissance and credential dumping (technique T1059.003). The presence of hashes and correlation to a rule for abnormal command prompt execution strongly suggests a legitimate threat. The source process and command line are consistent with lateral movement and post-exploitation activities. Therefore, this should be treated as a True Positive with High priority for immediate investigation and response.", "classification_match": true, "priority_match": false}
{"id": "v6mu2pcBGfDWR0X_074N", "description": "Gathered user information from Remote Desktop Service sessions", "label": "TP", "rule_level": 3, "rule_priority": "Low", "alert": {"_index": "wazuh-alerts-4.x-2025.07.05", "_id": "v6mu2pcBGfDWR0X_074N", "_score": null, "_source": {"input": {"type": "log"}, "agent": {"ip": "10.0.2.14", "name": "Win11Client", "id": "003"}, "manager": {"name": "wazuh-server"}, "data": {"win": {"eventdata": {"originalFileName": "qwinsta.exe", "image": "C:\\\\Windows\\\\System32\\\\qwinsta.exe", "product": "Microsoft\u00ae Windows\u00ae Operating System", "parentProcessGuid": "{ff3427f9-2281-6869-9801-000000001500}", "description": "Query Session Utility", "logonGuid": "{ff3427f9-2071-6869-6f2f-080000000000}", "parentCommandLine": "C:\\\\WINDOWS\\\\system32\\\\cmd.exe /c qwinsta /server:localhost | findstr \\\"Active Disc\\\"", "processGuid": "{ff3427f9-2281-6869-9901-000000001500}", "logonId": "0x82f6f", "parentProcessId": "2484", "processId": "2876", "currentDirectory": "C:\\\\Users\\\\snell\\\\AppData\\\\Local\\\\Temp\\\\", "utcTime": "2025-07-05 13:02:57.652", "hashes": "SHA1=E0BA6714F7CD0AA89665CE1190E3EAE72538CA97,MD5=3E40037F447723F686D1D0640D2CD8CA,SHA256=25B58392DFC39233BB2CFDB8D2109D7BE6C99ADBAEE0E0232A636E1DBF08175E,IMPHASH=D1DB32AE474C00FB7315E2D610E6A740", "parentImage": "C:\\\\Windows\\\\System32\\\\cmd.exe", "ruleName": "technique_id=T1059,technique_name=Command-Line Interface", "company": "Microsoft Corporation", "commandLine": "qwinsta  /server:localhost", "integrityLevel": "High", "fileVersion": "10.0.26100.1882 (WinBuild.160101.0800)", "user": "SOCLAB\\\\snell", "terminalSessionId": "1", "parentUser": "SOCLAB\\\\snell"}, "system": {"eventID": "1", "keywords": "0x8000000000000000", "providerGuid": "{5770385f-c22a-43e0-bf4c-06f5698ffbd9}", "level": "4", "channel": "Microsoft-Windows-Sysmon/Operational", "opcode": "0", "message": "\"Process Create:\r\nRuleName: technique_id=T1059,technique_name=Command-Line Interface\r\nUtcTime: 2025-07-05 13:02:57.652\r\nProcessGuid: {ff3427f9-2281-6869-9901-000000001500}\r\nProcessId: 2876\r\nImage: C:\\Windows\\System32\\qwinsta.exe\r\nFileVersion: 10.0.26100.1882 (WinBuild.160101.0800)\r\nDescription: Query Session Utility\r\nProduct: Microsoft\u00ae Windows\u00ae Operating System\r\nCompany: Microsoft Corporation\r\nOriginalFileName: qwinsta.exe\r\nCommandLine: qwinsta  /server:localhost \r\nCurrentDirectory: C:\\Users\\snell\\AppData\\Local\\Temp\\\r\nUser: SOCLAB\\snell\r\nLogonGuid: {ff3427f9-2071-6869-6f2f-080000000000}\r\nLogonId: 0x82F6F\r\nTerminalSessionId: 1\r\nIntegrityLevel: High\r\nHashes: SHA1=E0BA6714F7CD0AA89665CE1190E3EAE72538CA97,MD5=3E40037F447723F686D1D0640D2CD8CA,SHA256=25B58392DFC39233BB2CFDB8D2109D7BE6C99ADBAEE0E0232A636E1DBF08175E,IMPHASH=D1DB32AE474C00FB7315E2D610E6A740\r\nParentProcessGuid: {ff3427f9-2281-6869-9801-000000001500}\r\nParentProcessId: 2484\r\nParentImage: C:\\Windows\\System32\\cmd.exe\r\nParentCommandLine: C:\\WINDOWS\\system32\\cmd.exe /c qwinsta /server:localhost | findstr \"Active Disc\"\r\nParentUser: SOCLAB\\snell\"", "version": "5", "systemTime": "2025-07-05T13:02:57.6563507Z", "eventRecordID": "395398", "threadID": "3628", "computer": "Win11Client.soclab.internal", "task": "1", "processID": "3068", "severityValue": "INFORMATION", "providerName": "Microsoft-Windows-Sysmon"}}}, "rule": {"firedtimes": 2, "mail": false, "description": "Gathered user information from Remote Desktop Service sessions", "groups": ["sysmon", "sysmon_eid1_detections", "windows"], "mitre": {"technique": ["System Owner/User Discovery"], "id": ["T1033"], "tactic": ["Discovery"]}, "id": "92022"}, "location": "EventChannel", "decoder": {"name": "windows_eventchannel"}, "id": "1751720578.2109846", "timestamp": "2025-07-05T13:02:58.707+0000"}, "fields": {"timestamp": ["2025-07-05T13:02:58.707Z"]}, "sort": [1751720578707]}, "chatgpt_response": {"alert_id": "v6mu2pcBGfDWR0X_074N", "classification": "TP", "priority": "High", "justification": "This alert is generated by Sysmon (event ID 1: Process Create) and triggers on the execution of 'qwinsta.exe' with a command line that queries remote session information. The rule is mapped to MITRE ATT&CK T1033 (System Owner/User Discovery), indicating a potential reconnaissance activity by the user. The process is running with High integrity level and is associated with sensitive information gathering. Although the command is executed by an internal user, the usage of session enumeration tools on a workstation is suspicious and should be investigated promptly. False positives are possible if 'qwinsta' is used for legitimate administration, but the context (rule mapping, high integrity, Sysmon detection) leans toward a true positive requiring immediate triage."}, "chatgpt_classification": "TP", "chatgpt_priority": "High", "chatgpt_justification": "This alert is generated by Sysmon (event ID 1: Process Create) and triggers on the execution of 'qwinsta.exe' with a command line that queries remote session information. The rule is mapped to MITRE ATT&CK T1033 (System Owner/User Discovery), indicating a potential reconnaissance activity by the user. The process is running with High integrity level and is associated with sensitive information gathering. Although the command is executed by an internal user, the usage of session enumeration tools on a workstation is suspicious and should be investigated promptly. False positives are possible if 'qwinsta' is used for legitimate administration, but the context (rule mapping, high integrity, Sysmon detection) leans toward a true positive requiring immediate triage.", "classification_match": true, "priority_match": false}
{"id": "z0fL1JcBxOat6TbbBpRK", "description": "Explorer process was accessed by C:\\\\Users\\\\sbeater\\\\AppData\\\\Local\\\\Microsoft\\\\OneDrive\\\\25.110.0608.0002\\\\Microsoft.SharePoint.exe, possible process injection", "label": "FP", "rule_level": 12, "rule_priority": "High", "alert": {"_index": "wazuh-alerts-4.x-2025.07.04", "_id": "z0fL1JcBxOat6TbbBpRK", "_version": 1, "_score": null, "_source": {"input": {"type": "log"}, "agent": {"ip": "10.0.2.14", "name": "Win11Client", "id": "003"}, "manager": {"name": "wazuh-server"}, "data": {"win": {"eventdata": {"grantedAccess": "0x40", "targetProcessId": "752", "sourceUser": "SOCLAB\\\\sbeater", "targetImage": "C:\\\\WINDOWS\\\\Explorer.EXE", "sourceProcessGUID": "{ff3427f9-a07d-6867-e605-000000001200}", "callTrace": "C:\\\\WINDOWS\\\\SYSTEM32\\\\ntdll.dll+161fc4|C:\\\\WINDOWS\\\\System32\\\\KERNELBASE.dll+c5b66|C:\\\\WINDOWS\\\\System32\\\\shcore.dll+3ada9|C:\\\\WINDOWS\\\\System32\\\\shcore.dll+1df4a|C:\\\\WINDOWS\\\\System32\\\\shcore.dll+1cde1|C:\\\\WINDOWS\\\\SYSTEM32\\\\windows.storage.dll+5803fd|C:\\\\WINDOWS\\\\SYSTEM32\\\\windows.storage.dll+159419|C:\\\\WINDOWS\\\\SYSTEM32\\\\windows.storage.dll+158ef3|C:\\\\WINDOWS\\\\System32\\\\shcore.dll+27113|C:\\\\WINDOWS\\\\System32\\\\shcore.dll+2729d|C:\\\\Users\\\\sbeater\\\\AppData\\\\Local\\\\Microsoft\\\\OneDrive\\\\25.110.0608.0002\\\\Microsoft.SharePoint.dll+11aab20|C:\\\\Users\\\\sbeater\\\\AppData\\\\Local\\\\Microsoft\\\\OneDrive\\\\25.110.0608.0002\\\\Microsoft.SharePoint.dll+68ba2|C:\\\\Users\\\\sbeater\\\\AppData\\\\Local\\\\Microsoft\\\\OneDrive\\\\25.110.0608.0002\\\\Microsoft.SharePoint.dll+3b1f8|C:\\\\Users\\\\sbeater\\\\AppData\\\\Local\\\\Microsoft\\\\OneDrive\\\\25.110.0608.0002\\\\Microsoft.SharePoint.exe+306d|C:\\\\Users\\\\sbeater\\\\AppData\\\\Local\\\\Microsoft\\\\OneDrive\\\\25.110.0608.0002\\\\Microsoft.SharePoint.exe+42182|C:\\\\WINDOWS\\\\System32\\\\KERNEL32.DLL+2e8d7|C:\\\\WINDOWS\\\\SYSTEM32\\\\ntdll.dll+3c34c", "sourceThreadId": "1816", "targetProcessGUID": "{ff3427f9-9fed-6867-7805-000000001200}", "utcTime": "2025-07-04 09:36:00.199", "ruleName": "technique_id=T1036,technique_name=Masquerading", "sourceProcessId": "5692", "sourceImage": "C:\\\\Users\\\\sbeater\\\\AppData\\\\Local\\\\Microsoft\\\\OneDrive\\\\25.110.0608.0002\\\\Microsoft.SharePoint.exe", "targetUser": "SOCLAB\\\\sbeater"}, "system": {"eventID": "10", "keywords": "0x8000000000000000", "providerGuid": "{5770385f-c22a-43e0-bf4c-06f5698ffbd9}", "level": "4", "channel": "Microsoft-Windows-Sysmon/Operational", "opcode": "0", "message": "\"Process accessed:\r\nRuleName: technique_id=T1036,technique_name=Masquerading\r\nUtcTime: 2025-07-04 09:36:00.199\r\nSourceProcessGUID: {ff3427f9-a07d-6867-e605-000000001200}\r\nSourceProcessId: 5692\r\nSourceThreadId: 1816\r\nSourceImage: C:\\Users\\sbeater\\AppData\\Local\\Microsoft\\OneDrive\\25.110.0608.0002\\Microsoft.SharePoint.exe\r\nTargetProcessGUID: {ff3427f9-9fed-6867-7805-000000001200}\r\nTargetProcessId: 752\r\nTargetImage: C:\\WINDOWS\\Explorer.EXE\r\nGrantedAccess: 0x40\r\nCallTrace: C:\\WINDOWS\\SYSTEM32\\ntdll.dll+161fc4|C:\\WINDOWS\\System32\\KERNELBASE.dll+c5b66|C:\\WINDOWS\\System32\\shcore.dll+3ada9|C:\\WINDOWS\\System32\\shcore.dll+1df4a|C:\\WINDOWS\\System32\\shcore.dll+1cde1|C:\\WINDOWS\\SYSTEM32\\windows.storage.dll+5803fd|C:\\WINDOWS\\SYSTEM32\\windows.storage.dll+159419|C:\\WINDOWS\\SYSTEM32\\windows.storage.dll+158ef3|C:\\WINDOWS\\System32\\shcore.dll+27113|C:\\WINDOWS\\System32\\shcore.dll+2729d|C:\\Users\\sbeater\\AppData\\Local\\Microsoft\\OneDrive\\25.110.0608.0002\\Microsoft.SharePoint.dll+11aab20|C:\\Users\\sbeater\\AppData\\Local\\Microsoft\\OneDrive\\25.110.0608.0002\\Microsoft.SharePoint.dll+68ba2|C:\\Users\\sbeater\\AppData\\Local\\Microsoft\\OneDrive\\25.110.0608.0002\\Microsoft.SharePoint.dll+3b1f8|C:\\Users\\sbeater\\AppData\\Local\\Microsoft\\OneDrive\\25.110.0608.0002\\Microsoft.SharePoint.exe+306d|C:\\Users\\sbeater\\AppData\\Local\\Microsoft\\OneDrive\\25.110.0608.0002\\Microsoft.SharePoint.exe+42182|C:\\WINDOWS\\System32\\KERNEL32.DLL+2e8d7|C:\\WINDOWS\\SYSTEM32\\ntdll.dll+3c34c\r\nSourceUser: SOCLAB\\sbeater\r\nTargetUser: SOCLAB\\sbeater\"", "version": "3", "systemTime": "2025-07-04T09:36:00.2015973Z", "eventRecordID": "136964", "threadID": "4448", "computer": "Win11Client.soclab.internal", "task": "10", "processID": "3744", "severityValue": "INFORMATION", "providerName": "Microsoft-Windows-Sysmon"}}}, "rule": {"firedtimes": 1091, "mail": true, "description": "Explorer process was accessed by C:\\\\Users\\\\sbeater\\\\AppData\\\\Local\\\\Microsoft\\\\OneDrive\\\\25.110.0608.0002\\\\Microsoft.SharePoint.exe, possible process injection", "groups": ["sysmon", "sysmon_eid10_detections", "windows"], "mitre": {"technique": ["Process Injection"], "id": ["T1055"], "tactic": ["Defense Evasion", "Privilege Escalation"]}, "id": "92910"}, "location": "EventChannel", "decoder": {"name": "windows_eventchannel"}, "id": "1751621762.27455884", "timestamp": "2025-07-04T09:36:02.177+0000"}, "fields": {"timestamp": ["2025-07-04T09:36:02.177Z"]}, "sort": [1751621762177]}, "chatgpt_response": {"alert_id": "z0fL1JcBxOat6TbbBpRK", "classification": "TP", "priority": "High", "justification": "The alert indicates that a Microsoft SharePoint process accessed the Windows Explorer process (explorer.exe), which matches the detection rule for 'Process Injection' (MITRE T1055) and is flagged as 'Masquerading' (T1036). This behavior is commonly associated with defense evasion and privilege escalation techniques, and is detected by Sysmon EventID 10. The source process (Microsoft.SharePoint.exe via OneDrive) accessing explorer.exe with 'GrantedAccess: 0x40' could be indicative of a genuine utility behavior, but given the alert rule and context, it should be investigated as a potential compromise or malicious activity. Therefore, this should be treated as a True Positive with High priority until further investigation confirms otherwise."}, "chatgpt_classification": "TP", "chatgpt_priority": "High", "chatgpt_justification": "The alert indicates that a Microsoft SharePoint process accessed the Windows Explorer process (explorer.exe), which matches the detection rule for 'Process Injection' (MITRE T1055) and is flagged as 'Masquerading' (T1036). This behavior is commonly associated with defense evasion and privilege escalation techniques, and is detected by Sysmon EventID 10. The source process (Microsoft.SharePoint.exe via OneDrive) accessing explorer.exe with 'GrantedAccess: 0x40' could be indicative of a genuine utility behavior, but given the alert rule and context, it should be investigated as a potential compromise or malicious activity. Therefore, this should be treated as a True Positive with High priority until further investigation confirms otherwise.", "classification_match": false, "priority_match": true}
{"id": "FEfi1JcBxOat6TbbmZeC", "description": "Detected WinRM activity from 10.0.2.12 to 10.0.2.14", "label": "FP", "rule_level": 4, "rule_priority": "Low", "alert": {"_index": "wazuh-alerts-4.x-2025.07.04", "_id": "FEfi1JcBxOat6TbbmZeC", "_version": 1, "_score": null, "_source": {"input": {"type": "log"}, "agent": {"ip": "10.0.2.14", "name": "Win11Client", "id": "003"}, "manager": {"name": "wazuh-server"}, "data": {"win": {"eventdata": {"destinationPort": "5985", "image": "System", "sourcePort": "49305", "initiated": "false", "destinationIp": "10.0.2.14", "protocol": "tcp", "processGuid": "{ff3427f9-3a5a-6866-eb03-000000000000}", "sourceIp": "10.0.2.12", "processId": "4", "utcTime": "2025-07-03 17:00:15.661", "ruleName": "technique_id=T1021.006,technique_name=Windows Remote Management", "destinationIsIpv6": "false", "user": "NT AUTHORITY\\\\SYSTEM", "sourceIsIpv6": "false"}, "system": {"eventID": "3", "keywords": "0x8000000000000000", "providerGuid": "{5770385f-c22a-43e0-bf4c-06f5698ffbd9}", "level": "4", "channel": "Microsoft-Windows-Sysmon/Operational", "opcode": "0", "message": "\"Network connection detected:\r\nRuleName: technique_id=T1021.006,technique_name=Windows Remote Management\r\nUtcTime: 2025-07-03 17:00:15.661\r\nProcessGuid: {ff3427f9-3a5a-6866-eb03-000000000000}\r\nProcessId: 4\r\nImage: System\r\nUser: NT AUTHORITY\\SYSTEM\r\nProtocol: tcp\r\nInitiated: false\r\nSourceIsIpv6: false\r\nSourceIp: 10.0.2.12\r\nSourceHostname: -\r\nSourcePort: 49305\r\nSourcePortName: -\r\nDestinationIsIpv6: false\r\nDestinationIp: 10.0.2.14\r\nDestinationHostname: -\r\nDestinationPort: 5985\r\nDestinationPortName: -\"", "version": "5", "systemTime": "2025-07-04T10:01:46.8074507Z", "eventRecordID": "139730", "threadID": "4460", "computer": "Win11Client.soclab.internal", "task": "3", "processID": "3744", "severityValue": "INFORMATION", "providerName": "Microsoft-Windows-Sysmon"}}}, "rule": {"firedtimes": 6, "mail": false, "description": "Detected WinRM activity from 10.0.2.12 to 10.0.2.14", "groups": ["sysmon", "sysmon_eid3_detections", "windows"], "mitre": {"technique": ["Windows Remote Management"], "id": ["T1021.006"], "tactic": ["Lateral Movement"]}, "id": "92110"}, "location": "EventChannel", "decoder": {"name": "windows_eventchannel"}, "id": "1751623308.29760802", "timestamp": "2025-07-04T10:01:48.188+0000"}, "fields": {"timestamp": ["2025-07-04T10:01:48.188Z"]}, "sort": [1751623308188]}, "chatgpt_response": {"alert_id": "FEfi1JcBxOat6TbbmZeC", "classification": "TP", "priority": "High", "justification": "This alert was generated by Sysmon (event ID 3) and detected WinRM (Windows Remote Management) activity initiated from an internal host (10.0.2.12) to another internal host (10.0.2.14) on port 5985. The user is SYSTEM, and the connection was NOT initiated by the local host (initiated: false), which could indicate lateral movement or unauthorized remote management. This matches MITRE ATT&CK T1021.006 (Lateral Movement via WinRM), which is a high-risk activity and should be investigated immediately."}, "chatgpt_classification": "TP", "chatgpt_priority": "High", "chatgpt_justification": "This alert was generated by Sysmon (event ID 3) and detected WinRM (Windows Remote Management) activity initiated from an internal host (10.0.2.12) to another internal host (10.0.2.14) on port 5985. The user is SYSTEM, and the connection was NOT initiated by the local host (initiated: false), which could indicate lateral movement or unauthorized remote management. This matches MITRE ATT&CK T1021.006 (Lateral Movement via WinRM), which is a high-risk activity and should be investigated immediately.", "classification_match": false, "priority_match": false}
