{"id": "0Meau5cBD2WdxGkxhI8U", "description": "Windows command prompt started by an abnormal process", "label": "FP", "rule_level": 4, "rule_priority": "Low", "alert": {"_index": "wazuh-alerts-4.x-2025.06.29", "_id": "0Meau5cBD2WdxGkxhI8U", "_version": 1, "_score": null, "_source": {"input": {"type": "log"}, "agent": {"ip": "10.0.2.14", "name": "Win11Client", "id": "003"}, "manager": {"name": "wazuh-server"}, "data": {"win": {"eventdata": {"originalFileName": "Cmd.Exe", "image": "C:\\\\Windows\\\\System32\\\\cmd.exe", "product": "Microsoft\u00ae Windows\u00ae Operating System", "parentProcessGuid": "{ff3427f9-295a-6861-2000-000000001000}", "description": "Windows Command Processor", "logonGuid": "{ff3427f9-2958-6861-e703-000000000000}", "parentCommandLine": "C:\\\\WINDOWS\\\\system32\\\\svchost.exe -k netsvcs -p -s Schedule", "processGuid": "{ff3427f9-2daf-6861-2002-000000001000}", "logonId": "0x3e7", "parentProcessId": "1624", "processId": "4296", "currentDirectory": "C:\\\\WINDOWS\\\\system32\\\\", "utcTime": "2025-06-29 12:12:31.173", "hashes": "SHA1=09C438B2B740E73B9BCBA70AF4B8CC10A31B4EEE,MD5=59A3F41DD84517FCF809BD65FFF5E721,SHA256=AE4943E5F3F763688E10601F090B4CAE3CE19F0B427007884B40D27D7FB9274D,IMPHASH=ED799256EDA047E9421AD70A5FE3ACD6", "parentImage": "C:\\\\Windows\\\\System32\\\\svchost.exe", "ruleName": "technique_id=T1059,technique_name=Command-Line Interface", "company": "Microsoft Corporation", "commandLine": "\\\"C:\\\\WINDOWS\\\\system32\\\\cmd.exe\\\" /d /c C:\\\\WINDOWS\\\\system32\\\\hpatchmonTask.cmd", "integrityLevel": "System", "fileVersion": "10.0.26100.4202 (WinBuild.160101.0800)", "user": "NT AUTHORITY\\\\SYSTEM", "terminalSessionId": "0", "parentUser": "NT AUTHORITY\\\\SYSTEM"}, "system": {"eventID": "1", "keywords": "0x8000000000000000", "providerGuid": "{5770385f-c22a-43e0-bf4c-06f5698ffbd9}", "level": "4", "channel": "Microsoft-Windows-Sysmon/Operational", "opcode": "0", "message": "\"Process Create:\r\nRuleName: technique_id=T1059,technique_name=Command-Line Interface\r\nUtcTime: 2025-06-29 12:12:31.173\r\nProcessGuid: {ff3427f9-2daf-6861-2002-000000001000}\r\nProcessId: 4296\r\nImage: C:\\Windows\\System32\\cmd.exe\r\nFileVersion: 10.0.26100.4202 (WinBuild.160101.0800)\r\nDescription: Windows Command Processor\r\nProduct: Microsoft\u00ae Windows\u00ae Operating System\r\nCompany: Microsoft Corporation\r\nOriginalFileName: Cmd.Exe\r\nCommandLine: \"C:\\WINDOWS\\system32\\cmd.exe\" /d /c C:\\WINDOWS\\system32\\hpatchmonTask.cmd\r\nCurrentDirectory: C:\\WINDOWS\\system32\\\r\nUser: NT AUTHORITY\\SYSTEM\r\nLogonGuid: {ff3427f9-2958-6861-e703-000000000000}\r\nLogonId: 0x3E7\r\nTerminalSessionId: 0\r\nIntegrityLevel: System\r\nHashes: SHA1=09C438B2B740E73B9BCBA70AF4B8CC10A31B4EEE,MD5=59A3F41DD84517FCF809BD65FFF5E721,SHA256=AE4943E5F3F763688E10601F090B4CAE3CE19F0B427007884B40D27D7FB9274D,IMPHASH=ED799256EDA047E9421AD70A5FE3ACD6\r\nParentProcessGuid: {ff3427f9-295a-6861-2000-000000001000}\r\nParentProcessId: 1624\r\nParentImage: C:\\Windows\\System32\\svchost.exe\r\nParentCommandLine: C:\\WINDOWS\\system32\\svchost.exe -k netsvcs -p -s Schedule\r\nParentUser: NT AUTHORITY\\SYSTEM\"", "version": "5", "systemTime": "2025-06-29T12:12:31.7396744Z", "eventRecordID": "110690", "threadID": "4536", "computer": "Win11Client.soclab.internal", "task": "1", "processID": "3828", "severityValue": "INFORMATION", "providerName": "Microsoft-Windows-Sysmon"}}}, "rule": {"firedtimes": 2, "mail": false, "description": "Windows command prompt started by an abnormal process", "groups": ["sysmon", "sysmon_eid1_detections", "windows"], "mitre": {"technique": ["Windows Command Shell"], "id": ["T1059.003"], "tactic": ["Execution"]}, "id": "92052"}, "location": "EventChannel", "decoder": {"name": "windows_eventchannel"}, "id": "1751199152.22236149", "timestamp": "2025-06-29T12:12:32.858+0000"}, "fields": {"timestamp": ["2025-06-29T12:12:32.858Z"]}, "sort": [1751199152858]}, "chatgpt_response": {"alert_id": "0Meau5cBD2WdxGkxhI8U", "classification": "TP", "priority": "High", "justification": "The alert indicates the execution of a Windows command shell (cmd.exe) initiated by a service process (svchost.exe -k netsvcs -s Schedule), which is a known technique (T1059.003) for execution in Windows environments. The process is running with SYSTEM integrity level and was triggered by an abnormal service execution chain, which is suspicious and could indicate lateral movement, privilege escalation, or execution of malicious scripts. The presence of hashes and detailed event data further supports the legitimacy of the event. This should be treated as a potential compromise and requires immediate investigation."}, "chatgpt_classification": "TP", "chatgpt_priority": "High", "chatgpt_justification": "The alert indicates the execution of a Windows command shell (cmd.exe) initiated by a service process (svchost.exe -k netsvcs -s Schedule), which is a known technique (T1059.003) for execution in Windows environments. The process is running with SYSTEM integrity level and was triggered by an abnormal service execution chain, which is suspicious and could indicate lateral movement, privilege escalation, or execution of malicious scripts. The presence of hashes and detailed event data further supports the legitimacy of the event. This should be treated as a potential compromise and requires immediate investigation.", "classification_match": false, "priority_match": false}
{"id": "_UcN1pcBxOat6Tbb5K3v", "description": "PAM: Login session opened.", "label": "FP", "rule_level": 3, "rule_priority": "Low", "alert": {"_index": "wazuh-alerts-4.x-2025.07.04", "_id": "_UcN1pcBxOat6Tbb5K3v", "_version": 1, "_score": null, "_source": {"predecoder": {"hostname": "Linux-Server", "program_name": "sudo", "timestamp": "Jul 04 15:28:33"}, "input": {"type": "log"}, "agent": {"ip": "10.0.2.9", "name": "Linux-Server", "id": "002"}, "manager": {"name": "wazuh-server"}, "data": {"srcuser": "vboxuser", "uid": "1000", "dstuser": "root(uid=0)"}, "rule": {"mail": false, "pci_dss": ["10.2.5"], "hipaa": ["164.312.b"], "tsc": ["CC6.8", "CC7.2", "CC7.3"], "description": "PAM: Login session opened.", "groups": ["pam", "syslog", "authentication_success"], "nist_800_53": ["AU.14", "AC.7"], "gdpr": ["IV_32.2"], "firedtimes": 1, "mitre": {"technique": ["Valid Accounts"], "id": ["T1078"], "tactic": ["Defense Evasion", "Persistence", "Privilege Escalation", "Initial Access"]}, "id": "5501", "gpg13": ["7.8", "7.9"]}, "location": "journald", "decoder": {"parent": "pam", "name": "pam"}, "id": "1751642913.39856518", "full_log": "Jul 04 15:28:33 Linux-Server sudo[2675]: pam_unix(sudo:session): session opened for user root(uid=0) by vboxuser(uid=1000)", "timestamp": "2025-07-04T15:28:33.780+0000"}, "fields": {"timestamp": ["2025-07-04T15:28:33.780Z"]}, "sort": [1751642913780]}, "chatgpt_response": {"alert_id": "1751642913.39856518", "classification": "TP", "priority": "High", "justification": "This alert indicates a successful privilege escalation attempt via the 'sudo' command, where a non-admin user ('vboxuser', uid=1000) opened a session as root (uid=0). This is a critical security event, as unauthorized use of root privileges is a serious risk. The MITRE tactic includes Privilege Escalation and the presence of 'Valid Accounts' technique. Immediate investigation is required."}, "chatgpt_classification": "TP", "chatgpt_priority": "High", "chatgpt_justification": "This alert indicates a successful privilege escalation attempt via the 'sudo' command, where a non-admin user ('vboxuser', uid=1000) opened a session as root (uid=0). This is a critical security event, as unauthorized use of root privileges is a serious risk. The MITRE tactic includes Privilege Escalation and the presence of 'Valid Accounts' technique. Immediate investigation is required.", "classification_match": false, "priority_match": false}
{"id": "vKmu2pcBGfDWR0X_074N", "description": "Gathered user information from Remote Desktop Service sessions", "label": "TP", "rule_level": 3, "rule_priority": "Low", "alert": {"_index": "wazuh-alerts-4.x-2025.07.05", "_id": "vKmu2pcBGfDWR0X_074N", "_score": null, "_source": {"input": {"type": "log"}, "agent": {"ip": "10.0.2.14", "name": "Win11Client", "id": "003"}, "manager": {"name": "wazuh-server"}, "data": {"win": {"eventdata": {"originalFileName": "qwinsta.exe", "image": "C:\\\\Windows\\\\System32\\\\qwinsta.exe", "product": "Microsoft\u00ae Windows\u00ae Operating System", "parentProcessGuid": "{ff3427f9-226b-6869-8f01-000000001500}", "description": "Query Session Utility", "logonGuid": "{ff3427f9-2071-6869-6f2f-080000000000}", "parentCommandLine": "\\\"cmd.exe\\\" /c cmd.exe /C whoami &amp; wmic useraccount get /ALL &amp; quser /SERVER:\\\"localhost\\\" &amp; quser &amp; qwinsta.exe /server:localhost &amp; qwinsta.exe &amp; for /F \\\"tokens=1,2\\\" %i in ('qwinsta /server:localhost ^| findstr \\\"Active Disc\\\"') do @echo %i | find /v \\\"#\\\" | find /v \\\"console\\\" || echo %j &gt; computers.txt &amp; @FOR /F %n in (computers.txt) DO @FOR /F \\\"tokens=1,2\\\" %i in ('qwinsta /server:%n ^| findstr \\\"Active Disc\\\"') do @echo %i | find /v \\\"#\\\" | find /v \\\"console\\\" || echo %j &gt; usernames.txt", "processGuid": "{ff3427f9-2281-6869-9601-000000001500}", "logonId": "0x82f6f", "parentProcessId": "9176", "processId": "8500", "currentDirectory": "C:\\\\Users\\\\snell\\\\AppData\\\\Local\\\\Temp\\\\", "utcTime": "2025-07-05 13:02:57.525", "hashes": "SHA1=E0BA6714F7CD0AA89665CE1190E3EAE72538CA97,MD5=3E40037F447723F686D1D0640D2CD8CA,SHA256=25B58392DFC39233BB2CFDB8D2109D7BE6C99ADBAEE0E0232A636E1DBF08175E,IMPHASH=D1DB32AE474C00FB7315E2D610E6A740", "parentImage": "C:\\\\Windows\\\\System32\\\\cmd.exe", "ruleName": "technique_id=T1059,technique_name=Command-Line Interface", "company": "Microsoft Corporation", "commandLine": "qwinsta.exe  /server:localhost", "integrityLevel": "High", "fileVersion": "10.0.26100.1882 (WinBuild.160101.0800)", "user": "SOCLAB\\\\snell", "terminalSessionId": "1", "parentUser": "SOCLAB\\\\snell"}, "system": {"eventID": "1", "keywords": "0x8000000000000000", "providerGuid": "{5770385f-c22a-43e0-bf4c-06f5698ffbd9}", "level": "4", "channel": "Microsoft-Windows-Sysmon/Operational", "opcode": "0", "message": "\"Process Create:\r\nRuleName: technique_id=T1059,technique_name=Command-Line Interface\r\nUtcTime: 2025-07-05 13:02:57.525\r\nProcessGuid: {ff3427f9-2281-6869-9601-000000001500}\r\nProcessId: 8500\r\nImage: C:\\Windows\\System32\\qwinsta.exe\r\nFileVersion: 10.0.26100.1882 (WinBuild.160101.0800)\r\nDescription: Query Session Utility\r\nProduct: Microsoft\u00ae Windows\u00ae Operating System\r\nCompany: Microsoft Corporation\r\nOriginalFileName: qwinsta.exe\r\nCommandLine: qwinsta.exe  /server:localhost \r\nCurrentDirectory: C:\\Users\\snell\\AppData\\Local\\Temp\\\r\nUser: SOCLAB\\snell\r\nLogonGuid: {ff3427f9-2071-6869-6f2f-080000000000}\r\nLogonId: 0x82F6F\r\nTerminalSessionId: 1\r\nIntegrityLevel: High\r\nHashes: SHA1=E0BA6714F7CD0AA89665CE1190E3EAE72538CA97,MD5=3E40037F447723F686D1D0640D2CD8CA,SHA256=25B58392DFC39233BB2CFDB8D2109D7BE6C99ADBAEE0E0232A636E1DBF08175E,IMPHASH=D1DB32AE474C00FB7315E2D610E6A740\r\nParentProcessGuid: {ff3427f9-226b-6869-8f01-000000001500}\r\nParentProcessId: 9176\r\nParentImage: C:\\Windows\\System32\\cmd.exe\r\nParentCommandLine: \"cmd.exe\" /c cmd.exe /C whoami & wmic useraccount get /ALL & quser /SERVER:\"localhost\" & quser & qwinsta.exe /server:localhost & qwinsta.exe & for /F \"tokens=1,2\" %i in ('qwinsta /server:localhost ^| findstr \"Active Disc\"') do @echo %i | find /v \"#\" | find /v \"console\" || echo %j > computers.txt & @FOR /F %n in (computers.txt) DO @FOR /F \"tokens=1,2\" %i in ('qwinsta /server:%n ^| findstr \"Active Disc\"') do @echo %i | find /v \"#\" | find /v \"console\" || echo %j > usernames.txt\r\nParentUser: SOCLAB\\snell\"", "version": "5", "systemTime": "2025-07-05T13:02:57.5312381Z", "eventRecordID": "395392", "threadID": "3628", "computer": "Win11Client.soclab.internal", "task": "1", "processID": "3068", "severityValue": "INFORMATION", "providerName": "Microsoft-Windows-Sysmon"}}}, "rule": {"firedtimes": 1, "mail": false, "description": "Gathered user information from Remote Desktop Service sessions", "groups": ["sysmon", "sysmon_eid1_detections", "windows"], "mitre": {"technique": ["System Owner/User Discovery"], "id": ["T1033"], "tactic": ["Discovery"]}, "id": "92022"}, "location": "EventChannel", "decoder": {"name": "windows_eventchannel"}, "id": "1751720578.2086031", "timestamp": "2025-07-05T13:02:58.694+0000"}, "fields": {"timestamp": ["2025-07-05T13:02:58.694Z"]}, "sort": [1751720578694]}, "chatgpt_response": {"alert_id": "vKmu2pcBGfDWR0X_074N", "classification": "TP", "priority": "High", "justification": "This alert is triggered by Sysmon Event ID 1 (Process Creation) for the execution of `qwinsta.exe`, a legitimate Windows tool used for querying Terminal Services sessions. However, the command-line arguments and nested commands indicate broader enumeration activities\u2014gathering user information from multiple remote sessions, writing to files (`computers.txt`, `usernames.txt`), and looping through results. This aligns with MITRE Tactic Discovery (T1033 \u2013 System Owner/User Discovery). Such behavior is commonly associated with lateral movement and credential enumeration during active attacks. The high integrity level and the context of the activity suggest an active attempt at user/session enumeration, which is suspicious and should be investigated promptly. Therefore, it is classified as a True Positive with High priority."}, "chatgpt_classification": "TP", "chatgpt_priority": "High", "chatgpt_justification": "This alert is triggered by Sysmon Event ID 1 (Process Creation) for the execution of `qwinsta.exe`, a legitimate Windows tool used for querying Terminal Services sessions. However, the command-line arguments and nested commands indicate broader enumeration activities\u2014gathering user information from multiple remote sessions, writing to files (`computers.txt`, `usernames.txt`), and looping through results. This aligns with MITRE Tactic Discovery (T1033 \u2013 System Owner/User Discovery). Such behavior is commonly associated with lateral movement and credential enumeration during active attacks. The high integrity level and the context of the activity suggest an active attempt at user/session enumeration, which is suspicious and should be investigated promptly. Therefore, it is classified as a True Positive with High priority.", "classification_match": true, "priority_match": false}
{"id": "ZAr035cBiGYaRV9XO7Ig", "description": "Possible DLL search order hijack by C:\\\\Windows\\\\SystemTemp\\\\{5BC2AA27-E918-46DE-A629-AB71C1D40E4D}\\\\ssshim.dll created in Windows root folder", "label": "FP", "rule_level": 6, "rule_priority": "Low", "alert": {"_index": "wazuh-alerts-4.x-2025.07.06", "_id": "ZAr035cBiGYaRV9XO7Ig", "_score": null, "_source": {"input": {"type": "log"}, "agent": {"ip": "10.0.2.14", "name": "Win11Client", "id": "003"}, "manager": {"name": "wazuh-server"}, "data": {"win": {"eventdata": {"image": "C:\\\\WINDOWS\\\\System32\\\\svchost.exe", "processGuid": "{ff3427f9-51d7-686a-1400-000000001600}", "processId": "1184", "utcTime": "2025-07-06 13:36:48.089", "targetFilename": "C:\\\\Windows\\\\SystemTemp\\\\{5BC2AA27-E918-46DE-A629-AB71C1D40E4D}\\\\ssshim.dll", "ruleName": "technique_id=T1047,technique_name=File System Permissions Weakness", "creationUtcTime": "2025-07-06 13:36:48.089", "user": "NT AUTHORITY\\\\SYSTEM"}, "system": {"eventID": "11", "keywords": "0x8000000000000000", "providerGuid": "{5770385f-c22a-43e0-bf4c-06f5698ffbd9}", "level": "4", "channel": "Microsoft-Windows-Sysmon/Operational", "opcode": "0", "message": "\"File created:\r\nRuleName: technique_id=T1047,technique_name=File System Permissions Weakness\r\nUtcTime: 2025-07-06 13:36:48.089\r\nProcessGuid: {ff3427f9-51d7-686a-1400-000000001600}\r\nProcessId: 1184\r\nImage: C:\\WINDOWS\\System32\\svchost.exe\r\nTargetFilename: C:\\Windows\\SystemTemp\\{5BC2AA27-E918-46DE-A629-AB71C1D40E4D}\\ssshim.dll\r\nCreationUtcTime: 2025-07-06 13:36:48.089\r\nUser: NT AUTHORITY\\SYSTEM\"", "version": "2", "systemTime": "2025-07-06T13:36:48.0892442Z", "eventRecordID": "875279", "threadID": "3716", "computer": "Win11Client.soclab.internal", "task": "11", "processID": "3024", "severityValue": "INFORMATION", "providerName": "Microsoft-Windows-Sysmon"}}}, "rule": {"firedtimes": 14, "mail": false, "description": "Possible DLL search order hijack by C:\\\\Windows\\\\SystemTemp\\\\{5BC2AA27-E918-46DE-A629-AB71C1D40E4D}\\\\ssshim.dll created in Windows root folder", "groups": ["sysmon", "sysmon_eid11_detections", "windows"], "mitre": {"technique": ["DLL Search Order Hijacking", "DLL Side-Loading"], "id": ["T1574.001", "T1574.002"], "tactic": ["Persistence", "Privilege Escalation", "Defense Evasion"]}, "id": "92219"}, "location": "EventChannel", "decoder": {"name": "windows_eventchannel"}, "id": "1751809008.24285240", "timestamp": "2025-07-06T13:36:48.768+0000"}, "fields": {"timestamp": ["2025-07-06T13:36:48.768Z"]}, "sort": [1751809008768]}, "chatgpt_response": {"alert_id": "ZAr035cBiGYaRV9XO7Ig", "classification": "TP", "priority": "High", "justification": "This alert is triggered by Sysmon event ID 11 (file creation) for a DLL named 'ssshim.dll' created in the Windows root temp directory by the SYSTEM user via svchost.exe. The rule correlates this with possible DLL search order hijacking (MITRE T1574), which is a known persistence and privilege escalation technique used by adversaries. The presence of such files and techniques in a production environment is a serious security event that requires immediate investigation. Therefore, it is classified as a True Positive (TP) with High priority."}, "chatgpt_classification": "TP", "chatgpt_priority": "High", "chatgpt_justification": "This alert is triggered by Sysmon event ID 11 (file creation) for a DLL named 'ssshim.dll' created in the Windows root temp directory by the SYSTEM user via svchost.exe. The rule correlates this with possible DLL search order hijacking (MITRE T1574), which is a known persistence and privilege escalation technique used by adversaries. The presence of such files and techniques in a production environment is a serious security event that requires immediate investigation. Therefore, it is classified as a True Positive (TP) with High priority.", "classification_match": false, "priority_match": false}
{"id": "5Ar_35cBiGYaRV9XubJR", "description": "A C:\\\\Windows\\\\System32\\\\net.exe binary was started by a Windows cmd shell", "label": "TP", "rule_level": 3, "rule_priority": "Low", "alert": {"_index": "wazuh-alerts-4.x-2025.07.06", "_id": "5Ar_35cBiGYaRV9XubJR", "_score": null, "_source": {"input": {"type": "log"}, "agent": {"ip": "10.0.2.14", "name": "Win11Client", "id": "003"}, "manager": {"name": "wazuh-server"}, "data": {"win": {"eventdata": {"originalFileName": "net.exe", "image": "C:\\\\Windows\\\\System32\\\\net.exe", "product": "Microsoft\u00ae Windows\u00ae Operating System", "parentProcessGuid": "{ff3427f9-7ed2-686a-fc05-000000001600}", "description": "Net Command", "logonGuid": "{ff3427f9-5f92-686a-d1e8-3b0200000000}", "parentCommandLine": "cmd.exe  /c \\\"net use \\\\\\\\Target\\\\C$ P@ssw0rd1 /u:DOMAIN\\\\Administrator\\\"", "processGuid": "{ff3427f9-7ed2-686a-fd05-000000001600}", "logonId": "0x23be8d1", "parentProcessId": "8364", "processId": "5628", "currentDirectory": "C:\\\\Users\\\\snell\\\\AppData\\\\Local\\\\Temp\\\\", "utcTime": "2025-07-06 13:49:06.722", "hashes": "SHA1=EE89579561980FCD4E9A8D4FDB147134A289EC0F,MD5=864842D77174D93A0EABF89879A43569,SHA256=2F3D1A52FC7D1DDFAB34B290BCEB31F03E13B658B31C3914E954DBA877009F26,IMPHASH=EF46B86C2346DA0A991DE4B78AAF4E75", "parentImage": "C:\\\\Windows\\\\System32\\\\cmd.exe", "ruleName": "technique_id=T1018,technique_name=Remote System Discovery", "company": "Microsoft Corporation", "commandLine": "net  use \\\\\\\\Target\\\\C$ P@ssw0rd1 /u:DOMAIN\\\\Administrator", "integrityLevel": "High", "fileVersion": "10.0.26100.4202 (WinBuild.160101.0800)", "user": "SOCLAB\\\\snell", "terminalSessionId": "2", "parentUser": "SOCLAB\\\\snell"}, "system": {"eventID": "1", "keywords": "0x8000000000000000", "providerGuid": "{5770385f-c22a-43e0-bf4c-06f5698ffbd9}", "level": "4", "channel": "Microsoft-Windows-Sysmon/Operational", "opcode": "0", "message": "\"Process Create:\r\nRuleName: technique_id=T1018,technique_name=Remote System Discovery\r\nUtcTime: 2025-07-06 13:49:06.722\r\nProcessGuid: {ff3427f9-7ed2-686a-fd05-000000001600}\r\nProcessId: 5628\r\nImage: C:\\Windows\\System32\\net.exe\r\nFileVersion: 10.0.26100.4202 (WinBuild.160101.0800)\r\nDescription: Net Command\r\nProduct: Microsoft\u00ae Windows\u00ae Operating System\r\nCompany: Microsoft Corporation\r\nOriginalFileName: net.exe\r\nCommandLine: net  use \\\\Target\\C$ P@ssw0rd1 /u:DOMAIN\\Administrator\r\nCurrentDirectory: C:\\Users\\snell\\AppData\\Local\\Temp\\\r\nUser: SOCLAB\\snell\r\nLogonGuid: {ff3427f9-5f92-686a-d1e8-3b0200000000}\r\nLogonId: 0x23BE8D1\r\nTerminalSessionId: 2\r\nIntegrityLevel: High\r\nHashes: SHA1=EE89579561980FCD4E9A8D4FDB147134A289EC0F,MD5=864842D77174D93A0EABF89879A43569,SHA256=2F3D1A52FC7D1DDFAB34B290BCEB31F03E13B658B31C3914E954DBA877009F26,IMPHASH=EF46B86C2346DA0A991DE4B78AAF4E75\r\nParentProcessGuid: {ff3427f9-7ed2-686a-fc05-000000001600}\r\nParentProcessId: 8364\r\nParentImage: C:\\Windows\\System32\\cmd.exe\r\nParentCommandLine: cmd.exe  /c \"net use \\\\Target\\C$ P@ssw0rd1 /u:DOMAIN\\Administrator\"\r\nParentUser: SOCLAB\\snell\"", "version": "5", "systemTime": "2025-07-06T13:49:06.7251603Z", "eventRecordID": "875637", "threadID": "3716", "computer": "Win11Client.soclab.internal", "task": "1", "processID": "3024", "severityValue": "INFORMATION", "providerName": "Microsoft-Windows-Sysmon"}}}, "rule": {"firedtimes": 1, "mail": false, "description": "A C:\\\\Windows\\\\System32\\\\net.exe binary was started by a Windows cmd shell", "groups": ["sysmon", "sysmon_eid1_detections", "windows"], "mitre": {"technique": ["Windows Command Shell", "DLL Search Order Hijacking"], "id": ["T1059.003", "T1574.001"], "tactic": ["Execution", "Persistence", "Privilege Escalation", "Defense Evasion"]}, "id": "92036"}, "location": "EventChannel", "decoder": {"name": "windows_eventchannel"}, "id": "1751809758.25198657", "timestamp": "2025-07-06T13:49:18.778+0000"}, "fields": {"timestamp": ["2025-07-06T13:49:18.778Z"]}, "sort": [1751809758778]}, "chatgpt_response": {"alert_id": "5Ar_35cBiGYaRV9XubJR", "classification": "TP", "priority": "High", "justification": "The alert is triggered by Sysmon on a Windows host for the execution of 'net.exe' with a command indicative of mapping a network share using credentials. This matches known offensive security techniques (T1018 - Remote System Discovery), and the process chain (cmd.exe launching net.exe) is often used in lateral movement and privilege escalation. The presence of explicit credentials in the command line and the association with MITRE ATT&CK techniques elevate the risk. Unless there is a known legitimate use for this exact command in the environment, this should be treated as a true positive and prioritized as High."}, "chatgpt_classification": "TP", "chatgpt_priority": "High", "chatgpt_justification": "The alert is triggered by Sysmon on a Windows host for the execution of 'net.exe' with a command indicative of mapping a network share using credentials. This matches known offensive security techniques (T1018 - Remote System Discovery), and the process chain (cmd.exe launching net.exe) is often used in lateral movement and privilege escalation. The presence of explicit credentials in the command line and the association with MITRE ATT&CK techniques elevate the risk. Unless there is a known legitimate use for this exact command in the environment, this should be treated as a true positive and prioritized as High.", "classification_match": true, "priority_match": false}
{"id": "s6mu2pcBGfDWR0X_oL4E", "description": "Windows command prompt started by an abnormal process", "label": "TP", "rule_level": 4, "rule_priority": "Low", "alert": {"_index": "wazuh-alerts-4.x-2025.07.05", "_id": "s6mu2pcBGfDWR0X_oL4E", "_score": null, "_source": {"input": {"type": "log"}, "agent": {"ip": "10.0.2.14", "name": "Win11Client", "id": "003"}, "manager": {"name": "wazuh-server"}, "data": {"win": {"eventdata": {"originalFileName": "Cmd.Exe", "image": "C:\\\\Windows\\\\System32\\\\cmd.exe", "product": "Microsoft\u00ae Windows\u00ae Operating System", "parentProcessGuid": "{ff3427f9-20c8-6869-f800-000000001500}", "description": "Windows Command Processor", "logonGuid": "{ff3427f9-2071-6869-6f2f-080000000000}", "parentCommandLine": "\\\"C:\\\\Windows\\\\System32\\\\WindowsPowerShell\\\\v1.0\\\\powershell.exe\\\"", "processGuid": "{ff3427f9-226b-6869-8f01-000000001500}", "logonId": "0x82f6f", "parentProcessId": "2440", "processId": "9176", "currentDirectory": "C:\\\\Users\\\\snell\\\\AppData\\\\Local\\\\Temp\\\\", "utcTime": "2025-07-05 13:02:35.164", "hashes": "SHA1=09C438B2B740E73B9BCBA70AF4B8CC10A31B4EEE,MD5=59A3F41DD84517FCF809BD65FFF5E721,SHA256=AE4943E5F3F763688E10601F090B4CAE3CE19F0B427007884B40D27D7FB9274D,IMPHASH=ED799256EDA047E9421AD70A5FE3ACD6", "parentImage": "C:\\\\Windows\\\\System32\\\\WindowsPowerShell\\\\v1.0\\\\powershell.exe", "ruleName": "technique_id=T1027,technique_name=Obfuscated Files or Information", "company": "Microsoft Corporation", "commandLine": "\\\"cmd.exe\\\" /c cmd.exe /C whoami &amp; wmic useraccount get /ALL &amp; quser /SERVER:\\\"localhost\\\" &amp; quser &amp; qwinsta.exe /server:localhost &amp; qwinsta.exe &amp; for /F \\\"tokens=1,2\\\" %%i in ('qwinsta /server:localhost ^| findstr \\\"Active Disc\\\"') do @echo %%i | find /v \\\"#\\\" | find /v \\\"console\\\" || echo %%j &gt; computers.txt &amp; @FOR /F %%n in (computers.txt) DO @FOR /F \\\"tokens=1,2\\\" %%i in ('qwinsta /server:%%n ^| findstr \\\"Active Disc\\\"') do @echo %%i | find /v \\\"#\\\" | find /v \\\"console\\\" || echo %%j &gt; usernames.txt", "integrityLevel": "High", "fileVersion": "10.0.26100.4202 (WinBuild.160101.0800)", "user": "SOCLAB\\\\snell", "terminalSessionId": "1", "parentUser": "SOCLAB\\\\snell"}, "system": {"eventID": "1", "keywords": "0x8000000000000000", "providerGuid": "{5770385f-c22a-43e0-bf4c-06f5698ffbd9}", "level": "4", "channel": "Microsoft-Windows-Sysmon/Operational", "opcode": "0", "message": "\"Process Create:\r\nRuleName: technique_id=T1027,technique_name=Obfuscated Files or Information\r\nUtcTime: 2025-07-05 13:02:35.164\r\nProcessGuid: {ff3427f9-226b-6869-8f01-000000001500}\r\nProcessId: 9176\r\nImage: C:\\Windows\\System32\\cmd.exe\r\nFileVersion: 10.0.26100.4202 (WinBuild.160101.0800)\r\nDescription: Windows Command Processor\r\nProduct: Microsoft\u00ae Windows\u00ae Operating System\r\nCompany: Microsoft Corporation\r\nOriginalFileName: Cmd.Exe\r\nCommandLine: \"cmd.exe\" /c cmd.exe /C whoami & wmic useraccount get /ALL & quser /SERVER:\"localhost\" & quser & qwinsta.exe /server:localhost & qwinsta.exe & for /F \"tokens=1,2\" %%i in ('qwinsta /server:localhost ^| findstr \"Active Disc\"') do @echo %%i | find /v \"#\" | find /v \"console\" || echo %%j > computers.txt & @FOR /F %%n in (computers.txt) DO @FOR /F \"tokens=1,2\" %%i in ('qwinsta /server:%%n ^| findstr \"Active Disc\"') do @echo %%i | find /v \"#\" | find /v \"console\" || echo %%j > usernames.txt\r\nCurrentDirectory: C:\\Users\\snell\\AppData\\Local\\Temp\\\r\nUser: SOCLAB\\snell\r\nLogonGuid: {ff3427f9-2071-6869-6f2f-080000000000}\r\nLogonId: 0x82F6F\r\nTerminalSessionId: 1\r\nIntegrityLevel: High\r\nHashes: SHA1=09C438B2B740E73B9BCBA70AF4B8CC10A31B4EEE,MD5=59A3F41DD84517FCF809BD65FFF5E721,SHA256=AE4943E5F3F763688E10601F090B4CAE3CE19F0B427007884B40D27D7FB9274D,IMPHASH=ED799256EDA047E9421AD70A5FE3ACD6\r\nParentProcessGuid: {ff3427f9-20c8-6869-f800-000000001500}\r\nParentProcessId: 2440\r\nParentImage: C:\\Windows\\System32\\WindowsPowerShell\\v1.0\\powershell.exe\r\nParentCommandLine: \"C:\\Windows\\System32\\WindowsPowerShell\\v1.0\\powershell.exe\" \r\nParentUser: SOCLAB\\snell\"", "version": "5", "systemTime": "2025-07-05T13:02:35.1786171Z", "eventRecordID": "395363", "threadID": "3628", "computer": "Win11Client.soclab.internal", "task": "1", "processID": "3068", "severityValue": "INFORMATION", "providerName": "Microsoft-Windows-Sysmon"}}}, "rule": {"firedtimes": 3, "mail": false, "description": "Windows command prompt started by an abnormal process", "groups": ["sysmon", "sysmon_eid1_detections", "windows"], "mitre": {"technique": ["Windows Command Shell"], "id": ["T1059.003"], "tactic": ["Execution"]}, "id": "92052"}, "location": "EventChannel", "decoder": {"name": "windows_eventchannel"}, "id": "1751720556.2028644", "timestamp": "2025-07-05T13:02:36.184+0000"}, "fields": {"timestamp": ["2025-07-05T13:02:36.184Z"]}, "sort": [1751720556184]}, "chatgpt_response": {"alert_id": "s6mu2pcBGfDWR0X_oL4E", "classification": "TP", "priority": "High", "justification": "This alert was triggered by Sysmon rule 92052 (technique T1059.003 \u2013 Windows Command Shell), indicating a Windows command prompt (cmd.exe) was spawned by an abnormal or suspicious process (PowerShell). The command line includes multiple enumeration commands (whoami, wmic, quser, qwinsta), which are typical of lateral movement and information gathering activities. The hashes provided do not match known benign cmd.exe samples (implied by the rule firing and context), and the process has high integrity level. This is a strong indicator of compromised credentials or lateral movement and should be treated as a High priority true positive requiring immediate investigation."}, "chatgpt_classification": "TP", "chatgpt_priority": "High", "chatgpt_justification": "This alert was triggered by Sysmon rule 92052 (technique T1059.003 \u2013 Windows Command Shell), indicating a Windows command prompt (cmd.exe) was spawned by an abnormal or suspicious process (PowerShell). The command line includes multiple enumeration commands (whoami, wmic, quser, qwinsta), which are typical of lateral movement and information gathering activities. The hashes provided do not match known benign cmd.exe samples (implied by the rule firing and context), and the process has high integrity level. This is a strong indicator of compromised credentials or lateral movement and should be treated as a High priority true positive requiring immediate investigation.", "classification_match": true, "priority_match": false}
{"id": "J0eHz5cBxOat6TbbBWRI", "description": "Executable file dropped in Users\\Public folder", "label": "FP", "rule_level": 12, "rule_priority": "High", "alert": {"_index": "wazuh-alerts-4.x-2025.07.03", "_id": "J0eHz5cBxOat6TbbBWRI", "_score": null, "_source": {"input": {"type": "log"}, "agent": {"ip": "10.0.2.14", "name": "Win11Client", "id": "003"}, "manager": {"name": "wazuh-server"}, "data": {"win": {"eventdata": {"image": "C:\\\\Program Files (x86)\\\\Microsoft\\\\EdgeUpdate\\\\Install\\\\{46DA5EF5-4446-47E8-9F85-F3B28C842B0C}\\\\EDGEMITMP_544A2.tmp\\\\setup.exe", "processGuid": "{ff3427f9-476b-6866-6602-000000001200}", "processId": "6260", "utcTime": "2025-07-03 09:03:39.483", "targetFilename": "C:\\\\Users\\\\Public\\\\Desktop\\\\Microsoft Edge.lnk", "creationUtcTime": "2025-06-28 12:48:00.300", "user": "NT AUTHORITY\\\\SYSTEM"}, "system": {"eventID": "11", "keywords": "0x8000000000000000", "providerGuid": "{5770385f-c22a-43e0-bf4c-06f5698ffbd9}", "level": "4", "channel": "Microsoft-Windows-Sysmon/Operational", "opcode": "0", "message": "\"File created:\r\nRuleName: -\r\nUtcTime: 2025-07-03 09:03:39.483\r\nProcessGuid: {ff3427f9-476b-6866-6602-000000001200}\r\nProcessId: 6260\r\nImage: C:\\Program Files (x86)\\Microsoft\\EdgeUpdate\\Install\\{46DA5EF5-4446-47E8-9F85-F3B28C842B0C}\\EDGEMITMP_544A2.tmp\\setup.exe\r\nTargetFilename: C:\\Users\\Public\\Desktop\\Microsoft Edge.lnk\r\nCreationUtcTime: 2025-06-28 12:48:00.300\r\nUser: NT AUTHORITY\\SYSTEM\"", "version": "2", "systemTime": "2025-07-03T09:03:39.4856892Z", "eventRecordID": "126454", "threadID": "4448", "computer": "Win11Client.soclab.internal", "task": "11", "processID": "3744", "severityValue": "INFORMATION", "providerName": "Microsoft-Windows-Sysmon"}}}, "rule": {"firedtimes": 1, "mail": true, "description": "Executable file dropped in Users\\Public folder", "groups": ["sysmon", "sysmon_eid11_detections", "windows"], "mitre": {"technique": ["Ingress Tool Transfer"], "id": ["T1105"], "tactic": ["Command and Control"]}, "id": "92207"}, "location": "EventChannel", "decoder": {"name": "windows_eventchannel"}, "id": "1751533419.10975916", "timestamp": "2025-07-03T09:03:39.683+0000"}, "fields": {"timestamp": ["2025-07-03T09:03:39.683Z"]}, "sort": [1751533419683]}, "chatgpt_response": {"alert_id": "J0eHz5cBxOat6TbbBWRI", "classification": "TP", "priority": "High", "justification": "This alert indicates the creation of an executable file ('setup.exe') in the 'Users\\Public\\Desktop' directory by the SYSTEM user. This is a known attack vector (T1105 - Ingress Tool Transfer) often used for lateral movement or malware execution. The presence of a newly created executable in a public/shared location is suspicious and warrants immediate investigation. This is a True Positive and should be treated as High priority due to the associated MITRE ATT&CK technique and potential for privilege escalation or lateral movement."}, "chatgpt_classification": "TP", "chatgpt_priority": "High", "chatgpt_justification": "This alert indicates the creation of an executable file ('setup.exe') in the 'Users\\Public\\Desktop' directory by the SYSTEM user. This is a known attack vector (T1105 - Ingress Tool Transfer) often used for lateral movement or malware execution. The presence of a newly created executable in a public/shared location is suspicious and warrants immediate investigation. This is a True Positive and should be treated as High priority due to the associated MITRE ATT&CK technique and potential for privilege escalation or lateral movement.", "classification_match": false, "priority_match": true}
{"id": "rKmt2pcBGfDWR0X_br7n", "description": "Suspicious Windows cmd shell execution", "label": "TP", "rule_level": 3, "rule_priority": "Low", "alert": {"_index": "wazuh-alerts-4.x-2025.07.05", "_id": "rKmt2pcBGfDWR0X_br7n", "_score": null, "_source": {"input": {"type": "log"}, "agent": {"ip": "10.0.2.14", "name": "Win11Client", "id": "003"}, "manager": {"name": "wazuh-server"}, "data": {"win": {"eventdata": {"originalFileName": "wscript.exe", "image": "C:\\\\Windows\\\\System32\\\\wscript.exe", "product": "Microsoft \u00ae Windows Script Host", "parentProcessGuid": "{ff3427f9-2223-6869-8701-000000001500}", "description": "Microsoft \u00ae Windows Based Script Host", "logonGuid": "{ff3427f9-2071-6869-6f2f-080000000000}", "parentCommandLine": "\\\"cmd.exe\\\" /c wscript \\\"C:\\\\AtomicRedTeam\\\\atomics\\\\T1059.007\\\\src\\\\sys_info.js\\\"", "processGuid": "{ff3427f9-2223-6869-8901-000000001500}", "logonId": "0x82f6f", "parentProcessId": "8152", "processId": "4496", "currentDirectory": "C:\\\\Users\\\\snell\\\\AppData\\\\Local\\\\Temp\\\\", "utcTime": "2025-07-05 13:01:23.197", "hashes": "SHA1=F17CFCD2BDA29421AD37F8764C514396A1DEA7C9,MD5=60933788CB36C3EE2199626C5EC8ADA0,SHA256=7D31A31136319D0A277C7FB0E9BBCB46BA3535A42AEB0307FED70F92649F4162,IMPHASH=EE6DDCBA60642B0ADD3CAB9EA721BEE2", "parentImage": "C:\\\\Windows\\\\System32\\\\cmd.exe", "ruleName": "technique_id=T1059,technique_name=Command-Line Interface", "company": "Microsoft Corporation", "commandLine": "wscript  \\\"C:\\\\AtomicRedTeam\\\\atomics\\\\T1059.007\\\\src\\\\sys_info.js\\\"", "integrityLevel": "High", "fileVersion": "5.812.10240.16384", "user": "SOCLAB\\\\snell", "terminalSessionId": "1", "parentUser": "SOCLAB\\\\snell"}, "system": {"eventID": "1", "keywords": "0x8000000000000000", "providerGuid": "{5770385f-c22a-43e0-bf4c-06f5698ffbd9}", "level": "4", "channel": "Microsoft-Windows-Sysmon/Operational", "opcode": "0", "message": "\"Process Create:\r\nRuleName: technique_id=T1059,technique_name=Command-Line Interface\r\nUtcTime: 2025-07-05 13:01:23.197\r\nProcessGuid: {ff3427f9-2223-6869-8901-000000001500}\r\nProcessId: 4496\r\nImage: C:\\Windows\\System32\\wscript.exe\r\nFileVersion: 5.812.10240.16384\r\nDescription: Microsoft \u00ae Windows Based Script Host\r\nProduct: Microsoft \u00ae Windows Script Host\r\nCompany: Microsoft Corporation\r\nOriginalFileName: wscript.exe\r\nCommandLine: wscript  \"C:\\AtomicRedTeam\\atomics\\T1059.007\\src\\sys_info.js\"\r\nCurrentDirectory: C:\\Users\\snell\\AppData\\Local\\Temp\\\r\nUser: SOCLAB\\snell\r\nLogonGuid: {ff3427f9-2071-6869-6f2f-080000000000}\r\nLogonId: 0x82F6F\r\nTerminalSessionId: 1\r\nIntegrityLevel: High\r\nHashes: SHA1=F17CFCD2BDA29421AD37F8764C514396A1DEA7C9,MD5=60933788CB36C3EE2199626C5EC8ADA0,SHA256=7D31A31136319D0A277C7FB0E9BBCB46BA3535A42AEB0307FED70F92649F4162,IMPHASH=EE6DDCBA60642B0ADD3CAB9EA721BEE2\r\nParentProcessGuid: {ff3427f9-2223-6869-8701-000000001500}\r\nParentProcessId: 8152\r\nParentImage: C:\\Windows\\System32\\cmd.exe\r\nParentCommandLine: \"cmd.exe\" /c wscript \"C:\\AtomicRedTeam\\atomics\\T1059.007\\src\\sys_info.js\"\r\nParentUser: SOCLAB\\snell\"", "version": "5", "systemTime": "2025-07-05T13:01:23.2148647Z", "eventRecordID": "395336", "threadID": "3628", "computer": "Win11Client.soclab.internal", "task": "1", "processID": "3068", "severityValue": "INFORMATION", "providerName": "Microsoft-Windows-Sysmon"}}}, "rule": {"firedtimes": 2, "mail": false, "description": "Suspicious Windows cmd shell execution", "groups": ["sysmon", "sysmon_eid1_detections", "windows"], "mitre": {"technique": ["Account Discovery", "Windows Command Shell"], "id": ["T1087", "T1059.003"], "tactic": ["Discovery", "Execution"]}, "id": "92032"}, "location": "EventChannel", "decoder": {"name": "windows_eventchannel"}, "id": "1751720484.2000092", "timestamp": "2025-07-05T13:01:24.468+0000"}, "fields": {"timestamp": ["2025-07-05T13:01:24.468Z"]}, "sort": [1751720484468]}, "chatgpt_response": {"alert_id": "rKmt2pcBGfDWR0X_br7n", "classification": "TP", "priority": "High", "justification": "The alert is generated by Sysmon for a 'Process Create' event involving 'wscript.exe' executing a JavaScript file from an Atomic Red Team directory (T1059.007 - Command-Line Interface). This is a known offensive technique for execution and lateral movement. The presence of a parent 'cmd.exe' spawning 'wscript.exe' to run a script from an AtomicRedTeam folder is highly suspicious and aligns with adversary behavior. The event includes hashes and full command line details, indicating a real and actionable threat. Priority is set to High due to the involvement of a living-off-the-land binary and a known attack technique."}, "chatgpt_classification": "TP", "chatgpt_priority": "High", "chatgpt_justification": "The alert is generated by Sysmon for a 'Process Create' event involving 'wscript.exe' executing a JavaScript file from an Atomic Red Team directory (T1059.007 - Command-Line Interface). This is a known offensive technique for execution and lateral movement. The presence of a parent 'cmd.exe' spawning 'wscript.exe' to run a script from an AtomicRedTeam folder is highly suspicious and aligns with adversary behavior. The event includes hashes and full command line details, indicating a real and actionable threat. Priority is set to High due to the involvement of a living-off-the-land binary and a known attack technique.", "classification_match": true, "priority_match": false}
{"id": "wZzE5pcBllEhiOW6EXKh", "description": "Host-based anomaly detection event (rootcheck).", "label": "TP", "rule_level": 7, "rule_priority": "Medium", "alert": {"_index": "wazuh-alerts-4.x-2025.07.07", "_id": "wZzE5pcBllEhiOW6EXKh", "_score": null, "_source": {"input": {"type": "log"}, "agent": {"ip": "10.0.2.9", "name": "Linux-Server", "id": "002"}, "manager": {"name": "wazuh-server"}, "data": {"file": "/usr/bin/w", "title": "Trojaned version of file detected."}, "rule": {"firedtimes": 2, "mail": false, "pci_dss": ["10.6.1"], "description": "Host-based anomaly detection event (rootcheck).", "groups": ["ossec", "rootcheck"], "id": "510", "gdpr": ["IV_35.7.d"]}, "location": "rootcheck", "decoder": {"name": "rootcheck"}, "id": "1751923296.16468848", "full_log": "Trojaned version of file '/usr/bin/w' detected. Signature used: 'uname -a|proc\\.h|bash' (Generic).", "timestamp": "2025-07-07T21:21:36.841+0000"}, "fields": {"timestamp": ["2025-07-07T21:21:36.841Z"]}, "sort": [1751923296841]}, "chatgpt_response": {"alert_id": "1751923296.16468848", "classification": "TP", "priority": "Critical", "justification": "The alert indicates that a potentially trojaned (maliciously modified) system binary ('/usr/bin/w') was detected by a rootcheck rule, which is highly sensitive and focused on critical system integrity violations. This is a serious security incident that could allow attackers to escalate privileges or maintain persistence. The rule is flagged for PCI DSS and GDPR, and the detection is based on a known signature. Immediate investigation and remediation are required."}, "chatgpt_classification": "TP", "chatgpt_priority": "Critical", "chatgpt_justification": "The alert indicates that a potentially trojaned (maliciously modified) system binary ('/usr/bin/w') was detected by a rootcheck rule, which is highly sensitive and focused on critical system integrity violations. This is a serious security incident that could allow attackers to escalate privileges or maintain persistence. The rule is flagged for PCI DSS and GDPR, and the detection is based on a known signature. Immediate investigation and remediation are required.", "classification_match": true, "priority_match": false}
{"id": "aEf6z5cBxOat6Tbb9me3", "description": "Application Compatibility Database launched", "label": "FP", "rule_level": 12, "rule_priority": "High", "alert": {"_index": "wazuh-alerts-4.x-2025.07.03", "_id": "aEf6z5cBxOat6Tbb9me3", "_version": 1, "_score": null, "_source": {"input": {"type": "log"}, "agent": {"ip": "10.0.2.14", "name": "Win11Client", "id": "003"}, "manager": {"name": "wazuh-server"}, "data": {"win": {"eventdata": {"originalFileName": "sdbinst.exe", "image": "C:\\\\Windows\\\\System32\\\\sdbinst.exe", "product": "Microsoft\u00ae Windows\u00ae Operating System", "parentProcessGuid": "{ff3427f9-3ae5-6866-ef00-000000001200}", "description": "Application Compatibility Database Installer", "logonGuid": "{ff3427f9-3a61-6866-e703-000000000000}", "parentCommandLine": "C:\\\\WINDOWS\\\\system32\\\\svchost.exe -k LocalSystemNetworkRestricted -p -s PcaSvc", "processGuid": "{ff3427f9-652b-6866-d502-000000001200}", "logonId": "0x3e7", "parentProcessId": "788", "processId": "10104", "currentDirectory": "C:\\\\WINDOWS\\\\system32\\\\", "utcTime": "2025-07-03 11:10:35.140", "hashes": "SHA1=9B6CFCEC6447B8B6A8577B3B38B56B54932DB155,MD5=26543039B49E72BCEF16952574B727F1,SHA256=07AC8EC62231A05CC715A276BF4506F10136C4D8C93555245A8FD86D175D794C,IMPHASH=1B6EE3C1899EA90A8A3811555E1DA64E", "parentImage": "C:\\\\Windows\\\\System32\\\\svchost.exe", "ruleName": "technique_id=T1546.011,technique_name=Application Shimming", "company": "Microsoft Corporation", "commandLine": "C:\\\\WINDOWS\\\\System32\\\\sdbinst.exe -m -bg", "integrityLevel": "System", "fileVersion": "10.0.26100.4202 (WinBuild.160101.0800)", "user": "NT AUTHORITY\\\\SYSTEM", "terminalSessionId": "0", "parentUser": "NT AUTHORITY\\\\SYSTEM"}, "system": {"eventID": "1", "keywords": "0x8000000000000000", "providerGuid": "{5770385f-c22a-43e0-bf4c-06f5698ffbd9}", "level": "4", "channel": "Microsoft-Windows-Sysmon/Operational", "opcode": "0", "message": "\"Process Create:\r\nRuleName: technique_id=T1546.011,technique_name=Application Shimming\r\nUtcTime: 2025-07-03 11:10:35.140\r\nProcessGuid: {ff3427f9-652b-6866-d502-000000001200}\r\nProcessId: 10104\r\nImage: C:\\Windows\\System32\\sdbinst.exe\r\nFileVersion: 10.0.26100.4202 (WinBuild.160101.0800)\r\nDescription: Application Compatibility Database Installer\r\nProduct: Microsoft\u00ae Windows\u00ae Operating System\r\nCompany: Microsoft Corporation\r\nOriginalFileName: sdbinst.exe\r\nCommandLine: C:\\WINDOWS\\System32\\sdbinst.exe -m -bg\r\nCurrentDirectory: C:\\WINDOWS\\system32\\\r\nUser: NT AUTHORITY\\SYSTEM\r\nLogonGuid: {ff3427f9-3a61-6866-e703-000000000000}\r\nLogonId: 0x3E7\r\nTerminalSessionId: 0\r\nIntegrityLevel: System\r\nHashes: SHA1=9B6CFCEC6447B8B6A8577B3B38B56B54932DB155,MD5=26543039B49E72BCEF16952574B727F1,SHA256=07AC8EC62231A05CC715A276BF4506F10136C4D8C93555245A8FD86D175D794C,IMPHASH=1B6EE3C1899EA90A8A3811555E1DA64E\r\nParentProcessGuid: {ff3427f9-3ae5-6866-ef00-000000001200}\r\nParentProcessId: 788\r\nParentImage: C:\\Windows\\System32\\svchost.exe\r\nParentCommandLine: C:\\WINDOWS\\system32\\svchost.exe -k LocalSystemNetworkRestricted -p -s PcaSvc\r\nParentUser: NT AUTHORITY\\SYSTEM\"", "version": "5", "systemTime": "2025-07-03T11:10:35.1432870Z", "eventRecordID": "127749", "threadID": "4448", "computer": "Win11Client.soclab.internal", "task": "1", "processID": "3744", "severityValue": "INFORMATION", "providerName": "Microsoft-Windows-Sysmon"}}}, "rule": {"firedtimes": 1, "mail": true, "description": "Application Compatibility Database launched", "groups": ["sysmon", "sysmon_eid1_detections", "windows"], "mitre": {"technique": ["Application Shimming"], "id": ["T1546.011"], "tactic": ["Privilege Escalation", "Persistence"]}, "id": "92058"}, "location": "EventChannel", "decoder": {"name": "windows_eventchannel"}, "id": "1751541018.14322434", "timestamp": "2025-07-03T11:10:18.328+0000"}, "fields": {"timestamp": ["2025-07-03T11:10:18.328Z"]}, "sort": [1751541018328]}, "chatgpt_response": {"alert_id": "aEf6z5cBxOat6Tbb9me3", "classification": "TP", "priority": "High", "justification": "This alert is triggered by Microsoft-Windows-Sysmon (EventID 1) for a process create event involving 'sdbinst.exe' (Application Compatibility Database Installer). The rule maps to MITRE ATT&CK T1546.011 (Application Shimming), a known technique for privilege escalation and persistence by modifying application behavior. The process is running as SYSTEM, with high integrity level, and matches known shimming behavior. The presence of multiple hash values and explicit mapping to a known attack technique strongly suggests a legitimate threat detection. Unless there is a known approved use for sdbinst.exe in this context (which is rare), this should be treated as a True Positive. Given the technique's potential impact and the privileges involved, the priority is set to High."}, "chatgpt_classification": "TP", "chatgpt_priority": "High", "chatgpt_justification": "This alert is triggered by Microsoft-Windows-Sysmon (EventID 1) for a process create event involving 'sdbinst.exe' (Application Compatibility Database Installer). The rule maps to MITRE ATT&CK T1546.011 (Application Shimming), a known technique for privilege escalation and persistence by modifying application behavior. The process is running as SYSTEM, with high integrity level, and matches known shimming behavior. The presence of multiple hash values and explicit mapping to a known attack technique strongly suggests a legitimate threat detection. Unless there is a known approved use for sdbinst.exe in this context (which is rare), this should be treated as a True Positive. Given the technique's potential impact and the privileges involved, the priority is set to High.", "classification_match": false, "priority_match": true}
