{"_index": "wazuh-alerts-4.x-2025.07.03", "_id": "gUdTz5cBxOat6Tbb2l2u", "_score": null, "_source": {"input": {"type": "log"}, "agent": {"ip": "10.0.2.12", "name": "WinSrv2019", "id": "004"}, "manager": {"name": "wazuh-server"}, "data": {"win": {"eventdata": {"originalFileName": "Cmd.Exe", "image": "C:\\\\Windows\\\\System32\\\\cmd.exe", "product": "Microsoft\u00ae Windows\u00ae Operating System", "parentProcessGuid": "{6a97c67b-3a0a-6866-1900-000000000a00}", "description": "Windows Command Processor", "logonGuid": "{6a97c67b-3a07-6866-e703-000000000000}", "parentCommandLine": "C:\\\\Windows\\\\system32\\\\svchost.exe -k netsvcs -p", "processGuid": "{6a97c67b-3a47-6866-c300-000000000a00}", "logonId": "0x3e7", "parentProcessId": "1244", "processId": "3560", "currentDirectory": "C:\\\\Windows\\\\system32\\\\", "utcTime": "2025-07-03 08:07:35.447", "hashes": "SHA1=DED8FD7F36417F66EB6ADA10E0C0D7C0022986E9,MD5=911D039E71583A07320B32BDE22F8E22,SHA256=BC866CFCDDA37E24DC2634DC282C7A0E6F55209DA17A8FA105B07414C0E7C527,IMPHASH=272245E2988E1E430500B852C4FB5E18", "parentImage": "C:\\\\Windows\\\\System32\\\\svchost.exe", "ruleName": "technique_id=T1059,technique_name=Command-Line Interface", "company": "Microsoft Corporation", "commandLine": "C:\\\\Windows\\\\system32\\\\cmd.exe /d /c C:\\\\Windows\\\\system32\\\\silcollector.cmd configure", "integrityLevel": "System", "fileVersion": "10.0.17763.1697 (WinBuild.160101.0800)", "user": "NT AUTHORITY\\\\SYSTEM", "terminalSessionId": "0", "parentUser": "NT AUTHORITY\\\\SYSTEM"}, "system": {"eventID": "1", "keywords": "0x8000000000000000", "providerGuid": "{5770385f-c22a-43e0-bf4c-06f5698ffbd9}", "level": "4", "channel": "Microsoft-Windows-Sysmon/Operational", "opcode": "0", "message": "\"Process Create:\r\nRuleName: technique_id=T1059,technique_name=Command-Line Interface\r\nUtcTime: 2025-07-03 08:07:35.447\r\nProcessGuid: {6a97c67b-3a47-6866-c300-000000000a00}\r\nProcessId: 3560\r\nImage: C:\\Windows\\System32\\cmd.exe\r\nFileVersion: 10.0.17763.1697 (WinBuild.160101.0800)\r\nDescription: Windows Command Processor\r\nProduct: Microsoft\u00ae Windows\u00ae Operating System\r\nCompany: Microsoft Corporation\r\nOriginalFileName: Cmd.Exe\r\nCommandLine: C:\\Windows\\system32\\cmd.exe /d /c C:\\Windows\\system32\\silcollector.cmd configure\r\nCurrentDirectory: C:\\Windows\\system32\\\r\nUser: NT AUTHORITY\\SYSTEM\r\nLogonGuid: {6a97c67b-3a07-6866-e703-000000000000}\r\nLogonId: 0x3E7\r\nTerminalSessionId: 0\r\nIntegrityLevel: System\r\nHashes: SHA1=DED8FD7F36417F66EB6ADA10E0C0D7C0022986E9,MD5=911D039E71583A07320B32BDE22F8E22,SHA256=BC866CFCDDA37E24DC2634DC282C7A0E6F55209DA17A8FA105B07414C0E7C527,IMPHASH=272245E2988E1E430500B852C4FB5E18\r\nParentProcessGuid: {6a97c67b-3a0a-6866-1900-000000000a00}\r\nParentProcessId: 1244\r\nParentImage: C:\\Windows\\System32\\svchost.exe\r\nParentCommandLine: C:\\Windows\\system32\\svchost.exe -k netsvcs -p\r\nParentUser: NT AUTHORITY\\SYSTEM\"", "version": "5", "systemTime": "2025-07-03T08:07:35.459921600Z", "eventRecordID": "4485", "threadID": "2768", "computer": "WinSrv2019.soclab.internal", "task": "1", "processID": "1824", "severityValue": "INFORMATION", "providerName": "Microsoft-Windows-Sysmon"}}}, "rule": {"firedtimes": 2, "mail": false, "level": 4, "description": "Windows command prompt started by an abnormal process", "groups": ["sysmon", "sysmon_eid1_detections", "windows"], "mitre": {"technique": ["Windows Command Shell"], "id": ["T1059.003"], "tactic": ["Execution"]}, "id": "92052"}, "location": "EventChannel", "decoder": {"name": "windows_eventchannel"}, "id": "1751530060.239751", "timestamp": "2025-07-03T08:07:40.229+0000"}, "fields": {"timestamp": ["2025-07-03T08:07:40.229Z"]}, "sort": [1751530060229]}
{"_index": "wazuh-alerts-4.x-2025.07.03", "_id": "eEdTz5cBxOat6TbbbV1X", "_score": null, "_source": {"input": {"type": "log"}, "agent": {"ip": "10.0.2.12", "name": "WinSrv2019", "id": "004"}, "manager": {"name": "wazuh-server"}, "data": {"win": {"eventdata": {"data": "SessionEnv", "binary": "D9060000"}, "system": {"eventID": "6000", "eventSourceName": "Wlclntfy", "keywords": "0x80000000000000", "providerGuid": "{DBE9B383-7CF3-4331-91CC-A3CB16A3B538}", "level": "4", "channel": "Application", "opcode": "0", "message": "\"The winlogon notification subscriber <SessionEnv> was unavailable to handle a notification event.\"", "version": "0", "systemTime": "2025-07-03T08:07:18.016654300Z", "eventRecordID": "368", "threadID": "0", "computer": "WinSrv2019.soclab.internal", "task": "0", "processID": "0", "severityValue": "INFORMATION", "providerName": "Microsoft-Windows-Winlogon"}}}, "rule": {"firedtimes": 1, "mail": false, "level": 5, "description": "SessionEnv was unavailable to handle a notification event.", "groups": ["windows", "windows_application"], "id": "60775"}, "location": "EventChannel", "decoder": {"name": "windows_eventchannel"}, "id": "1751530039.200434", "timestamp": "2025-07-03T08:07:19.921+0000"}, "fields": {"timestamp": ["2025-07-03T08:07:19.921Z"]}, "sort": [1751530039921]}
{"_index": "wazuh-alerts-4.x-2025.07.03", "_id": "dkdTz5cBxOat6TbbbV1X", "_score": null, "_source": {"input": {"type": "log"}, "agent": {"ip": "10.0.2.12", "name": "WinSrv2019", "id": "004"}, "manager": {"name": "wazuh-server"}, "data": {"win": {"eventdata": {"subjectLogonId": "0x79a86", "subjectUserSid": "S-1-5-21-3023907177-3273552708-540821291-1000", "subjectDomainName": "SOCLAB", "privilegeList": "SeSecurityPrivilege     SeTakeOwnershipPrivilege     SeLoadDriverPrivilege     SeBackupPrivilege     SeRestorePrivilege     SeDebugPrivilege     SeSystemEnvironmentPrivilege     SeEnableDelegationPrivilege     SeImpersonatePrivilege     SeDelegateSessionUserImpersonatePrivilege", "subjectUserName": "vboxuser"}, "system": {"eventID": "4672", "keywords": "0x8020000000000000", "providerGuid": "{54849625-5478-4994-a5ba-3e3b0328c30d}", "level": "0", "channel": "Security", "opcode": "0", "message": "\"Special privileges assigned to new logon.\r\n\r\nSubject:\r\n\tSecurity ID:\t\tS-1-5-21-3023907177-3273552708-540821291-1000\r\n\tAccount Name:\t\tvboxuser\r\n\tAccount Domain:\t\tSOCLAB\r\n\tLogon ID:\t\t0x79A86\r\n\r\nPrivileges:\t\tSeSecurityPrivilege\r\n\t\t\tSeTakeOwnershipPrivilege\r\n\t\t\tSeLoadDriverPrivilege\r\n\t\t\tSeBackupPrivilege\r\n\t\t\tSeRestorePrivilege\r\n\t\t\tSeDebugPrivilege\r\n\t\t\tSeSystemEnvironmentPrivilege\r\n\t\t\tSeEnableDelegationPrivilege\r\n\t\t\tSeImpersonatePrivilege\r\n\t\t\tSeDelegateSessionUserImpersonatePrivilege\"", "version": "0", "systemTime": "2025-07-03T08:07:16.534144400Z", "eventRecordID": "21976", "threadID": "772", "computer": "WinSrv2019.soclab.internal", "task": "12548", "processID": "636", "severityValue": "AUDIT_SUCCESS", "providerName": "Microsoft-Windows-Security-Auditing"}}}, "rule": {"firedtimes": 1, "mail": false, "level": 3, "description": "Special privileges assigned to new logon.", "groups": ["windows", " WEF"], "mitre": {"technique": ["Domain Policy Modification"], "id": ["T1484"], "tactic": ["Defense Evasion", "Privilege Escalation"]}, "id": "67028"}, "location": "EventChannel", "decoder": {"name": "windows_eventchannel"}, "id": "1751530039.195702", "timestamp": "2025-07-03T08:07:19.306+0000"}, "fields": {"timestamp": ["2025-07-03T08:07:19.306Z"]}, "sort": [1751530039306]}
{"_index": "wazuh-alerts-4.x-2025.07.02", "_id": "3PiozJcB1quPG4kmecsW", "_score": null, "_source": {"input": {"type": "log"}, "agent": {"ip": "10.0.2.14", "name": "Win11Client", "id": "003"}, "manager": {"name": "wazuh-server"}, "data": {"win": {"eventdata": {"originalFileName": "taskschd.dll", "image": "C:\\\\Windows\\\\UUS\\\\Packages\\\\Preview\\\\amd64\\\\MoUsoCoreWorker.exe", "product": "Microsoft\u00ae Windows\u00ae Operating System", "signature": "Microsoft Windows", "imageLoaded": "C:\\\\Windows\\\\System32\\\\taskschd.dll", "description": "Task Scheduler COM API", "signed": "true", "signatureStatus": "Valid", "processGuid": "{ff3427f9-8b5d-6865-b303-000000001100}", "processId": "9492", "utcTime": "2025-07-02 19:41:19.950", "hashes": "SHA1=A4B08104B05CBD92D218FF4B9D920631A309405A,MD5=FBBE5FDD089674EECBCE5F95C2D8CB31,SHA256=472971A0163D10867DE865FC0B39282753A760FB78218BE3345EDA253A7302DD,IMPHASH=E61FD409CB21E6A6EBA2AFE59848CFC8", "ruleName": "technique_id=T1053,technique_name=Scheduled Task", "company": "Microsoft Corporation", "fileVersion": "10.0.26100.3323 (WinBuild.160101.0800)", "user": "NT AUTHORITY\\\\SYSTEM"}, "system": {"eventID": "7", "keywords": "0x8000000000000000", "providerGuid": "{5770385f-c22a-43e0-bf4c-06f5698ffbd9}", "level": "4", "channel": "Microsoft-Windows-Sysmon/Operational", "opcode": "0", "message": "\"Image loaded:\r\nRuleName: technique_id=T1053,technique_name=Scheduled Task\r\nUtcTime: 2025-07-02 19:41:19.950\r\nProcessGuid: {ff3427f9-8b5d-6865-b303-000000001100}\r\nProcessId: 9492\r\nImage: C:\\Windows\\UUS\\Packages\\Preview\\amd64\\MoUsoCoreWorker.exe\r\nImageLoaded: C:\\Windows\\System32\\taskschd.dll\r\nFileVersion: 10.0.26100.3323 (WinBuild.160101.0800)\r\nDescription: Task Scheduler COM API\r\nProduct: Microsoft\u00ae Windows\u00ae Operating System\r\nCompany: Microsoft Corporation\r\nOriginalFileName: taskschd.dll\r\nHashes: SHA1=A4B08104B05CBD92D218FF4B9D920631A309405A,MD5=FBBE5FDD089674EECBCE5F95C2D8CB31,SHA256=472971A0163D10867DE865FC0B39282753A760FB78218BE3345EDA253A7302DD,IMPHASH=E61FD409CB21E6A6EBA2AFE59848CFC8\r\nSigned: true\r\nSignature: Microsoft Windows\r\nSignatureStatus: Valid\r\nUser: NT AUTHORITY\\SYSTEM\"", "version": "3", "systemTime": "2025-07-02T19:41:19.9527443Z", "eventRecordID": "120232", "threadID": "4216", "computer": "Win11Client.soclab.internal", "task": "7", "processID": "3812", "severityValue": "INFORMATION", "providerName": "Microsoft-Windows-Sysmon"}}}, "rule": {"firedtimes": 9, "mail": false, "level": 4, "description": "Process loaded taskschd.dll module. May be used to create delayed malware execution", "groups": ["sysmon", "sysmon_eid7_detections", "windows"], "mitre": {"technique": ["Scheduled Task"], "id": ["T1053.005"], "tactic": ["Execution", "Persistence", "Privilege Escalation"]}, "id": "92154"}, "location": "EventChannel", "decoder": {"name": "windows_eventchannel"}, "id": "1751485280.14106722", "timestamp": "2025-07-02T19:41:20.765+0000"}, "fields": {"timestamp": ["2025-07-02T19:41:20.765Z"]}, "sort": [1751485280765]}
{"_index": "wazuh-alerts-4.x-2025.07.02", "_id": "L_iYzJcB1quPG4kmL8vT", "_score": null, "_source": {"input": {"type": "log"}, "agent": {"ip": "10.0.2.14", "name": "Win11Client", "id": "003"}, "manager": {"name": "wazuh-server"}, "data": {"win": {"eventdata": {"binary": "2D20436F64653A2020434F525356434330303030303737322D2043616C6C3A2020434F525356434330303030303735342D205049443A202030303031303139322D205449443A202030303030393237362D20434D443A2020433A5C57494E444F57535C73797374656D33325C76737376632E6578652020202D20557365723A204E616D653A204E5420415554484F524954595C53595354454D2C205349443A532D312D352D313820"}, "system": {"eventID": "8224", "keywords": "0x80000000000000", "level": "4", "channel": "Application", "opcode": "0", "message": "\"The VSS service is shutting down due to idle timeout. \"", "version": "0", "systemTime": "2025-07-02T19:23:32.2683573Z", "eventRecordID": "1698", "threadID": "0", "computer": "Win11Client.soclab.internal", "task": "0", "processID": "10192", "severityValue": "INFORMATION", "providerName": "VSS"}}}, "rule": {"firedtimes": 1, "mail": false, "level": 5, "description": "The VSS service is shutting down due to idle timeout.", "groups": ["windows", "windows_application"], "id": "60702"}, "location": "EventChannel", "decoder": {"name": "windows_eventchannel"}, "id": "1751484212.13467186", "timestamp": "2025-07-02T19:23:32.312+0000"}, "fields": {"timestamp": ["2025-07-02T19:23:32.312Z"]}, "sort": [1751484212312]}
{"_index": "wazuh-alerts-4.x-2025.07.02", "_id": "rPiIzJcB1quPG4kmtcqa", "_score": null, "_source": {"input": {"type": "log"}, "agent": {"ip": "10.0.2.14", "name": "Win11Client", "id": "003"}, "manager": {"name": "wazuh-server"}, "data": {"win": {"eventdata": {"param3": "demand start", "param4": "BITS", "param1": "Background Intelligent Transfer Service", "param2": "auto start"}, "system": {"eventID": "7040", "eventSourceName": "Service Control Manager", "keywords": "0x8080000000000000", "providerGuid": "{555908d1-a6d7-4695-8e1e-26931d2012f4}", "level": "4", "channel": "System", "opcode": "0", "message": "\"The start type of the Background Intelligent Transfer Service service was changed from auto start to demand start.\"", "version": "0", "systemTime": "2025-07-02T19:06:36.6473188Z", "eventRecordID": "2465", "threadID": "4952", "computer": "Win11Client.soclab.internal", "task": "0", "processID": "904", "severityValue": "INFORMATION", "providerName": "Service Control Manager"}}}, "rule": {"firedtimes": 2, "mail": false, "level": 3, "pci_dss": ["10.6"], "hipaa": ["164.312.b"], "tsc": ["CC6.1", "CC6.8", "CC7.2", "CC7.3"], "description": "Service startup type was changed", "groups": ["windows", "windows_system", "policy_changed"], "id": "61104", "nist_800_53": ["AU.6"], "info": "This does not appear to be logged on Windows 2000", "gdpr": ["IV_35.7.d"]}, "location": "EventChannel", "decoder": {"name": "windows_eventchannel"}, "id": "1751483197.12991359", "timestamp": "2025-07-02T19:06:37.640+0000"}, "fields": {"timestamp": ["2025-07-02T19:06:37.640Z"]}, "sort": [1751483197640]}
{"_index": "wazuh-alerts-4.x-2025.07.04", "_id": "CEfB1JcBxOat6Tbb6IbK", "_score": null, "_source": {"input": {"type": "log"}, "agent": {"ip": "10.0.2.12", "name": "WinSrv2019", "id": "004"}, "manager": {"name": "wazuh-server"}, "data": {"win": {"eventdata": {"targetLogonId": "0x9e5194", "targetUserName": "snell", "targetDomainName": "SOCLAB", "targetUserSid": "S-1-5-21-3023907177-3273552708-540821291-1107", "logonType": "3"}, "system": {"eventID": "4634", "keywords": "0x8020000000000000", "providerGuid": "{54849625-5478-4994-a5ba-3e3b0328c30d}", "level": "0", "channel": "Security", "opcode": "0", "message": "\"An account was logged off.\r\n\r\nSubject:\r\n\tSecurity ID:\t\tS-1-5-21-3023907177-3273552708-540821291-1107\r\n\tAccount Name:\t\tsnell\r\n\tAccount Domain:\t\tSOCLAB\r\n\tLogon ID:\t\t0x9E5194\r\n\r\nLogon Type:\t\t\t3\r\n\r\nThis event is generated when a logon session is destroyed. It may be positively correlated with a logon event using the Logon ID value. Logon IDs are only unique between reboots on the same computer.\"", "version": "0", "systemTime": "2025-07-04T09:26:05.628381700Z", "eventRecordID": "26317", "threadID": "3684", "computer": "WinSrv2019.soclab.internal", "task": "12545", "processID": "636", "severityValue": "AUDIT_SUCCESS", "providerName": "Microsoft-Windows-Security-Auditing"}}}, "rule": {"firedtimes": 21, "mail": false, "level": 3, "pci_dss": ["10.2.5"], "hipaa": ["164.312.b"], "tsc": ["CC6.8", "CC7.2", "CC7.3"], "description": "Windows User Logoff", "groups": ["windows", "windows_security"], "id": "60137", "nist_800_53": ["AU.14", "AC.7"], "gdpr": ["IV_32.2"]}, "location": "EventChannel", "decoder": {"name": "windows_eventchannel"}, "id": "1751621166.13822778", "timestamp": "2025-07-04T09:26:06.653+0000"}, "fields": {"timestamp": ["2025-07-04T09:26:06.653Z"]}, "sort": [1751621166653]}
{"_index": "wazuh-alerts-4.x-2025.07.04", "_id": "IEfH1JcBxOat6TbbhpB6", "_version": 1, "_score": null, "_source": {"input": {"type": "log"}, "agent": {"ip": "10.0.2.14", "name": "Win11Client", "id": "003"}, "manager": {"name": "wazuh-server"}, "data": {"win": {"eventdata": {"subjectLogonId": "0x3e7", "subjectDomainName": "SOCLAB", "ipAddress": "127.0.0.1", "authenticationPackageName": "Negotiate", "workstationName": "WIN11CLIENT", "subStatus": "0xc000006a", "logonProcessName": "User32", "targetUserName": "sbeater", "keyLength": "0", "subjectUserSid": "S-1-5-18", "processId": "0x724", "processName": "C:\\\\Windows\\\\System32\\\\svchost.exe", "ipPort": "0", "failureReason": "%%2313", "targetDomainName": "SOCLAB", "targetUserSid": "S-1-0-0", "logonType": "2", "subjectUserName": "WIN11CLIENT$", "status": "0xc000006d"}, "system": {"eventID": "4625", "keywords": "0x8010000000000000", "providerGuid": "{54849625-5478-4994-a5ba-3e3b0328c30d}", "level": "0", "channel": "Security", "opcode": "0", "message": "\"An account failed to log on.\r\n\r\nSubject:\r\n\tSecurity ID:\t\tS-1-5-18\r\n\tAccount Name:\t\tWIN11CLIENT$\r\n\tAccount Domain:\t\tSOCLAB\r\n\tLogon ID:\t\t0x3E7\r\n\r\nLogon Type:\t\t\t2\r\n\r\nAccount For Which Logon Failed:\r\n\tSecurity ID:\t\tS-1-0-0\r\n\tAccount Name:\t\tsbeater\r\n\tAccount Domain:\t\tSOCLAB\r\n\r\nFailure Information:\r\n\tFailure Reason:\t\tUnknown user name or bad password.\r\n\tStatus:\t\t\t0xC000006D\r\n\tSub Status:\t\t0xC000006A\r\n\r\nProcess Information:\r\n\tCaller Process ID:\t0x724\r\n\tCaller Process Name:\tC:\\Windows\\System32\\svchost.exe\r\n\r\nNetwork Information:\r\n\tWorkstation Name:\tWIN11CLIENT\r\n\tSource Network Address:\t127.0.0.1\r\n\tSource Port:\t\t0\r\n\r\nDetailed Authentication Information:\r\n\tLogon Process:\t\tUser32 \r\n\tAuthentication Package:\tNegotiate\r\n\tTransited Services:\t-\r\n\tPackage Name (NTLM only):\t-\r\n\tKey Length:\t\t0\r\n\r\nThis event is generated when a logon request fails. It is generated on the computer where access was attempted.\r\n\r\nThe Subject fields indicate the account on the local system which requested the logon. This is most commonly a service such as the Server service, or a local process such as Winlogon.exe or Services.exe.\r\n\r\nThe Logon Type field indicates the kind of logon that was requested. The most common types are 2 (interactive) and 3 (network).\r\n\r\nThe Process Information fields indicate which account and process on the system requested the logon.\r\n\r\nThe Network Information fields indicate where a remote logon request originated. Workstation name is not always available and may be left blank in some cases.\r\n\r\nThe authentication information fields provide detailed information about this specific logon request.\r\n\t- Transited services indicate which intermediate services have participated in this logon request.\r\n\t- Package name indicates which sub-protocol was used among the NTLM protocols.\r\n\t- Key length indicates the length of the generated session key. This will be 0 if no session key was requested.\"", "version": "0", "systemTime": "2025-07-04T09:32:12.3954334Z", "eventRecordID": "1460298", "threadID": "1772", "computer": "Win11Client.soclab.internal", "task": "12544", "processID": "924", "severityValue": "AUDIT_FAILURE", "providerName": "Microsoft-Windows-Security-Auditing"}}}, "rule": {"mail": false, "level": 5, "pci_dss": ["10.2.4", "10.2.5"], "hipaa": ["164.312.b"], "tsc": ["CC6.1", "CC6.8", "CC7.2", "CC7.3"], "description": "Logon Failure - Unknown user or bad password", "groups": ["windows", "windows_security", "authentication_failed"], "nist_800_53": ["AU.14", "AC.7"], "gdpr": ["IV_35.7.d", "IV_32.2"], "firedtimes": 6, "mitre": {"technique": ["Account Access Removal"], "id": ["T1531"], "tactic": ["Impact"]}, "id": "60122", "gpg13": ["7.1"]}, "location": "EventChannel", "decoder": {"name": "windows_eventchannel"}, "id": "1751621533.18348851", "timestamp": "2025-07-04T09:32:13.756+0000"}, "fields": {"timestamp": ["2025-07-04T09:32:13.756Z"]}, "sort": [1751621533756]}
{"_index": "wazuh-alerts-4.x-2025.07.04", "_id": "dEfJ1JcBxOat6Tbbc5BC", "_version": 1, "_score": null, "_source": {"input": {"type": "log"}, "agent": {"ip": "10.0.2.14", "name": "Win11Client", "id": "003"}, "manager": {"name": "wazuh-server"}, "data": {"win": {"eventdata": {"image": "C:\\\\Windows\\\\System32\\\\fsquirt.exe", "processGuid": "{ff3427f9-a019-6867-c505-000000001200}", "processId": "11164", "utcTime": "2025-07-04 09:34:18.588", "targetFilename": "C:\\\\Users\\\\sbeater\\\\AppData\\\\Roaming\\\\Microsoft\\\\Windows\\\\SendTo\\\\Bluetooth File Transfer.LNK", "ruleName": "technique_id=T1187,technique_name=Forced Authentication", "creationUtcTime": "2025-07-04 09:34:18.586", "user": "SOCLAB\\\\sbeater"}, "system": {"eventID": "11", "keywords": "0x8000000000000000", "providerGuid": "{5770385f-c22a-43e0-bf4c-06f5698ffbd9}", "level": "4", "channel": "Microsoft-Windows-Sysmon/Operational", "opcode": "0", "message": "\"File created:\r\nRuleName: technique_id=T1187,technique_name=Forced Authentication\r\nUtcTime: 2025-07-04 09:34:18.588\r\nProcessGuid: {ff3427f9-a019-6867-c505-000000001200}\r\nProcessId: 11164\r\nImage: C:\\Windows\\System32\\fsquirt.exe\r\nTargetFilename: C:\\Users\\sbeater\\AppData\\Roaming\\Microsoft\\Windows\\SendTo\\Bluetooth File Transfer.LNK\r\nCreationUtcTime: 2025-07-04 09:34:18.586\r\nUser: SOCLAB\\sbeater\"", "version": "2", "systemTime": "2025-07-04T09:34:18.9265658Z", "eventRecordID": "134835", "threadID": "4448", "computer": "Win11Client.soclab.internal", "task": "11", "processID": "3744", "severityValue": "INFORMATION", "providerName": "Microsoft-Windows-Sysmon"}}}, "rule": {"firedtimes": 6, "mail": false, "level": 6, "description": "Scripting file created under Windows Temp or User folder", "groups": ["sysmon", "sysmon_eid11_detections", "windows"], "mitre": {"technique": ["Command and Scripting Interpreter", "Ingress Tool Transfer"], "id": ["T1059", "T1105"], "tactic": ["Execution", "Command and Control"]}, "id": "92200"}, "location": "EventChannel", "decoder": {"name": "windows_eventchannel"}, "id": "1751621659.18662183", "timestamp": "2025-07-04T09:34:19.423+0000"}, "fields": {"timestamp": ["2025-07-04T09:34:19.423Z"]}, "sort": [1751621659423]}
{"_index": "wazuh-alerts-4.x-2025.07.04", "_id": "2kfL1JcBxOat6TbbSJTI", "_version": 1, "_score": null, "_source": {"input": {"type": "log"}, "agent": {"ip": "10.0.2.12", "name": "WinSrv2019", "id": "004"}, "manager": {"name": "wazuh-server"}, "data": {"win": {"eventdata": {"subjectLogonId": "0x3e7", "subjectDomainName": "SOCLAB", "authenticationPackageName": "Negotiate", "workstationName": "WINSRV2019", "subStatus": "0xc000006a", "logonProcessName": "Advapi", "targetUserName": "vboxuser@soclab.internal", "keyLength": "0", "subjectUserSid": "S-1-5-18", "processId": "0x500", "processName": "C:\\\\Windows\\\\System32\\\\OpenSSH\\\\sshd.exe", "failureReason": "%%2313", "targetUserSid": "S-1-0-0", "logonType": "8", "subjectUserName": "WINSRV2019$", "status": "0xc000006d"}, "system": {"eventID": "4625", "keywords": "0x8010000000000000", "providerGuid": "{54849625-5478-4994-a5ba-3e3b0328c30d}", "level": "0", "channel": "Security", "opcode": "0", "message": "\"An account failed to log on.\r\n\r\nSubject:\r\n\tSecurity ID:\t\tS-1-5-18\r\n\tAccount Name:\t\tWINSRV2019$\r\n\tAccount Domain:\t\tSOCLAB\r\n\tLogon ID:\t\t0x3E7\r\n\r\nLogon Type:\t\t\t8\r\n\r\nAccount For Which Logon Failed:\r\n\tSecurity ID:\t\tS-1-0-0\r\n\tAccount Name:\t\tvboxuser@soclab.internal\r\n\tAccount Domain:\t\t\r\n\r\nFailure Information:\r\n\tFailure Reason:\t\tUnknown user name or bad password.\r\n\tStatus:\t\t\t0xC000006D\r\n\tSub Status:\t\t0xC000006A\r\n\r\nProcess Information:\r\n\tCaller Process ID:\t0x500\r\n\tCaller Process Name:\tC:\\Windows\\System32\\OpenSSH\\sshd.exe\r\n\r\nNetwork Information:\r\n\tWorkstation Name:\tWINSRV2019\r\n\tSource Network Address:\t-\r\n\tSource Port:\t\t-\r\n\r\nDetailed Authentication Information:\r\n\tLogon Process:\t\tAdvapi  \r\n\tAuthentication Package:\tNegotiate\r\n\tTransited Services:\t-\r\n\tPackage Name (NTLM only):\t-\r\n\tKey Length:\t\t0\r\n\r\nThis event is generated when a logon request fails. It is generated on the computer where access was attempted.\r\n\r\nThe Subject fields indicate the account on the local system which requested the logon. This is most commonly a service such as the Server service, or a local process such as Winlogon.exe or Services.exe.\r\n\r\nThe Logon Type field indicates the kind of logon that was requested. The most common types are 2 (interactive) and 3 (network).\r\n\r\nThe Process Information fields indicate which account and process on the system requested the logon.\r\n\r\nThe Network Information fields indicate where a remote logon request originated. Workstation name is not always available and may be left blank in some cases.\r\n\r\nThe authentication information fields provide detailed information about this specific logon request.\r\n\t- Transited services indicate which intermediate services have participated in this logon request.\r\n\t- Package name indicates which sub-protocol was used among the NTLM protocols.\r\n\t- Key length indicates the length of the generated session key. This will be 0 if no session key was requested.\"", "version": "0", "systemTime": "2025-07-04T09:36:18.319485500Z", "eventRecordID": "26458", "threadID": "2336", "computer": "WinSrv2019.soclab.internal", "task": "12544", "processID": "636", "severityValue": "AUDIT_FAILURE", "providerName": "Microsoft-Windows-Security-Auditing"}}}, "rule": {"mail": false, "level": 5, "pci_dss": ["10.2.4", "10.2.5"], "hipaa": ["164.312.b"], "tsc": ["CC6.1", "CC6.8", "CC7.2", "CC7.3"], "description": "Logon Failure - Unknown user or bad password", "groups": ["windows", "windows_security", "authentication_failed"], "nist_800_53": ["AU.14", "AC.7"], "gdpr": ["IV_35.7.d", "IV_32.2"], "firedtimes": 9, "mitre": {"technique": ["Account Access Removal"], "id": ["T1531"], "tactic": ["Impact"]}, "id": "60122", "gpg13": ["7.1"]}, "location": "EventChannel", "decoder": {"name": "windows_eventchannel"}, "id": "1751621778.27518320", "timestamp": "2025-07-04T09:36:18.861+0000"}, "fields": {"timestamp": ["2025-07-04T09:36:18.861Z"]}, "sort": [1751621778861]}
{"_index": "wazuh-alerts-4.x-2025.07.04", "_id": "30fL1JcBxOat6TbbaJQh", "_version": 1, "_score": null, "_source": {"input": {"type": "log"}, "agent": {"ip": "10.0.2.12", "name": "WinSrv2019", "id": "004"}, "manager": {"name": "wazuh-server"}, "data": {"win": {"eventdata": {"subjectLogonId": "0x3e7", "subjectDomainName": "SOCLAB", "targetLinkedLogonId": "0x0", "impersonationLevel": "%%1833", "authenticationPackageName": "Negotiate", "workstationName": "WINSRV2019", "targetLogonId": "0xa11d15", "logonProcessName": "Advapi", "logonGuid": "{f23248c3-b3ed-f3fb-4c9a-b2234f75a70c}", "targetUserName": "vboxuser", "keyLength": "0", "elevatedToken": "%%1842", "subjectUserSid": "S-1-5-18", "processId": "0x500", "processName": "C:\\\\Windows\\\\System32\\\\OpenSSH\\\\sshd.exe", "targetDomainName": "SOCLAB", "targetUserSid": "S-1-5-21-3023907177-3273552708-540821291-1000", "virtualAccount": "%%1843", "logonType": "8", "subjectUserName": "WINSRV2019$"}, "system": {"eventID": "4624", "keywords": "0x8020000000000000", "providerGuid": "{54849625-5478-4994-a5ba-3e3b0328c30d}", "level": "0", "channel": "Security", "opcode": "0", "message": "\"An account was successfully logged on.\r\n\r\nSubject:\r\n\tSecurity ID:\t\tS-1-5-18\r\n\tAccount Name:\t\tWINSRV2019$\r\n\tAccount Domain:\t\tSOCLAB\r\n\tLogon ID:\t\t0x3E7\r\n\r\nLogon Information:\r\n\tLogon Type:\t\t8\r\n\tRestricted Admin Mode:\t-\r\n\tVirtual Account:\t\tNo\r\n\tElevated Token:\t\tYes\r\n\r\nImpersonation Level:\t\tImpersonation\r\n\r\nNew Logon:\r\n\tSecurity ID:\t\tS-1-5-21-3023907177-3273552708-540821291-1000\r\n\tAccount Name:\t\tvboxuser\r\n\tAccount Domain:\t\tSOCLAB\r\n\tLogon ID:\t\t0xA11D15\r\n\tLinked Logon ID:\t\t0x0\r\n\tNetwork Account Name:\t-\r\n\tNetwork Account Domain:\t-\r\n\tLogon GUID:\t\t{f23248c3-b3ed-f3fb-4c9a-b2234f75a70c}\r\n\r\nProcess Information:\r\n\tProcess ID:\t\t0x500\r\n\tProcess Name:\t\tC:\\Windows\\System32\\OpenSSH\\sshd.exe\r\n\r\nNetwork Information:\r\n\tWorkstation Name:\tWINSRV2019\r\n\tSource Network Address:\t-\r\n\tSource Port:\t\t-\r\n\r\nDetailed Authentication Information:\r\n\tLogon Process:\t\tAdvapi  \r\n\tAuthentication Package:\tNegotiate\r\n\tTransited Services:\t-\r\n\tPackage Name (NTLM only):\t-\r\n\tKey Length:\t\t0\r\n\r\nThis event is generated when a logon session is created. It is generated on the computer that was accessed.\r\n\r\nThe subject fields indicate the account on the local system which requested the logon. This is most commonly a service such as the Server service, or a local process such as Winlogon.exe or Services.exe.\r\n\r\nThe logon type field indicates the kind of logon that occurred. The most common types are 2 (interactive) and 3 (network).\r\n\r\nThe New Logon fields indicate the account for whom the new logon was created, i.e. the account that was logged on.\r\n\r\nThe network fields indicate where a remote logon request originated. Workstation name is not always available and may be left blank in some cases.\r\n\r\nThe impersonation level field indicates the extent to which a process in the logon session can impersonate.\r\n\r\nThe authentication information fields provide detailed information about this specific logon request.\r\n\t- Logon GUID is a unique identifier that can be used to correlate this event with a KDC event.\r\n\t- Transited services indicate which intermediate services have participated in this logon request.\r\n\t- Package name indicates which sub-protocol was used among the NTLM protocols.\r\n\t- Key length indicates the length of the generated session key. This will be 0 if no session key was requested.\"", "version": "2", "systemTime": "2025-07-04T09:36:23.714331100Z", "eventRecordID": "26464", "threadID": "3080", "computer": "WinSrv2019.soclab.internal", "task": "12544", "processID": "636", "severityValue": "AUDIT_SUCCESS", "providerName": "Microsoft-Windows-Security-Auditing"}}}, "rule": {"firedtimes": 1, "mail": false, "level": 3, "pci_dss": ["10.2.5"], "hipaa": ["164.312.b"], "tsc": ["CC6.8", "CC7.2", "CC7.3"], "description": "IIS NetworkCleartext Logon Success", "groups": ["windows", "windows_security"], "id": "60200", "nist_800_53": ["AU.14", "AC.9"], "gpg13": ["7.1", "7.2"], "gdpr": ["IV_32.2"]}, "location": "EventChannel", "decoder": {"name": "windows_eventchannel"}, "id": "1751621785.27541052", "timestamp": "2025-07-04T09:36:25.216+0000"}, "fields": {"timestamp": ["2025-07-04T09:36:25.216Z"]}, "sort": [1751621785216]}
{"_index": "wazuh-alerts-4.x-2025.07.04", "_id": "4EfL1JcBxOat6TbbaJQh", "_version": 1, "_score": null, "_source": {"input": {"type": "log"}, "agent": {"ip": "10.0.2.12", "name": "WinSrv2019", "id": "004"}, "manager": {"name": "wazuh-server"}, "data": {"win": {"eventdata": {"originalFileName": "Cmd.Exe", "image": "C:\\\\Windows\\\\System32\\\\cmd.exe", "product": "Microsoft\u00ae Windows\u00ae Operating System", "parentProcessGuid": "{6a97c67b-a097-6867-2002-000000000a00}", "description": "Windows Command Processor", "logonGuid": "{6a97c67b-a097-6867-151d-a10000000000}", "parentCommandLine": "C:\\\\Windows\\\\system32\\\\conhost.exe --headless --width 80 --height 24 --signal 0x1f0 -- \\\"c:\\\\windows\\\\system32\\\\cmd.exe\\\"", "processGuid": "{6a97c67b-a097-6867-2102-000000000a00}", "logonId": "0xa11d15", "parentProcessId": "272", "processId": "2156", "currentDirectory": "C:\\\\Users\\\\vboxuser\\\\", "utcTime": "2025-07-04 09:36:23.983", "hashes": "SHA1=DED8FD7F36417F66EB6ADA10E0C0D7C0022986E9,MD5=911D039E71583A07320B32BDE22F8E22,SHA256=BC866CFCDDA37E24DC2634DC282C7A0E6F55209DA17A8FA105B07414C0E7C527,IMPHASH=272245E2988E1E430500B852C4FB5E18", "parentImage": "C:\\\\Windows\\\\System32\\\\conhost.exe", "ruleName": "technique_id=T1059,technique_name=Command-Line Interface", "company": "Microsoft Corporation", "commandLine": "c:\\\\windows\\\\system32\\\\cmd.exe", "integrityLevel": "High", "fileVersion": "10.0.17763.1697 (WinBuild.160101.0800)", "user": "SOCLAB\\\\vboxuser", "terminalSessionId": "0", "parentUser": "SOCLAB\\\\vboxuser"}, "system": {"eventID": "1", "keywords": "0x8000000000000000", "providerGuid": "{5770385f-c22a-43e0-bf4c-06f5698ffbd9}", "level": "4", "channel": "Microsoft-Windows-Sysmon/Operational", "opcode": "0", "message": "\"Process Create:\r\nRuleName: technique_id=T1059,technique_name=Command-Line Interface\r\nUtcTime: 2025-07-04 09:36:23.983\r\nProcessGuid: {6a97c67b-a097-6867-2102-000000000a00}\r\nProcessId: 2156\r\nImage: C:\\Windows\\System32\\cmd.exe\r\nFileVersion: 10.0.17763.1697 (WinBuild.160101.0800)\r\nDescription: Windows Command Processor\r\nProduct: Microsoft\u00ae Windows\u00ae Operating System\r\nCompany: Microsoft Corporation\r\nOriginalFileName: Cmd.Exe\r\nCommandLine: c:\\windows\\system32\\cmd.exe\r\nCurrentDirectory: C:\\Users\\vboxuser\\\r\nUser: SOCLAB\\vboxuser\r\nLogonGuid: {6a97c67b-a097-6867-151d-a10000000000}\r\nLogonId: 0xA11D15\r\nTerminalSessionId: 0\r\nIntegrityLevel: High\r\nHashes: SHA1=DED8FD7F36417F66EB6ADA10E0C0D7C0022986E9,MD5=911D039E71583A07320B32BDE22F8E22,SHA256=BC866CFCDDA37E24DC2634DC282C7A0E6F55209DA17A8FA105B07414C0E7C527,IMPHASH=272245E2988E1E430500B852C4FB5E18\r\nParentProcessGuid: {6a97c67b-a097-6867-2002-000000000a00}\r\nParentProcessId: 272\r\nParentImage: C:\\Windows\\System32\\conhost.exe\r\nParentCommandLine: C:\\Windows\\system32\\conhost.exe --headless --width 80 --height 24 --signal 0x1f0 -- \"c:\\windows\\system32\\cmd.exe\"\r\nParentUser: SOCLAB\\vboxuser\"", "version": "5", "systemTime": "2025-07-04T09:36:24.011431300Z", "eventRecordID": "9298", "threadID": "2768", "computer": "WinSrv2019.soclab.internal", "task": "1", "processID": "1824", "severityValue": "INFORMATION", "providerName": "Microsoft-Windows-Sysmon"}}}, "rule": {"firedtimes": 1, "mail": false, "level": 4, "description": "Windows command prompt started by an abnormal process", "groups": ["sysmon", "sysmon_eid1_detections", "windows"], "mitre": {"technique": ["Windows Command Shell"], "id": ["T1059.003"], "tactic": ["Execution"]}, "id": "92052"}, "location": "EventChannel", "decoder": {"name": "windows_eventchannel"}, "id": "1751621785.27548611", "timestamp": "2025-07-04T09:36:25.486+0000"}, "fields": {"timestamp": ["2025-07-04T09:36:25.486Z"]}, "sort": [1751621785486]}
{"_index": "wazuh-alerts-4.x-2025.07.04", "_id": "z0fL1JcBxOat6TbbBpRK", "_version": 1, "_score": null, "_source": {"input": {"type": "log"}, "agent": {"ip": "10.0.2.14", "name": "Win11Client", "id": "003"}, "manager": {"name": "wazuh-server"}, "data": {"win": {"eventdata": {"grantedAccess": "0x40", "targetProcessId": "752", "sourceUser": "SOCLAB\\\\sbeater", "targetImage": "C:\\\\WINDOWS\\\\Explorer.EXE", "sourceProcessGUID": "{ff3427f9-a07d-6867-e605-000000001200}", "callTrace": "C:\\\\WINDOWS\\\\SYSTEM32\\\\ntdll.dll+161fc4|C:\\\\WINDOWS\\\\System32\\\\KERNELBASE.dll+c5b66|C:\\\\WINDOWS\\\\System32\\\\shcore.dll+3ada9|C:\\\\WINDOWS\\\\System32\\\\shcore.dll+1df4a|C:\\\\WINDOWS\\\\System32\\\\shcore.dll+1cde1|C:\\\\WINDOWS\\\\SYSTEM32\\\\windows.storage.dll+5803fd|C:\\\\WINDOWS\\\\SYSTEM32\\\\windows.storage.dll+159419|C:\\\\WINDOWS\\\\SYSTEM32\\\\windows.storage.dll+158ef3|C:\\\\WINDOWS\\\\System32\\\\shcore.dll+27113|C:\\\\WINDOWS\\\\System32\\\\shcore.dll+2729d|C:\\\\Users\\\\sbeater\\\\AppData\\\\Local\\\\Microsoft\\\\OneDrive\\\\25.110.0608.0002\\\\Microsoft.SharePoint.dll+11aab20|C:\\\\Users\\\\sbeater\\\\AppData\\\\Local\\\\Microsoft\\\\OneDrive\\\\25.110.0608.0002\\\\Microsoft.SharePoint.dll+68ba2|C:\\\\Users\\\\sbeater\\\\AppData\\\\Local\\\\Microsoft\\\\OneDrive\\\\25.110.0608.0002\\\\Microsoft.SharePoint.dll+3b1f8|C:\\\\Users\\\\sbeater\\\\AppData\\\\Local\\\\Microsoft\\\\OneDrive\\\\25.110.0608.0002\\\\Microsoft.SharePoint.exe+306d|C:\\\\Users\\\\sbeater\\\\AppData\\\\Local\\\\Microsoft\\\\OneDrive\\\\25.110.0608.0002\\\\Microsoft.SharePoint.exe+42182|C:\\\\WINDOWS\\\\System32\\\\KERNEL32.DLL+2e8d7|C:\\\\WINDOWS\\\\SYSTEM32\\\\ntdll.dll+3c34c", "sourceThreadId": "1816", "targetProcessGUID": "{ff3427f9-9fed-6867-7805-000000001200}", "utcTime": "2025-07-04 09:36:00.199", "ruleName": "technique_id=T1036,technique_name=Masquerading", "sourceProcessId": "5692", "sourceImage": "C:\\\\Users\\\\sbeater\\\\AppData\\\\Local\\\\Microsoft\\\\OneDrive\\\\25.110.0608.0002\\\\Microsoft.SharePoint.exe", "targetUser": "SOCLAB\\\\sbeater"}, "system": {"eventID": "10", "keywords": "0x8000000000000000", "providerGuid": "{5770385f-c22a-43e0-bf4c-06f5698ffbd9}", "level": "4", "channel": "Microsoft-Windows-Sysmon/Operational", "opcode": "0", "message": "\"Process accessed:\r\nRuleName: technique_id=T1036,technique_name=Masquerading\r\nUtcTime: 2025-07-04 09:36:00.199\r\nSourceProcessGUID: {ff3427f9-a07d-6867-e605-000000001200}\r\nSourceProcessId: 5692\r\nSourceThreadId: 1816\r\nSourceImage: C:\\Users\\sbeater\\AppData\\Local\\Microsoft\\OneDrive\\25.110.0608.0002\\Microsoft.SharePoint.exe\r\nTargetProcessGUID: {ff3427f9-9fed-6867-7805-000000001200}\r\nTargetProcessId: 752\r\nTargetImage: C:\\WINDOWS\\Explorer.EXE\r\nGrantedAccess: 0x40\r\nCallTrace: C:\\WINDOWS\\SYSTEM32\\ntdll.dll+161fc4|C:\\WINDOWS\\System32\\KERNELBASE.dll+c5b66|C:\\WINDOWS\\System32\\shcore.dll+3ada9|C:\\WINDOWS\\System32\\shcore.dll+1df4a|C:\\WINDOWS\\System32\\shcore.dll+1cde1|C:\\WINDOWS\\SYSTEM32\\windows.storage.dll+5803fd|C:\\WINDOWS\\SYSTEM32\\windows.storage.dll+159419|C:\\WINDOWS\\SYSTEM32\\windows.storage.dll+158ef3|C:\\WINDOWS\\System32\\shcore.dll+27113|C:\\WINDOWS\\System32\\shcore.dll+2729d|C:\\Users\\sbeater\\AppData\\Local\\Microsoft\\OneDrive\\25.110.0608.0002\\Microsoft.SharePoint.dll+11aab20|C:\\Users\\sbeater\\AppData\\Local\\Microsoft\\OneDrive\\25.110.0608.0002\\Microsoft.SharePoint.dll+68ba2|C:\\Users\\sbeater\\AppData\\Local\\Microsoft\\OneDrive\\25.110.0608.0002\\Microsoft.SharePoint.dll+3b1f8|C:\\Users\\sbeater\\AppData\\Local\\Microsoft\\OneDrive\\25.110.0608.0002\\Microsoft.SharePoint.exe+306d|C:\\Users\\sbeater\\AppData\\Local\\Microsoft\\OneDrive\\25.110.0608.0002\\Microsoft.SharePoint.exe+42182|C:\\WINDOWS\\System32\\KERNEL32.DLL+2e8d7|C:\\WINDOWS\\SYSTEM32\\ntdll.dll+3c34c\r\nSourceUser: SOCLAB\\sbeater\r\nTargetUser: SOCLAB\\sbeater\"", "version": "3", "systemTime": "2025-07-04T09:36:00.2015973Z", "eventRecordID": "136964", "threadID": "4448", "computer": "Win11Client.soclab.internal", "task": "10", "processID": "3744", "severityValue": "INFORMATION", "providerName": "Microsoft-Windows-Sysmon"}}}, "rule": {"firedtimes": 1091, "mail": true, "level": 12, "description": "Explorer process was accessed by C:\\\\Users\\\\sbeater\\\\AppData\\\\Local\\\\Microsoft\\\\OneDrive\\\\25.110.0608.0002\\\\Microsoft.SharePoint.exe, possible process injection", "groups": ["sysmon", "sysmon_eid10_detections", "windows"], "mitre": {"technique": ["Process Injection"], "id": ["T1055"], "tactic": ["Defense Evasion", "Privilege Escalation"]}, "id": "92910"}, "location": "EventChannel", "decoder": {"name": "windows_eventchannel"}, "id": "1751621762.27455884", "timestamp": "2025-07-04T09:36:02.177+0000"}, "fields": {"timestamp": ["2025-07-04T09:36:02.177Z"]}, "sort": [1751621762177]}
{"_index": "wazuh-alerts-4.x-2025.07.04", "_id": "-kfi1JcBxOat6TbbjZbJ", "_version": 1, "_score": null, "_source": {"input": {"type": "log"}, "agent": {"ip": "10.0.2.14", "name": "Win11Client", "id": "003"}, "manager": {"name": "wazuh-server"}, "data": {"win": {"eventdata": {"image": "C:\\\\WINDOWS\\\\system32\\\\wsmprovhost.exe", "processGuid": "{ff3427f9-a687-6867-1b07-000000001200}", "processId": "5228", "utcTime": "2025-07-04 10:01:44.173", "targetFilename": "C:\\\\Users\\\\vboxuser.SOCLAB\\\\AppData\\\\Local\\\\Temp\\\\__PSScriptPolicyTest_bjz4zpu1.1mi.ps1", "ruleName": "technique_id=T1059.001,technique_name=PowerShell", "creationUtcTime": "2025-07-04 10:01:44.173", "user": "SOCLAB\\\\vboxuser"}, "system": {"eventID": "11", "keywords": "0x8000000000000000", "providerGuid": "{5770385f-c22a-43e0-bf4c-06f5698ffbd9}", "level": "4", "channel": "Microsoft-Windows-Sysmon/Operational", "opcode": "0", "message": "\"File created:\r\nRuleName: technique_id=T1059.001,technique_name=PowerShell\r\nUtcTime: 2025-07-04 10:01:44.173\r\nProcessGuid: {ff3427f9-a687-6867-1b07-000000001200}\r\nProcessId: 5228\r\nImage: C:\\WINDOWS\\system32\\wsmprovhost.exe\r\nTargetFilename: C:\\Users\\vboxuser.SOCLAB\\AppData\\Local\\Temp\\__PSScriptPolicyTest_bjz4zpu1.1mi.ps1\r\nCreationUtcTime: 2025-07-04 10:01:44.173\r\nUser: SOCLAB\\vboxuser\"", "version": "2", "systemTime": "2025-07-04T10:01:44.1736854Z", "eventRecordID": "139717", "threadID": "4448", "computer": "Win11Client.soclab.internal", "task": "11", "processID": "3744", "severityValue": "INFORMATION", "providerName": "Microsoft-Windows-Sysmon"}}}, "rule": {"firedtimes": 2, "mail": true, "level": 15, "description": "Executable file dropped in folder commonly used by malware", "groups": ["sysmon", "sysmon_eid11_detections", "windows"], "mitre": {"technique": ["Ingress Tool Transfer"], "id": ["T1105"], "tactic": ["Command and Control"]}, "id": "92213"}, "location": "EventChannel", "decoder": {"name": "windows_eventchannel"}, "id": "1751623305.29677728", "timestamp": "2025-07-04T10:01:45.277+0000"}, "fields": {"timestamp": ["2025-07-04T10:01:45.277Z"]}, "sort": [1751623305277]}
{"_index": "wazuh-alerts-4.x-2025.07.04", "_id": "7Ufi1JcBxOat6TbbjZbJ", "_version": 1, "_score": null, "_source": {"input": {"type": "log"}, "agent": {"ip": "10.0.2.6", "name": "Suricata", "id": "001"}, "manager": {"name": "wazuh-server"}, "data": {"metadata": {"flowints": {"http": {"anomaly": {"count": "1"}}}}, "tx_id": "1", "app_proto": "http", "in_iface": "enp0s3", "src_ip": "10.0.2.12", "src_port": "49302", "event_type": "alert", "alert": {"severity": "2", "signature_id": "2026850", "rev": "5", "metadata": {"performance_impact": ["Low"], "affected_product": ["Windows_XP_Vista_7_8_10_Server_32_64_Bit"], "confidence": ["Medium"], "created_at": ["2019_01_23"], "mitre_tactic_name": ["Lateral_Movement"], "mitre_tactic_id": ["TA0008"], "attack_target": ["Client_and_Server"], "updated_at": ["2024_04_13"], "mitre_technique_id": ["T1021"], "mitre_technique_name": ["Remote_Services"], "tag": ["WinRM"], "signature_severity": ["Minor"], "deployment": ["Internal"]}, "gid": "1", "signature": "ET USER_AGENTS WinRM User Agent Detected - Possible Lateral Movement", "action": "allowed", "category": "Potentially Bad Traffic"}, "flow_id": "1768573338478373.000000", "dest_ip": "10.0.2.14", "proto": "TCP", "http": {"hostname": "win11client", "protocol": "HTTP/1.1", "http_method": "POST", "http_content_type": "multipart/encrypted", "length": "2467", "http_port": "5985", "url": "/wsman?PSVersion=5.1.17763.2931", "http_user_agent": "Microsoft WinRM Client", "status": "200"}, "dest_port": "5985", "pkt_src": "wire/pcap", "flow": {"src_ip": "10.0.2.12", "src_port": "49302", "pkts_toserver": "12", "dest_ip": "10.0.2.14", "start": "2025-07-04T10:01:42.084098+0000", "bytes_toclient": "3383", "bytes_toserver": "11777", "pkts_toclient": "6", "dest_port": "5985"}, "timestamp": "2025-07-04T10:01:44.432375+0000", "direction": "to_server"}, "rule": {"firedtimes": 10, "mail": false, "level": 3, "description": "Suricata: Alert - ET USER_AGENTS WinRM User Agent Detected - Possible Lateral Movement", "groups": ["ids", "suricata"], "id": "86601"}, "location": "/var/log/suricata/eve.json", "decoder": {"name": "json"}, "id": "1751623304.29634149", "timestamp": "2025-07-04T10:01:44.805+0000"}, "fields": {"timestamp": ["2025-07-04T10:01:44.805Z"], "data.timestamp": ["2025-07-04T10:01:44.432Z"]}, "sort": [1751623304805]}
{"_index": "wazuh-alerts-4.x-2025.07.04", "_id": "8Ufi1JcBxOat6TbbjZbJ", "_version": 1, "_score": null, "_source": {"input": {"type": "log"}, "agent": {"ip": "10.0.2.6", "name": "Suricata", "id": "001"}, "manager": {"name": "wazuh-server"}, "data": {"metadata": {"flowints": {"http": {"anomaly": {"count": "1"}}}}, "tx_id": "1", "app_proto": "http", "in_iface": "enp0s3", "src_ip": "10.0.2.12", "src_port": "49304", "event_type": "alert", "alert": {"severity": "2", "signature_id": "2026849", "rev": "4", "metadata": {"mitre_tactic_id": ["TA0008"], "performance_impact": ["Low"], "affected_product": ["Windows_XP_Vista_7_8_10_Server_32_64_Bit"], "attack_target": ["Client_and_Server"], "updated_at": ["2024_04_13"], "confidence": ["Medium"], "created_at": ["2019_01_23"], "mitre_technique_id": ["T1570"], "mitre_technique_name": ["Lateral_Tool_Transfer"], "mitre_tactic_name": ["Lateral_Movement"], "signature_severity": ["Major"], "deployment": ["Internal"]}, "gid": "1", "signature": "ET INFO WinRM wsman Access - Possible Lateral Movement", "action": "allowed", "category": "Potentially Bad Traffic"}, "flow_id": "192782393782164.000000", "dest_ip": "10.0.2.14", "proto": "TCP", "http": {"hostname": "win11client", "protocol": "HTTP/1.1", "http_method": "POST", "http_content_type": "multipart/encrypted", "length": "2565", "http_port": "5985", "url": "/wsman?PSVersion=5.1.17763.2931", "http_user_agent": "Microsoft WinRM Client", "status": "200"}, "dest_port": "5985", "pkt_src": "wire/pcap", "flow": {"src_ip": "10.0.2.12", "src_port": "49304", "pkts_toserver": "8", "dest_ip": "10.0.2.14", "start": "2025-07-04T10:01:44.438101+0000", "bytes_toclient": "3481", "bytes_toserver": "5291", "pkts_toclient": "6", "dest_port": "5985"}, "timestamp": "2025-07-04T10:01:44.776272+0000", "direction": "to_server"}, "rule": {"firedtimes": 14, "mail": false, "level": 3, "description": "Suricata: Alert - ET INFO WinRM wsman Access - Possible Lateral Movement", "groups": ["ids", "suricata"], "id": "86601"}, "location": "/var/log/suricata/eve.json", "decoder": {"name": "json"}, "id": "1751623304.29645787", "timestamp": "2025-07-04T10:01:44.825+0000"}, "fields": {"timestamp": ["2025-07-04T10:01:44.825Z"], "data.timestamp": ["2025-07-04T10:01:44.776Z"]}, "sort": [1751623304825]}
{"_index": "wazuh-alerts-4.x-2025.07.04", "_id": "-Efi1JcBxOat6TbbjZbJ", "_version": 1, "_score": null, "_source": {"input": {"type": "log"}, "agent": {"ip": "10.0.2.14", "name": "Win11Client", "id": "003"}, "manager": {"name": "wazuh-server"}, "data": {"win": {"eventdata": {"originalFileName": "System.Management.Automation.dll", "image": "C:\\\\Windows\\\\System32\\\\wsmprovhost.exe", "product": "Microsoft (R) Windows (R) Operating System", "imageLoaded": "C:\\\\Windows\\\\assembly\\\\NativeImages_v4.0.30319_64\\\\System.Manaa57fc8cc#\\\\e3f983991899d4cce4281634a9af277a\\\\System.Management.Automation.ni.dll", "description": "System.Management.Automation", "signed": "false", "signatureStatus": "Unavailable", "processGuid": "{ff3427f9-a687-6867-1b07-000000001200}", "processId": "5228", "utcTime": "2025-07-04 10:01:43.883", "hashes": "SHA1=08398B65BEEBE3432181A0D645FC555DA830DD6E,MD5=3CCAF9F54B2ED219C026E1B509E415BE,SHA256=F55015B3D6A76299D38188A13FE4E2ECA7A6655F0189C86C1C050866B4CBE135,IMPHASH=00000000000000000000000000000000", "ruleName": "technique_id=T1059.001,technique_name=PowerShell", "company": "Microsoft Corporation", "fileVersion": "10.0.26100.4202", "user": "SOCLAB\\\\vboxuser"}, "system": {"eventID": "7", "keywords": "0x8000000000000000", "providerGuid": "{5770385f-c22a-43e0-bf4c-06f5698ffbd9}", "level": "4", "channel": "Microsoft-Windows-Sysmon/Operational", "opcode": "0", "message": "\"Image loaded:\r\nRuleName: technique_id=T1059.001,technique_name=PowerShell\r\nUtcTime: 2025-07-04 10:01:43.883\r\nProcessGuid: {ff3427f9-a687-6867-1b07-000000001200}\r\nProcessId: 5228\r\nImage: C:\\Windows\\System32\\wsmprovhost.exe\r\nImageLoaded: C:\\Windows\\assembly\\NativeImages_v4.0.30319_64\\System.Manaa57fc8cc#\\e3f983991899d4cce4281634a9af277a\\System.Management.Automation.ni.dll\r\nFileVersion: 10.0.26100.4202\r\nDescription: System.Management.Automation\r\nProduct: Microsoft (R) Windows (R) Operating System\r\nCompany: Microsoft Corporation\r\nOriginalFileName: System.Management.Automation.dll\r\nHashes: SHA1=08398B65BEEBE3432181A0D645FC555DA830DD6E,MD5=3CCAF9F54B2ED219C026E1B509E415BE,SHA256=F55015B3D6A76299D38188A13FE4E2ECA7A6655F0189C86C1C050866B4CBE135,IMPHASH=00000000000000000000000000000000\r\nSigned: false\r\nSignature: -\r\nSignatureStatus: Unavailable\r\nUser: SOCLAB\\vboxuser\"", "version": "3", "systemTime": "2025-07-04T10:01:43.8849563Z", "eventRecordID": "139715", "threadID": "4448", "computer": "Win11Client.soclab.internal", "task": "7", "processID": "3744", "severityValue": "INFORMATION", "providerName": "Microsoft-Windows-Sysmon"}}}, "rule": {"firedtimes": 1, "mail": true, "level": 12, "description": "Binary loaded PowerShell automation library - Possible unmanaged Powershell execution by suspicious process", "groups": ["sysmon", "sysmon_eid7_detections", "windows"], "mitre": {"technique": ["PowerShell"], "id": ["T1059.001"], "tactic": ["Execution"]}, "id": "92151"}, "location": "EventChannel", "decoder": {"name": "windows_eventchannel"}, "id": "1751623305.29669431", "timestamp": "2025-07-04T10:01:45.245+0000"}, "fields": {"timestamp": ["2025-07-04T10:01:45.245Z"]}, "sort": [1751623305245]}
